Premain
onEnter - Class: StringEncoderComparatorTest.java method: public void org.apache.commons.codec.StringEncoderComparatorTest.testComparatorWithSoundex() throws java.lang.Exception
MethodEnter
query: SELECT f.* FROM perfrt.files AS f INNER JOIN perfrt.commits AS c ON f.commit_id = c.id WHERE c.commit_hash='8871e9c72eefda5b047d8e9fcc3654e5fab3c198' AND f.name LIKE '%StringEncoderComparatorTest.java';
onEnter - Class: Soundex.java method: private boolean org.apache.commons.codec.language.Soundex.hasMarker(char[])
MethodEnter
query: SELECT f.* FROM perfrt.files AS f INNER JOIN perfrt.commits AS c ON f.commit_id = c.id WHERE c.commit_hash='8871e9c72eefda5b047d8e9fcc3654e5fab3c198' AND f.name LIKE '%Soundex.java';
onExit - Class: Soundex.java.java method: private boolean org.apache.commons.codec.language.Soundex.hasMarker(char[]) start: 1657641447391 end: 1657641447411 duration: 20retValue:
onEnter - Class: StringEncoderComparator.java method: public int org.apache.commons.codec.StringEncoderComparator.compare(java.lang.Object,java.lang.Object)
MethodEnter
query: SELECT f.* FROM perfrt.files AS f INNER JOIN perfrt.commits AS c ON f.commit_id = c.id WHERE c.commit_hash='8871e9c72eefda5b047d8e9fcc3654e5fab3c198' AND f.name LIKE '%StringEncoderComparator.java';
onEnter - Class: Soundex.java method: public java.lang.Object org.apache.commons.codec.language.Soundex.encode(java.lang.Object) throws org.apache.commons.codec.EncoderException
MethodEnter
query: SELECT f.* FROM perfrt.files AS f INNER JOIN perfrt.commits AS c ON f.commit_id = c.id WHERE c.commit_hash='8871e9c72eefda5b047d8e9fcc3654e5fab3c198' AND f.name LIKE '%Soundex.java';
onEnter - Class: Soundex.java method: public java.lang.String org.apache.commons.codec.language.Soundex.soundex(java.lang.String)
MethodEnter
query: SELECT f.* FROM perfrt.files AS f INNER JOIN perfrt.commits AS c ON f.commit_id = c.id WHERE c.commit_hash='8871e9c72eefda5b047d8e9fcc3654e5fab3c198' AND f.name LIKE '%Soundex.java';
onEnter - Class: SoundexUtils.java method: static java.lang.String org.apache.commons.codec.language.SoundexUtils.clean(java.lang.String)
MethodEnter
query: SELECT f.* FROM perfrt.files AS f INNER JOIN perfrt.commits AS c ON f.commit_id = c.id WHERE c.commit_hash='8871e9c72eefda5b047d8e9fcc3654e5fab3c198' AND f.name LIKE '%SoundexUtils.java';
onEnter - Class: SoundexUtils.java method: static boolean org.apache.commons.codec.language.SoundexUtils.isEmpty(java.lang.CharSequence)
MethodEnter
query: SELECT f.* FROM perfrt.files AS f INNER JOIN perfrt.commits AS c ON f.commit_id = c.id WHERE c.commit_hash='8871e9c72eefda5b047d8e9fcc3654e5fab3c198' AND f.name LIKE '%SoundexUtils.java';
onExit - Class: SoundexUtils.java.java method: static boolean org.apache.commons.codec.language.SoundexUtils.isEmpty(java.lang.CharSequence) start: 1657641447556 end: 1657641447571 duration: 15retValue:
onExit - Class: SoundexUtils.java.java method: static java.lang.String org.apache.commons.codec.language.SoundexUtils.clean(java.lang.String) start: 1657641447540 end: 1657641447585 duration: 45retValue:
onEnter - Class: Soundex.java method: private char org.apache.commons.codec.language.Soundex.map(char)
MethodEnter
query: SELECT f.* FROM perfrt.files AS f INNER JOIN perfrt.commits AS c ON f.commit_id = c.id WHERE c.commit_hash='8871e9c72eefda5b047d8e9fcc3654e5fab3c198' AND f.name LIKE '%Soundex.java';
onExit - Class: Soundex.java.java method: private char org.apache.commons.codec.language.Soundex.map(char) start: 1657641447600 end: 1657641447614 duration: 14retValue:
onEnter - Class: Soundex.java method: private char org.apache.commons.codec.language.Soundex.map(char)
MethodEnter
query: SELECT f.* FROM perfrt.files AS f INNER JOIN perfrt.commits AS c ON f.commit_id = c.id WHERE c.commit_hash='8871e9c72eefda5b047d8e9fcc3654e5fab3c198' AND f.name LIKE '%Soundex.java';
onExit - Class: Soundex.java.java method: private char org.apache.commons.codec.language.Soundex.map(char) start: 1657641447628 end: 1657641447644 duration: 16retValue:
onEnter - Class: Soundex.java method: private char org.apache.commons.codec.language.Soundex.map(char)
MethodEnter
query: SELECT f.* FROM perfrt.files AS f INNER JOIN perfrt.commits AS c ON f.commit_id = c.id WHERE c.commit_hash='8871e9c72eefda5b047d8e9fcc3654e5fab3c198' AND f.name LIKE '%Soundex.java';
onExit - Class: Soundex.java.java method: private char org.apache.commons.codec.language.Soundex.map(char) start: 1657641447658 end: 1657641447671 duration: 13retValue:
onEnter - Class: Soundex.java method: private char org.apache.commons.codec.language.Soundex.map(char)
MethodEnter
query: SELECT f.* FROM perfrt.files AS f INNER JOIN perfrt.commits AS c ON f.commit_id = c.id WHERE c.commit_hash='8871e9c72eefda5b047d8e9fcc3654e5fab3c198' AND f.name LIKE '%Soundex.java';
onExit - Class: Soundex.java.java method: private char org.apache.commons.codec.language.Soundex.map(char) start: 1657641447685 end: 1657641447697 duration: 12retValue:
onEnter - Class: Soundex.java method: private char org.apache.commons.codec.language.Soundex.map(char)
MethodEnter
query: SELECT f.* FROM perfrt.files AS f INNER JOIN perfrt.commits AS c ON f.commit_id = c.id WHERE c.commit_hash='8871e9c72eefda5b047d8e9fcc3654e5fab3c198' AND f.name LIKE '%Soundex.java';
onExit - Class: Soundex.java.java method: private char org.apache.commons.codec.language.Soundex.map(char) start: 1657641447709 end: 1657641447723 duration: 14retValue:
onEnter - Class: Soundex.java method: private char org.apache.commons.codec.language.Soundex.map(char)
MethodEnter
query: SELECT f.* FROM perfrt.files AS f INNER JOIN perfrt.commits AS c ON f.commit_id = c.id WHERE c.commit_hash='8871e9c72eefda5b047d8e9fcc3654e5fab3c198' AND f.name LIKE '%Soundex.java';
onExit - Class: Soundex.java.java method: private char org.apache.commons.codec.language.Soundex.map(char) start: 1657641447735 end: 1657641447748 duration: 13retValue:
onExit - Class: Soundex.java.java method: public java.lang.String org.apache.commons.codec.language.Soundex.soundex(java.lang.String) start: 1657641447517 end: 1657641447761 duration: 244retValue:
onExit - Class: Soundex.java.java method: public java.lang.Object org.apache.commons.codec.language.Soundex.encode(java.lang.Object) throws org.apache.commons.codec.EncoderException start: 1657641447456 end: 1657641447773 duration: 317retValue:
onEnter - Class: Soundex.java method: public java.lang.Object org.apache.commons.codec.language.Soundex.encode(java.lang.Object) throws org.apache.commons.codec.EncoderException
MethodEnter
query: SELECT f.* FROM perfrt.files AS f INNER JOIN perfrt.commits AS c ON f.commit_id = c.id WHERE c.commit_hash='8871e9c72eefda5b047d8e9fcc3654e5fab3c198' AND f.name LIKE '%Soundex.java';
onEnter - Class: Soundex.java method: public java.lang.String org.apache.commons.codec.language.Soundex.soundex(java.lang.String)
MethodEnter
query: SELECT f.* FROM perfrt.files AS f INNER JOIN perfrt.commits AS c ON f.commit_id = c.id WHERE c.commit_hash='8871e9c72eefda5b047d8e9fcc3654e5fab3c198' AND f.name LIKE '%Soundex.java';
onEnter - Class: SoundexUtils.java method: static java.lang.String org.apache.commons.codec.language.SoundexUtils.clean(java.lang.String)
MethodEnter
query: SELECT f.* FROM perfrt.files AS f INNER JOIN perfrt.commits AS c ON f.commit_id = c.id WHERE c.commit_hash='8871e9c72eefda5b047d8e9fcc3654e5fab3c198' AND f.name LIKE '%SoundexUtils.java';
onEnter - Class: SoundexUtils.java method: static boolean org.apache.commons.codec.language.SoundexUtils.isEmpty(java.lang.CharSequence)
MethodEnter
query: SELECT f.* FROM perfrt.files AS f INNER JOIN perfrt.commits AS c ON f.commit_id = c.id WHERE c.commit_hash='8871e9c72eefda5b047d8e9fcc3654e5fab3c198' AND f.name LIKE '%SoundexUtils.java';
onExit - Class: SoundexUtils.java.java method: static boolean org.apache.commons.codec.language.SoundexUtils.isEmpty(java.lang.CharSequence) start: 1657641447821 end: 1657641447831 duration: 10retValue:
onExit - Class: SoundexUtils.java.java method: static java.lang.String org.apache.commons.codec.language.SoundexUtils.clean(java.lang.String) start: 1657641447810 end: 1657641447841 duration: 31retValue:
onEnter - Class: Soundex.java method: private char org.apache.commons.codec.language.Soundex.map(char)
MethodEnter
query: SELECT f.* FROM perfrt.files AS f INNER JOIN perfrt.commits AS c ON f.commit_id = c.id WHERE c.commit_hash='8871e9c72eefda5b047d8e9fcc3654e5fab3c198' AND f.name LIKE '%Soundex.java';
onExit - Class: Soundex.java.java method: private char org.apache.commons.codec.language.Soundex.map(char) start: 1657641447853 end: 1657641447863 duration: 10retValue:
onEnter - Class: Soundex.java method: private char org.apache.commons.codec.language.Soundex.map(char)
MethodEnter
query: SELECT f.* FROM perfrt.files AS f INNER JOIN perfrt.commits AS c ON f.commit_id = c.id WHERE c.commit_hash='8871e9c72eefda5b047d8e9fcc3654e5fab3c198' AND f.name LIKE '%Soundex.java';
onExit - Class: Soundex.java.java method: private char org.apache.commons.codec.language.Soundex.map(char) start: 1657641447875 end: 1657641447888 duration: 13retValue:
onEnter - Class: Soundex.java method: private char org.apache.commons.codec.language.Soundex.map(char)
MethodEnter
query: SELECT f.* FROM perfrt.files AS f INNER JOIN perfrt.commits AS c ON f.commit_id = c.id WHERE c.commit_hash='8871e9c72eefda5b047d8e9fcc3654e5fab3c198' AND f.name LIKE '%Soundex.java';
onExit - Class: Soundex.java.java method: private char org.apache.commons.codec.language.Soundex.map(char) start: 1657641447899 end: 1657641447909 duration: 10retValue:
onEnter - Class: Soundex.java method: private char org.apache.commons.codec.language.Soundex.map(char)
MethodEnter
query: SELECT f.* FROM perfrt.files AS f INNER JOIN perfrt.commits AS c ON f.commit_id = c.id WHERE c.commit_hash='8871e9c72eefda5b047d8e9fcc3654e5fab3c198' AND f.name LIKE '%Soundex.java';
onExit - Class: Soundex.java.java method: private char org.apache.commons.codec.language.Soundex.map(char) start: 1657641447919 end: 1657641447929 duration: 10retValue:
onEnter - Class: Soundex.java method: private char org.apache.commons.codec.language.Soundex.map(char)
MethodEnter
query: SELECT f.* FROM perfrt.files AS f INNER JOIN perfrt.commits AS c ON f.commit_id = c.id WHERE c.commit_hash='8871e9c72eefda5b047d8e9fcc3654e5fab3c198' AND f.name LIKE '%Soundex.java';
onExit - Class: Soundex.java.java method: private char org.apache.commons.codec.language.Soundex.map(char) start: 1657641447939 end: 1657641447949 duration: 10retValue:
onEnter - Class: Soundex.java method: private char org.apache.commons.codec.language.Soundex.map(char)
MethodEnter
query: SELECT f.* FROM perfrt.files AS f INNER JOIN perfrt.commits AS c ON f.commit_id = c.id WHERE c.commit_hash='8871e9c72eefda5b047d8e9fcc3654e5fab3c198' AND f.name LIKE '%Soundex.java';
onExit - Class: Soundex.java.java method: private char org.apache.commons.codec.language.Soundex.map(char) start: 1657641447958 end: 1657641447971 duration: 13retValue:
onExit - Class: Soundex.java.java method: public java.lang.String org.apache.commons.codec.language.Soundex.soundex(java.lang.String) start: 1657641447799 end: 1657641447981 duration: 182retValue:
onExit - Class: Soundex.java.java method: public java.lang.Object org.apache.commons.codec.language.Soundex.encode(java.lang.Object) throws org.apache.commons.codec.EncoderException start: 1657641447785 end: 1657641447991 duration: 206retValue:
onExit - Class: StringEncoderComparator.java.java method: public int org.apache.commons.codec.StringEncoderComparator.compare(java.lang.Object,java.lang.Object) start: 1657641447439 end: 1657641448001 duration: 562retValue:
onExit - Class: StringEncoderComparatorTest.java.java method: public void org.apache.commons.codec.StringEncoderComparatorTest.testComparatorWithSoundex() throws java.lang.Exception start: 1657641447035 end: 1657641448013 duration: 978retValue:

Thanks for using JUnit! Support its development at https://junit.org/sponsoring

[36m╷[0m
[36m├─[0m [36mJUnit Jupiter[0m [32m✔[0m
[36m│  └─[0m [36mStringEncoderComparatorTest[0m [32m✔[0m
[36m│     └─[0m [34mtestComparatorWithSoundex()[0m [32m✔[0m
[36m└─[0m [36mJUnit Vintage[0m [32m✔[0m

Test run finished after 1040 ms
[         3 containers found      ]
[         0 containers skipped    ]
[         3 containers started    ]
[         0 containers aborted    ]
[         3 containers successful ]
[         0 containers failed     ]
[         1 tests found           ]
[         0 tests skipped         ]
[         1 tests started         ]
[         0 tests aborted         ]
[         1 tests successful      ]
[         0 tests failed          ]

