Premain
onEnter - Class: Base16Test.java method: public void org.apache.commons.codec.binary.Base16Test.testIsInAlphabet()
MethodEnter
query: SELECT f.* FROM perfrt.files AS f INNER JOIN perfrt.commits AS c ON f.commit_id = c.id WHERE c.commit_hash='8871e9c72eefda5b047d8e9fcc3654e5fab3c198' AND f.name LIKE '%Base16Test.java';
onEnter - Class: Base16.java method: public boolean org.apache.commons.codec.binary.Base16.isInAlphabet(byte)
MethodEnter
query: SELECT f.* FROM perfrt.files AS f INNER JOIN perfrt.commits AS c ON f.commit_id = c.id WHERE c.commit_hash='8871e9c72eefda5b047d8e9fcc3654e5fab3c198' AND f.name LIKE '%Base16.java';
onExit - Class: Base16.java.java method: public boolean org.apache.commons.codec.binary.Base16.isInAlphabet(byte) start: 1657646519354 end: 1657646519375 duration: 21retValue:
onEnter - Class: Base16.java method: public boolean org.apache.commons.codec.binary.Base16.isInAlphabet(byte)
MethodEnter
query: SELECT f.* FROM perfrt.files AS f INNER JOIN perfrt.commits AS c ON f.commit_id = c.id WHERE c.commit_hash='8871e9c72eefda5b047d8e9fcc3654e5fab3c198' AND f.name LIKE '%Base16.java';
onExit - Class: Base16.java.java method: public boolean org.apache.commons.codec.binary.Base16.isInAlphabet(byte) start: 1657646519407 end: 1657646519424 duration: 17retValue:
onEnter - Class: Base16.java method: public boolean org.apache.commons.codec.binary.Base16.isInAlphabet(byte)
MethodEnter
query: SELECT f.* FROM perfrt.files AS f INNER JOIN perfrt.commits AS c ON f.commit_id = c.id WHERE c.commit_hash='8871e9c72eefda5b047d8e9fcc3654e5fab3c198' AND f.name LIKE '%Base16.java';
onExit - Class: Base16.java.java method: public boolean org.apache.commons.codec.binary.Base16.isInAlphabet(byte) start: 1657646519440 end: 1657646519456 duration: 16retValue:
onEnter - Class: Base16.java method: public boolean org.apache.commons.codec.binary.Base16.isInAlphabet(byte)
MethodEnter
query: SELECT f.* FROM perfrt.files AS f INNER JOIN perfrt.commits AS c ON f.commit_id = c.id WHERE c.commit_hash='8871e9c72eefda5b047d8e9fcc3654e5fab3c198' AND f.name LIKE '%Base16.java';
onExit - Class: Base16.java.java method: public boolean org.apache.commons.codec.binary.Base16.isInAlphabet(byte) start: 1657646519470 end: 1657646519484 duration: 14retValue:
onEnter - Class: Base16.java method: public boolean org.apache.commons.codec.binary.Base16.isInAlphabet(byte)
MethodEnter
query: SELECT f.* FROM perfrt.files AS f INNER JOIN perfrt.commits AS c ON f.commit_id = c.id WHERE c.commit_hash='8871e9c72eefda5b047d8e9fcc3654e5fab3c198' AND f.name LIKE '%Base16.java';
onExit - Class: Base16.java.java method: public boolean org.apache.commons.codec.binary.Base16.isInAlphabet(byte) start: 1657646519496 end: 1657646519509 duration: 13retValue:
onEnter - Class: Base16.java method: public boolean org.apache.commons.codec.binary.Base16.isInAlphabet(byte)
MethodEnter
query: SELECT f.* FROM perfrt.files AS f INNER JOIN perfrt.commits AS c ON f.commit_id = c.id WHERE c.commit_hash='8871e9c72eefda5b047d8e9fcc3654e5fab3c198' AND f.name LIKE '%Base16.java';
onExit - Class: Base16.java.java method: public boolean org.apache.commons.codec.binary.Base16.isInAlphabet(byte) start: 1657646519522 end: 1657646519534 duration: 12retValue:
onEnter - Class: Base16.java method: public boolean org.apache.commons.codec.binary.Base16.isInAlphabet(byte)
MethodEnter
query: SELECT f.* FROM perfrt.files AS f INNER JOIN perfrt.commits AS c ON f.commit_id = c.id WHERE c.commit_hash='8871e9c72eefda5b047d8e9fcc3654e5fab3c198' AND f.name LIKE '%Base16.java';
onExit - Class: Base16.java.java method: public boolean org.apache.commons.codec.binary.Base16.isInAlphabet(byte) start: 1657646519547 end: 1657646519561 duration: 14retValue:
onEnter - Class: Base16.java method: public boolean org.apache.commons.codec.binary.Base16.isInAlphabet(byte)
MethodEnter
query: SELECT f.* FROM perfrt.files AS f INNER JOIN perfrt.commits AS c ON f.commit_id = c.id WHERE c.commit_hash='8871e9c72eefda5b047d8e9fcc3654e5fab3c198' AND f.name LIKE '%Base16.java';
onExit - Class: Base16.java.java method: public boolean org.apache.commons.codec.binary.Base16.isInAlphabet(byte) start: 1657646519573 end: 1657646519586 duration: 13retValue:
onEnter - Class: Base16.java method: public boolean org.apache.commons.codec.binary.Base16.isInAlphabet(byte)
MethodEnter
query: SELECT f.* FROM perfrt.files AS f INNER JOIN perfrt.commits AS c ON f.commit_id = c.id WHERE c.commit_hash='8871e9c72eefda5b047d8e9fcc3654e5fab3c198' AND f.name LIKE '%Base16.java';
onExit - Class: Base16.java.java method: public boolean org.apache.commons.codec.binary.Base16.isInAlphabet(byte) start: 1657646519598 end: 1657646519609 duration: 11retValue:
onEnter - Class: Base16.java method: public boolean org.apache.commons.codec.binary.Base16.isInAlphabet(byte)
MethodEnter
query: SELECT f.* FROM perfrt.files AS f INNER JOIN perfrt.commits AS c ON f.commit_id = c.id WHERE c.commit_hash='8871e9c72eefda5b047d8e9fcc3654e5fab3c198' AND f.name LIKE '%Base16.java';
onExit - Class: Base16.java.java method: public boolean org.apache.commons.codec.binary.Base16.isInAlphabet(byte) start: 1657646519620 end: 1657646519633 duration: 13retValue:
onEnter - Class: Base16.java method: public boolean org.apache.commons.codec.binary.Base16.isInAlphabet(byte)
MethodEnter
query: SELECT f.* FROM perfrt.files AS f INNER JOIN perfrt.commits AS c ON f.commit_id = c.id WHERE c.commit_hash='8871e9c72eefda5b047d8e9fcc3654e5fab3c198' AND f.name LIKE '%Base16.java';
onExit - Class: Base16.java.java method: public boolean org.apache.commons.codec.binary.Base16.isInAlphabet(byte) start: 1657646519644 end: 1657646519655 duration: 11retValue:
onEnter - Class: Base16.java method: public boolean org.apache.commons.codec.binary.Base16.isInAlphabet(byte)
MethodEnter
query: SELECT f.* FROM perfrt.files AS f INNER JOIN perfrt.commits AS c ON f.commit_id = c.id WHERE c.commit_hash='8871e9c72eefda5b047d8e9fcc3654e5fab3c198' AND f.name LIKE '%Base16.java';
onExit - Class: Base16.java.java method: public boolean org.apache.commons.codec.binary.Base16.isInAlphabet(byte) start: 1657646519666 end: 1657646519680 duration: 14retValue:
onEnter - Class: Base16.java method: public boolean org.apache.commons.codec.binary.Base16.isInAlphabet(byte)
MethodEnter
query: SELECT f.* FROM perfrt.files AS f INNER JOIN perfrt.commits AS c ON f.commit_id = c.id WHERE c.commit_hash='8871e9c72eefda5b047d8e9fcc3654e5fab3c198' AND f.name LIKE '%Base16.java';
onExit - Class: Base16.java.java method: public boolean org.apache.commons.codec.binary.Base16.isInAlphabet(byte) start: 1657646519691 end: 1657646519702 duration: 11retValue:
onEnter - Class: Base16.java method: public boolean org.apache.commons.codec.binary.Base16.isInAlphabet(byte)
MethodEnter
query: SELECT f.* FROM perfrt.files AS f INNER JOIN perfrt.commits AS c ON f.commit_id = c.id WHERE c.commit_hash='8871e9c72eefda5b047d8e9fcc3654e5fab3c198' AND f.name LIKE '%Base16.java';
onExit - Class: Base16.java.java method: public boolean org.apache.commons.codec.binary.Base16.isInAlphabet(byte) start: 1657646519712 end: 1657646519723 duration: 11retValue:
onEnter - Class: Base16.java method: public boolean org.apache.commons.codec.binary.Base16.isInAlphabet(byte)
MethodEnter
query: SELECT f.* FROM perfrt.files AS f INNER JOIN perfrt.commits AS c ON f.commit_id = c.id WHERE c.commit_hash='8871e9c72eefda5b047d8e9fcc3654e5fab3c198' AND f.name LIKE '%Base16.java';
onExit - Class: Base16.java.java method: public boolean org.apache.commons.codec.binary.Base16.isInAlphabet(byte) start: 1657646519733 end: 1657646519743 duration: 10retValue:
onEnter - Class: Base16.java method: public boolean org.apache.commons.codec.binary.Base16.isInAlphabet(byte)
MethodEnter
query: SELECT f.* FROM perfrt.files AS f INNER JOIN perfrt.commits AS c ON f.commit_id = c.id WHERE c.commit_hash='8871e9c72eefda5b047d8e9fcc3654e5fab3c198' AND f.name LIKE '%Base16.java';
onExit - Class: Base16.java.java method: public boolean org.apache.commons.codec.binary.Base16.isInAlphabet(byte) start: 1657646519753 end: 1657646519763 duration: 10retValue:
onEnter - Class: Base16.java method: public boolean org.apache.commons.codec.binary.Base16.isInAlphabet(byte)
MethodEnter
query: SELECT f.* FROM perfrt.files AS f INNER JOIN perfrt.commits AS c ON f.commit_id = c.id WHERE c.commit_hash='8871e9c72eefda5b047d8e9fcc3654e5fab3c198' AND f.name LIKE '%Base16.java';
onExit - Class: Base16.java.java method: public boolean org.apache.commons.codec.binary.Base16.isInAlphabet(byte) start: 1657646519773 end: 1657646519782 duration: 9retValue:
onEnter - Class: Base16.java method: public boolean org.apache.commons.codec.binary.Base16.isInAlphabet(byte)
MethodEnter
query: SELECT f.* FROM perfrt.files AS f INNER JOIN perfrt.commits AS c ON f.commit_id = c.id WHERE c.commit_hash='8871e9c72eefda5b047d8e9fcc3654e5fab3c198' AND f.name LIKE '%Base16.java';
onExit - Class: Base16.java.java method: public boolean org.apache.commons.codec.binary.Base16.isInAlphabet(byte) start: 1657646519792 end: 1657646519802 duration: 10retValue:
onEnter - Class: Base16.java method: public boolean org.apache.commons.codec.binary.Base16.isInAlphabet(byte)
MethodEnter
query: SELECT f.* FROM perfrt.files AS f INNER JOIN perfrt.commits AS c ON f.commit_id = c.id WHERE c.commit_hash='8871e9c72eefda5b047d8e9fcc3654e5fab3c198' AND f.name LIKE '%Base16.java';
onExit - Class: Base16.java.java method: public boolean org.apache.commons.codec.binary.Base16.isInAlphabet(byte) start: 1657646519811 end: 1657646519820 duration: 9retValue:
onEnter - Class: Base16.java method: public boolean org.apache.commons.codec.binary.Base16.isInAlphabet(byte)
MethodEnter
query: SELECT f.* FROM perfrt.files AS f INNER JOIN perfrt.commits AS c ON f.commit_id = c.id WHERE c.commit_hash='8871e9c72eefda5b047d8e9fcc3654e5fab3c198' AND f.name LIKE '%Base16.java';
onExit - Class: Base16.java.java method: public boolean org.apache.commons.codec.binary.Base16.isInAlphabet(byte) start: 1657646519829 end: 1657646519838 duration: 9retValue:
onEnter - Class: Base16.java method: public boolean org.apache.commons.codec.binary.Base16.isInAlphabet(byte)
MethodEnter
query: SELECT f.* FROM perfrt.files AS f INNER JOIN perfrt.commits AS c ON f.commit_id = c.id WHERE c.commit_hash='8871e9c72eefda5b047d8e9fcc3654e5fab3c198' AND f.name LIKE '%Base16.java';
onExit - Class: Base16.java.java method: public boolean org.apache.commons.codec.binary.Base16.isInAlphabet(byte) start: 1657646519847 end: 1657646519858 duration: 11retValue:
onEnter - Class: Base16.java method: public boolean org.apache.commons.codec.binary.Base16.isInAlphabet(byte)
MethodEnter
query: SELECT f.* FROM perfrt.files AS f INNER JOIN perfrt.commits AS c ON f.commit_id = c.id WHERE c.commit_hash='8871e9c72eefda5b047d8e9fcc3654e5fab3c198' AND f.name LIKE '%Base16.java';
onExit - Class: Base16.java.java method: public boolean org.apache.commons.codec.binary.Base16.isInAlphabet(byte) start: 1657646519866 end: 1657646519877 duration: 11retValue:
onEnter - Class: Base16.java method: public boolean org.apache.commons.codec.binary.Base16.isInAlphabet(byte)
MethodEnter
query: SELECT f.* FROM perfrt.files AS f INNER JOIN perfrt.commits AS c ON f.commit_id = c.id WHERE c.commit_hash='8871e9c72eefda5b047d8e9fcc3654e5fab3c198' AND f.name LIKE '%Base16.java';
onExit - Class: Base16.java.java method: public boolean org.apache.commons.codec.binary.Base16.isInAlphabet(byte) start: 1657646519887 end: 1657646519897 duration: 10retValue:
onEnter - Class: Base16.java method: public boolean org.apache.commons.codec.binary.Base16.isInAlphabet(byte)
MethodEnter
query: SELECT f.* FROM perfrt.files AS f INNER JOIN perfrt.commits AS c ON f.commit_id = c.id WHERE c.commit_hash='8871e9c72eefda5b047d8e9fcc3654e5fab3c198' AND f.name LIKE '%Base16.java';
onExit - Class: Base16.java.java method: public boolean org.apache.commons.codec.binary.Base16.isInAlphabet(byte) start: 1657646519906 end: 1657646519915 duration: 9retValue:
onEnter - Class: Base16.java method: public boolean org.apache.commons.codec.binary.Base16.isInAlphabet(byte)
MethodEnter
query: SELECT f.* FROM perfrt.files AS f INNER JOIN perfrt.commits AS c ON f.commit_id = c.id WHERE c.commit_hash='8871e9c72eefda5b047d8e9fcc3654e5fab3c198' AND f.name LIKE '%Base16.java';
onExit - Class: Base16.java.java method: public boolean org.apache.commons.codec.binary.Base16.isInAlphabet(byte) start: 1657646519923 end: 1657646519932 duration: 9retValue:
onEnter - Class: Base16.java method: public boolean org.apache.commons.codec.binary.Base16.isInAlphabet(byte)
MethodEnter
query: SELECT f.* FROM perfrt.files AS f INNER JOIN perfrt.commits AS c ON f.commit_id = c.id WHERE c.commit_hash='8871e9c72eefda5b047d8e9fcc3654e5fab3c198' AND f.name LIKE '%Base16.java';
onExit - Class: Base16.java.java method: public boolean org.apache.commons.codec.binary.Base16.isInAlphabet(byte) start: 1657646519940 end: 1657646519949 duration: 9retValue:
onEnter - Class: Base16.java method: public boolean org.apache.commons.codec.binary.Base16.isInAlphabet(byte)
MethodEnter
query: SELECT f.* FROM perfrt.files AS f INNER JOIN perfrt.commits AS c ON f.commit_id = c.id WHERE c.commit_hash='8871e9c72eefda5b047d8e9fcc3654e5fab3c198' AND f.name LIKE '%Base16.java';
onExit - Class: Base16.java.java method: public boolean org.apache.commons.codec.binary.Base16.isInAlphabet(byte) start: 1657646519958 end: 1657646519967 duration: 9retValue:
onEnter - Class: Base16.java method: public boolean org.apache.commons.codec.binary.Base16.isInAlphabet(byte)
MethodEnter
query: SELECT f.* FROM perfrt.files AS f INNER JOIN perfrt.commits AS c ON f.commit_id = c.id WHERE c.commit_hash='8871e9c72eefda5b047d8e9fcc3654e5fab3c198' AND f.name LIKE '%Base16.java';
onExit - Class: Base16.java.java method: public boolean org.apache.commons.codec.binary.Base16.isInAlphabet(byte) start: 1657646519975 end: 1657646519984 duration: 9retValue:
onEnter - Class: Base16.java method: public boolean org.apache.commons.codec.binary.Base16.isInAlphabet(byte)
MethodEnter
query: SELECT f.* FROM perfrt.files AS f INNER JOIN perfrt.commits AS c ON f.commit_id = c.id WHERE c.commit_hash='8871e9c72eefda5b047d8e9fcc3654e5fab3c198' AND f.name LIKE '%Base16.java';
onExit - Class: Base16.java.java method: public boolean org.apache.commons.codec.binary.Base16.isInAlphabet(byte) start: 1657646519992 end: 1657646520001 duration: 9retValue:
onEnter - Class: Base16.java method: public boolean org.apache.commons.codec.binary.Base16.isInAlphabet(byte)
MethodEnter
query: SELECT f.* FROM perfrt.files AS f INNER JOIN perfrt.commits AS c ON f.commit_id = c.id WHERE c.commit_hash='8871e9c72eefda5b047d8e9fcc3654e5fab3c198' AND f.name LIKE '%Base16.java';
onExit - Class: Base16.java.java method: public boolean org.apache.commons.codec.binary.Base16.isInAlphabet(byte) start: 1657646520010 end: 1657646520023 duration: 13retValue:
onEnter - Class: Base16.java method: public boolean org.apache.commons.codec.binary.Base16.isInAlphabet(byte)
MethodEnter
query: SELECT f.* FROM perfrt.files AS f INNER JOIN perfrt.commits AS c ON f.commit_id = c.id WHERE c.commit_hash='8871e9c72eefda5b047d8e9fcc3654e5fab3c198' AND f.name LIKE '%Base16.java';
onExit - Class: Base16.java.java method: public boolean org.apache.commons.codec.binary.Base16.isInAlphabet(byte) start: 1657646520032 end: 1657646520040 duration: 8retValue:
onEnter - Class: Base16.java method: public boolean org.apache.commons.codec.binary.Base16.isInAlphabet(byte)
MethodEnter
query: SELECT f.* FROM perfrt.files AS f INNER JOIN perfrt.commits AS c ON f.commit_id = c.id WHERE c.commit_hash='8871e9c72eefda5b047d8e9fcc3654e5fab3c198' AND f.name LIKE '%Base16.java';
onExit - Class: Base16.java.java method: public boolean org.apache.commons.codec.binary.Base16.isInAlphabet(byte) start: 1657646520048 end: 1657646520057 duration: 9retValue:
onEnter - Class: Base16.java method: public boolean org.apache.commons.codec.binary.Base16.isInAlphabet(byte)
MethodEnter
query: SELECT f.* FROM perfrt.files AS f INNER JOIN perfrt.commits AS c ON f.commit_id = c.id WHERE c.commit_hash='8871e9c72eefda5b047d8e9fcc3654e5fab3c198' AND f.name LIKE '%Base16.java';
onExit - Class: Base16.java.java method: public boolean org.apache.commons.codec.binary.Base16.isInAlphabet(byte) start: 1657646520066 end: 1657646520080 duration: 14retValue:
onEnter - Class: Base16.java method: public boolean org.apache.commons.codec.binary.Base16.isInAlphabet(byte)
MethodEnter
query: SELECT f.* FROM perfrt.files AS f INNER JOIN perfrt.commits AS c ON f.commit_id = c.id WHERE c.commit_hash='8871e9c72eefda5b047d8e9fcc3654e5fab3c198' AND f.name LIKE '%Base16.java';
onExit - Class: Base16.java.java method: public boolean org.apache.commons.codec.binary.Base16.isInAlphabet(byte) start: 1657646520088 end: 1657646520096 duration: 8retValue:
onEnter - Class: Base16.java method: public boolean org.apache.commons.codec.binary.Base16.isInAlphabet(byte)
MethodEnter
query: SELECT f.* FROM perfrt.files AS f INNER JOIN perfrt.commits AS c ON f.commit_id = c.id WHERE c.commit_hash='8871e9c72eefda5b047d8e9fcc3654e5fab3c198' AND f.name LIKE '%Base16.java';
onExit - Class: Base16.java.java method: public boolean org.apache.commons.codec.binary.Base16.isInAlphabet(byte) start: 1657646520105 end: 1657646520113 duration: 8retValue:
onEnter - Class: Base16.java method: public boolean org.apache.commons.codec.binary.Base16.isInAlphabet(byte)
MethodEnter
query: SELECT f.* FROM perfrt.files AS f INNER JOIN perfrt.commits AS c ON f.commit_id = c.id WHERE c.commit_hash='8871e9c72eefda5b047d8e9fcc3654e5fab3c198' AND f.name LIKE '%Base16.java';
onExit - Class: Base16.java.java method: public boolean org.apache.commons.codec.binary.Base16.isInAlphabet(byte) start: 1657646520121 end: 1657646520129 duration: 8retValue:
onEnter - Class: Base16.java method: public boolean org.apache.commons.codec.binary.Base16.isInAlphabet(byte)
MethodEnter
query: SELECT f.* FROM perfrt.files AS f INNER JOIN perfrt.commits AS c ON f.commit_id = c.id WHERE c.commit_hash='8871e9c72eefda5b047d8e9fcc3654e5fab3c198' AND f.name LIKE '%Base16.java';
onExit - Class: Base16.java.java method: public boolean org.apache.commons.codec.binary.Base16.isInAlphabet(byte) start: 1657646520138 end: 1657646520146 duration: 8retValue:
onEnter - Class: Base16.java method: public boolean org.apache.commons.codec.binary.Base16.isInAlphabet(byte)
MethodEnter
query: SELECT f.* FROM perfrt.files AS f INNER JOIN perfrt.commits AS c ON f.commit_id = c.id WHERE c.commit_hash='8871e9c72eefda5b047d8e9fcc3654e5fab3c198' AND f.name LIKE '%Base16.java';
onExit - Class: Base16.java.java method: public boolean org.apache.commons.codec.binary.Base16.isInAlphabet(byte) start: 1657646520156 end: 1657646520166 duration: 10retValue:
onEnter - Class: Base16.java method: public boolean org.apache.commons.codec.binary.Base16.isInAlphabet(byte)
MethodEnter
query: SELECT f.* FROM perfrt.files AS f INNER JOIN perfrt.commits AS c ON f.commit_id = c.id WHERE c.commit_hash='8871e9c72eefda5b047d8e9fcc3654e5fab3c198' AND f.name LIKE '%Base16.java';
onExit - Class: Base16.java.java method: public boolean org.apache.commons.codec.binary.Base16.isInAlphabet(byte) start: 1657646520175 end: 1657646520183 duration: 8retValue:
onEnter - Class: Base16.java method: public boolean org.apache.commons.codec.binary.Base16.isInAlphabet(byte)
MethodEnter
query: SELECT f.* FROM perfrt.files AS f INNER JOIN perfrt.commits AS c ON f.commit_id = c.id WHERE c.commit_hash='8871e9c72eefda5b047d8e9fcc3654e5fab3c198' AND f.name LIKE '%Base16.java';
onExit - Class: Base16.java.java method: public boolean org.apache.commons.codec.binary.Base16.isInAlphabet(byte) start: 1657646520191 end: 1657646520199 duration: 8retValue:
onEnter - Class: Base16.java method: public boolean org.apache.commons.codec.binary.Base16.isInAlphabet(byte)
MethodEnter
query: SELECT f.* FROM perfrt.files AS f INNER JOIN perfrt.commits AS c ON f.commit_id = c.id WHERE c.commit_hash='8871e9c72eefda5b047d8e9fcc3654e5fab3c198' AND f.name LIKE '%Base16.java';
onExit - Class: Base16.java.java method: public boolean org.apache.commons.codec.binary.Base16.isInAlphabet(byte) start: 1657646520207 end: 1657646520215 duration: 8retValue:
onEnter - Class: Base16.java method: public boolean org.apache.commons.codec.binary.Base16.isInAlphabet(byte)
MethodEnter
query: SELECT f.* FROM perfrt.files AS f INNER JOIN perfrt.commits AS c ON f.commit_id = c.id WHERE c.commit_hash='8871e9c72eefda5b047d8e9fcc3654e5fab3c198' AND f.name LIKE '%Base16.java';
onExit - Class: Base16.java.java method: public boolean org.apache.commons.codec.binary.Base16.isInAlphabet(byte) start: 1657646520222 end: 1657646520230 duration: 8retValue:
onEnter - Class: Base16.java method: public boolean org.apache.commons.codec.binary.Base16.isInAlphabet(byte)
MethodEnter
query: SELECT f.* FROM perfrt.files AS f INNER JOIN perfrt.commits AS c ON f.commit_id = c.id WHERE c.commit_hash='8871e9c72eefda5b047d8e9fcc3654e5fab3c198' AND f.name LIKE '%Base16.java';
onExit - Class: Base16.java.java method: public boolean org.apache.commons.codec.binary.Base16.isInAlphabet(byte) start: 1657646520238 end: 1657646520246 duration: 8retValue:
onEnter - Class: Base16.java method: public boolean org.apache.commons.codec.binary.Base16.isInAlphabet(byte)
MethodEnter
query: SELECT f.* FROM perfrt.files AS f INNER JOIN perfrt.commits AS c ON f.commit_id = c.id WHERE c.commit_hash='8871e9c72eefda5b047d8e9fcc3654e5fab3c198' AND f.name LIKE '%Base16.java';
onExit - Class: Base16.java.java method: public boolean org.apache.commons.codec.binary.Base16.isInAlphabet(byte) start: 1657646520254 end: 1657646520262 duration: 8retValue:
onEnter - Class: Base16.java method: public boolean org.apache.commons.codec.binary.Base16.isInAlphabet(byte)
MethodEnter
query: SELECT f.* FROM perfrt.files AS f INNER JOIN perfrt.commits AS c ON f.commit_id = c.id WHERE c.commit_hash='8871e9c72eefda5b047d8e9fcc3654e5fab3c198' AND f.name LIKE '%Base16.java';
onExit - Class: Base16.java.java method: public boolean org.apache.commons.codec.binary.Base16.isInAlphabet(byte) start: 1657646520270 end: 1657646520279 duration: 9retValue:
onEnter - Class: Base16.java method: public boolean org.apache.commons.codec.binary.Base16.isInAlphabet(byte)
MethodEnter
query: SELECT f.* FROM perfrt.files AS f INNER JOIN perfrt.commits AS c ON f.commit_id = c.id WHERE c.commit_hash='8871e9c72eefda5b047d8e9fcc3654e5fab3c198' AND f.name LIKE '%Base16.java';
onExit - Class: Base16.java.java method: public boolean org.apache.commons.codec.binary.Base16.isInAlphabet(byte) start: 1657646520287 end: 1657646520295 duration: 8retValue:
onEnter - Class: Base16.java method: public boolean org.apache.commons.codec.binary.Base16.isInAlphabet(byte)
MethodEnter
query: SELECT f.* FROM perfrt.files AS f INNER JOIN perfrt.commits AS c ON f.commit_id = c.id WHERE c.commit_hash='8871e9c72eefda5b047d8e9fcc3654e5fab3c198' AND f.name LIKE '%Base16.java';
onExit - Class: Base16.java.java method: public boolean org.apache.commons.codec.binary.Base16.isInAlphabet(byte) start: 1657646520302 end: 1657646520311 duration: 9retValue:
onEnter - Class: Base16.java method: public boolean org.apache.commons.codec.binary.Base16.isInAlphabet(byte)
MethodEnter
query: SELECT f.* FROM perfrt.files AS f INNER JOIN perfrt.commits AS c ON f.commit_id = c.id WHERE c.commit_hash='8871e9c72eefda5b047d8e9fcc3654e5fab3c198' AND f.name LIKE '%Base16.java';
onExit - Class: Base16.java.java method: public boolean org.apache.commons.codec.binary.Base16.isInAlphabet(byte) start: 1657646520318 end: 1657646520326 duration: 8retValue:
onEnter - Class: Base16.java method: public boolean org.apache.commons.codec.binary.Base16.isInAlphabet(byte)
MethodEnter
query: SELECT f.* FROM perfrt.files AS f INNER JOIN perfrt.commits AS c ON f.commit_id = c.id WHERE c.commit_hash='8871e9c72eefda5b047d8e9fcc3654e5fab3c198' AND f.name LIKE '%Base16.java';
onExit - Class: Base16.java.java method: public boolean org.apache.commons.codec.binary.Base16.isInAlphabet(byte) start: 1657646520334 end: 1657646520342 duration: 8retValue:
onEnter - Class: Base16.java method: public boolean org.apache.commons.codec.binary.Base16.isInAlphabet(byte)
MethodEnter
query: SELECT f.* FROM perfrt.files AS f INNER JOIN perfrt.commits AS c ON f.commit_id = c.id WHERE c.commit_hash='8871e9c72eefda5b047d8e9fcc3654e5fab3c198' AND f.name LIKE '%Base16.java';
onExit - Class: Base16.java.java method: public boolean org.apache.commons.codec.binary.Base16.isInAlphabet(byte) start: 1657646520350 end: 1657646520358 duration: 8retValue:
onEnter - Class: Base16.java method: public boolean org.apache.commons.codec.binary.Base16.isInAlphabet(byte)
MethodEnter
query: SELECT f.* FROM perfrt.files AS f INNER JOIN perfrt.commits AS c ON f.commit_id = c.id WHERE c.commit_hash='8871e9c72eefda5b047d8e9fcc3654e5fab3c198' AND f.name LIKE '%Base16.java';
onExit - Class: Base16.java.java method: public boolean org.apache.commons.codec.binary.Base16.isInAlphabet(byte) start: 1657646520366 end: 1657646520374 duration: 8retValue:
onEnter - Class: Base16.java method: public boolean org.apache.commons.codec.binary.Base16.isInAlphabet(byte)
MethodEnter
query: SELECT f.* FROM perfrt.files AS f INNER JOIN perfrt.commits AS c ON f.commit_id = c.id WHERE c.commit_hash='8871e9c72eefda5b047d8e9fcc3654e5fab3c198' AND f.name LIKE '%Base16.java';
onExit - Class: Base16.java.java method: public boolean org.apache.commons.codec.binary.Base16.isInAlphabet(byte) start: 1657646520383 end: 1657646520392 duration: 9retValue:
onEnter - Class: Base16.java method: public boolean org.apache.commons.codec.binary.Base16.isInAlphabet(byte)
MethodEnter
query: SELECT f.* FROM perfrt.files AS f INNER JOIN perfrt.commits AS c ON f.commit_id = c.id WHERE c.commit_hash='8871e9c72eefda5b047d8e9fcc3654e5fab3c198' AND f.name LIKE '%Base16.java';
onExit - Class: Base16.java.java method: public boolean org.apache.commons.codec.binary.Base16.isInAlphabet(byte) start: 1657646520401 end: 1657646520409 duration: 8retValue:
onEnter - Class: Base16.java method: public boolean org.apache.commons.codec.binary.Base16.isInAlphabet(byte)
MethodEnter
query: SELECT f.* FROM perfrt.files AS f INNER JOIN perfrt.commits AS c ON f.commit_id = c.id WHERE c.commit_hash='8871e9c72eefda5b047d8e9fcc3654e5fab3c198' AND f.name LIKE '%Base16.java';
onExit - Class: Base16.java.java method: public boolean org.apache.commons.codec.binary.Base16.isInAlphabet(byte) start: 1657646520417 end: 1657646520424 duration: 7retValue:
onEnter - Class: Base16.java method: public boolean org.apache.commons.codec.binary.Base16.isInAlphabet(byte)
MethodEnter
query: SELECT f.* FROM perfrt.files AS f INNER JOIN perfrt.commits AS c ON f.commit_id = c.id WHERE c.commit_hash='8871e9c72eefda5b047d8e9fcc3654e5fab3c198' AND f.name LIKE '%Base16.java';
onExit - Class: Base16.java.java method: public boolean org.apache.commons.codec.binary.Base16.isInAlphabet(byte) start: 1657646520432 end: 1657646520440 duration: 8retValue:
onEnter - Class: Base16.java method: public boolean org.apache.commons.codec.binary.Base16.isInAlphabet(byte)
MethodEnter
query: SELECT f.* FROM perfrt.files AS f INNER JOIN perfrt.commits AS c ON f.commit_id = c.id WHERE c.commit_hash='8871e9c72eefda5b047d8e9fcc3654e5fab3c198' AND f.name LIKE '%Base16.java';
onExit - Class: Base16.java.java method: public boolean org.apache.commons.codec.binary.Base16.isInAlphabet(byte) start: 1657646520448 end: 1657646520457 duration: 9retValue:
onEnter - Class: Base16.java method: public boolean org.apache.commons.codec.binary.Base16.isInAlphabet(byte)
MethodEnter
query: SELECT f.* FROM perfrt.files AS f INNER JOIN perfrt.commits AS c ON f.commit_id = c.id WHERE c.commit_hash='8871e9c72eefda5b047d8e9fcc3654e5fab3c198' AND f.name LIKE '%Base16.java';
onExit - Class: Base16.java.java method: public boolean org.apache.commons.codec.binary.Base16.isInAlphabet(byte) start: 1657646520464 end: 1657646520472 duration: 8retValue:
onEnter - Class: Base16.java method: public boolean org.apache.commons.codec.binary.Base16.isInAlphabet(byte)
MethodEnter
query: SELECT f.* FROM perfrt.files AS f INNER JOIN perfrt.commits AS c ON f.commit_id = c.id WHERE c.commit_hash='8871e9c72eefda5b047d8e9fcc3654e5fab3c198' AND f.name LIKE '%Base16.java';
onExit - Class: Base16.java.java method: public boolean org.apache.commons.codec.binary.Base16.isInAlphabet(byte) start: 1657646520480 end: 1657646520487 duration: 7retValue:
onEnter - Class: Base16.java method: public boolean org.apache.commons.codec.binary.Base16.isInAlphabet(byte)
MethodEnter
query: SELECT f.* FROM perfrt.files AS f INNER JOIN perfrt.commits AS c ON f.commit_id = c.id WHERE c.commit_hash='8871e9c72eefda5b047d8e9fcc3654e5fab3c198' AND f.name LIKE '%Base16.java';
onExit - Class: Base16.java.java method: public boolean org.apache.commons.codec.binary.Base16.isInAlphabet(byte) start: 1657646520495 end: 1657646520503 duration: 8retValue:
onEnter - Class: Base16.java method: public boolean org.apache.commons.codec.binary.Base16.isInAlphabet(byte)
MethodEnter
query: SELECT f.* FROM perfrt.files AS f INNER JOIN perfrt.commits AS c ON f.commit_id = c.id WHERE c.commit_hash='8871e9c72eefda5b047d8e9fcc3654e5fab3c198' AND f.name LIKE '%Base16.java';
onExit - Class: Base16.java.java method: public boolean org.apache.commons.codec.binary.Base16.isInAlphabet(byte) start: 1657646520511 end: 1657646520519 duration: 8retValue:
onEnter - Class: Base16.java method: public boolean org.apache.commons.codec.binary.Base16.isInAlphabet(byte)
MethodEnter
query: SELECT f.* FROM perfrt.files AS f INNER JOIN perfrt.commits AS c ON f.commit_id = c.id WHERE c.commit_hash='8871e9c72eefda5b047d8e9fcc3654e5fab3c198' AND f.name LIKE '%Base16.java';
onExit - Class: Base16.java.java method: public boolean org.apache.commons.codec.binary.Base16.isInAlphabet(byte) start: 1657646520527 end: 1657646520534 duration: 7retValue:
onExit - Class: Base16Test.java.java method: public void org.apache.commons.codec.binary.Base16Test.testIsInAlphabet() start: 1657646519064 end: 1657646520542 duration: 1478retValue:

Thanks for using JUnit! Support its development at https://junit.org/sponsoring

[36m╷[0m
[36m├─[0m [36mJUnit Jupiter[0m [32m✔[0m
[36m│  └─[0m [36mBase16Test[0m [32m✔[0m
[36m│     └─[0m [34mtestIsInAlphabet()[0m [32m✔[0m
[36m└─[0m [36mJUnit Vintage[0m [32m✔[0m

Test run finished after 1538 ms
[         3 containers found      ]
[         0 containers skipped    ]
[         3 containers started    ]
[         0 containers aborted    ]
[         3 containers successful ]
[         0 containers failed     ]
[         1 tests found           ]
[         0 tests skipped         ]
[         1 tests started         ]
[         0 tests aborted         ]
[         1 tests successful      ]
[         0 tests failed          ]

