Premain
onEnter - Class: StringEncoderComparatorTest.java method: public void org.apache.commons.codec.StringEncoderComparatorTest.testComparatorWithSoundex() throws java.lang.Exception
MethodEnter
query: SELECT f.* FROM perfrt.files AS f INNER JOIN perfrt.commits AS c ON f.commit_id = c.id WHERE c.commit_hash='8871e9c72eefda5b047d8e9fcc3654e5fab3c198' AND f.name LIKE '%StringEncoderComparatorTest.java';
onEnter - Class: Soundex.java method: private boolean org.apache.commons.codec.language.Soundex.hasMarker(char[])
MethodEnter
query: SELECT f.* FROM perfrt.files AS f INNER JOIN perfrt.commits AS c ON f.commit_id = c.id WHERE c.commit_hash='8871e9c72eefda5b047d8e9fcc3654e5fab3c198' AND f.name LIKE '%Soundex.java';
onExit - Class: Soundex.java.java method: private boolean org.apache.commons.codec.language.Soundex.hasMarker(char[]) start: 1657632908824 end: 1657632908844 duration: 20retValue:
onEnter - Class: StringEncoderComparator.java method: public int org.apache.commons.codec.StringEncoderComparator.compare(java.lang.Object,java.lang.Object)
MethodEnter
query: SELECT f.* FROM perfrt.files AS f INNER JOIN perfrt.commits AS c ON f.commit_id = c.id WHERE c.commit_hash='8871e9c72eefda5b047d8e9fcc3654e5fab3c198' AND f.name LIKE '%StringEncoderComparator.java';
onEnter - Class: Soundex.java method: public java.lang.Object org.apache.commons.codec.language.Soundex.encode(java.lang.Object) throws org.apache.commons.codec.EncoderException
MethodEnter
query: SELECT f.* FROM perfrt.files AS f INNER JOIN perfrt.commits AS c ON f.commit_id = c.id WHERE c.commit_hash='8871e9c72eefda5b047d8e9fcc3654e5fab3c198' AND f.name LIKE '%Soundex.java';
onEnter - Class: Soundex.java method: public java.lang.String org.apache.commons.codec.language.Soundex.soundex(java.lang.String)
MethodEnter
query: SELECT f.* FROM perfrt.files AS f INNER JOIN perfrt.commits AS c ON f.commit_id = c.id WHERE c.commit_hash='8871e9c72eefda5b047d8e9fcc3654e5fab3c198' AND f.name LIKE '%Soundex.java';
onEnter - Class: SoundexUtils.java method: static java.lang.String org.apache.commons.codec.language.SoundexUtils.clean(java.lang.String)
MethodEnter
query: SELECT f.* FROM perfrt.files AS f INNER JOIN perfrt.commits AS c ON f.commit_id = c.id WHERE c.commit_hash='8871e9c72eefda5b047d8e9fcc3654e5fab3c198' AND f.name LIKE '%SoundexUtils.java';
onEnter - Class: SoundexUtils.java method: static boolean org.apache.commons.codec.language.SoundexUtils.isEmpty(java.lang.CharSequence)
MethodEnter
query: SELECT f.* FROM perfrt.files AS f INNER JOIN perfrt.commits AS c ON f.commit_id = c.id WHERE c.commit_hash='8871e9c72eefda5b047d8e9fcc3654e5fab3c198' AND f.name LIKE '%SoundexUtils.java';
onExit - Class: SoundexUtils.java.java method: static boolean org.apache.commons.codec.language.SoundexUtils.isEmpty(java.lang.CharSequence) start: 1657632908943 end: 1657632908958 duration: 15retValue:
onExit - Class: SoundexUtils.java.java method: static java.lang.String org.apache.commons.codec.language.SoundexUtils.clean(java.lang.String) start: 1657632908927 end: 1657632908973 duration: 46retValue:
onEnter - Class: Soundex.java method: private char org.apache.commons.codec.language.Soundex.map(char)
MethodEnter
query: SELECT f.* FROM perfrt.files AS f INNER JOIN perfrt.commits AS c ON f.commit_id = c.id WHERE c.commit_hash='8871e9c72eefda5b047d8e9fcc3654e5fab3c198' AND f.name LIKE '%Soundex.java';
onExit - Class: Soundex.java.java method: private char org.apache.commons.codec.language.Soundex.map(char) start: 1657632908989 end: 1657632909002 duration: 13retValue:
onEnter - Class: Soundex.java method: private char org.apache.commons.codec.language.Soundex.map(char)
MethodEnter
query: SELECT f.* FROM perfrt.files AS f INNER JOIN perfrt.commits AS c ON f.commit_id = c.id WHERE c.commit_hash='8871e9c72eefda5b047d8e9fcc3654e5fab3c198' AND f.name LIKE '%Soundex.java';
onExit - Class: Soundex.java.java method: private char org.apache.commons.codec.language.Soundex.map(char) start: 1657632909016 end: 1657632909030 duration: 14retValue:
onEnter - Class: Soundex.java method: private char org.apache.commons.codec.language.Soundex.map(char)
MethodEnter
query: SELECT f.* FROM perfrt.files AS f INNER JOIN perfrt.commits AS c ON f.commit_id = c.id WHERE c.commit_hash='8871e9c72eefda5b047d8e9fcc3654e5fab3c198' AND f.name LIKE '%Soundex.java';
onExit - Class: Soundex.java.java method: private char org.apache.commons.codec.language.Soundex.map(char) start: 1657632909044 end: 1657632909057 duration: 13retValue:
onEnter - Class: Soundex.java method: private char org.apache.commons.codec.language.Soundex.map(char)
MethodEnter
query: SELECT f.* FROM perfrt.files AS f INNER JOIN perfrt.commits AS c ON f.commit_id = c.id WHERE c.commit_hash='8871e9c72eefda5b047d8e9fcc3654e5fab3c198' AND f.name LIKE '%Soundex.java';
onExit - Class: Soundex.java.java method: private char org.apache.commons.codec.language.Soundex.map(char) start: 1657632909072 end: 1657632909085 duration: 13retValue:
onEnter - Class: Soundex.java method: private char org.apache.commons.codec.language.Soundex.map(char)
MethodEnter
query: SELECT f.* FROM perfrt.files AS f INNER JOIN perfrt.commits AS c ON f.commit_id = c.id WHERE c.commit_hash='8871e9c72eefda5b047d8e9fcc3654e5fab3c198' AND f.name LIKE '%Soundex.java';
onExit - Class: Soundex.java.java method: private char org.apache.commons.codec.language.Soundex.map(char) start: 1657632909097 end: 1657632909109 duration: 12retValue:
onEnter - Class: Soundex.java method: private char org.apache.commons.codec.language.Soundex.map(char)
MethodEnter
query: SELECT f.* FROM perfrt.files AS f INNER JOIN perfrt.commits AS c ON f.commit_id = c.id WHERE c.commit_hash='8871e9c72eefda5b047d8e9fcc3654e5fab3c198' AND f.name LIKE '%Soundex.java';
onExit - Class: Soundex.java.java method: private char org.apache.commons.codec.language.Soundex.map(char) start: 1657632909121 end: 1657632909133 duration: 12retValue:
onExit - Class: Soundex.java.java method: public java.lang.String org.apache.commons.codec.language.Soundex.soundex(java.lang.String) start: 1657632908903 end: 1657632909144 duration: 241retValue:
onExit - Class: Soundex.java.java method: public java.lang.Object org.apache.commons.codec.language.Soundex.encode(java.lang.Object) throws org.apache.commons.codec.EncoderException start: 1657632908887 end: 1657632909158 duration: 271retValue:
onEnter - Class: Soundex.java method: public java.lang.Object org.apache.commons.codec.language.Soundex.encode(java.lang.Object) throws org.apache.commons.codec.EncoderException
MethodEnter
query: SELECT f.* FROM perfrt.files AS f INNER JOIN perfrt.commits AS c ON f.commit_id = c.id WHERE c.commit_hash='8871e9c72eefda5b047d8e9fcc3654e5fab3c198' AND f.name LIKE '%Soundex.java';
onEnter - Class: Soundex.java method: public java.lang.String org.apache.commons.codec.language.Soundex.soundex(java.lang.String)
MethodEnter
query: SELECT f.* FROM perfrt.files AS f INNER JOIN perfrt.commits AS c ON f.commit_id = c.id WHERE c.commit_hash='8871e9c72eefda5b047d8e9fcc3654e5fab3c198' AND f.name LIKE '%Soundex.java';
onEnter - Class: SoundexUtils.java method: static java.lang.String org.apache.commons.codec.language.SoundexUtils.clean(java.lang.String)
MethodEnter
query: SELECT f.* FROM perfrt.files AS f INNER JOIN perfrt.commits AS c ON f.commit_id = c.id WHERE c.commit_hash='8871e9c72eefda5b047d8e9fcc3654e5fab3c198' AND f.name LIKE '%SoundexUtils.java';
onEnter - Class: SoundexUtils.java method: static boolean org.apache.commons.codec.language.SoundexUtils.isEmpty(java.lang.CharSequence)
MethodEnter
query: SELECT f.* FROM perfrt.files AS f INNER JOIN perfrt.commits AS c ON f.commit_id = c.id WHERE c.commit_hash='8871e9c72eefda5b047d8e9fcc3654e5fab3c198' AND f.name LIKE '%SoundexUtils.java';
onExit - Class: SoundexUtils.java.java method: static boolean org.apache.commons.codec.language.SoundexUtils.isEmpty(java.lang.CharSequence) start: 1657632909203 end: 1657632909213 duration: 10retValue:
onExit - Class: SoundexUtils.java.java method: static java.lang.String org.apache.commons.codec.language.SoundexUtils.clean(java.lang.String) start: 1657632909192 end: 1657632909224 duration: 32retValue:
onEnter - Class: Soundex.java method: private char org.apache.commons.codec.language.Soundex.map(char)
MethodEnter
query: SELECT f.* FROM perfrt.files AS f INNER JOIN perfrt.commits AS c ON f.commit_id = c.id WHERE c.commit_hash='8871e9c72eefda5b047d8e9fcc3654e5fab3c198' AND f.name LIKE '%Soundex.java';
onExit - Class: Soundex.java.java method: private char org.apache.commons.codec.language.Soundex.map(char) start: 1657632909236 end: 1657632909247 duration: 11retValue:
onEnter - Class: Soundex.java method: private char org.apache.commons.codec.language.Soundex.map(char)
MethodEnter
query: SELECT f.* FROM perfrt.files AS f INNER JOIN perfrt.commits AS c ON f.commit_id = c.id WHERE c.commit_hash='8871e9c72eefda5b047d8e9fcc3654e5fab3c198' AND f.name LIKE '%Soundex.java';
onExit - Class: Soundex.java.java method: private char org.apache.commons.codec.language.Soundex.map(char) start: 1657632909257 end: 1657632909268 duration: 11retValue:
onEnter - Class: Soundex.java method: private char org.apache.commons.codec.language.Soundex.map(char)
MethodEnter
query: SELECT f.* FROM perfrt.files AS f INNER JOIN perfrt.commits AS c ON f.commit_id = c.id WHERE c.commit_hash='8871e9c72eefda5b047d8e9fcc3654e5fab3c198' AND f.name LIKE '%Soundex.java';
onExit - Class: Soundex.java.java method: private char org.apache.commons.codec.language.Soundex.map(char) start: 1657632909277 end: 1657632909288 duration: 11retValue:
onEnter - Class: Soundex.java method: private char org.apache.commons.codec.language.Soundex.map(char)
MethodEnter
query: SELECT f.* FROM perfrt.files AS f INNER JOIN perfrt.commits AS c ON f.commit_id = c.id WHERE c.commit_hash='8871e9c72eefda5b047d8e9fcc3654e5fab3c198' AND f.name LIKE '%Soundex.java';
onExit - Class: Soundex.java.java method: private char org.apache.commons.codec.language.Soundex.map(char) start: 1657632909297 end: 1657632909308 duration: 11retValue:
onEnter - Class: Soundex.java method: private char org.apache.commons.codec.language.Soundex.map(char)
MethodEnter
query: SELECT f.* FROM perfrt.files AS f INNER JOIN perfrt.commits AS c ON f.commit_id = c.id WHERE c.commit_hash='8871e9c72eefda5b047d8e9fcc3654e5fab3c198' AND f.name LIKE '%Soundex.java';
onExit - Class: Soundex.java.java method: private char org.apache.commons.codec.language.Soundex.map(char) start: 1657632909320 end: 1657632909330 duration: 10retValue:
onEnter - Class: Soundex.java method: private char org.apache.commons.codec.language.Soundex.map(char)
MethodEnter
query: SELECT f.* FROM perfrt.files AS f INNER JOIN perfrt.commits AS c ON f.commit_id = c.id WHERE c.commit_hash='8871e9c72eefda5b047d8e9fcc3654e5fab3c198' AND f.name LIKE '%Soundex.java';
onExit - Class: Soundex.java.java method: private char org.apache.commons.codec.language.Soundex.map(char) start: 1657632909341 end: 1657632909350 duration: 9retValue:
onExit - Class: Soundex.java.java method: public java.lang.String org.apache.commons.codec.language.Soundex.soundex(java.lang.String) start: 1657632909181 end: 1657632909360 duration: 179retValue:
onExit - Class: Soundex.java.java method: public java.lang.Object org.apache.commons.codec.language.Soundex.encode(java.lang.Object) throws org.apache.commons.codec.EncoderException start: 1657632909169 end: 1657632909370 duration: 201retValue:
onExit - Class: StringEncoderComparator.java.java method: public int org.apache.commons.codec.StringEncoderComparator.compare(java.lang.Object,java.lang.Object) start: 1657632908871 end: 1657632909379 duration: 508retValue:
onExit - Class: StringEncoderComparatorTest.java.java method: public void org.apache.commons.codec.StringEncoderComparatorTest.testComparatorWithSoundex() throws java.lang.Exception start: 1657632908474 end: 1657632909392 duration: 918retValue:

Thanks for using JUnit! Support its development at https://junit.org/sponsoring

[36m╷[0m
[36m├─[0m [36mJUnit Jupiter[0m [32m✔[0m
[36m│  └─[0m [36mStringEncoderComparatorTest[0m [32m✔[0m
[36m│     └─[0m [34mtestComparatorWithSoundex()[0m [32m✔[0m
[36m└─[0m [36mJUnit Vintage[0m [32m✔[0m

Test run finished after 980 ms
[         3 containers found      ]
[         0 containers skipped    ]
[         3 containers started    ]
[         0 containers aborted    ]
[         3 containers successful ]
[         0 containers failed     ]
[         1 tests found           ]
[         0 tests skipped         ]
[         1 tests started         ]
[         0 tests aborted         ]
[         1 tests successful      ]
[         0 tests failed          ]

