Premain
onEnter - Class: Base64InputStreamTest.java method: public void org.apache.commons.codec.binary.Base64InputStreamTest.testSkipWrongArgument() throws java.lang.Throwable
MethodEnter
query: SELECT f.* FROM perfrt.files AS f INNER JOIN perfrt.commits AS c ON f.commit_id = c.id WHERE c.commit_hash='8871e9c72eefda5b047d8e9fcc3654e5fab3c198' AND f.name LIKE '%Base64InputStreamTest.java';
onEnter - Class: StringUtils.java method: public static byte[] org.apache.commons.codec.binary.StringUtils.getBytesIso8859_1(java.lang.String)
MethodEnter
query: SELECT f.* FROM perfrt.files AS f INNER JOIN perfrt.commits AS c ON f.commit_id = c.id WHERE c.commit_hash='8871e9c72eefda5b047d8e9fcc3654e5fab3c198' AND f.name LIKE '%StringUtils.java';
onEnter - Class: StringUtils.java method: private static byte[] org.apache.commons.codec.binary.StringUtils.getBytes(java.lang.String,java.nio.charset.Charset)
MethodEnter
query: SELECT f.* FROM perfrt.files AS f INNER JOIN perfrt.commits AS c ON f.commit_id = c.id WHERE c.commit_hash='8871e9c72eefda5b047d8e9fcc3654e5fab3c198' AND f.name LIKE '%StringUtils.java';
onExit - Class: StringUtils.java.java method: private static byte[] org.apache.commons.codec.binary.StringUtils.getBytes(java.lang.String,java.nio.charset.Charset) start: 1657659891835 end: 1657659891852 duration: 17retValue:
onExit - Class: StringUtils.java.java method: public static byte[] org.apache.commons.codec.binary.StringUtils.getBytesIso8859_1(java.lang.String) start: 1657659891815 end: 1657659891883 duration: 68retValue:
onEnter - Class: BaseNCodec.java method: protected boolean org.apache.commons.codec.binary.BaseNCodec.containsAlphabetOrPad(byte[])
MethodEnter
query: SELECT f.* FROM perfrt.files AS f INNER JOIN perfrt.commits AS c ON f.commit_id = c.id WHERE c.commit_hash='8871e9c72eefda5b047d8e9fcc3654e5fab3c198' AND f.name LIKE '%BaseNCodec.java';
onEnter - Class: BaseNCodec.java method: protected boolean org.apache.commons.codec.binary.BaseNCodec.containsAlphabetOrPad(byte[])
MethodEnter
query: SELECT f.* FROM perfrt.files AS f INNER JOIN perfrt.commits AS c ON f.commit_id = c.id WHERE c.commit_hash='8871e9c72eefda5b047d8e9fcc3654e5fab3c198' AND f.name LIKE '%BaseNCodec.java';
onEnter - Class: Base64.java method: protected boolean org.apache.commons.codec.binary.Base64.isInAlphabet(byte)
MethodEnter
query: SELECT f.* FROM perfrt.files AS f INNER JOIN perfrt.commits AS c ON f.commit_id = c.id WHERE c.commit_hash='8871e9c72eefda5b047d8e9fcc3654e5fab3c198' AND f.name LIKE '%Base64.java';
onExit - Class: Base64.java.java method: protected boolean org.apache.commons.codec.binary.Base64.isInAlphabet(byte) start: 1657659891957 end: 1657659891972 duration: 15retValue:
onEnter - Class: Base64.java method: protected boolean org.apache.commons.codec.binary.Base64.isInAlphabet(byte)
MethodEnter
query: SELECT f.* FROM perfrt.files AS f INNER JOIN perfrt.commits AS c ON f.commit_id = c.id WHERE c.commit_hash='8871e9c72eefda5b047d8e9fcc3654e5fab3c198' AND f.name LIKE '%Base64.java';
onExit - Class: Base64.java.java method: protected boolean org.apache.commons.codec.binary.Base64.isInAlphabet(byte) start: 1657659891985 end: 1657659891997 duration: 12retValue:
onExit - Class: BaseNCodec.java.java method: protected boolean org.apache.commons.codec.binary.BaseNCodec.containsAlphabetOrPad(byte[]) start: 1657659891942 end: 1657659892010 duration: 68retValue:
onExit - Class: BaseNCodec.java.java method: protected boolean org.apache.commons.codec.binary.BaseNCodec.containsAlphabetOrPad(byte[]) start: 1657659891928 end: 1657659892024 duration: 96retValue:
onEnter - Class: BaseNCodecInputStream.java method: public long org.apache.commons.codec.binary.BaseNCodecInputStream.skip(long) throws java.io.IOException
MethodEnter
query: SELECT f.* FROM perfrt.files AS f INNER JOIN perfrt.commits AS c ON f.commit_id = c.id WHERE c.commit_hash='8871e9c72eefda5b047d8e9fcc3654e5fab3c198' AND f.name LIKE '%BaseNCodecInputStream.java';
onEnter - Class: BaseNCodecInputStream.java method: public long org.apache.commons.codec.binary.BaseNCodecInputStream.skip(long) throws java.io.IOException
MethodEnter
query: SELECT f.* FROM perfrt.files AS f INNER JOIN perfrt.commits AS c ON f.commit_id = c.id WHERE c.commit_hash='8871e9c72eefda5b047d8e9fcc3654e5fab3c198' AND f.name LIKE '%BaseNCodecInputStream.java';
onExit - Class: BaseNCodecInputStream.java.java method: public long org.apache.commons.codec.binary.BaseNCodecInputStream.skip(long) throws java.io.IOException start: 1657659892062 end: 1657659892076 duration: 14retValue:
onExit - Class: BaseNCodecInputStream.java.java method: public long org.apache.commons.codec.binary.BaseNCodecInputStream.skip(long) throws java.io.IOException start: 1657659892047 end: 1657659892090 duration: 43retValue:
onEnter - Class: FilterInputStream.java method: public void java.io.FilterInputStream.close() throws java.io.IOException
MethodEnter
query: SELECT f.* FROM perfrt.files AS f INNER JOIN perfrt.commits AS c ON f.commit_id = c.id WHERE c.commit_hash='8871e9c72eefda5b047d8e9fcc3654e5fab3c198' AND f.name LIKE '%FilterInputStream.java';
onEnter - Class: FilterInputStream.java method: public void java.io.FilterInputStream.close() throws java.io.IOException
MethodEnter
query: SELECT f.* FROM perfrt.files AS f INNER JOIN perfrt.commits AS c ON f.commit_id = c.id WHERE c.commit_hash='8871e9c72eefda5b047d8e9fcc3654e5fab3c198' AND f.name LIKE '%FilterInputStream.java';
onExit - Class: FilterInputStream.java.java method: public void java.io.FilterInputStream.close() throws java.io.IOException start: 1657659892111 end: 1657659892120 duration: 9retValue:
onExit - Class: FilterInputStream.java.java method: public void java.io.FilterInputStream.close() throws java.io.IOException start: 1657659892102 end: 1657659892130 duration: 28retValue:
onExit - Class: Base64InputStreamTest.java.java method: public void org.apache.commons.codec.binary.Base64InputStreamTest.testSkipWrongArgument() throws java.lang.Throwable start: 1657659891501 end: 1657659892139 duration: 638retValue:

Thanks for using JUnit! Support its development at https://junit.org/sponsoring

[36m╷[0m
[36m├─[0m [36mJUnit Jupiter[0m [32m✔[0m
[36m│  └─[0m [36mBase64InputStreamTest[0m [32m✔[0m
[36m│     └─[0m [34mtestSkipWrongArgument()[0m [32m✔[0m
[36m└─[0m [36mJUnit Vintage[0m [32m✔[0m

Test run finished after 706 ms
[         3 containers found      ]
[         0 containers skipped    ]
[         3 containers started    ]
[         0 containers aborted    ]
[         3 containers successful ]
[         0 containers failed     ]
[         1 tests found           ]
[         0 tests skipped         ]
[         1 tests started         ]
[         0 tests aborted         ]
[         1 tests successful      ]
[         0 tests failed          ]

