Premain
onEnter - Class: Base16Test.java method: public void org.apache.commons.codec.binary.Base16Test.testIsInAlphabet()
MethodEnter
query: SELECT f.* FROM perfrt.files AS f INNER JOIN perfrt.commits AS c ON f.commit_id = c.id WHERE c.commit_hash='8871e9c72eefda5b047d8e9fcc3654e5fab3c198' AND f.name LIKE '%Base16Test.java';
onEnter - Class: Base16.java method: public boolean org.apache.commons.codec.binary.Base16.isInAlphabet(byte)
MethodEnter
query: SELECT f.* FROM perfrt.files AS f INNER JOIN perfrt.commits AS c ON f.commit_id = c.id WHERE c.commit_hash='8871e9c72eefda5b047d8e9fcc3654e5fab3c198' AND f.name LIKE '%Base16.java';
onExit - Class: Base16.java.java method: public boolean org.apache.commons.codec.binary.Base16.isInAlphabet(byte) start: 1657641989189 end: 1657641989489 duration: 300retValue:
onEnter - Class: Base16.java method: public boolean org.apache.commons.codec.binary.Base16.isInAlphabet(byte)
MethodEnter
query: SELECT f.* FROM perfrt.files AS f INNER JOIN perfrt.commits AS c ON f.commit_id = c.id WHERE c.commit_hash='8871e9c72eefda5b047d8e9fcc3654e5fab3c198' AND f.name LIKE '%Base16.java';
onExit - Class: Base16.java.java method: public boolean org.apache.commons.codec.binary.Base16.isInAlphabet(byte) start: 1657641989777 end: 1657641990128 duration: 351retValue:
onEnter - Class: Base16.java method: public boolean org.apache.commons.codec.binary.Base16.isInAlphabet(byte)
MethodEnter
query: SELECT f.* FROM perfrt.files AS f INNER JOIN perfrt.commits AS c ON f.commit_id = c.id WHERE c.commit_hash='8871e9c72eefda5b047d8e9fcc3654e5fab3c198' AND f.name LIKE '%Base16.java';
onExit - Class: Base16.java.java method: public boolean org.apache.commons.codec.binary.Base16.isInAlphabet(byte) start: 1657641990474 end: 1657641990747 duration: 273retValue:
onEnter - Class: Base16.java method: public boolean org.apache.commons.codec.binary.Base16.isInAlphabet(byte)
MethodEnter
query: SELECT f.* FROM perfrt.files AS f INNER JOIN perfrt.commits AS c ON f.commit_id = c.id WHERE c.commit_hash='8871e9c72eefda5b047d8e9fcc3654e5fab3c198' AND f.name LIKE '%Base16.java';
onExit - Class: Base16.java.java method: public boolean org.apache.commons.codec.binary.Base16.isInAlphabet(byte) start: 1657641991147 end: 1657641991473 duration: 326retValue:
onEnter - Class: Base16.java method: public boolean org.apache.commons.codec.binary.Base16.isInAlphabet(byte)
MethodEnter
query: SELECT f.* FROM perfrt.files AS f INNER JOIN perfrt.commits AS c ON f.commit_id = c.id WHERE c.commit_hash='8871e9c72eefda5b047d8e9fcc3654e5fab3c198' AND f.name LIKE '%Base16.java';
onExit - Class: Base16.java.java method: public boolean org.apache.commons.codec.binary.Base16.isInAlphabet(byte) start: 1657641991831 end: 1657641992251 duration: 420retValue:
onEnter - Class: Base16.java method: public boolean org.apache.commons.codec.binary.Base16.isInAlphabet(byte)
MethodEnter
query: SELECT f.* FROM perfrt.files AS f INNER JOIN perfrt.commits AS c ON f.commit_id = c.id WHERE c.commit_hash='8871e9c72eefda5b047d8e9fcc3654e5fab3c198' AND f.name LIKE '%Base16.java';
onExit - Class: Base16.java.java method: public boolean org.apache.commons.codec.binary.Base16.isInAlphabet(byte) start: 1657641992573 end: 1657641992902 duration: 329retValue:
onEnter - Class: Base16.java method: public boolean org.apache.commons.codec.binary.Base16.isInAlphabet(byte)
MethodEnter
query: SELECT f.* FROM perfrt.files AS f INNER JOIN perfrt.commits AS c ON f.commit_id = c.id WHERE c.commit_hash='8871e9c72eefda5b047d8e9fcc3654e5fab3c198' AND f.name LIKE '%Base16.java';
onExit - Class: Base16.java.java method: public boolean org.apache.commons.codec.binary.Base16.isInAlphabet(byte) start: 1657641993298 end: 1657641993651 duration: 353retValue:
onEnter - Class: Base16.java method: public boolean org.apache.commons.codec.binary.Base16.isInAlphabet(byte)
MethodEnter
query: SELECT f.* FROM perfrt.files AS f INNER JOIN perfrt.commits AS c ON f.commit_id = c.id WHERE c.commit_hash='8871e9c72eefda5b047d8e9fcc3654e5fab3c198' AND f.name LIKE '%Base16.java';
onExit - Class: Base16.java.java method: public boolean org.apache.commons.codec.binary.Base16.isInAlphabet(byte) start: 1657641993933 end: 1657641994144 duration: 211retValue:
onEnter - Class: Base16.java method: public boolean org.apache.commons.codec.binary.Base16.isInAlphabet(byte)
MethodEnter
query: SELECT f.* FROM perfrt.files AS f INNER JOIN perfrt.commits AS c ON f.commit_id = c.id WHERE c.commit_hash='8871e9c72eefda5b047d8e9fcc3654e5fab3c198' AND f.name LIKE '%Base16.java';
onExit - Class: Base16.java.java method: public boolean org.apache.commons.codec.binary.Base16.isInAlphabet(byte) start: 1657641994420 end: 1657641994803 duration: 383retValue:
onEnter - Class: Base16.java method: public boolean org.apache.commons.codec.binary.Base16.isInAlphabet(byte)
MethodEnter
query: SELECT f.* FROM perfrt.files AS f INNER JOIN perfrt.commits AS c ON f.commit_id = c.id WHERE c.commit_hash='8871e9c72eefda5b047d8e9fcc3654e5fab3c198' AND f.name LIKE '%Base16.java';
onExit - Class: Base16.java.java method: public boolean org.apache.commons.codec.binary.Base16.isInAlphabet(byte) start: 1657641995088 end: 1657641995335 duration: 247retValue:
onEnter - Class: Base16.java method: public boolean org.apache.commons.codec.binary.Base16.isInAlphabet(byte)
MethodEnter
query: SELECT f.* FROM perfrt.files AS f INNER JOIN perfrt.commits AS c ON f.commit_id = c.id WHERE c.commit_hash='8871e9c72eefda5b047d8e9fcc3654e5fab3c198' AND f.name LIKE '%Base16.java';
onExit - Class: Base16.java.java method: public boolean org.apache.commons.codec.binary.Base16.isInAlphabet(byte) start: 1657641995626 end: 1657641995915 duration: 289retValue:
onEnter - Class: Base16.java method: public boolean org.apache.commons.codec.binary.Base16.isInAlphabet(byte)
MethodEnter
query: SELECT f.* FROM perfrt.files AS f INNER JOIN perfrt.commits AS c ON f.commit_id = c.id WHERE c.commit_hash='8871e9c72eefda5b047d8e9fcc3654e5fab3c198' AND f.name LIKE '%Base16.java';
onExit - Class: Base16.java.java method: public boolean org.apache.commons.codec.binary.Base16.isInAlphabet(byte) start: 1657641996089 end: 1657641996381 duration: 292retValue:
onEnter - Class: Base16.java method: public boolean org.apache.commons.codec.binary.Base16.isInAlphabet(byte)
MethodEnter
query: SELECT f.* FROM perfrt.files AS f INNER JOIN perfrt.commits AS c ON f.commit_id = c.id WHERE c.commit_hash='8871e9c72eefda5b047d8e9fcc3654e5fab3c198' AND f.name LIKE '%Base16.java';
onExit - Class: Base16.java.java method: public boolean org.apache.commons.codec.binary.Base16.isInAlphabet(byte) start: 1657641996627 end: 1657641996917 duration: 290retValue:
onEnter - Class: Base16.java method: public boolean org.apache.commons.codec.binary.Base16.isInAlphabet(byte)
MethodEnter
query: SELECT f.* FROM perfrt.files AS f INNER JOIN perfrt.commits AS c ON f.commit_id = c.id WHERE c.commit_hash='8871e9c72eefda5b047d8e9fcc3654e5fab3c198' AND f.name LIKE '%Base16.java';
onExit - Class: Base16.java.java method: public boolean org.apache.commons.codec.binary.Base16.isInAlphabet(byte) start: 1657641997100 end: 1657641997385 duration: 285retValue:
onEnter - Class: Base16.java method: public boolean org.apache.commons.codec.binary.Base16.isInAlphabet(byte)
MethodEnter
query: SELECT f.* FROM perfrt.files AS f INNER JOIN perfrt.commits AS c ON f.commit_id = c.id WHERE c.commit_hash='8871e9c72eefda5b047d8e9fcc3654e5fab3c198' AND f.name LIKE '%Base16.java';
onExit - Class: Base16.java.java method: public boolean org.apache.commons.codec.binary.Base16.isInAlphabet(byte) start: 1657641997572 end: 1657641997906 duration: 334retValue:
onEnter - Class: Base16.java method: public boolean org.apache.commons.codec.binary.Base16.isInAlphabet(byte)
MethodEnter
query: SELECT f.* FROM perfrt.files AS f INNER JOIN perfrt.commits AS c ON f.commit_id = c.id WHERE c.commit_hash='8871e9c72eefda5b047d8e9fcc3654e5fab3c198' AND f.name LIKE '%Base16.java';
onExit - Class: Base16.java.java method: public boolean org.apache.commons.codec.binary.Base16.isInAlphabet(byte) start: 1657641998326 end: 1657641998778 duration: 452retValue:
onEnter - Class: Base16.java method: public boolean org.apache.commons.codec.binary.Base16.isInAlphabet(byte)
MethodEnter
query: SELECT f.* FROM perfrt.files AS f INNER JOIN perfrt.commits AS c ON f.commit_id = c.id WHERE c.commit_hash='8871e9c72eefda5b047d8e9fcc3654e5fab3c198' AND f.name LIKE '%Base16.java';
onExit - Class: Base16.java.java method: public boolean org.apache.commons.codec.binary.Base16.isInAlphabet(byte) start: 1657641999095 end: 1657641999349 duration: 254retValue:
onEnter - Class: Base16.java method: public boolean org.apache.commons.codec.binary.Base16.isInAlphabet(byte)
MethodEnter
query: SELECT f.* FROM perfrt.files AS f INNER JOIN perfrt.commits AS c ON f.commit_id = c.id WHERE c.commit_hash='8871e9c72eefda5b047d8e9fcc3654e5fab3c198' AND f.name LIKE '%Base16.java';
onExit - Class: Base16.java.java method: public boolean org.apache.commons.codec.binary.Base16.isInAlphabet(byte) start: 1657641999535 end: 1657641999722 duration: 187retValue:
onEnter - Class: Base16.java method: public boolean org.apache.commons.codec.binary.Base16.isInAlphabet(byte)
MethodEnter
query: SELECT f.* FROM perfrt.files AS f INNER JOIN perfrt.commits AS c ON f.commit_id = c.id WHERE c.commit_hash='8871e9c72eefda5b047d8e9fcc3654e5fab3c198' AND f.name LIKE '%Base16.java';
onExit - Class: Base16.java.java method: public boolean org.apache.commons.codec.binary.Base16.isInAlphabet(byte) start: 1657641999909 end: 1657642000095 duration: 186retValue:
onEnter - Class: Base16.java method: public boolean org.apache.commons.codec.binary.Base16.isInAlphabet(byte)
MethodEnter
query: SELECT f.* FROM perfrt.files AS f INNER JOIN perfrt.commits AS c ON f.commit_id = c.id WHERE c.commit_hash='8871e9c72eefda5b047d8e9fcc3654e5fab3c198' AND f.name LIKE '%Base16.java';
onExit - Class: Base16.java.java method: public boolean org.apache.commons.codec.binary.Base16.isInAlphabet(byte) start: 1657642000343 end: 1657642000549 duration: 206retValue:
onEnter - Class: Base16.java method: public boolean org.apache.commons.codec.binary.Base16.isInAlphabet(byte)
MethodEnter
query: SELECT f.* FROM perfrt.files AS f INNER JOIN perfrt.commits AS c ON f.commit_id = c.id WHERE c.commit_hash='8871e9c72eefda5b047d8e9fcc3654e5fab3c198' AND f.name LIKE '%Base16.java';
onExit - Class: Base16.java.java method: public boolean org.apache.commons.codec.binary.Base16.isInAlphabet(byte) start: 1657642000813 end: 1657642001265 duration: 452retValue:
onEnter - Class: Base16.java method: public boolean org.apache.commons.codec.binary.Base16.isInAlphabet(byte)
MethodEnter
query: SELECT f.* FROM perfrt.files AS f INNER JOIN perfrt.commits AS c ON f.commit_id = c.id WHERE c.commit_hash='8871e9c72eefda5b047d8e9fcc3654e5fab3c198' AND f.name LIKE '%Base16.java';
onExit - Class: Base16.java.java method: public boolean org.apache.commons.codec.binary.Base16.isInAlphabet(byte) start: 1657642001492 end: 1657642002463 duration: 971retValue:
onEnter - Class: Base16.java method: public boolean org.apache.commons.codec.binary.Base16.isInAlphabet(byte)
MethodEnter
query: SELECT f.* FROM perfrt.files AS f INNER JOIN perfrt.commits AS c ON f.commit_id = c.id WHERE c.commit_hash='8871e9c72eefda5b047d8e9fcc3654e5fab3c198' AND f.name LIKE '%Base16.java';
onExit - Class: Base16.java.java method: public boolean org.apache.commons.codec.binary.Base16.isInAlphabet(byte) start: 1657642003369 end: 1657642004275 duration: 906retValue:
onEnter - Class: Base16.java method: public boolean org.apache.commons.codec.binary.Base16.isInAlphabet(byte)
MethodEnter
query: SELECT f.* FROM perfrt.files AS f INNER JOIN perfrt.commits AS c ON f.commit_id = c.id WHERE c.commit_hash='8871e9c72eefda5b047d8e9fcc3654e5fab3c198' AND f.name LIKE '%Base16.java';
onExit - Class: Base16.java.java method: public boolean org.apache.commons.codec.binary.Base16.isInAlphabet(byte) start: 1657642005064 end: 1657642006665 duration: 1601retValue:
onEnter - Class: Base16.java method: public boolean org.apache.commons.codec.binary.Base16.isInAlphabet(byte)
MethodEnter
query: SELECT f.* FROM perfrt.files AS f INNER JOIN perfrt.commits AS c ON f.commit_id = c.id WHERE c.commit_hash='8871e9c72eefda5b047d8e9fcc3654e5fab3c198' AND f.name LIKE '%Base16.java';
onExit - Class: Base16.java.java method: public boolean org.apache.commons.codec.binary.Base16.isInAlphabet(byte) start: 1657642007564 end: 1657642008375 duration: 811retValue:
onEnter - Class: Base16.java method: public boolean org.apache.commons.codec.binary.Base16.isInAlphabet(byte)
MethodEnter
query: SELECT f.* FROM perfrt.files AS f INNER JOIN perfrt.commits AS c ON f.commit_id = c.id WHERE c.commit_hash='8871e9c72eefda5b047d8e9fcc3654e5fab3c198' AND f.name LIKE '%Base16.java';
onExit - Class: Base16.java.java method: public boolean org.apache.commons.codec.binary.Base16.isInAlphabet(byte) start: 1657642009283 end: 1657642010113 duration: 830retValue:
onEnter - Class: Base16.java method: public boolean org.apache.commons.codec.binary.Base16.isInAlphabet(byte)
MethodEnter
query: SELECT f.* FROM perfrt.files AS f INNER JOIN perfrt.commits AS c ON f.commit_id = c.id WHERE c.commit_hash='8871e9c72eefda5b047d8e9fcc3654e5fab3c198' AND f.name LIKE '%Base16.java';
onExit - Class: Base16.java.java method: public boolean org.apache.commons.codec.binary.Base16.isInAlphabet(byte) start: 1657642010783 end: 1657642011794 duration: 1011retValue:
onEnter - Class: Base16.java method: public boolean org.apache.commons.codec.binary.Base16.isInAlphabet(byte)
MethodEnter
query: SELECT f.* FROM perfrt.files AS f INNER JOIN perfrt.commits AS c ON f.commit_id = c.id WHERE c.commit_hash='8871e9c72eefda5b047d8e9fcc3654e5fab3c198' AND f.name LIKE '%Base16.java';
onExit - Class: Base16.java.java method: public boolean org.apache.commons.codec.binary.Base16.isInAlphabet(byte) start: 1657642012582 end: 1657642013490 duration: 908retValue:
onEnter - Class: Base16.java method: public boolean org.apache.commons.codec.binary.Base16.isInAlphabet(byte)
MethodEnter
query: SELECT f.* FROM perfrt.files AS f INNER JOIN perfrt.commits AS c ON f.commit_id = c.id WHERE c.commit_hash='8871e9c72eefda5b047d8e9fcc3654e5fab3c198' AND f.name LIKE '%Base16.java';
onExit - Class: Base16.java.java method: public boolean org.apache.commons.codec.binary.Base16.isInAlphabet(byte) start: 1657642014832 end: 1657642015748 duration: 916retValue:
onEnter - Class: Base16.java method: public boolean org.apache.commons.codec.binary.Base16.isInAlphabet(byte)
MethodEnter
query: SELECT f.* FROM perfrt.files AS f INNER JOIN perfrt.commits AS c ON f.commit_id = c.id WHERE c.commit_hash='8871e9c72eefda5b047d8e9fcc3654e5fab3c198' AND f.name LIKE '%Base16.java';
onExit - Class: Base16.java.java method: public boolean org.apache.commons.codec.binary.Base16.isInAlphabet(byte) start: 1657642016751 end: 1657642017499 duration: 748retValue:
onEnter - Class: Base16.java method: public boolean org.apache.commons.codec.binary.Base16.isInAlphabet(byte)
MethodEnter
query: SELECT f.* FROM perfrt.files AS f INNER JOIN perfrt.commits AS c ON f.commit_id = c.id WHERE c.commit_hash='8871e9c72eefda5b047d8e9fcc3654e5fab3c198' AND f.name LIKE '%Base16.java';
onExit - Class: Base16.java.java method: public boolean org.apache.commons.codec.binary.Base16.isInAlphabet(byte) start: 1657642018533 end: 1657642018993 duration: 460retValue:
onEnter - Class: Base16.java method: public boolean org.apache.commons.codec.binary.Base16.isInAlphabet(byte)
MethodEnter
query: SELECT f.* FROM perfrt.files AS f INNER JOIN perfrt.commits AS c ON f.commit_id = c.id WHERE c.commit_hash='8871e9c72eefda5b047d8e9fcc3654e5fab3c198' AND f.name LIKE '%Base16.java';
onExit - Class: Base16.java.java method: public boolean org.apache.commons.codec.binary.Base16.isInAlphabet(byte) start: 1657642019006 end: 1657642019022 duration: 16retValue:
onEnter - Class: Base16.java method: public boolean org.apache.commons.codec.binary.Base16.isInAlphabet(byte)
MethodEnter
query: SELECT f.* FROM perfrt.files AS f INNER JOIN perfrt.commits AS c ON f.commit_id = c.id WHERE c.commit_hash='8871e9c72eefda5b047d8e9fcc3654e5fab3c198' AND f.name LIKE '%Base16.java';
onExit - Class: Base16.java.java method: public boolean org.apache.commons.codec.binary.Base16.isInAlphabet(byte) start: 1657642019029 end: 1657642019039 duration: 10retValue:
onEnter - Class: Base16.java method: public boolean org.apache.commons.codec.binary.Base16.isInAlphabet(byte)
MethodEnter
query: SELECT f.* FROM perfrt.files AS f INNER JOIN perfrt.commits AS c ON f.commit_id = c.id WHERE c.commit_hash='8871e9c72eefda5b047d8e9fcc3654e5fab3c198' AND f.name LIKE '%Base16.java';
onExit - Class: Base16.java.java method: public boolean org.apache.commons.codec.binary.Base16.isInAlphabet(byte) start: 1657642019049 end: 1657642019059 duration: 10retValue:
onEnter - Class: Base16.java method: public boolean org.apache.commons.codec.binary.Base16.isInAlphabet(byte)
MethodEnter
query: SELECT f.* FROM perfrt.files AS f INNER JOIN perfrt.commits AS c ON f.commit_id = c.id WHERE c.commit_hash='8871e9c72eefda5b047d8e9fcc3654e5fab3c198' AND f.name LIKE '%Base16.java';
onExit - Class: Base16.java.java method: public boolean org.apache.commons.codec.binary.Base16.isInAlphabet(byte) start: 1657642019068 end: 1657642019077 duration: 9retValue:
onEnter - Class: Base16.java method: public boolean org.apache.commons.codec.binary.Base16.isInAlphabet(byte)
MethodEnter
query: SELECT f.* FROM perfrt.files AS f INNER JOIN perfrt.commits AS c ON f.commit_id = c.id WHERE c.commit_hash='8871e9c72eefda5b047d8e9fcc3654e5fab3c198' AND f.name LIKE '%Base16.java';
onExit - Class: Base16.java.java method: public boolean org.apache.commons.codec.binary.Base16.isInAlphabet(byte) start: 1657642019086 end: 1657642019094 duration: 8retValue:
onEnter - Class: Base16.java method: public boolean org.apache.commons.codec.binary.Base16.isInAlphabet(byte)
MethodEnter
query: SELECT f.* FROM perfrt.files AS f INNER JOIN perfrt.commits AS c ON f.commit_id = c.id WHERE c.commit_hash='8871e9c72eefda5b047d8e9fcc3654e5fab3c198' AND f.name LIKE '%Base16.java';
onExit - Class: Base16.java.java method: public boolean org.apache.commons.codec.binary.Base16.isInAlphabet(byte) start: 1657642019101 end: 1657642019110 duration: 9retValue:
onEnter - Class: Base16.java method: public boolean org.apache.commons.codec.binary.Base16.isInAlphabet(byte)
MethodEnter
query: SELECT f.* FROM perfrt.files AS f INNER JOIN perfrt.commits AS c ON f.commit_id = c.id WHERE c.commit_hash='8871e9c72eefda5b047d8e9fcc3654e5fab3c198' AND f.name LIKE '%Base16.java';
onExit - Class: Base16.java.java method: public boolean org.apache.commons.codec.binary.Base16.isInAlphabet(byte) start: 1657642019117 end: 1657642019125 duration: 8retValue:
onEnter - Class: Base16.java method: public boolean org.apache.commons.codec.binary.Base16.isInAlphabet(byte)
MethodEnter
query: SELECT f.* FROM perfrt.files AS f INNER JOIN perfrt.commits AS c ON f.commit_id = c.id WHERE c.commit_hash='8871e9c72eefda5b047d8e9fcc3654e5fab3c198' AND f.name LIKE '%Base16.java';
onExit - Class: Base16.java.java method: public boolean org.apache.commons.codec.binary.Base16.isInAlphabet(byte) start: 1657642019132 end: 1657642019140 duration: 8retValue:
onEnter - Class: Base16.java method: public boolean org.apache.commons.codec.binary.Base16.isInAlphabet(byte)
MethodEnter
query: SELECT f.* FROM perfrt.files AS f INNER JOIN perfrt.commits AS c ON f.commit_id = c.id WHERE c.commit_hash='8871e9c72eefda5b047d8e9fcc3654e5fab3c198' AND f.name LIKE '%Base16.java';
onExit - Class: Base16.java.java method: public boolean org.apache.commons.codec.binary.Base16.isInAlphabet(byte) start: 1657642019150 end: 1657642019158 duration: 8retValue:
onEnter - Class: Base16.java method: public boolean org.apache.commons.codec.binary.Base16.isInAlphabet(byte)
MethodEnter
query: SELECT f.* FROM perfrt.files AS f INNER JOIN perfrt.commits AS c ON f.commit_id = c.id WHERE c.commit_hash='8871e9c72eefda5b047d8e9fcc3654e5fab3c198' AND f.name LIKE '%Base16.java';
onExit - Class: Base16.java.java method: public boolean org.apache.commons.codec.binary.Base16.isInAlphabet(byte) start: 1657642019165 end: 1657642019173 duration: 8retValue:
onEnter - Class: Base16.java method: public boolean org.apache.commons.codec.binary.Base16.isInAlphabet(byte)
MethodEnter
query: SELECT f.* FROM perfrt.files AS f INNER JOIN perfrt.commits AS c ON f.commit_id = c.id WHERE c.commit_hash='8871e9c72eefda5b047d8e9fcc3654e5fab3c198' AND f.name LIKE '%Base16.java';
onExit - Class: Base16.java.java method: public boolean org.apache.commons.codec.binary.Base16.isInAlphabet(byte) start: 1657642019180 end: 1657642019188 duration: 8retValue:
onEnter - Class: Base16.java method: public boolean org.apache.commons.codec.binary.Base16.isInAlphabet(byte)
MethodEnter
query: SELECT f.* FROM perfrt.files AS f INNER JOIN perfrt.commits AS c ON f.commit_id = c.id WHERE c.commit_hash='8871e9c72eefda5b047d8e9fcc3654e5fab3c198' AND f.name LIKE '%Base16.java';
onExit - Class: Base16.java.java method: public boolean org.apache.commons.codec.binary.Base16.isInAlphabet(byte) start: 1657642019196 end: 1657642019205 duration: 9retValue:
onEnter - Class: Base16.java method: public boolean org.apache.commons.codec.binary.Base16.isInAlphabet(byte)
MethodEnter
query: SELECT f.* FROM perfrt.files AS f INNER JOIN perfrt.commits AS c ON f.commit_id = c.id WHERE c.commit_hash='8871e9c72eefda5b047d8e9fcc3654e5fab3c198' AND f.name LIKE '%Base16.java';
onExit - Class: Base16.java.java method: public boolean org.apache.commons.codec.binary.Base16.isInAlphabet(byte) start: 1657642019213 end: 1657642019221 duration: 8retValue:
onEnter - Class: Base16.java method: public boolean org.apache.commons.codec.binary.Base16.isInAlphabet(byte)
MethodEnter
query: SELECT f.* FROM perfrt.files AS f INNER JOIN perfrt.commits AS c ON f.commit_id = c.id WHERE c.commit_hash='8871e9c72eefda5b047d8e9fcc3654e5fab3c198' AND f.name LIKE '%Base16.java';
onExit - Class: Base16.java.java method: public boolean org.apache.commons.codec.binary.Base16.isInAlphabet(byte) start: 1657642019232 end: 1657642019241 duration: 9retValue:
onEnter - Class: Base16.java method: public boolean org.apache.commons.codec.binary.Base16.isInAlphabet(byte)
MethodEnter
query: SELECT f.* FROM perfrt.files AS f INNER JOIN perfrt.commits AS c ON f.commit_id = c.id WHERE c.commit_hash='8871e9c72eefda5b047d8e9fcc3654e5fab3c198' AND f.name LIKE '%Base16.java';
onExit - Class: Base16.java.java method: public boolean org.apache.commons.codec.binary.Base16.isInAlphabet(byte) start: 1657642019249 end: 1657642019257 duration: 8retValue:
onEnter - Class: Base16.java method: public boolean org.apache.commons.codec.binary.Base16.isInAlphabet(byte)
MethodEnter
query: SELECT f.* FROM perfrt.files AS f INNER JOIN perfrt.commits AS c ON f.commit_id = c.id WHERE c.commit_hash='8871e9c72eefda5b047d8e9fcc3654e5fab3c198' AND f.name LIKE '%Base16.java';
onExit - Class: Base16.java.java method: public boolean org.apache.commons.codec.binary.Base16.isInAlphabet(byte) start: 1657642019265 end: 1657642019273 duration: 8retValue:
onEnter - Class: Base16.java method: public boolean org.apache.commons.codec.binary.Base16.isInAlphabet(byte)
MethodEnter
query: SELECT f.* FROM perfrt.files AS f INNER JOIN perfrt.commits AS c ON f.commit_id = c.id WHERE c.commit_hash='8871e9c72eefda5b047d8e9fcc3654e5fab3c198' AND f.name LIKE '%Base16.java';
onExit - Class: Base16.java.java method: public boolean org.apache.commons.codec.binary.Base16.isInAlphabet(byte) start: 1657642019281 end: 1657642019288 duration: 7retValue:
onEnter - Class: Base16.java method: public boolean org.apache.commons.codec.binary.Base16.isInAlphabet(byte)
MethodEnter
query: SELECT f.* FROM perfrt.files AS f INNER JOIN perfrt.commits AS c ON f.commit_id = c.id WHERE c.commit_hash='8871e9c72eefda5b047d8e9fcc3654e5fab3c198' AND f.name LIKE '%Base16.java';
onExit - Class: Base16.java.java method: public boolean org.apache.commons.codec.binary.Base16.isInAlphabet(byte) start: 1657642019296 end: 1657642019306 duration: 10retValue:
onEnter - Class: Base16.java method: public boolean org.apache.commons.codec.binary.Base16.isInAlphabet(byte)
MethodEnter
query: SELECT f.* FROM perfrt.files AS f INNER JOIN perfrt.commits AS c ON f.commit_id = c.id WHERE c.commit_hash='8871e9c72eefda5b047d8e9fcc3654e5fab3c198' AND f.name LIKE '%Base16.java';
onExit - Class: Base16.java.java method: public boolean org.apache.commons.codec.binary.Base16.isInAlphabet(byte) start: 1657642019314 end: 1657642019321 duration: 7retValue:
onEnter - Class: Base16.java method: public boolean org.apache.commons.codec.binary.Base16.isInAlphabet(byte)
MethodEnter
query: SELECT f.* FROM perfrt.files AS f INNER JOIN perfrt.commits AS c ON f.commit_id = c.id WHERE c.commit_hash='8871e9c72eefda5b047d8e9fcc3654e5fab3c198' AND f.name LIKE '%Base16.java';
onExit - Class: Base16.java.java method: public boolean org.apache.commons.codec.binary.Base16.isInAlphabet(byte) start: 1657642019329 end: 1657642019337 duration: 8retValue:
onEnter - Class: Base16.java method: public boolean org.apache.commons.codec.binary.Base16.isInAlphabet(byte)
MethodEnter
query: SELECT f.* FROM perfrt.files AS f INNER JOIN perfrt.commits AS c ON f.commit_id = c.id WHERE c.commit_hash='8871e9c72eefda5b047d8e9fcc3654e5fab3c198' AND f.name LIKE '%Base16.java';
onExit - Class: Base16.java.java method: public boolean org.apache.commons.codec.binary.Base16.isInAlphabet(byte) start: 1657642019345 end: 1657642019353 duration: 8retValue:
onEnter - Class: Base16.java method: public boolean org.apache.commons.codec.binary.Base16.isInAlphabet(byte)
MethodEnter
query: SELECT f.* FROM perfrt.files AS f INNER JOIN perfrt.commits AS c ON f.commit_id = c.id WHERE c.commit_hash='8871e9c72eefda5b047d8e9fcc3654e5fab3c198' AND f.name LIKE '%Base16.java';
onExit - Class: Base16.java.java method: public boolean org.apache.commons.codec.binary.Base16.isInAlphabet(byte) start: 1657642019361 end: 1657642019369 duration: 8retValue:
onEnter - Class: Base16.java method: public boolean org.apache.commons.codec.binary.Base16.isInAlphabet(byte)
MethodEnter
query: SELECT f.* FROM perfrt.files AS f INNER JOIN perfrt.commits AS c ON f.commit_id = c.id WHERE c.commit_hash='8871e9c72eefda5b047d8e9fcc3654e5fab3c198' AND f.name LIKE '%Base16.java';
onExit - Class: Base16.java.java method: public boolean org.apache.commons.codec.binary.Base16.isInAlphabet(byte) start: 1657642019379 end: 1657642019387 duration: 8retValue:
onEnter - Class: Base16.java method: public boolean org.apache.commons.codec.binary.Base16.isInAlphabet(byte)
MethodEnter
query: SELECT f.* FROM perfrt.files AS f INNER JOIN perfrt.commits AS c ON f.commit_id = c.id WHERE c.commit_hash='8871e9c72eefda5b047d8e9fcc3654e5fab3c198' AND f.name LIKE '%Base16.java';
onExit - Class: Base16.java.java method: public boolean org.apache.commons.codec.binary.Base16.isInAlphabet(byte) start: 1657642019396 end: 1657642019404 duration: 8retValue:
onEnter - Class: Base16.java method: public boolean org.apache.commons.codec.binary.Base16.isInAlphabet(byte)
MethodEnter
query: SELECT f.* FROM perfrt.files AS f INNER JOIN perfrt.commits AS c ON f.commit_id = c.id WHERE c.commit_hash='8871e9c72eefda5b047d8e9fcc3654e5fab3c198' AND f.name LIKE '%Base16.java';
onExit - Class: Base16.java.java method: public boolean org.apache.commons.codec.binary.Base16.isInAlphabet(byte) start: 1657642019411 end: 1657642019420 duration: 9retValue:
onEnter - Class: Base16.java method: public boolean org.apache.commons.codec.binary.Base16.isInAlphabet(byte)
MethodEnter
query: SELECT f.* FROM perfrt.files AS f INNER JOIN perfrt.commits AS c ON f.commit_id = c.id WHERE c.commit_hash='8871e9c72eefda5b047d8e9fcc3654e5fab3c198' AND f.name LIKE '%Base16.java';
onExit - Class: Base16.java.java method: public boolean org.apache.commons.codec.binary.Base16.isInAlphabet(byte) start: 1657642019427 end: 1657642019435 duration: 8retValue:
onEnter - Class: Base16.java method: public boolean org.apache.commons.codec.binary.Base16.isInAlphabet(byte)
MethodEnter
query: SELECT f.* FROM perfrt.files AS f INNER JOIN perfrt.commits AS c ON f.commit_id = c.id WHERE c.commit_hash='8871e9c72eefda5b047d8e9fcc3654e5fab3c198' AND f.name LIKE '%Base16.java';
onExit - Class: Base16.java.java method: public boolean org.apache.commons.codec.binary.Base16.isInAlphabet(byte) start: 1657642019441 end: 1657642019449 duration: 8retValue:
onEnter - Class: Base16.java method: public boolean org.apache.commons.codec.binary.Base16.isInAlphabet(byte)
MethodEnter
query: SELECT f.* FROM perfrt.files AS f INNER JOIN perfrt.commits AS c ON f.commit_id = c.id WHERE c.commit_hash='8871e9c72eefda5b047d8e9fcc3654e5fab3c198' AND f.name LIKE '%Base16.java';
onExit - Class: Base16.java.java method: public boolean org.apache.commons.codec.binary.Base16.isInAlphabet(byte) start: 1657642019458 end: 1657642019465 duration: 7retValue:
onEnter - Class: Base16.java method: public boolean org.apache.commons.codec.binary.Base16.isInAlphabet(byte)
MethodEnter
query: SELECT f.* FROM perfrt.files AS f INNER JOIN perfrt.commits AS c ON f.commit_id = c.id WHERE c.commit_hash='8871e9c72eefda5b047d8e9fcc3654e5fab3c198' AND f.name LIKE '%Base16.java';
onExit - Class: Base16.java.java method: public boolean org.apache.commons.codec.binary.Base16.isInAlphabet(byte) start: 1657642019473 end: 1657642019480 duration: 7retValue:
onEnter - Class: Base16.java method: public boolean org.apache.commons.codec.binary.Base16.isInAlphabet(byte)
MethodEnter
query: SELECT f.* FROM perfrt.files AS f INNER JOIN perfrt.commits AS c ON f.commit_id = c.id WHERE c.commit_hash='8871e9c72eefda5b047d8e9fcc3654e5fab3c198' AND f.name LIKE '%Base16.java';
onExit - Class: Base16.java.java method: public boolean org.apache.commons.codec.binary.Base16.isInAlphabet(byte) start: 1657642019488 end: 1657642019496 duration: 8retValue:
onExit - Class: Base16Test.java.java method: public void org.apache.commons.codec.binary.Base16Test.testIsInAlphabet() start: 1657641988550 end: 1657642019504 duration: 30954retValue:

Thanks for using JUnit! Support its development at https://junit.org/sponsoring

[36m╷[0m
[36m├─[0m [36mJUnit Jupiter[0m [32m✔[0m
[36m│  └─[0m [36mBase16Test[0m [32m✔[0m
[36m│     └─[0m [34mtestIsInAlphabet()[0m [36m30975 ms[0m [32m✔[0m
[36m└─[0m [36mJUnit Vintage[0m [32m✔[0m

Test run finished after 31026 ms
[         3 containers found      ]
[         0 containers skipped    ]
[         3 containers started    ]
[         0 containers aborted    ]
[         3 containers successful ]
[         0 containers failed     ]
[         1 tests found           ]
[         0 tests skipped         ]
[         1 tests started         ]
[         0 tests aborted         ]
[         1 tests successful      ]
[         0 tests failed          ]

