Premain
onEnter - Class: Base64Test.java method: public void org.apache.commons.codec.binary.Base64Test.testCodeIntegerEdgeCases()
MethodEnter
query: SELECT f.* FROM perfrt.files AS f INNER JOIN perfrt.commits AS c ON f.commit_id = c.id WHERE c.commit_hash='8871e9c72eefda5b047d8e9fcc3654e5fab3c198' AND f.name LIKE '%Base64Test.java';
onExit - Class: Base64Test.java.java method: public void org.apache.commons.codec.binary.Base64Test.testCodeIntegerEdgeCases() start: 1657648765962 end: 1657648766308 duration: 346retValue:

Thanks for using JUnit! Support its development at https://junit.org/sponsoring

[36m╷[0m
[36m├─[0m [36mJUnit Jupiter[0m [32m✔[0m
[36m│  └─[0m [36mBase64Test[0m [32m✔[0m
[36m│     └─[0m [34mtestCodeIntegerEdgeCases()[0m [32m✔[0m
[36m└─[0m [36mJUnit Vintage[0m [32m✔[0m

Test run finished after 453 ms
[         3 containers found      ]
[         0 containers skipped    ]
[         3 containers started    ]
[         0 containers aborted    ]
[         3 containers successful ]
[         0 containers failed     ]
[         1 tests found           ]
[         0 tests skipped         ]
[         1 tests started         ]
[         0 tests aborted         ]
[         1 tests successful      ]
[         0 tests failed          ]

