Premain
onEnter - Class: Base64InputStreamTest.java method: public void org.apache.commons.codec.binary.Base64InputStreamTest.testMarkSupported() throws java.lang.Exception
MethodEnter
query: SELECT f.* FROM perfrt.files AS f INNER JOIN perfrt.commits AS c ON f.commit_id = c.id WHERE c.commit_hash='8871e9c72eefda5b047d8e9fcc3654e5fab3c198' AND f.name LIKE '%Base64InputStreamTest.java';
onEnter - Class: StringUtils.java method: public static byte[] org.apache.commons.codec.binary.StringUtils.getBytesUtf8(java.lang.String)
MethodEnter
query: SELECT f.* FROM perfrt.files AS f INNER JOIN perfrt.commits AS c ON f.commit_id = c.id WHERE c.commit_hash='8871e9c72eefda5b047d8e9fcc3654e5fab3c198' AND f.name LIKE '%StringUtils.java';
onEnter - Class: StringUtils.java method: private static byte[] org.apache.commons.codec.binary.StringUtils.getBytes(java.lang.String,java.nio.charset.Charset)
MethodEnter
query: SELECT f.* FROM perfrt.files AS f INNER JOIN perfrt.commits AS c ON f.commit_id = c.id WHERE c.commit_hash='8871e9c72eefda5b047d8e9fcc3654e5fab3c198' AND f.name LIKE '%StringUtils.java';
onExit - Class: StringUtils.java.java method: private static byte[] org.apache.commons.codec.binary.StringUtils.getBytes(java.lang.String,java.nio.charset.Charset) start: 1657643635573 end: 1657643635594 duration: 21retValue:
onExit - Class: StringUtils.java.java method: public static byte[] org.apache.commons.codec.binary.StringUtils.getBytesUtf8(java.lang.String) start: 1657643635550 end: 1657643635629 duration: 79retValue:
onEnter - Class: BaseNCodec.java method: protected boolean org.apache.commons.codec.binary.BaseNCodec.containsAlphabetOrPad(byte[])
MethodEnter
query: SELECT f.* FROM perfrt.files AS f INNER JOIN perfrt.commits AS c ON f.commit_id = c.id WHERE c.commit_hash='8871e9c72eefda5b047d8e9fcc3654e5fab3c198' AND f.name LIKE '%BaseNCodec.java';
onEnter - Class: BaseNCodec.java method: protected boolean org.apache.commons.codec.binary.BaseNCodec.containsAlphabetOrPad(byte[])
MethodEnter
query: SELECT f.* FROM perfrt.files AS f INNER JOIN perfrt.commits AS c ON f.commit_id = c.id WHERE c.commit_hash='8871e9c72eefda5b047d8e9fcc3654e5fab3c198' AND f.name LIKE '%BaseNCodec.java';
onEnter - Class: Base64.java method: protected boolean org.apache.commons.codec.binary.Base64.isInAlphabet(byte)
MethodEnter
query: SELECT f.* FROM perfrt.files AS f INNER JOIN perfrt.commits AS c ON f.commit_id = c.id WHERE c.commit_hash='8871e9c72eefda5b047d8e9fcc3654e5fab3c198' AND f.name LIKE '%Base64.java';
onExit - Class: Base64.java.java method: protected boolean org.apache.commons.codec.binary.Base64.isInAlphabet(byte) start: 1657643635723 end: 1657643635740 duration: 17retValue:
onEnter - Class: Base64.java method: protected boolean org.apache.commons.codec.binary.Base64.isInAlphabet(byte)
MethodEnter
query: SELECT f.* FROM perfrt.files AS f INNER JOIN perfrt.commits AS c ON f.commit_id = c.id WHERE c.commit_hash='8871e9c72eefda5b047d8e9fcc3654e5fab3c198' AND f.name LIKE '%Base64.java';
onExit - Class: Base64.java.java method: protected boolean org.apache.commons.codec.binary.Base64.isInAlphabet(byte) start: 1657643635760 end: 1657643635794 duration: 34retValue:
onEnter - Class: Base64.java method: protected boolean org.apache.commons.codec.binary.Base64.isInAlphabet(byte)
MethodEnter
query: SELECT f.* FROM perfrt.files AS f INNER JOIN perfrt.commits AS c ON f.commit_id = c.id WHERE c.commit_hash='8871e9c72eefda5b047d8e9fcc3654e5fab3c198' AND f.name LIKE '%Base64.java';
onExit - Class: Base64.java.java method: protected boolean org.apache.commons.codec.binary.Base64.isInAlphabet(byte) start: 1657643635812 end: 1657643635830 duration: 18retValue:
onExit - Class: BaseNCodec.java.java method: protected boolean org.apache.commons.codec.binary.BaseNCodec.containsAlphabetOrPad(byte[]) start: 1657643635705 end: 1657643635848 duration: 143retValue:
onExit - Class: BaseNCodec.java.java method: protected boolean org.apache.commons.codec.binary.BaseNCodec.containsAlphabetOrPad(byte[]) start: 1657643635684 end: 1657643635867 duration: 183retValue:
onEnter - Class: BaseNCodecInputStream.java method: public boolean org.apache.commons.codec.binary.BaseNCodecInputStream.markSupported()
MethodEnter
query: SELECT f.* FROM perfrt.files AS f INNER JOIN perfrt.commits AS c ON f.commit_id = c.id WHERE c.commit_hash='8871e9c72eefda5b047d8e9fcc3654e5fab3c198' AND f.name LIKE '%BaseNCodecInputStream.java';
onEnter - Class: BaseNCodecInputStream.java method: public boolean org.apache.commons.codec.binary.BaseNCodecInputStream.markSupported()
MethodEnter
query: SELECT f.* FROM perfrt.files AS f INNER JOIN perfrt.commits AS c ON f.commit_id = c.id WHERE c.commit_hash='8871e9c72eefda5b047d8e9fcc3654e5fab3c198' AND f.name LIKE '%BaseNCodecInputStream.java';
onExit - Class: BaseNCodecInputStream.java.java method: public boolean org.apache.commons.codec.binary.BaseNCodecInputStream.markSupported() start: 1657643635907 end: 1657643635925 duration: 18retValue:
onExit - Class: BaseNCodecInputStream.java.java method: public boolean org.apache.commons.codec.binary.BaseNCodecInputStream.markSupported() start: 1657643635890 end: 1657643635940 duration: 50retValue:
onEnter - Class: FilterInputStream.java method: public void java.io.FilterInputStream.close() throws java.io.IOException
MethodEnter
query: SELECT f.* FROM perfrt.files AS f INNER JOIN perfrt.commits AS c ON f.commit_id = c.id WHERE c.commit_hash='8871e9c72eefda5b047d8e9fcc3654e5fab3c198' AND f.name LIKE '%FilterInputStream.java';
onEnter - Class: FilterInputStream.java method: public void java.io.FilterInputStream.close() throws java.io.IOException
MethodEnter
query: SELECT f.* FROM perfrt.files AS f INNER JOIN perfrt.commits AS c ON f.commit_id = c.id WHERE c.commit_hash='8871e9c72eefda5b047d8e9fcc3654e5fab3c198' AND f.name LIKE '%FilterInputStream.java';
onExit - Class: FilterInputStream.java.java method: public void java.io.FilterInputStream.close() throws java.io.IOException start: 1657643635968 end: 1657643635979 duration: 11retValue:
onExit - Class: FilterInputStream.java.java method: public void java.io.FilterInputStream.close() throws java.io.IOException start: 1657643635958 end: 1657643635994 duration: 36retValue:
onExit - Class: Base64InputStreamTest.java.java method: public void org.apache.commons.codec.binary.Base64InputStreamTest.testMarkSupported() throws java.lang.Exception start: 1657643635200 end: 1657643636007 duration: 807retValue:

Thanks for using JUnit! Support its development at https://junit.org/sponsoring

[36m╷[0m
[36m├─[0m [36mJUnit Jupiter[0m [32m✔[0m
[36m│  └─[0m [36mBase64InputStreamTest[0m [32m✔[0m
[36m│     └─[0m [34mtestMarkSupported()[0m [32m✔[0m
[36m└─[0m [36mJUnit Vintage[0m [32m✔[0m

Test run finished after 885 ms
[         3 containers found      ]
[         0 containers skipped    ]
[         3 containers started    ]
[         0 containers aborted    ]
[         3 containers successful ]
[         0 containers failed     ]
[         1 tests found           ]
[         0 tests skipped         ]
[         1 tests started         ]
[         0 tests aborted         ]
[         1 tests successful      ]
[         0 tests failed          ]

