Premain
onEnter - Class: Base16OutputStreamTest.java method: public void org.apache.commons.codec.binary.Base16OutputStreamTest.testWriteOutOfBounds() throws java.io.IOException
MethodEnter
query: SELECT f.* FROM perfrt.files AS f INNER JOIN perfrt.commits AS c ON f.commit_id = c.id WHERE c.commit_hash='8871e9c72eefda5b047d8e9fcc3654e5fab3c198' AND f.name LIKE '%Base16OutputStreamTest.java';
onEnter - Class: BaseNCodecOutputStream.java method: public void org.apache.commons.codec.binary.BaseNCodecOutputStream.write(byte[],int,int) throws java.io.IOException
MethodEnter
query: SELECT f.* FROM perfrt.files AS f INNER JOIN perfrt.commits AS c ON f.commit_id = c.id WHERE c.commit_hash='8871e9c72eefda5b047d8e9fcc3654e5fab3c198' AND f.name LIKE '%BaseNCodecOutputStream.java';
onEnter - Class: BaseNCodecOutputStream.java method: public void org.apache.commons.codec.binary.BaseNCodecOutputStream.write(byte[],int,int) throws java.io.IOException
MethodEnter
query: SELECT f.* FROM perfrt.files AS f INNER JOIN perfrt.commits AS c ON f.commit_id = c.id WHERE c.commit_hash='8871e9c72eefda5b047d8e9fcc3654e5fab3c198' AND f.name LIKE '%BaseNCodecOutputStream.java';
onExit - Class: BaseNCodecOutputStream.java.java method: public void org.apache.commons.codec.binary.BaseNCodecOutputStream.write(byte[],int,int) throws java.io.IOException start: 1657646382252 end: 1657646382268 duration: 16retValue:
onExit - Class: BaseNCodecOutputStream.java.java method: public void org.apache.commons.codec.binary.BaseNCodecOutputStream.write(byte[],int,int) throws java.io.IOException start: 1657646382234 end: 1657646382294 duration: 60retValue:
onEnter - Class: BaseNCodecOutputStream.java method: public void org.apache.commons.codec.binary.BaseNCodecOutputStream.write(byte[],int,int) throws java.io.IOException
MethodEnter
query: SELECT f.* FROM perfrt.files AS f INNER JOIN perfrt.commits AS c ON f.commit_id = c.id WHERE c.commit_hash='8871e9c72eefda5b047d8e9fcc3654e5fab3c198' AND f.name LIKE '%BaseNCodecOutputStream.java';
onEnter - Class: BaseNCodecOutputStream.java method: public void org.apache.commons.codec.binary.BaseNCodecOutputStream.write(byte[],int,int) throws java.io.IOException
MethodEnter
query: SELECT f.* FROM perfrt.files AS f INNER JOIN perfrt.commits AS c ON f.commit_id = c.id WHERE c.commit_hash='8871e9c72eefda5b047d8e9fcc3654e5fab3c198' AND f.name LIKE '%BaseNCodecOutputStream.java';
onExit - Class: BaseNCodecOutputStream.java.java method: public void org.apache.commons.codec.binary.BaseNCodecOutputStream.write(byte[],int,int) throws java.io.IOException start: 1657646382323 end: 1657646382336 duration: 13retValue:
onExit - Class: BaseNCodecOutputStream.java.java method: public void org.apache.commons.codec.binary.BaseNCodecOutputStream.write(byte[],int,int) throws java.io.IOException start: 1657646382309 end: 1657646382350 duration: 41retValue:
onEnter - Class: BaseNCodecOutputStream.java method: public void org.apache.commons.codec.binary.BaseNCodecOutputStream.write(byte[],int,int) throws java.io.IOException
MethodEnter
query: SELECT f.* FROM perfrt.files AS f INNER JOIN perfrt.commits AS c ON f.commit_id = c.id WHERE c.commit_hash='8871e9c72eefda5b047d8e9fcc3654e5fab3c198' AND f.name LIKE '%BaseNCodecOutputStream.java';
onEnter - Class: BaseNCodecOutputStream.java method: public void org.apache.commons.codec.binary.BaseNCodecOutputStream.write(byte[],int,int) throws java.io.IOException
MethodEnter
query: SELECT f.* FROM perfrt.files AS f INNER JOIN perfrt.commits AS c ON f.commit_id = c.id WHERE c.commit_hash='8871e9c72eefda5b047d8e9fcc3654e5fab3c198' AND f.name LIKE '%BaseNCodecOutputStream.java';
onExit - Class: BaseNCodecOutputStream.java.java method: public void org.apache.commons.codec.binary.BaseNCodecOutputStream.write(byte[],int,int) throws java.io.IOException start: 1657646382379 end: 1657646382392 duration: 13retValue:
onExit - Class: BaseNCodecOutputStream.java.java method: public void org.apache.commons.codec.binary.BaseNCodecOutputStream.write(byte[],int,int) throws java.io.IOException start: 1657646382364 end: 1657646382405 duration: 41retValue:
onEnter - Class: BaseNCodecOutputStream.java method: public void org.apache.commons.codec.binary.BaseNCodecOutputStream.write(byte[],int,int) throws java.io.IOException
MethodEnter
query: SELECT f.* FROM perfrt.files AS f INNER JOIN perfrt.commits AS c ON f.commit_id = c.id WHERE c.commit_hash='8871e9c72eefda5b047d8e9fcc3654e5fab3c198' AND f.name LIKE '%BaseNCodecOutputStream.java';
onEnter - Class: BaseNCodecOutputStream.java method: public void org.apache.commons.codec.binary.BaseNCodecOutputStream.write(byte[],int,int) throws java.io.IOException
MethodEnter
query: SELECT f.* FROM perfrt.files AS f INNER JOIN perfrt.commits AS c ON f.commit_id = c.id WHERE c.commit_hash='8871e9c72eefda5b047d8e9fcc3654e5fab3c198' AND f.name LIKE '%BaseNCodecOutputStream.java';
onExit - Class: BaseNCodecOutputStream.java.java method: public void org.apache.commons.codec.binary.BaseNCodecOutputStream.write(byte[],int,int) throws java.io.IOException start: 1657646382431 end: 1657646382442 duration: 11retValue:
onExit - Class: BaseNCodecOutputStream.java.java method: public void org.apache.commons.codec.binary.BaseNCodecOutputStream.write(byte[],int,int) throws java.io.IOException start: 1657646382418 end: 1657646382454 duration: 36retValue:
onEnter - Class: BaseNCodecOutputStream.java method: public void org.apache.commons.codec.binary.BaseNCodecOutputStream.close() throws java.io.IOException
MethodEnter
query: SELECT f.* FROM perfrt.files AS f INNER JOIN perfrt.commits AS c ON f.commit_id = c.id WHERE c.commit_hash='8871e9c72eefda5b047d8e9fcc3654e5fab3c198' AND f.name LIKE '%BaseNCodecOutputStream.java';
onEnter - Class: BaseNCodecOutputStream.java method: public void org.apache.commons.codec.binary.BaseNCodecOutputStream.close() throws java.io.IOException
MethodEnter
query: SELECT f.* FROM perfrt.files AS f INNER JOIN perfrt.commits AS c ON f.commit_id = c.id WHERE c.commit_hash='8871e9c72eefda5b047d8e9fcc3654e5fab3c198' AND f.name LIKE '%BaseNCodecOutputStream.java';
onEnter - Class: BaseNCodecOutputStream.java method: public void org.apache.commons.codec.binary.BaseNCodecOutputStream.eof() throws java.io.IOException
MethodEnter
query: SELECT f.* FROM perfrt.files AS f INNER JOIN perfrt.commits AS c ON f.commit_id = c.id WHERE c.commit_hash='8871e9c72eefda5b047d8e9fcc3654e5fab3c198' AND f.name LIKE '%BaseNCodecOutputStream.java';
onEnter - Class: BaseNCodecOutputStream.java method: public void org.apache.commons.codec.binary.BaseNCodecOutputStream.eof() throws java.io.IOException
MethodEnter
query: SELECT f.* FROM perfrt.files AS f INNER JOIN perfrt.commits AS c ON f.commit_id = c.id WHERE c.commit_hash='8871e9c72eefda5b047d8e9fcc3654e5fab3c198' AND f.name LIKE '%BaseNCodecOutputStream.java';
onEnter - Class: Base16.java method: void org.apache.commons.codec.binary.Base16.encode(byte[],int,int,org.apache.commons.codec.binary.BaseNCodec$Context)
MethodEnter
query: SELECT f.* FROM perfrt.files AS f INNER JOIN perfrt.commits AS c ON f.commit_id = c.id WHERE c.commit_hash='8871e9c72eefda5b047d8e9fcc3654e5fab3c198' AND f.name LIKE '%Base16.java';
onExit - Class: Base16.java.java method: void org.apache.commons.codec.binary.Base16.encode(byte[],int,int,org.apache.commons.codec.binary.BaseNCodec$Context) start: 1657646382509 end: 1657646382519 duration: 10retValue:
onExit - Class: BaseNCodecOutputStream.java.java method: public void org.apache.commons.codec.binary.BaseNCodecOutputStream.eof() throws java.io.IOException start: 1657646382499 end: 1657646382530 duration: 31retValue:
onExit - Class: BaseNCodecOutputStream.java.java method: public void org.apache.commons.codec.binary.BaseNCodecOutputStream.eof() throws java.io.IOException start: 1657646382488 end: 1657646382540 duration: 52retValue:
onEnter - Class: BaseNCodecOutputStream.java method: public void org.apache.commons.codec.binary.BaseNCodecOutputStream.flush() throws java.io.IOException
MethodEnter
query: SELECT f.* FROM perfrt.files AS f INNER JOIN perfrt.commits AS c ON f.commit_id = c.id WHERE c.commit_hash='8871e9c72eefda5b047d8e9fcc3654e5fab3c198' AND f.name LIKE '%BaseNCodecOutputStream.java';
onEnter - Class: BaseNCodecOutputStream.java method: public void org.apache.commons.codec.binary.BaseNCodecOutputStream.flush() throws java.io.IOException
MethodEnter
query: SELECT f.* FROM perfrt.files AS f INNER JOIN perfrt.commits AS c ON f.commit_id = c.id WHERE c.commit_hash='8871e9c72eefda5b047d8e9fcc3654e5fab3c198' AND f.name LIKE '%BaseNCodecOutputStream.java';
onEnter - Class: BaseNCodecOutputStream.java method: private void org.apache.commons.codec.binary.BaseNCodecOutputStream.flush(boolean) throws java.io.IOException
MethodEnter
query: SELECT f.* FROM perfrt.files AS f INNER JOIN perfrt.commits AS c ON f.commit_id = c.id WHERE c.commit_hash='8871e9c72eefda5b047d8e9fcc3654e5fab3c198' AND f.name LIKE '%BaseNCodecOutputStream.java';
onEnter - Class: BaseNCodec.java method: int org.apache.commons.codec.binary.BaseNCodec.available(org.apache.commons.codec.binary.BaseNCodec$Context)
MethodEnter
query: SELECT f.* FROM perfrt.files AS f INNER JOIN perfrt.commits AS c ON f.commit_id = c.id WHERE c.commit_hash='8871e9c72eefda5b047d8e9fcc3654e5fab3c198' AND f.name LIKE '%BaseNCodec.java';
onEnter - Class: BaseNCodec.java method: int org.apache.commons.codec.binary.BaseNCodec.available(org.apache.commons.codec.binary.BaseNCodec$Context)
MethodEnter
query: SELECT f.* FROM perfrt.files AS f INNER JOIN perfrt.commits AS c ON f.commit_id = c.id WHERE c.commit_hash='8871e9c72eefda5b047d8e9fcc3654e5fab3c198' AND f.name LIKE '%BaseNCodec.java';
onEnter - Class: BaseNCodec.java method: boolean org.apache.commons.codec.binary.BaseNCodec.hasData(org.apache.commons.codec.binary.BaseNCodec$Context)
MethodEnter
query: SELECT f.* FROM perfrt.files AS f INNER JOIN perfrt.commits AS c ON f.commit_id = c.id WHERE c.commit_hash='8871e9c72eefda5b047d8e9fcc3654e5fab3c198' AND f.name LIKE '%BaseNCodec.java';
onEnter - Class: BaseNCodec.java method: boolean org.apache.commons.codec.binary.BaseNCodec.hasData(org.apache.commons.codec.binary.BaseNCodec$Context)
MethodEnter
query: SELECT f.* FROM perfrt.files AS f INNER JOIN perfrt.commits AS c ON f.commit_id = c.id WHERE c.commit_hash='8871e9c72eefda5b047d8e9fcc3654e5fab3c198' AND f.name LIKE '%BaseNCodec.java';
onExit - Class: BaseNCodec.java.java method: boolean org.apache.commons.codec.binary.BaseNCodec.hasData(org.apache.commons.codec.binary.BaseNCodec$Context) start: 1657646382610 end: 1657646382619 duration: 9retValue:
onExit - Class: BaseNCodec.java.java method: boolean org.apache.commons.codec.binary.BaseNCodec.hasData(org.apache.commons.codec.binary.BaseNCodec$Context) start: 1657646382600 end: 1657646382629 duration: 29retValue:
onExit - Class: BaseNCodec.java.java method: int org.apache.commons.codec.binary.BaseNCodec.available(org.apache.commons.codec.binary.BaseNCodec$Context) start: 1657646382590 end: 1657646382639 duration: 49retValue:
onExit - Class: BaseNCodec.java.java method: int org.apache.commons.codec.binary.BaseNCodec.available(org.apache.commons.codec.binary.BaseNCodec$Context) start: 1657646382580 end: 1657646382649 duration: 69retValue:
onExit - Class: BaseNCodecOutputStream.java.java method: private void org.apache.commons.codec.binary.BaseNCodecOutputStream.flush(boolean) throws java.io.IOException start: 1657646382570 end: 1657646382658 duration: 88retValue:
onExit - Class: BaseNCodecOutputStream.java.java method: public void org.apache.commons.codec.binary.BaseNCodecOutputStream.flush() throws java.io.IOException start: 1657646382560 end: 1657646382670 duration: 110retValue:
onExit - Class: BaseNCodecOutputStream.java.java method: public void org.apache.commons.codec.binary.BaseNCodecOutputStream.flush() throws java.io.IOException start: 1657646382550 end: 1657646382679 duration: 129retValue:
onExit - Class: BaseNCodecOutputStream.java.java method: public void org.apache.commons.codec.binary.BaseNCodecOutputStream.close() throws java.io.IOException start: 1657646382477 end: 1657646382688 duration: 211retValue:
onExit - Class: BaseNCodecOutputStream.java.java method: public void org.apache.commons.codec.binary.BaseNCodecOutputStream.close() throws java.io.IOException start: 1657646382466 end: 1657646382697 duration: 231retValue:
onExit - Class: Base16OutputStreamTest.java.java method: public void org.apache.commons.codec.binary.Base16OutputStreamTest.testWriteOutOfBounds() throws java.io.IOException start: 1657646381950 end: 1657646382707 duration: 757retValue:

Thanks for using JUnit! Support its development at https://junit.org/sponsoring

[36m╷[0m
[36m├─[0m [36mJUnit Jupiter[0m [32m✔[0m
[36m│  └─[0m [36mBase16OutputStreamTest[0m [32m✔[0m
[36m│     └─[0m [34mtestWriteOutOfBounds()[0m [32m✔[0m
[36m└─[0m [36mJUnit Vintage[0m [32m✔[0m

Test run finished after 812 ms
[         3 containers found      ]
[         0 containers skipped    ]
[         3 containers started    ]
[         0 containers aborted    ]
[         3 containers successful ]
[         0 containers failed     ]
[         1 tests found           ]
[         0 tests skipped         ]
[         1 tests started         ]
[         0 tests aborted         ]
[         1 tests successful      ]
[         0 tests failed          ]

