Premain
onEnter - Class: Base32InputStreamTest.java method: public void org.apache.commons.codec.binary.Base32InputStreamTest.testCodec105() throws java.io.IOException
MethodEnter
query: SELECT f.* FROM perfrt.files AS f INNER JOIN perfrt.commits AS c ON f.commit_id = c.id WHERE c.commit_hash='8871e9c72eefda5b047d8e9fcc3654e5fab3c198' AND f.name LIKE '%Base32InputStreamTest.java';
onEnter - Class: Base32.java method: public boolean org.apache.commons.codec.binary.Base32.isInAlphabet(byte)
MethodEnter
query: SELECT f.* FROM perfrt.files AS f INNER JOIN perfrt.commits AS c ON f.commit_id = c.id WHERE c.commit_hash='8871e9c72eefda5b047d8e9fcc3654e5fab3c198' AND f.name LIKE '%Base32.java';
onExit - Class: Base32.java.java method: public boolean org.apache.commons.codec.binary.Base32.isInAlphabet(byte) start: 1657658415835 end: 1657658415855 duration: 20retValue:
onEnter - Class: BaseNCodec.java method: protected static boolean org.apache.commons.codec.binary.BaseNCodec.isWhiteSpace(byte)
MethodEnter
query: SELECT f.* FROM perfrt.files AS f INNER JOIN perfrt.commits AS c ON f.commit_id = c.id WHERE c.commit_hash='8871e9c72eefda5b047d8e9fcc3654e5fab3c198' AND f.name LIKE '%BaseNCodec.java';
onExit - Class: BaseNCodec.java.java method: protected static boolean org.apache.commons.codec.binary.BaseNCodec.isWhiteSpace(byte) start: 1657658415883 end: 1657658415899 duration: 16retValue:
onEnter - Class: BaseNCodecInputStream.java method: public int org.apache.commons.codec.binary.BaseNCodecInputStream.read() throws java.io.IOException
MethodEnter
query: SELECT f.* FROM perfrt.files AS f INNER JOIN perfrt.commits AS c ON f.commit_id = c.id WHERE c.commit_hash='8871e9c72eefda5b047d8e9fcc3654e5fab3c198' AND f.name LIKE '%BaseNCodecInputStream.java';
onEnter - Class: BaseNCodecInputStream.java method: public int org.apache.commons.codec.binary.BaseNCodecInputStream.read() throws java.io.IOException
MethodEnter
query: SELECT f.* FROM perfrt.files AS f INNER JOIN perfrt.commits AS c ON f.commit_id = c.id WHERE c.commit_hash='8871e9c72eefda5b047d8e9fcc3654e5fab3c198' AND f.name LIKE '%BaseNCodecInputStream.java';
onEnter - Class: BaseNCodecInputStream.java method: public int org.apache.commons.codec.binary.BaseNCodecInputStream.read(byte[],int,int) throws java.io.IOException
MethodEnter
query: SELECT f.* FROM perfrt.files AS f INNER JOIN perfrt.commits AS c ON f.commit_id = c.id WHERE c.commit_hash='8871e9c72eefda5b047d8e9fcc3654e5fab3c198' AND f.name LIKE '%BaseNCodecInputStream.java';
onEnter - Class: BaseNCodecInputStream.java method: public int org.apache.commons.codec.binary.BaseNCodecInputStream.read(byte[],int,int) throws java.io.IOException
MethodEnter
query: SELECT f.* FROM perfrt.files AS f INNER JOIN perfrt.commits AS c ON f.commit_id = c.id WHERE c.commit_hash='8871e9c72eefda5b047d8e9fcc3654e5fab3c198' AND f.name LIKE '%BaseNCodecInputStream.java';
onEnter - Class: BaseNCodec.java method: boolean org.apache.commons.codec.binary.BaseNCodec.hasData(org.apache.commons.codec.binary.BaseNCodec$Context)
MethodEnter
query: SELECT f.* FROM perfrt.files AS f INNER JOIN perfrt.commits AS c ON f.commit_id = c.id WHERE c.commit_hash='8871e9c72eefda5b047d8e9fcc3654e5fab3c198' AND f.name LIKE '%BaseNCodec.java';
onEnter - Class: BaseNCodec.java method: boolean org.apache.commons.codec.binary.BaseNCodec.hasData(org.apache.commons.codec.binary.BaseNCodec$Context)
MethodEnter
query: SELECT f.* FROM perfrt.files AS f INNER JOIN perfrt.commits AS c ON f.commit_id = c.id WHERE c.commit_hash='8871e9c72eefda5b047d8e9fcc3654e5fab3c198' AND f.name LIKE '%BaseNCodec.java';
onExit - Class: BaseNCodec.java.java method: boolean org.apache.commons.codec.binary.BaseNCodec.hasData(org.apache.commons.codec.binary.BaseNCodec$Context) start: 1657658415992 end: 1657658416006 duration: 14retValue:
onExit - Class: BaseNCodec.java.java method: boolean org.apache.commons.codec.binary.BaseNCodec.hasData(org.apache.commons.codec.binary.BaseNCodec$Context) start: 1657658415977 end: 1657658416021 duration: 44retValue:
onEnter - Class: InputStream.java method: public int java.io.InputStream.read(byte[]) throws java.io.IOException
MethodEnter
query: SELECT f.* FROM perfrt.files AS f INNER JOIN perfrt.commits AS c ON f.commit_id = c.id WHERE c.commit_hash='8871e9c72eefda5b047d8e9fcc3654e5fab3c198' AND f.name LIKE '%InputStream.java';
onEnter - Class: Codec105ErrorInputStream.java method: public int org.apache.commons.codec.binary.Codec105ErrorInputStream.read(byte[],int,int) throws java.io.IOException
MethodEnter
query: SELECT f.* FROM perfrt.files AS f INNER JOIN perfrt.commits AS c ON f.commit_id = c.id WHERE c.commit_hash='8871e9c72eefda5b047d8e9fcc3654e5fab3c198' AND f.name LIKE '%Codec105ErrorInputStream.java';
onExit - Class: Codec105ErrorInputStream.java.java method: public int org.apache.commons.codec.binary.Codec105ErrorInputStream.read(byte[],int,int) throws java.io.IOException start: 1657658416049 end: 1657658416063 duration: 14retValue:
onExit - Class: InputStream.java.java method: public int java.io.InputStream.read(byte[]) throws java.io.IOException start: 1657658416035 end: 1657658416080 duration: 45retValue:
onEnter - Class: Base32.java method: void org.apache.commons.codec.binary.Base32.encode(byte[],int,int,org.apache.commons.codec.binary.BaseNCodec$Context)
MethodEnter
query: SELECT f.* FROM perfrt.files AS f INNER JOIN perfrt.commits AS c ON f.commit_id = c.id WHERE c.commit_hash='8871e9c72eefda5b047d8e9fcc3654e5fab3c198' AND f.name LIKE '%Base32.java';
onEnter - Class: BaseNCodec.java method: protected byte[] org.apache.commons.codec.binary.BaseNCodec.ensureBufferSize(int,org.apache.commons.codec.binary.BaseNCodec$Context)
MethodEnter
query: SELECT f.* FROM perfrt.files AS f INNER JOIN perfrt.commits AS c ON f.commit_id = c.id WHERE c.commit_hash='8871e9c72eefda5b047d8e9fcc3654e5fab3c198' AND f.name LIKE '%BaseNCodec.java';
onEnter - Class: BaseNCodec.java method: protected byte[] org.apache.commons.codec.binary.BaseNCodec.ensureBufferSize(int,org.apache.commons.codec.binary.BaseNCodec$Context)
MethodEnter
query: SELECT f.* FROM perfrt.files AS f INNER JOIN perfrt.commits AS c ON f.commit_id = c.id WHERE c.commit_hash='8871e9c72eefda5b047d8e9fcc3654e5fab3c198' AND f.name LIKE '%BaseNCodec.java';
onEnter - Class: BaseNCodec.java method: protected int org.apache.commons.codec.binary.BaseNCodec.getDefaultBufferSize()
MethodEnter
query: SELECT f.* FROM perfrt.files AS f INNER JOIN perfrt.commits AS c ON f.commit_id = c.id WHERE c.commit_hash='8871e9c72eefda5b047d8e9fcc3654e5fab3c198' AND f.name LIKE '%BaseNCodec.java';
onEnter - Class: BaseNCodec.java method: protected int org.apache.commons.codec.binary.BaseNCodec.getDefaultBufferSize()
MethodEnter
query: SELECT f.* FROM perfrt.files AS f INNER JOIN perfrt.commits AS c ON f.commit_id = c.id WHERE c.commit_hash='8871e9c72eefda5b047d8e9fcc3654e5fab3c198' AND f.name LIKE '%BaseNCodec.java';
onExit - Class: BaseNCodec.java.java method: protected int org.apache.commons.codec.binary.BaseNCodec.getDefaultBufferSize() start: 1657658416146 end: 1657658416157 duration: 11retValue:
onExit - Class: BaseNCodec.java.java method: protected int org.apache.commons.codec.binary.BaseNCodec.getDefaultBufferSize() start: 1657658416133 end: 1657658416172 duration: 39retValue:
onExit - Class: BaseNCodec.java.java method: protected byte[] org.apache.commons.codec.binary.BaseNCodec.ensureBufferSize(int,org.apache.commons.codec.binary.BaseNCodec$Context) start: 1657658416122 end: 1657658416183 duration: 61retValue:
onExit - Class: BaseNCodec.java.java method: protected byte[] org.apache.commons.codec.binary.BaseNCodec.ensureBufferSize(int,org.apache.commons.codec.binary.BaseNCodec$Context) start: 1657658416109 end: 1657658416194 duration: 85retValue:
onExit - Class: Base32.java.java method: void org.apache.commons.codec.binary.Base32.encode(byte[],int,int,org.apache.commons.codec.binary.BaseNCodec$Context) start: 1657658416095 end: 1657658416206 duration: 111retValue:
onEnter - Class: BaseNCodec.java method: int org.apache.commons.codec.binary.BaseNCodec.readResults(byte[],int,int,org.apache.commons.codec.binary.BaseNCodec$Context)
MethodEnter
query: SELECT f.* FROM perfrt.files AS f INNER JOIN perfrt.commits AS c ON f.commit_id = c.id WHERE c.commit_hash='8871e9c72eefda5b047d8e9fcc3654e5fab3c198' AND f.name LIKE '%BaseNCodec.java';
onEnter - Class: BaseNCodec.java method: int org.apache.commons.codec.binary.BaseNCodec.readResults(byte[],int,int,org.apache.commons.codec.binary.BaseNCodec$Context)
MethodEnter
query: SELECT f.* FROM perfrt.files AS f INNER JOIN perfrt.commits AS c ON f.commit_id = c.id WHERE c.commit_hash='8871e9c72eefda5b047d8e9fcc3654e5fab3c198' AND f.name LIKE '%BaseNCodec.java';
onEnter - Class: BaseNCodec.java method: boolean org.apache.commons.codec.binary.BaseNCodec.hasData(org.apache.commons.codec.binary.BaseNCodec$Context)
MethodEnter
query: SELECT f.* FROM perfrt.files AS f INNER JOIN perfrt.commits AS c ON f.commit_id = c.id WHERE c.commit_hash='8871e9c72eefda5b047d8e9fcc3654e5fab3c198' AND f.name LIKE '%BaseNCodec.java';
onEnter - Class: BaseNCodec.java method: boolean org.apache.commons.codec.binary.BaseNCodec.hasData(org.apache.commons.codec.binary.BaseNCodec$Context)
MethodEnter
query: SELECT f.* FROM perfrt.files AS f INNER JOIN perfrt.commits AS c ON f.commit_id = c.id WHERE c.commit_hash='8871e9c72eefda5b047d8e9fcc3654e5fab3c198' AND f.name LIKE '%BaseNCodec.java';
onExit - Class: BaseNCodec.java.java method: boolean org.apache.commons.codec.binary.BaseNCodec.hasData(org.apache.commons.codec.binary.BaseNCodec$Context) start: 1657658416251 end: 1657658416264 duration: 13retValue:
onExit - Class: BaseNCodec.java.java method: boolean org.apache.commons.codec.binary.BaseNCodec.hasData(org.apache.commons.codec.binary.BaseNCodec$Context) start: 1657658416240 end: 1657658416274 duration: 34retValue:
onExit - Class: BaseNCodec.java.java method: int org.apache.commons.codec.binary.BaseNCodec.readResults(byte[],int,int,org.apache.commons.codec.binary.BaseNCodec$Context) start: 1657658416229 end: 1657658416284 duration: 55retValue:
onExit - Class: BaseNCodec.java.java method: int org.apache.commons.codec.binary.BaseNCodec.readResults(byte[],int,int,org.apache.commons.codec.binary.BaseNCodec$Context) start: 1657658416217 end: 1657658416295 duration: 78retValue:
onEnter - Class: BaseNCodec.java method: boolean org.apache.commons.codec.binary.BaseNCodec.hasData(org.apache.commons.codec.binary.BaseNCodec$Context)
MethodEnter
query: SELECT f.* FROM perfrt.files AS f INNER JOIN perfrt.commits AS c ON f.commit_id = c.id WHERE c.commit_hash='8871e9c72eefda5b047d8e9fcc3654e5fab3c198' AND f.name LIKE '%BaseNCodec.java';
onEnter - Class: BaseNCodec.java method: boolean org.apache.commons.codec.binary.BaseNCodec.hasData(org.apache.commons.codec.binary.BaseNCodec$Context)
MethodEnter
query: SELECT f.* FROM perfrt.files AS f INNER JOIN perfrt.commits AS c ON f.commit_id = c.id WHERE c.commit_hash='8871e9c72eefda5b047d8e9fcc3654e5fab3c198' AND f.name LIKE '%BaseNCodec.java';
onExit - Class: BaseNCodec.java.java method: boolean org.apache.commons.codec.binary.BaseNCodec.hasData(org.apache.commons.codec.binary.BaseNCodec$Context) start: 1657658416316 end: 1657658416326 duration: 10retValue:
onExit - Class: BaseNCodec.java.java method: boolean org.apache.commons.codec.binary.BaseNCodec.hasData(org.apache.commons.codec.binary.BaseNCodec$Context) start: 1657658416305 end: 1657658416337 duration: 32retValue:
onEnter - Class: InputStream.java method: public int java.io.InputStream.read(byte[]) throws java.io.IOException
MethodEnter
query: SELECT f.* FROM perfrt.files AS f INNER JOIN perfrt.commits AS c ON f.commit_id = c.id WHERE c.commit_hash='8871e9c72eefda5b047d8e9fcc3654e5fab3c198' AND f.name LIKE '%InputStream.java';
onEnter - Class: Codec105ErrorInputStream.java method: public int org.apache.commons.codec.binary.Codec105ErrorInputStream.read(byte[],int,int) throws java.io.IOException
MethodEnter
query: SELECT f.* FROM perfrt.files AS f INNER JOIN perfrt.commits AS c ON f.commit_id = c.id WHERE c.commit_hash='8871e9c72eefda5b047d8e9fcc3654e5fab3c198' AND f.name LIKE '%Codec105ErrorInputStream.java';
onExit - Class: Codec105ErrorInputStream.java.java method: public int org.apache.commons.codec.binary.Codec105ErrorInputStream.read(byte[],int,int) throws java.io.IOException start: 1657658416364 end: 1657658416375 duration: 11retValue:
onExit - Class: InputStream.java.java method: public int java.io.InputStream.read(byte[]) throws java.io.IOException start: 1657658416354 end: 1657658416386 duration: 32retValue:
onEnter - Class: Base32.java method: void org.apache.commons.codec.binary.Base32.encode(byte[],int,int,org.apache.commons.codec.binary.BaseNCodec$Context)
MethodEnter
query: SELECT f.* FROM perfrt.files AS f INNER JOIN perfrt.commits AS c ON f.commit_id = c.id WHERE c.commit_hash='8871e9c72eefda5b047d8e9fcc3654e5fab3c198' AND f.name LIKE '%Base32.java';
onEnter - Class: BaseNCodec.java method: protected byte[] org.apache.commons.codec.binary.BaseNCodec.ensureBufferSize(int,org.apache.commons.codec.binary.BaseNCodec$Context)
MethodEnter
query: SELECT f.* FROM perfrt.files AS f INNER JOIN perfrt.commits AS c ON f.commit_id = c.id WHERE c.commit_hash='8871e9c72eefda5b047d8e9fcc3654e5fab3c198' AND f.name LIKE '%BaseNCodec.java';
onEnter - Class: BaseNCodec.java method: protected byte[] org.apache.commons.codec.binary.BaseNCodec.ensureBufferSize(int,org.apache.commons.codec.binary.BaseNCodec$Context)
MethodEnter
query: SELECT f.* FROM perfrt.files AS f INNER JOIN perfrt.commits AS c ON f.commit_id = c.id WHERE c.commit_hash='8871e9c72eefda5b047d8e9fcc3654e5fab3c198' AND f.name LIKE '%BaseNCodec.java';
onExit - Class: BaseNCodec.java.java method: protected byte[] org.apache.commons.codec.binary.BaseNCodec.ensureBufferSize(int,org.apache.commons.codec.binary.BaseNCodec$Context) start: 1657658416417 end: 1657658416426 duration: 9retValue:
onExit - Class: BaseNCodec.java.java method: protected byte[] org.apache.commons.codec.binary.BaseNCodec.ensureBufferSize(int,org.apache.commons.codec.binary.BaseNCodec$Context) start: 1657658416407 end: 1657658416438 duration: 31retValue:
onExit - Class: Base32.java.java method: void org.apache.commons.codec.binary.Base32.encode(byte[],int,int,org.apache.commons.codec.binary.BaseNCodec$Context) start: 1657658416396 end: 1657658416448 duration: 52retValue:
onEnter - Class: BaseNCodec.java method: int org.apache.commons.codec.binary.BaseNCodec.readResults(byte[],int,int,org.apache.commons.codec.binary.BaseNCodec$Context)
MethodEnter
query: SELECT f.* FROM perfrt.files AS f INNER JOIN perfrt.commits AS c ON f.commit_id = c.id WHERE c.commit_hash='8871e9c72eefda5b047d8e9fcc3654e5fab3c198' AND f.name LIKE '%BaseNCodec.java';
onEnter - Class: BaseNCodec.java method: int org.apache.commons.codec.binary.BaseNCodec.readResults(byte[],int,int,org.apache.commons.codec.binary.BaseNCodec$Context)
MethodEnter
query: SELECT f.* FROM perfrt.files AS f INNER JOIN perfrt.commits AS c ON f.commit_id = c.id WHERE c.commit_hash='8871e9c72eefda5b047d8e9fcc3654e5fab3c198' AND f.name LIKE '%BaseNCodec.java';
onEnter - Class: BaseNCodec.java method: boolean org.apache.commons.codec.binary.BaseNCodec.hasData(org.apache.commons.codec.binary.BaseNCodec$Context)
MethodEnter
query: SELECT f.* FROM perfrt.files AS f INNER JOIN perfrt.commits AS c ON f.commit_id = c.id WHERE c.commit_hash='8871e9c72eefda5b047d8e9fcc3654e5fab3c198' AND f.name LIKE '%BaseNCodec.java';
onEnter - Class: BaseNCodec.java method: boolean org.apache.commons.codec.binary.BaseNCodec.hasData(org.apache.commons.codec.binary.BaseNCodec$Context)
MethodEnter
query: SELECT f.* FROM perfrt.files AS f INNER JOIN perfrt.commits AS c ON f.commit_id = c.id WHERE c.commit_hash='8871e9c72eefda5b047d8e9fcc3654e5fab3c198' AND f.name LIKE '%BaseNCodec.java';
onExit - Class: BaseNCodec.java.java method: boolean org.apache.commons.codec.binary.BaseNCodec.hasData(org.apache.commons.codec.binary.BaseNCodec$Context) start: 1657658416490 end: 1657658416501 duration: 11retValue:
onExit - Class: BaseNCodec.java.java method: boolean org.apache.commons.codec.binary.BaseNCodec.hasData(org.apache.commons.codec.binary.BaseNCodec$Context) start: 1657658416480 end: 1657658416509 duration: 29retValue:
onExit - Class: BaseNCodec.java.java method: int org.apache.commons.codec.binary.BaseNCodec.readResults(byte[],int,int,org.apache.commons.codec.binary.BaseNCodec$Context) start: 1657658416470 end: 1657658416519 duration: 49retValue:
onExit - Class: BaseNCodec.java.java method: int org.apache.commons.codec.binary.BaseNCodec.readResults(byte[],int,int,org.apache.commons.codec.binary.BaseNCodec$Context) start: 1657658416458 end: 1657658416531 duration: 73retValue:
onEnter - Class: BaseNCodec.java method: boolean org.apache.commons.codec.binary.BaseNCodec.hasData(org.apache.commons.codec.binary.BaseNCodec$Context)
MethodEnter
query: SELECT f.* FROM perfrt.files AS f INNER JOIN perfrt.commits AS c ON f.commit_id = c.id WHERE c.commit_hash='8871e9c72eefda5b047d8e9fcc3654e5fab3c198' AND f.name LIKE '%BaseNCodec.java';
onEnter - Class: BaseNCodec.java method: boolean org.apache.commons.codec.binary.BaseNCodec.hasData(org.apache.commons.codec.binary.BaseNCodec$Context)
MethodEnter
query: SELECT f.* FROM perfrt.files AS f INNER JOIN perfrt.commits AS c ON f.commit_id = c.id WHERE c.commit_hash='8871e9c72eefda5b047d8e9fcc3654e5fab3c198' AND f.name LIKE '%BaseNCodec.java';
onExit - Class: BaseNCodec.java.java method: boolean org.apache.commons.codec.binary.BaseNCodec.hasData(org.apache.commons.codec.binary.BaseNCodec$Context) start: 1657658416551 end: 1657658416561 duration: 10retValue:
onExit - Class: BaseNCodec.java.java method: boolean org.apache.commons.codec.binary.BaseNCodec.hasData(org.apache.commons.codec.binary.BaseNCodec$Context) start: 1657658416541 end: 1657658416570 duration: 29retValue:
onEnter - Class: InputStream.java method: public int java.io.InputStream.read(byte[]) throws java.io.IOException
MethodEnter
query: SELECT f.* FROM perfrt.files AS f INNER JOIN perfrt.commits AS c ON f.commit_id = c.id WHERE c.commit_hash='8871e9c72eefda5b047d8e9fcc3654e5fab3c198' AND f.name LIKE '%InputStream.java';
onEnter - Class: Codec105ErrorInputStream.java method: public int org.apache.commons.codec.binary.Codec105ErrorInputStream.read(byte[],int,int) throws java.io.IOException
MethodEnter
query: SELECT f.* FROM perfrt.files AS f INNER JOIN perfrt.commits AS c ON f.commit_id = c.id WHERE c.commit_hash='8871e9c72eefda5b047d8e9fcc3654e5fab3c198' AND f.name LIKE '%Codec105ErrorInputStream.java';
onExit - Class: Codec105ErrorInputStream.java.java method: public int org.apache.commons.codec.binary.Codec105ErrorInputStream.read(byte[],int,int) throws java.io.IOException start: 1657658416588 end: 1657658416607 duration: 19retValue:
onExit - Class: InputStream.java.java method: public int java.io.InputStream.read(byte[]) throws java.io.IOException start: 1657658416578 end: 1657658416620 duration: 42retValue:
onEnter - Class: Base32.java method: void org.apache.commons.codec.binary.Base32.encode(byte[],int,int,org.apache.commons.codec.binary.BaseNCodec$Context)
MethodEnter
query: SELECT f.* FROM perfrt.files AS f INNER JOIN perfrt.commits AS c ON f.commit_id = c.id WHERE c.commit_hash='8871e9c72eefda5b047d8e9fcc3654e5fab3c198' AND f.name LIKE '%Base32.java';
onEnter - Class: BaseNCodec.java method: protected byte[] org.apache.commons.codec.binary.BaseNCodec.ensureBufferSize(int,org.apache.commons.codec.binary.BaseNCodec$Context)
MethodEnter
query: SELECT f.* FROM perfrt.files AS f INNER JOIN perfrt.commits AS c ON f.commit_id = c.id WHERE c.commit_hash='8871e9c72eefda5b047d8e9fcc3654e5fab3c198' AND f.name LIKE '%BaseNCodec.java';
onEnter - Class: BaseNCodec.java method: protected byte[] org.apache.commons.codec.binary.BaseNCodec.ensureBufferSize(int,org.apache.commons.codec.binary.BaseNCodec$Context)
MethodEnter
query: SELECT f.* FROM perfrt.files AS f INNER JOIN perfrt.commits AS c ON f.commit_id = c.id WHERE c.commit_hash='8871e9c72eefda5b047d8e9fcc3654e5fab3c198' AND f.name LIKE '%BaseNCodec.java';
onExit - Class: BaseNCodec.java.java method: protected byte[] org.apache.commons.codec.binary.BaseNCodec.ensureBufferSize(int,org.apache.commons.codec.binary.BaseNCodec$Context) start: 1657658416663 end: 1657658416673 duration: 10retValue:
onExit - Class: BaseNCodec.java.java method: protected byte[] org.apache.commons.codec.binary.BaseNCodec.ensureBufferSize(int,org.apache.commons.codec.binary.BaseNCodec$Context) start: 1657658416642 end: 1657658416681 duration: 39retValue:
onExit - Class: Base32.java.java method: void org.apache.commons.codec.binary.Base32.encode(byte[],int,int,org.apache.commons.codec.binary.BaseNCodec$Context) start: 1657658416631 end: 1657658416692 duration: 61retValue:
onEnter - Class: BaseNCodec.java method: int org.apache.commons.codec.binary.BaseNCodec.readResults(byte[],int,int,org.apache.commons.codec.binary.BaseNCodec$Context)
MethodEnter
query: SELECT f.* FROM perfrt.files AS f INNER JOIN perfrt.commits AS c ON f.commit_id = c.id WHERE c.commit_hash='8871e9c72eefda5b047d8e9fcc3654e5fab3c198' AND f.name LIKE '%BaseNCodec.java';
onEnter - Class: BaseNCodec.java method: int org.apache.commons.codec.binary.BaseNCodec.readResults(byte[],int,int,org.apache.commons.codec.binary.BaseNCodec$Context)
MethodEnter
query: SELECT f.* FROM perfrt.files AS f INNER JOIN perfrt.commits AS c ON f.commit_id = c.id WHERE c.commit_hash='8871e9c72eefda5b047d8e9fcc3654e5fab3c198' AND f.name LIKE '%BaseNCodec.java';
onEnter - Class: BaseNCodec.java method: boolean org.apache.commons.codec.binary.BaseNCodec.hasData(org.apache.commons.codec.binary.BaseNCodec$Context)
MethodEnter
query: SELECT f.* FROM perfrt.files AS f INNER JOIN perfrt.commits AS c ON f.commit_id = c.id WHERE c.commit_hash='8871e9c72eefda5b047d8e9fcc3654e5fab3c198' AND f.name LIKE '%BaseNCodec.java';
onEnter - Class: BaseNCodec.java method: boolean org.apache.commons.codec.binary.BaseNCodec.hasData(org.apache.commons.codec.binary.BaseNCodec$Context)
MethodEnter
query: SELECT f.* FROM perfrt.files AS f INNER JOIN perfrt.commits AS c ON f.commit_id = c.id WHERE c.commit_hash='8871e9c72eefda5b047d8e9fcc3654e5fab3c198' AND f.name LIKE '%BaseNCodec.java';
onExit - Class: BaseNCodec.java.java method: boolean org.apache.commons.codec.binary.BaseNCodec.hasData(org.apache.commons.codec.binary.BaseNCodec$Context) start: 1657658416728 end: 1657658416738 duration: 10retValue:
onExit - Class: BaseNCodec.java.java method: boolean org.apache.commons.codec.binary.BaseNCodec.hasData(org.apache.commons.codec.binary.BaseNCodec$Context) start: 1657658416718 end: 1657658416747 duration: 29retValue:
onExit - Class: BaseNCodec.java.java method: int org.apache.commons.codec.binary.BaseNCodec.readResults(byte[],int,int,org.apache.commons.codec.binary.BaseNCodec$Context) start: 1657658416710 end: 1657658416756 duration: 46retValue:
onExit - Class: BaseNCodec.java.java method: int org.apache.commons.codec.binary.BaseNCodec.readResults(byte[],int,int,org.apache.commons.codec.binary.BaseNCodec$Context) start: 1657658416701 end: 1657658416766 duration: 65retValue:
onEnter - Class: BaseNCodec.java method: boolean org.apache.commons.codec.binary.BaseNCodec.hasData(org.apache.commons.codec.binary.BaseNCodec$Context)
MethodEnter
query: SELECT f.* FROM perfrt.files AS f INNER JOIN perfrt.commits AS c ON f.commit_id = c.id WHERE c.commit_hash='8871e9c72eefda5b047d8e9fcc3654e5fab3c198' AND f.name LIKE '%BaseNCodec.java';
onEnter - Class: BaseNCodec.java method: boolean org.apache.commons.codec.binary.BaseNCodec.hasData(org.apache.commons.codec.binary.BaseNCodec$Context)
MethodEnter
query: SELECT f.* FROM perfrt.files AS f INNER JOIN perfrt.commits AS c ON f.commit_id = c.id WHERE c.commit_hash='8871e9c72eefda5b047d8e9fcc3654e5fab3c198' AND f.name LIKE '%BaseNCodec.java';
onExit - Class: BaseNCodec.java.java method: boolean org.apache.commons.codec.binary.BaseNCodec.hasData(org.apache.commons.codec.binary.BaseNCodec$Context) start: 1657658416786 end: 1657658416794 duration: 8retValue:
onExit - Class: BaseNCodec.java.java method: boolean org.apache.commons.codec.binary.BaseNCodec.hasData(org.apache.commons.codec.binary.BaseNCodec$Context) start: 1657658416777 end: 1657658416802 duration: 25retValue:
onEnter - Class: InputStream.java method: public int java.io.InputStream.read(byte[]) throws java.io.IOException
MethodEnter
query: SELECT f.* FROM perfrt.files AS f INNER JOIN perfrt.commits AS c ON f.commit_id = c.id WHERE c.commit_hash='8871e9c72eefda5b047d8e9fcc3654e5fab3c198' AND f.name LIKE '%InputStream.java';
onEnter - Class: Codec105ErrorInputStream.java method: public int org.apache.commons.codec.binary.Codec105ErrorInputStream.read(byte[],int,int) throws java.io.IOException
MethodEnter
query: SELECT f.* FROM perfrt.files AS f INNER JOIN perfrt.commits AS c ON f.commit_id = c.id WHERE c.commit_hash='8871e9c72eefda5b047d8e9fcc3654e5fab3c198' AND f.name LIKE '%Codec105ErrorInputStream.java';
onExit - Class: Codec105ErrorInputStream.java.java method: public int org.apache.commons.codec.binary.Codec105ErrorInputStream.read(byte[],int,int) throws java.io.IOException start: 1657658416817 end: 1657658416826 duration: 9retValue:
onExit - Class: InputStream.java.java method: public int java.io.InputStream.read(byte[]) throws java.io.IOException start: 1657658416810 end: 1657658416834 duration: 24retValue:
onEnter - Class: Base32.java method: void org.apache.commons.codec.binary.Base32.encode(byte[],int,int,org.apache.commons.codec.binary.BaseNCodec$Context)
MethodEnter
query: SELECT f.* FROM perfrt.files AS f INNER JOIN perfrt.commits AS c ON f.commit_id = c.id WHERE c.commit_hash='8871e9c72eefda5b047d8e9fcc3654e5fab3c198' AND f.name LIKE '%Base32.java';
onEnter - Class: BaseNCodec.java method: protected byte[] org.apache.commons.codec.binary.BaseNCodec.ensureBufferSize(int,org.apache.commons.codec.binary.BaseNCodec$Context)
MethodEnter
query: SELECT f.* FROM perfrt.files AS f INNER JOIN perfrt.commits AS c ON f.commit_id = c.id WHERE c.commit_hash='8871e9c72eefda5b047d8e9fcc3654e5fab3c198' AND f.name LIKE '%BaseNCodec.java';
onEnter - Class: BaseNCodec.java method: protected byte[] org.apache.commons.codec.binary.BaseNCodec.ensureBufferSize(int,org.apache.commons.codec.binary.BaseNCodec$Context)
MethodEnter
query: SELECT f.* FROM perfrt.files AS f INNER JOIN perfrt.commits AS c ON f.commit_id = c.id WHERE c.commit_hash='8871e9c72eefda5b047d8e9fcc3654e5fab3c198' AND f.name LIKE '%BaseNCodec.java';
onExit - Class: BaseNCodec.java.java method: protected byte[] org.apache.commons.codec.binary.BaseNCodec.ensureBufferSize(int,org.apache.commons.codec.binary.BaseNCodec$Context) start: 1657658416862 end: 1657658416871 duration: 9retValue:
onExit - Class: BaseNCodec.java.java method: protected byte[] org.apache.commons.codec.binary.BaseNCodec.ensureBufferSize(int,org.apache.commons.codec.binary.BaseNCodec$Context) start: 1657658416854 end: 1657658416878 duration: 24retValue:
onExit - Class: Base32.java.java method: void org.apache.commons.codec.binary.Base32.encode(byte[],int,int,org.apache.commons.codec.binary.BaseNCodec$Context) start: 1657658416843 end: 1657658416887 duration: 44retValue:
onEnter - Class: BaseNCodec.java method: int org.apache.commons.codec.binary.BaseNCodec.readResults(byte[],int,int,org.apache.commons.codec.binary.BaseNCodec$Context)
MethodEnter
query: SELECT f.* FROM perfrt.files AS f INNER JOIN perfrt.commits AS c ON f.commit_id = c.id WHERE c.commit_hash='8871e9c72eefda5b047d8e9fcc3654e5fab3c198' AND f.name LIKE '%BaseNCodec.java';
onEnter - Class: BaseNCodec.java method: int org.apache.commons.codec.binary.BaseNCodec.readResults(byte[],int,int,org.apache.commons.codec.binary.BaseNCodec$Context)
MethodEnter
query: SELECT f.* FROM perfrt.files AS f INNER JOIN perfrt.commits AS c ON f.commit_id = c.id WHERE c.commit_hash='8871e9c72eefda5b047d8e9fcc3654e5fab3c198' AND f.name LIKE '%BaseNCodec.java';
onEnter - Class: BaseNCodec.java method: boolean org.apache.commons.codec.binary.BaseNCodec.hasData(org.apache.commons.codec.binary.BaseNCodec$Context)
MethodEnter
query: SELECT f.* FROM perfrt.files AS f INNER JOIN perfrt.commits AS c ON f.commit_id = c.id WHERE c.commit_hash='8871e9c72eefda5b047d8e9fcc3654e5fab3c198' AND f.name LIKE '%BaseNCodec.java';
onEnter - Class: BaseNCodec.java method: boolean org.apache.commons.codec.binary.BaseNCodec.hasData(org.apache.commons.codec.binary.BaseNCodec$Context)
MethodEnter
query: SELECT f.* FROM perfrt.files AS f INNER JOIN perfrt.commits AS c ON f.commit_id = c.id WHERE c.commit_hash='8871e9c72eefda5b047d8e9fcc3654e5fab3c198' AND f.name LIKE '%BaseNCodec.java';
onExit - Class: BaseNCodec.java.java method: boolean org.apache.commons.codec.binary.BaseNCodec.hasData(org.apache.commons.codec.binary.BaseNCodec$Context) start: 1657658416925 end: 1657658416935 duration: 10retValue:
onExit - Class: BaseNCodec.java.java method: boolean org.apache.commons.codec.binary.BaseNCodec.hasData(org.apache.commons.codec.binary.BaseNCodec$Context) start: 1657658416915 end: 1657658416944 duration: 29retValue:
onEnter - Class: BaseNCodec.java method: int org.apache.commons.codec.binary.BaseNCodec.available(org.apache.commons.codec.binary.BaseNCodec$Context)
MethodEnter
query: SELECT f.* FROM perfrt.files AS f INNER JOIN perfrt.commits AS c ON f.commit_id = c.id WHERE c.commit_hash='8871e9c72eefda5b047d8e9fcc3654e5fab3c198' AND f.name LIKE '%BaseNCodec.java';
onEnter - Class: BaseNCodec.java method: int org.apache.commons.codec.binary.BaseNCodec.available(org.apache.commons.codec.binary.BaseNCodec$Context)
MethodEnter
query: SELECT f.* FROM perfrt.files AS f INNER JOIN perfrt.commits AS c ON f.commit_id = c.id WHERE c.commit_hash='8871e9c72eefda5b047d8e9fcc3654e5fab3c198' AND f.name LIKE '%BaseNCodec.java';
onEnter - Class: BaseNCodec.java method: boolean org.apache.commons.codec.binary.BaseNCodec.hasData(org.apache.commons.codec.binary.BaseNCodec$Context)
MethodEnter
query: SELECT f.* FROM perfrt.files AS f INNER JOIN perfrt.commits AS c ON f.commit_id = c.id WHERE c.commit_hash='8871e9c72eefda5b047d8e9fcc3654e5fab3c198' AND f.name LIKE '%BaseNCodec.java';
onEnter - Class: BaseNCodec.java method: boolean org.apache.commons.codec.binary.BaseNCodec.hasData(org.apache.commons.codec.binary.BaseNCodec$Context)
MethodEnter
query: SELECT f.* FROM perfrt.files AS f INNER JOIN perfrt.commits AS c ON f.commit_id = c.id WHERE c.commit_hash='8871e9c72eefda5b047d8e9fcc3654e5fab3c198' AND f.name LIKE '%BaseNCodec.java';
onExit - Class: BaseNCodec.java.java method: boolean org.apache.commons.codec.binary.BaseNCodec.hasData(org.apache.commons.codec.binary.BaseNCodec$Context) start: 1657658416978 end: 1657658416986 duration: 8retValue:
onExit - Class: BaseNCodec.java.java method: boolean org.apache.commons.codec.binary.BaseNCodec.hasData(org.apache.commons.codec.binary.BaseNCodec$Context) start: 1657658416970 end: 1657658416996 duration: 26retValue:
onExit - Class: BaseNCodec.java.java method: int org.apache.commons.codec.binary.BaseNCodec.available(org.apache.commons.codec.binary.BaseNCodec$Context) start: 1657658416962 end: 1657658417006 duration: 44retValue:
onExit - Class: BaseNCodec.java.java method: int org.apache.commons.codec.binary.BaseNCodec.available(org.apache.commons.codec.binary.BaseNCodec$Context) start: 1657658416953 end: 1657658417016 duration: 63retValue:
onEnter - Class: BaseNCodec.java method: boolean org.apache.commons.codec.binary.BaseNCodec.hasData(org.apache.commons.codec.binary.BaseNCodec$Context)
MethodEnter
query: SELECT f.* FROM perfrt.files AS f INNER JOIN perfrt.commits AS c ON f.commit_id = c.id WHERE c.commit_hash='8871e9c72eefda5b047d8e9fcc3654e5fab3c198' AND f.name LIKE '%BaseNCodec.java';
onEnter - Class: BaseNCodec.java method: boolean org.apache.commons.codec.binary.BaseNCodec.hasData(org.apache.commons.codec.binary.BaseNCodec$Context)
MethodEnter
query: SELECT f.* FROM perfrt.files AS f INNER JOIN perfrt.commits AS c ON f.commit_id = c.id WHERE c.commit_hash='8871e9c72eefda5b047d8e9fcc3654e5fab3c198' AND f.name LIKE '%BaseNCodec.java';
onExit - Class: BaseNCodec.java.java method: boolean org.apache.commons.codec.binary.BaseNCodec.hasData(org.apache.commons.codec.binary.BaseNCodec$Context) start: 1657658417034 end: 1657658417042 duration: 8retValue:
onExit - Class: BaseNCodec.java.java method: boolean org.apache.commons.codec.binary.BaseNCodec.hasData(org.apache.commons.codec.binary.BaseNCodec$Context) start: 1657658417025 end: 1657658417050 duration: 25retValue:
onExit - Class: BaseNCodec.java.java method: int org.apache.commons.codec.binary.BaseNCodec.readResults(byte[],int,int,org.apache.commons.codec.binary.BaseNCodec$Context) start: 1657658416906 end: 1657658417058 duration: 152retValue:
onExit - Class: BaseNCodec.java.java method: int org.apache.commons.codec.binary.BaseNCodec.readResults(byte[],int,int,org.apache.commons.codec.binary.BaseNCodec$Context) start: 1657658416897 end: 1657658417067 duration: 170retValue:
onExit - Class: BaseNCodecInputStream.java.java method: public int org.apache.commons.codec.binary.BaseNCodecInputStream.read(byte[],int,int) throws java.io.IOException start: 1657658415964 end: 1657658417074 duration: 1110retValue:
onExit - Class: BaseNCodecInputStream.java.java method: public int org.apache.commons.codec.binary.BaseNCodecInputStream.read(byte[],int,int) throws java.io.IOException start: 1657658415950 end: 1657658417084 duration: 1134retValue:
onExit - Class: BaseNCodecInputStream.java.java method: public int org.apache.commons.codec.binary.BaseNCodecInputStream.read() throws java.io.IOException start: 1657658415936 end: 1657658417096 duration: 1160retValue:
onExit - Class: BaseNCodecInputStream.java.java method: public int org.apache.commons.codec.binary.BaseNCodecInputStream.read() throws java.io.IOException start: 1657658415920 end: 1657658417104 duration: 1184retValue:
onEnter - Class: BaseNCodecInputStream.java method: public int org.apache.commons.codec.binary.BaseNCodecInputStream.read() throws java.io.IOException
MethodEnter
query: SELECT f.* FROM perfrt.files AS f INNER JOIN perfrt.commits AS c ON f.commit_id = c.id WHERE c.commit_hash='8871e9c72eefda5b047d8e9fcc3654e5fab3c198' AND f.name LIKE '%BaseNCodecInputStream.java';
onEnter - Class: BaseNCodecInputStream.java method: public int org.apache.commons.codec.binary.BaseNCodecInputStream.read() throws java.io.IOException
MethodEnter
query: SELECT f.* FROM perfrt.files AS f INNER JOIN perfrt.commits AS c ON f.commit_id = c.id WHERE c.commit_hash='8871e9c72eefda5b047d8e9fcc3654e5fab3c198' AND f.name LIKE '%BaseNCodecInputStream.java';
onEnter - Class: BaseNCodecInputStream.java method: public int org.apache.commons.codec.binary.BaseNCodecInputStream.read(byte[],int,int) throws java.io.IOException
MethodEnter
query: SELECT f.* FROM perfrt.files AS f INNER JOIN perfrt.commits AS c ON f.commit_id = c.id WHERE c.commit_hash='8871e9c72eefda5b047d8e9fcc3654e5fab3c198' AND f.name LIKE '%BaseNCodecInputStream.java';
onEnter - Class: BaseNCodecInputStream.java method: public int org.apache.commons.codec.binary.BaseNCodecInputStream.read(byte[],int,int) throws java.io.IOException
MethodEnter
query: SELECT f.* FROM perfrt.files AS f INNER JOIN perfrt.commits AS c ON f.commit_id = c.id WHERE c.commit_hash='8871e9c72eefda5b047d8e9fcc3654e5fab3c198' AND f.name LIKE '%BaseNCodecInputStream.java';
onEnter - Class: BaseNCodec.java method: boolean org.apache.commons.codec.binary.BaseNCodec.hasData(org.apache.commons.codec.binary.BaseNCodec$Context)
MethodEnter
query: SELECT f.* FROM perfrt.files AS f INNER JOIN perfrt.commits AS c ON f.commit_id = c.id WHERE c.commit_hash='8871e9c72eefda5b047d8e9fcc3654e5fab3c198' AND f.name LIKE '%BaseNCodec.java';
onEnter - Class: BaseNCodec.java method: boolean org.apache.commons.codec.binary.BaseNCodec.hasData(org.apache.commons.codec.binary.BaseNCodec$Context)
MethodEnter
query: SELECT f.* FROM perfrt.files AS f INNER JOIN perfrt.commits AS c ON f.commit_id = c.id WHERE c.commit_hash='8871e9c72eefda5b047d8e9fcc3654e5fab3c198' AND f.name LIKE '%BaseNCodec.java';
onExit - Class: BaseNCodec.java.java method: boolean org.apache.commons.codec.binary.BaseNCodec.hasData(org.apache.commons.codec.binary.BaseNCodec$Context) start: 1657658417156 end: 1657658417164 duration: 8retValue:
onExit - Class: BaseNCodec.java.java method: boolean org.apache.commons.codec.binary.BaseNCodec.hasData(org.apache.commons.codec.binary.BaseNCodec$Context) start: 1657658417146 end: 1657658417173 duration: 27retValue:
onEnter - Class: BaseNCodec.java method: int org.apache.commons.codec.binary.BaseNCodec.readResults(byte[],int,int,org.apache.commons.codec.binary.BaseNCodec$Context)
MethodEnter
query: SELECT f.* FROM perfrt.files AS f INNER JOIN perfrt.commits AS c ON f.commit_id = c.id WHERE c.commit_hash='8871e9c72eefda5b047d8e9fcc3654e5fab3c198' AND f.name LIKE '%BaseNCodec.java';
onEnter - Class: BaseNCodec.java method: int org.apache.commons.codec.binary.BaseNCodec.readResults(byte[],int,int,org.apache.commons.codec.binary.BaseNCodec$Context)
MethodEnter
query: SELECT f.* FROM perfrt.files AS f INNER JOIN perfrt.commits AS c ON f.commit_id = c.id WHERE c.commit_hash='8871e9c72eefda5b047d8e9fcc3654e5fab3c198' AND f.name LIKE '%BaseNCodec.java';
onEnter - Class: BaseNCodec.java method: boolean org.apache.commons.codec.binary.BaseNCodec.hasData(org.apache.commons.codec.binary.BaseNCodec$Context)
MethodEnter
query: SELECT f.* FROM perfrt.files AS f INNER JOIN perfrt.commits AS c ON f.commit_id = c.id WHERE c.commit_hash='8871e9c72eefda5b047d8e9fcc3654e5fab3c198' AND f.name LIKE '%BaseNCodec.java';
onEnter - Class: BaseNCodec.java method: boolean org.apache.commons.codec.binary.BaseNCodec.hasData(org.apache.commons.codec.binary.BaseNCodec$Context)
MethodEnter
query: SELECT f.* FROM perfrt.files AS f INNER JOIN perfrt.commits AS c ON f.commit_id = c.id WHERE c.commit_hash='8871e9c72eefda5b047d8e9fcc3654e5fab3c198' AND f.name LIKE '%BaseNCodec.java';
onExit - Class: BaseNCodec.java.java method: boolean org.apache.commons.codec.binary.BaseNCodec.hasData(org.apache.commons.codec.binary.BaseNCodec$Context) start: 1657658417205 end: 1657658417213 duration: 8retValue:
onExit - Class: BaseNCodec.java.java method: boolean org.apache.commons.codec.binary.BaseNCodec.hasData(org.apache.commons.codec.binary.BaseNCodec$Context) start: 1657658417197 end: 1657658417222 duration: 25retValue:
onEnter - Class: BaseNCodec.java method: int org.apache.commons.codec.binary.BaseNCodec.available(org.apache.commons.codec.binary.BaseNCodec$Context)
MethodEnter
query: SELECT f.* FROM perfrt.files AS f INNER JOIN perfrt.commits AS c ON f.commit_id = c.id WHERE c.commit_hash='8871e9c72eefda5b047d8e9fcc3654e5fab3c198' AND f.name LIKE '%BaseNCodec.java';
onEnter - Class: BaseNCodec.java method: int org.apache.commons.codec.binary.BaseNCodec.available(org.apache.commons.codec.binary.BaseNCodec$Context)
MethodEnter
query: SELECT f.* FROM perfrt.files AS f INNER JOIN perfrt.commits AS c ON f.commit_id = c.id WHERE c.commit_hash='8871e9c72eefda5b047d8e9fcc3654e5fab3c198' AND f.name LIKE '%BaseNCodec.java';
onEnter - Class: BaseNCodec.java method: boolean org.apache.commons.codec.binary.BaseNCodec.hasData(org.apache.commons.codec.binary.BaseNCodec$Context)
MethodEnter
query: SELECT f.* FROM perfrt.files AS f INNER JOIN perfrt.commits AS c ON f.commit_id = c.id WHERE c.commit_hash='8871e9c72eefda5b047d8e9fcc3654e5fab3c198' AND f.name LIKE '%BaseNCodec.java';
onEnter - Class: BaseNCodec.java method: boolean org.apache.commons.codec.binary.BaseNCodec.hasData(org.apache.commons.codec.binary.BaseNCodec$Context)
MethodEnter
query: SELECT f.* FROM perfrt.files AS f INNER JOIN perfrt.commits AS c ON f.commit_id = c.id WHERE c.commit_hash='8871e9c72eefda5b047d8e9fcc3654e5fab3c198' AND f.name LIKE '%BaseNCodec.java';
onExit - Class: BaseNCodec.java.java method: boolean org.apache.commons.codec.binary.BaseNCodec.hasData(org.apache.commons.codec.binary.BaseNCodec$Context) start: 1657658417255 end: 1657658417264 duration: 9retValue:
onExit - Class: BaseNCodec.java.java method: boolean org.apache.commons.codec.binary.BaseNCodec.hasData(org.apache.commons.codec.binary.BaseNCodec$Context) start: 1657658417246 end: 1657658417273 duration: 27retValue:
onExit - Class: BaseNCodec.java.java method: int org.apache.commons.codec.binary.BaseNCodec.available(org.apache.commons.codec.binary.BaseNCodec$Context) start: 1657658417238 end: 1657658417281 duration: 43retValue:
onExit - Class: BaseNCodec.java.java method: int org.apache.commons.codec.binary.BaseNCodec.available(org.apache.commons.codec.binary.BaseNCodec$Context) start: 1657658417230 end: 1657658417290 duration: 60retValue:
onEnter - Class: BaseNCodec.java method: boolean org.apache.commons.codec.binary.BaseNCodec.hasData(org.apache.commons.codec.binary.BaseNCodec$Context)
MethodEnter
query: SELECT f.* FROM perfrt.files AS f INNER JOIN perfrt.commits AS c ON f.commit_id = c.id WHERE c.commit_hash='8871e9c72eefda5b047d8e9fcc3654e5fab3c198' AND f.name LIKE '%BaseNCodec.java';
onEnter - Class: BaseNCodec.java method: boolean org.apache.commons.codec.binary.BaseNCodec.hasData(org.apache.commons.codec.binary.BaseNCodec$Context)
MethodEnter
query: SELECT f.* FROM perfrt.files AS f INNER JOIN perfrt.commits AS c ON f.commit_id = c.id WHERE c.commit_hash='8871e9c72eefda5b047d8e9fcc3654e5fab3c198' AND f.name LIKE '%BaseNCodec.java';
onExit - Class: BaseNCodec.java.java method: boolean org.apache.commons.codec.binary.BaseNCodec.hasData(org.apache.commons.codec.binary.BaseNCodec$Context) start: 1657658417305 end: 1657658417313 duration: 8retValue:
onExit - Class: BaseNCodec.java.java method: boolean org.apache.commons.codec.binary.BaseNCodec.hasData(org.apache.commons.codec.binary.BaseNCodec$Context) start: 1657658417297 end: 1657658417321 duration: 24retValue:
onExit - Class: BaseNCodec.java.java method: int org.apache.commons.codec.binary.BaseNCodec.readResults(byte[],int,int,org.apache.commons.codec.binary.BaseNCodec$Context) start: 1657658417190 end: 1657658417330 duration: 140retValue:
onExit - Class: BaseNCodec.java.java method: int org.apache.commons.codec.binary.BaseNCodec.readResults(byte[],int,int,org.apache.commons.codec.binary.BaseNCodec$Context) start: 1657658417182 end: 1657658417340 duration: 158retValue:
onExit - Class: BaseNCodecInputStream.java.java method: public int org.apache.commons.codec.binary.BaseNCodecInputStream.read(byte[],int,int) throws java.io.IOException start: 1657658417137 end: 1657658417347 duration: 210retValue:
onExit - Class: BaseNCodecInputStream.java.java method: public int org.apache.commons.codec.binary.BaseNCodecInputStream.read(byte[],int,int) throws java.io.IOException start: 1657658417129 end: 1657658417355 duration: 226retValue:
onExit - Class: BaseNCodecInputStream.java.java method: public int org.apache.commons.codec.binary.BaseNCodecInputStream.read() throws java.io.IOException start: 1657658417121 end: 1657658417365 duration: 244retValue:
onExit - Class: BaseNCodecInputStream.java.java method: public int org.apache.commons.codec.binary.BaseNCodecInputStream.read() throws java.io.IOException start: 1657658417113 end: 1657658417374 duration: 261retValue:
onEnter - Class: BaseNCodecInputStream.java method: public int org.apache.commons.codec.binary.BaseNCodecInputStream.read() throws java.io.IOException
MethodEnter
query: SELECT f.* FROM perfrt.files AS f INNER JOIN perfrt.commits AS c ON f.commit_id = c.id WHERE c.commit_hash='8871e9c72eefda5b047d8e9fcc3654e5fab3c198' AND f.name LIKE '%BaseNCodecInputStream.java';
onEnter - Class: BaseNCodecInputStream.java method: public int org.apache.commons.codec.binary.BaseNCodecInputStream.read() throws java.io.IOException
MethodEnter
query: SELECT f.* FROM perfrt.files AS f INNER JOIN perfrt.commits AS c ON f.commit_id = c.id WHERE c.commit_hash='8871e9c72eefda5b047d8e9fcc3654e5fab3c198' AND f.name LIKE '%BaseNCodecInputStream.java';
onEnter - Class: BaseNCodecInputStream.java method: public int org.apache.commons.codec.binary.BaseNCodecInputStream.read(byte[],int,int) throws java.io.IOException
MethodEnter
query: SELECT f.* FROM perfrt.files AS f INNER JOIN perfrt.commits AS c ON f.commit_id = c.id WHERE c.commit_hash='8871e9c72eefda5b047d8e9fcc3654e5fab3c198' AND f.name LIKE '%BaseNCodecInputStream.java';
onEnter - Class: BaseNCodecInputStream.java method: public int org.apache.commons.codec.binary.BaseNCodecInputStream.read(byte[],int,int) throws java.io.IOException
MethodEnter
query: SELECT f.* FROM perfrt.files AS f INNER JOIN perfrt.commits AS c ON f.commit_id = c.id WHERE c.commit_hash='8871e9c72eefda5b047d8e9fcc3654e5fab3c198' AND f.name LIKE '%BaseNCodecInputStream.java';
onEnter - Class: BaseNCodec.java method: boolean org.apache.commons.codec.binary.BaseNCodec.hasData(org.apache.commons.codec.binary.BaseNCodec$Context)
MethodEnter
query: SELECT f.* FROM perfrt.files AS f INNER JOIN perfrt.commits AS c ON f.commit_id = c.id WHERE c.commit_hash='8871e9c72eefda5b047d8e9fcc3654e5fab3c198' AND f.name LIKE '%BaseNCodec.java';
onEnter - Class: BaseNCodec.java method: boolean org.apache.commons.codec.binary.BaseNCodec.hasData(org.apache.commons.codec.binary.BaseNCodec$Context)
MethodEnter
query: SELECT f.* FROM perfrt.files AS f INNER JOIN perfrt.commits AS c ON f.commit_id = c.id WHERE c.commit_hash='8871e9c72eefda5b047d8e9fcc3654e5fab3c198' AND f.name LIKE '%BaseNCodec.java';
onExit - Class: BaseNCodec.java.java method: boolean org.apache.commons.codec.binary.BaseNCodec.hasData(org.apache.commons.codec.binary.BaseNCodec$Context) start: 1657658417422 end: 1657658417430 duration: 8retValue:
onExit - Class: BaseNCodec.java.java method: boolean org.apache.commons.codec.binary.BaseNCodec.hasData(org.apache.commons.codec.binary.BaseNCodec$Context) start: 1657658417412 end: 1657658417438 duration: 26retValue:
onEnter - Class: BaseNCodec.java method: int org.apache.commons.codec.binary.BaseNCodec.readResults(byte[],int,int,org.apache.commons.codec.binary.BaseNCodec$Context)
MethodEnter
query: SELECT f.* FROM perfrt.files AS f INNER JOIN perfrt.commits AS c ON f.commit_id = c.id WHERE c.commit_hash='8871e9c72eefda5b047d8e9fcc3654e5fab3c198' AND f.name LIKE '%BaseNCodec.java';
onEnter - Class: BaseNCodec.java method: int org.apache.commons.codec.binary.BaseNCodec.readResults(byte[],int,int,org.apache.commons.codec.binary.BaseNCodec$Context)
MethodEnter
query: SELECT f.* FROM perfrt.files AS f INNER JOIN perfrt.commits AS c ON f.commit_id = c.id WHERE c.commit_hash='8871e9c72eefda5b047d8e9fcc3654e5fab3c198' AND f.name LIKE '%BaseNCodec.java';
onEnter - Class: BaseNCodec.java method: boolean org.apache.commons.codec.binary.BaseNCodec.hasData(org.apache.commons.codec.binary.BaseNCodec$Context)
MethodEnter
query: SELECT f.* FROM perfrt.files AS f INNER JOIN perfrt.commits AS c ON f.commit_id = c.id WHERE c.commit_hash='8871e9c72eefda5b047d8e9fcc3654e5fab3c198' AND f.name LIKE '%BaseNCodec.java';
onEnter - Class: BaseNCodec.java method: boolean org.apache.commons.codec.binary.BaseNCodec.hasData(org.apache.commons.codec.binary.BaseNCodec$Context)
MethodEnter
query: SELECT f.* FROM perfrt.files AS f INNER JOIN perfrt.commits AS c ON f.commit_id = c.id WHERE c.commit_hash='8871e9c72eefda5b047d8e9fcc3654e5fab3c198' AND f.name LIKE '%BaseNCodec.java';
onExit - Class: BaseNCodec.java.java method: boolean org.apache.commons.codec.binary.BaseNCodec.hasData(org.apache.commons.codec.binary.BaseNCodec$Context) start: 1657658417473 end: 1657658417483 duration: 10retValue:
onExit - Class: BaseNCodec.java.java method: boolean org.apache.commons.codec.binary.BaseNCodec.hasData(org.apache.commons.codec.binary.BaseNCodec$Context) start: 1657658417464 end: 1657658417491 duration: 27retValue:
onEnter - Class: BaseNCodec.java method: int org.apache.commons.codec.binary.BaseNCodec.available(org.apache.commons.codec.binary.BaseNCodec$Context)
MethodEnter
query: SELECT f.* FROM perfrt.files AS f INNER JOIN perfrt.commits AS c ON f.commit_id = c.id WHERE c.commit_hash='8871e9c72eefda5b047d8e9fcc3654e5fab3c198' AND f.name LIKE '%BaseNCodec.java';
onEnter - Class: BaseNCodec.java method: int org.apache.commons.codec.binary.BaseNCodec.available(org.apache.commons.codec.binary.BaseNCodec$Context)
MethodEnter
query: SELECT f.* FROM perfrt.files AS f INNER JOIN perfrt.commits AS c ON f.commit_id = c.id WHERE c.commit_hash='8871e9c72eefda5b047d8e9fcc3654e5fab3c198' AND f.name LIKE '%BaseNCodec.java';
onEnter - Class: BaseNCodec.java method: boolean org.apache.commons.codec.binary.BaseNCodec.hasData(org.apache.commons.codec.binary.BaseNCodec$Context)
MethodEnter
query: SELECT f.* FROM perfrt.files AS f INNER JOIN perfrt.commits AS c ON f.commit_id = c.id WHERE c.commit_hash='8871e9c72eefda5b047d8e9fcc3654e5fab3c198' AND f.name LIKE '%BaseNCodec.java';
onEnter - Class: BaseNCodec.java method: boolean org.apache.commons.codec.binary.BaseNCodec.hasData(org.apache.commons.codec.binary.BaseNCodec$Context)
MethodEnter
query: SELECT f.* FROM perfrt.files AS f INNER JOIN perfrt.commits AS c ON f.commit_id = c.id WHERE c.commit_hash='8871e9c72eefda5b047d8e9fcc3654e5fab3c198' AND f.name LIKE '%BaseNCodec.java';
onExit - Class: BaseNCodec.java.java method: boolean org.apache.commons.codec.binary.BaseNCodec.hasData(org.apache.commons.codec.binary.BaseNCodec$Context) start: 1657658417526 end: 1657658417534 duration: 8retValue:
onExit - Class: BaseNCodec.java.java method: boolean org.apache.commons.codec.binary.BaseNCodec.hasData(org.apache.commons.codec.binary.BaseNCodec$Context) start: 1657658417518 end: 1657658417543 duration: 25retValue:
onExit - Class: BaseNCodec.java.java method: int org.apache.commons.codec.binary.BaseNCodec.available(org.apache.commons.codec.binary.BaseNCodec$Context) start: 1657658417510 end: 1657658417551 duration: 41retValue:
onExit - Class: BaseNCodec.java.java method: int org.apache.commons.codec.binary.BaseNCodec.available(org.apache.commons.codec.binary.BaseNCodec$Context) start: 1657658417500 end: 1657658417559 duration: 59retValue:
onEnter - Class: BaseNCodec.java method: boolean org.apache.commons.codec.binary.BaseNCodec.hasData(org.apache.commons.codec.binary.BaseNCodec$Context)
MethodEnter
query: SELECT f.* FROM perfrt.files AS f INNER JOIN perfrt.commits AS c ON f.commit_id = c.id WHERE c.commit_hash='8871e9c72eefda5b047d8e9fcc3654e5fab3c198' AND f.name LIKE '%BaseNCodec.java';
onEnter - Class: BaseNCodec.java method: boolean org.apache.commons.codec.binary.BaseNCodec.hasData(org.apache.commons.codec.binary.BaseNCodec$Context)
MethodEnter
query: SELECT f.* FROM perfrt.files AS f INNER JOIN perfrt.commits AS c ON f.commit_id = c.id WHERE c.commit_hash='8871e9c72eefda5b047d8e9fcc3654e5fab3c198' AND f.name LIKE '%BaseNCodec.java';
onExit - Class: BaseNCodec.java.java method: boolean org.apache.commons.codec.binary.BaseNCodec.hasData(org.apache.commons.codec.binary.BaseNCodec$Context) start: 1657658417576 end: 1657658417611 duration: 35retValue:
onExit - Class: BaseNCodec.java.java method: boolean org.apache.commons.codec.binary.BaseNCodec.hasData(org.apache.commons.codec.binary.BaseNCodec$Context) start: 1657658417567 end: 1657658417645 duration: 78retValue:
onExit - Class: BaseNCodec.java.java method: int org.apache.commons.codec.binary.BaseNCodec.readResults(byte[],int,int,org.apache.commons.codec.binary.BaseNCodec$Context) start: 1657658417455 end: 1657658417666 duration: 211retValue:
onExit - Class: BaseNCodec.java.java method: int org.apache.commons.codec.binary.BaseNCodec.readResults(byte[],int,int,org.apache.commons.codec.binary.BaseNCodec$Context) start: 1657658417447 end: 1657658417676 duration: 229retValue:
onExit - Class: BaseNCodecInputStream.java.java method: public int org.apache.commons.codec.binary.BaseNCodecInputStream.read(byte[],int,int) throws java.io.IOException start: 1657658417405 end: 1657658417688 duration: 283retValue:
onExit - Class: BaseNCodecInputStream.java.java method: public int org.apache.commons.codec.binary.BaseNCodecInputStream.read(byte[],int,int) throws java.io.IOException start: 1657658417397 end: 1657658417697 duration: 300retValue:
onExit - Class: BaseNCodecInputStream.java.java method: public int org.apache.commons.codec.binary.BaseNCodecInputStream.read() throws java.io.IOException start: 1657658417389 end: 1657658417705 duration: 316retValue:
onExit - Class: BaseNCodecInputStream.java.java method: public int org.apache.commons.codec.binary.BaseNCodecInputStream.read() throws java.io.IOException start: 1657658417382 end: 1657658417713 duration: 331retValue:
onEnter - Class: BaseNCodecInputStream.java method: public int org.apache.commons.codec.binary.BaseNCodecInputStream.read() throws java.io.IOException
MethodEnter
query: SELECT f.* FROM perfrt.files AS f INNER JOIN perfrt.commits AS c ON f.commit_id = c.id WHERE c.commit_hash='8871e9c72eefda5b047d8e9fcc3654e5fab3c198' AND f.name LIKE '%BaseNCodecInputStream.java';
onEnter - Class: BaseNCodecInputStream.java method: public int org.apache.commons.codec.binary.BaseNCodecInputStream.read() throws java.io.IOException
MethodEnter
query: SELECT f.* FROM perfrt.files AS f INNER JOIN perfrt.commits AS c ON f.commit_id = c.id WHERE c.commit_hash='8871e9c72eefda5b047d8e9fcc3654e5fab3c198' AND f.name LIKE '%BaseNCodecInputStream.java';
onEnter - Class: BaseNCodecInputStream.java method: public int org.apache.commons.codec.binary.BaseNCodecInputStream.read(byte[],int,int) throws java.io.IOException
MethodEnter
query: SELECT f.* FROM perfrt.files AS f INNER JOIN perfrt.commits AS c ON f.commit_id = c.id WHERE c.commit_hash='8871e9c72eefda5b047d8e9fcc3654e5fab3c198' AND f.name LIKE '%BaseNCodecInputStream.java';
onEnter - Class: BaseNCodecInputStream.java method: public int org.apache.commons.codec.binary.BaseNCodecInputStream.read(byte[],int,int) throws java.io.IOException
MethodEnter
query: SELECT f.* FROM perfrt.files AS f INNER JOIN perfrt.commits AS c ON f.commit_id = c.id WHERE c.commit_hash='8871e9c72eefda5b047d8e9fcc3654e5fab3c198' AND f.name LIKE '%BaseNCodecInputStream.java';
onEnter - Class: BaseNCodec.java method: boolean org.apache.commons.codec.binary.BaseNCodec.hasData(org.apache.commons.codec.binary.BaseNCodec$Context)
MethodEnter
query: SELECT f.* FROM perfrt.files AS f INNER JOIN perfrt.commits AS c ON f.commit_id = c.id WHERE c.commit_hash='8871e9c72eefda5b047d8e9fcc3654e5fab3c198' AND f.name LIKE '%BaseNCodec.java';
onEnter - Class: BaseNCodec.java method: boolean org.apache.commons.codec.binary.BaseNCodec.hasData(org.apache.commons.codec.binary.BaseNCodec$Context)
MethodEnter
query: SELECT f.* FROM perfrt.files AS f INNER JOIN perfrt.commits AS c ON f.commit_id = c.id WHERE c.commit_hash='8871e9c72eefda5b047d8e9fcc3654e5fab3c198' AND f.name LIKE '%BaseNCodec.java';
onExit - Class: BaseNCodec.java.java method: boolean org.apache.commons.codec.binary.BaseNCodec.hasData(org.apache.commons.codec.binary.BaseNCodec$Context) start: 1657658417761 end: 1657658417769 duration: 8retValue:
onExit - Class: BaseNCodec.java.java method: boolean org.apache.commons.codec.binary.BaseNCodec.hasData(org.apache.commons.codec.binary.BaseNCodec$Context) start: 1657658417754 end: 1657658417777 duration: 23retValue:
onEnter - Class: BaseNCodec.java method: int org.apache.commons.codec.binary.BaseNCodec.readResults(byte[],int,int,org.apache.commons.codec.binary.BaseNCodec$Context)
MethodEnter
query: SELECT f.* FROM perfrt.files AS f INNER JOIN perfrt.commits AS c ON f.commit_id = c.id WHERE c.commit_hash='8871e9c72eefda5b047d8e9fcc3654e5fab3c198' AND f.name LIKE '%BaseNCodec.java';
onEnter - Class: BaseNCodec.java method: int org.apache.commons.codec.binary.BaseNCodec.readResults(byte[],int,int,org.apache.commons.codec.binary.BaseNCodec$Context)
MethodEnter
query: SELECT f.* FROM perfrt.files AS f INNER JOIN perfrt.commits AS c ON f.commit_id = c.id WHERE c.commit_hash='8871e9c72eefda5b047d8e9fcc3654e5fab3c198' AND f.name LIKE '%BaseNCodec.java';
onEnter - Class: BaseNCodec.java method: boolean org.apache.commons.codec.binary.BaseNCodec.hasData(org.apache.commons.codec.binary.BaseNCodec$Context)
MethodEnter
query: SELECT f.* FROM perfrt.files AS f INNER JOIN perfrt.commits AS c ON f.commit_id = c.id WHERE c.commit_hash='8871e9c72eefda5b047d8e9fcc3654e5fab3c198' AND f.name LIKE '%BaseNCodec.java';
onEnter - Class: BaseNCodec.java method: boolean org.apache.commons.codec.binary.BaseNCodec.hasData(org.apache.commons.codec.binary.BaseNCodec$Context)
MethodEnter
query: SELECT f.* FROM perfrt.files AS f INNER JOIN perfrt.commits AS c ON f.commit_id = c.id WHERE c.commit_hash='8871e9c72eefda5b047d8e9fcc3654e5fab3c198' AND f.name LIKE '%BaseNCodec.java';
onExit - Class: BaseNCodec.java.java method: boolean org.apache.commons.codec.binary.BaseNCodec.hasData(org.apache.commons.codec.binary.BaseNCodec$Context) start: 1657658417806 end: 1657658417817 duration: 11retValue:
onExit - Class: BaseNCodec.java.java method: boolean org.apache.commons.codec.binary.BaseNCodec.hasData(org.apache.commons.codec.binary.BaseNCodec$Context) start: 1657658417799 end: 1657658417825 duration: 26retValue:
onEnter - Class: BaseNCodec.java method: int org.apache.commons.codec.binary.BaseNCodec.available(org.apache.commons.codec.binary.BaseNCodec$Context)
MethodEnter
query: SELECT f.* FROM perfrt.files AS f INNER JOIN perfrt.commits AS c ON f.commit_id = c.id WHERE c.commit_hash='8871e9c72eefda5b047d8e9fcc3654e5fab3c198' AND f.name LIKE '%BaseNCodec.java';
onEnter - Class: BaseNCodec.java method: int org.apache.commons.codec.binary.BaseNCodec.available(org.apache.commons.codec.binary.BaseNCodec$Context)
MethodEnter
query: SELECT f.* FROM perfrt.files AS f INNER JOIN perfrt.commits AS c ON f.commit_id = c.id WHERE c.commit_hash='8871e9c72eefda5b047d8e9fcc3654e5fab3c198' AND f.name LIKE '%BaseNCodec.java';
onEnter - Class: BaseNCodec.java method: boolean org.apache.commons.codec.binary.BaseNCodec.hasData(org.apache.commons.codec.binary.BaseNCodec$Context)
MethodEnter
query: SELECT f.* FROM perfrt.files AS f INNER JOIN perfrt.commits AS c ON f.commit_id = c.id WHERE c.commit_hash='8871e9c72eefda5b047d8e9fcc3654e5fab3c198' AND f.name LIKE '%BaseNCodec.java';
onEnter - Class: BaseNCodec.java method: boolean org.apache.commons.codec.binary.BaseNCodec.hasData(org.apache.commons.codec.binary.BaseNCodec$Context)
MethodEnter
query: SELECT f.* FROM perfrt.files AS f INNER JOIN perfrt.commits AS c ON f.commit_id = c.id WHERE c.commit_hash='8871e9c72eefda5b047d8e9fcc3654e5fab3c198' AND f.name LIKE '%BaseNCodec.java';
onExit - Class: BaseNCodec.java.java method: boolean org.apache.commons.codec.binary.BaseNCodec.hasData(org.apache.commons.codec.binary.BaseNCodec$Context) start: 1657658417857 end: 1657658417865 duration: 8retValue:
onExit - Class: BaseNCodec.java.java method: boolean org.apache.commons.codec.binary.BaseNCodec.hasData(org.apache.commons.codec.binary.BaseNCodec$Context) start: 1657658417849 end: 1657658417872 duration: 23retValue:
onExit - Class: BaseNCodec.java.java method: int org.apache.commons.codec.binary.BaseNCodec.available(org.apache.commons.codec.binary.BaseNCodec$Context) start: 1657658417840 end: 1657658417879 duration: 39retValue:
onExit - Class: BaseNCodec.java.java method: int org.apache.commons.codec.binary.BaseNCodec.available(org.apache.commons.codec.binary.BaseNCodec$Context) start: 1657658417833 end: 1657658417886 duration: 53retValue:
onEnter - Class: BaseNCodec.java method: boolean org.apache.commons.codec.binary.BaseNCodec.hasData(org.apache.commons.codec.binary.BaseNCodec$Context)
MethodEnter
query: SELECT f.* FROM perfrt.files AS f INNER JOIN perfrt.commits AS c ON f.commit_id = c.id WHERE c.commit_hash='8871e9c72eefda5b047d8e9fcc3654e5fab3c198' AND f.name LIKE '%BaseNCodec.java';
onEnter - Class: BaseNCodec.java method: boolean org.apache.commons.codec.binary.BaseNCodec.hasData(org.apache.commons.codec.binary.BaseNCodec$Context)
MethodEnter
query: SELECT f.* FROM perfrt.files AS f INNER JOIN perfrt.commits AS c ON f.commit_id = c.id WHERE c.commit_hash='8871e9c72eefda5b047d8e9fcc3654e5fab3c198' AND f.name LIKE '%BaseNCodec.java';
onExit - Class: BaseNCodec.java.java method: boolean org.apache.commons.codec.binary.BaseNCodec.hasData(org.apache.commons.codec.binary.BaseNCodec$Context) start: 1657658417923 end: 1657658417942 duration: 19retValue:
onExit - Class: BaseNCodec.java.java method: boolean org.apache.commons.codec.binary.BaseNCodec.hasData(org.apache.commons.codec.binary.BaseNCodec$Context) start: 1657658417896 end: 1657658417957 duration: 61retValue:
onExit - Class: BaseNCodec.java.java method: int org.apache.commons.codec.binary.BaseNCodec.readResults(byte[],int,int,org.apache.commons.codec.binary.BaseNCodec$Context) start: 1657658417792 end: 1657658417970 duration: 178retValue:
onExit - Class: BaseNCodec.java.java method: int org.apache.commons.codec.binary.BaseNCodec.readResults(byte[],int,int,org.apache.commons.codec.binary.BaseNCodec$Context) start: 1657658417784 end: 1657658417982 duration: 198retValue:
onExit - Class: BaseNCodecInputStream.java.java method: public int org.apache.commons.codec.binary.BaseNCodecInputStream.read(byte[],int,int) throws java.io.IOException start: 1657658417746 end: 1657658417996 duration: 250retValue:
onExit - Class: BaseNCodecInputStream.java.java method: public int org.apache.commons.codec.binary.BaseNCodecInputStream.read(byte[],int,int) throws java.io.IOException start: 1657658417738 end: 1657658418013 duration: 275retValue:
onExit - Class: BaseNCodecInputStream.java.java method: public int org.apache.commons.codec.binary.BaseNCodecInputStream.read() throws java.io.IOException start: 1657658417728 end: 1657658418026 duration: 298retValue:
onExit - Class: BaseNCodecInputStream.java.java method: public int org.apache.commons.codec.binary.BaseNCodecInputStream.read() throws java.io.IOException start: 1657658417720 end: 1657658418039 duration: 319retValue:
onEnter - Class: BaseNCodecInputStream.java method: public int org.apache.commons.codec.binary.BaseNCodecInputStream.read() throws java.io.IOException
MethodEnter
query: SELECT f.* FROM perfrt.files AS f INNER JOIN perfrt.commits AS c ON f.commit_id = c.id WHERE c.commit_hash='8871e9c72eefda5b047d8e9fcc3654e5fab3c198' AND f.name LIKE '%BaseNCodecInputStream.java';
onEnter - Class: BaseNCodecInputStream.java method: public int org.apache.commons.codec.binary.BaseNCodecInputStream.read() throws java.io.IOException
MethodEnter
query: SELECT f.* FROM perfrt.files AS f INNER JOIN perfrt.commits AS c ON f.commit_id = c.id WHERE c.commit_hash='8871e9c72eefda5b047d8e9fcc3654e5fab3c198' AND f.name LIKE '%BaseNCodecInputStream.java';
onEnter - Class: BaseNCodecInputStream.java method: public int org.apache.commons.codec.binary.BaseNCodecInputStream.read(byte[],int,int) throws java.io.IOException
MethodEnter
query: SELECT f.* FROM perfrt.files AS f INNER JOIN perfrt.commits AS c ON f.commit_id = c.id WHERE c.commit_hash='8871e9c72eefda5b047d8e9fcc3654e5fab3c198' AND f.name LIKE '%BaseNCodecInputStream.java';
onEnter - Class: BaseNCodecInputStream.java method: public int org.apache.commons.codec.binary.BaseNCodecInputStream.read(byte[],int,int) throws java.io.IOException
MethodEnter
query: SELECT f.* FROM perfrt.files AS f INNER JOIN perfrt.commits AS c ON f.commit_id = c.id WHERE c.commit_hash='8871e9c72eefda5b047d8e9fcc3654e5fab3c198' AND f.name LIKE '%BaseNCodecInputStream.java';
onEnter - Class: BaseNCodec.java method: boolean org.apache.commons.codec.binary.BaseNCodec.hasData(org.apache.commons.codec.binary.BaseNCodec$Context)
MethodEnter
query: SELECT f.* FROM perfrt.files AS f INNER JOIN perfrt.commits AS c ON f.commit_id = c.id WHERE c.commit_hash='8871e9c72eefda5b047d8e9fcc3654e5fab3c198' AND f.name LIKE '%BaseNCodec.java';
onEnter - Class: BaseNCodec.java method: boolean org.apache.commons.codec.binary.BaseNCodec.hasData(org.apache.commons.codec.binary.BaseNCodec$Context)
MethodEnter
query: SELECT f.* FROM perfrt.files AS f INNER JOIN perfrt.commits AS c ON f.commit_id = c.id WHERE c.commit_hash='8871e9c72eefda5b047d8e9fcc3654e5fab3c198' AND f.name LIKE '%BaseNCodec.java';
onExit - Class: BaseNCodec.java.java method: boolean org.apache.commons.codec.binary.BaseNCodec.hasData(org.apache.commons.codec.binary.BaseNCodec$Context) start: 1657658418096 end: 1657658418103 duration: 7retValue:
onExit - Class: BaseNCodec.java.java method: boolean org.apache.commons.codec.binary.BaseNCodec.hasData(org.apache.commons.codec.binary.BaseNCodec$Context) start: 1657658418087 end: 1657658418111 duration: 24retValue:
onEnter - Class: BaseNCodec.java method: int org.apache.commons.codec.binary.BaseNCodec.readResults(byte[],int,int,org.apache.commons.codec.binary.BaseNCodec$Context)
MethodEnter
query: SELECT f.* FROM perfrt.files AS f INNER JOIN perfrt.commits AS c ON f.commit_id = c.id WHERE c.commit_hash='8871e9c72eefda5b047d8e9fcc3654e5fab3c198' AND f.name LIKE '%BaseNCodec.java';
onEnter - Class: BaseNCodec.java method: int org.apache.commons.codec.binary.BaseNCodec.readResults(byte[],int,int,org.apache.commons.codec.binary.BaseNCodec$Context)
MethodEnter
query: SELECT f.* FROM perfrt.files AS f INNER JOIN perfrt.commits AS c ON f.commit_id = c.id WHERE c.commit_hash='8871e9c72eefda5b047d8e9fcc3654e5fab3c198' AND f.name LIKE '%BaseNCodec.java';
onEnter - Class: BaseNCodec.java method: boolean org.apache.commons.codec.binary.BaseNCodec.hasData(org.apache.commons.codec.binary.BaseNCodec$Context)
MethodEnter
query: SELECT f.* FROM perfrt.files AS f INNER JOIN perfrt.commits AS c ON f.commit_id = c.id WHERE c.commit_hash='8871e9c72eefda5b047d8e9fcc3654e5fab3c198' AND f.name LIKE '%BaseNCodec.java';
onEnter - Class: BaseNCodec.java method: boolean org.apache.commons.codec.binary.BaseNCodec.hasData(org.apache.commons.codec.binary.BaseNCodec$Context)
MethodEnter
query: SELECT f.* FROM perfrt.files AS f INNER JOIN perfrt.commits AS c ON f.commit_id = c.id WHERE c.commit_hash='8871e9c72eefda5b047d8e9fcc3654e5fab3c198' AND f.name LIKE '%BaseNCodec.java';
onExit - Class: BaseNCodec.java.java method: boolean org.apache.commons.codec.binary.BaseNCodec.hasData(org.apache.commons.codec.binary.BaseNCodec$Context) start: 1657658418145 end: 1657658418154 duration: 9retValue:
onExit - Class: BaseNCodec.java.java method: boolean org.apache.commons.codec.binary.BaseNCodec.hasData(org.apache.commons.codec.binary.BaseNCodec$Context) start: 1657658418136 end: 1657658418162 duration: 26retValue:
onEnter - Class: BaseNCodec.java method: int org.apache.commons.codec.binary.BaseNCodec.available(org.apache.commons.codec.binary.BaseNCodec$Context)
MethodEnter
query: SELECT f.* FROM perfrt.files AS f INNER JOIN perfrt.commits AS c ON f.commit_id = c.id WHERE c.commit_hash='8871e9c72eefda5b047d8e9fcc3654e5fab3c198' AND f.name LIKE '%BaseNCodec.java';
onEnter - Class: BaseNCodec.java method: int org.apache.commons.codec.binary.BaseNCodec.available(org.apache.commons.codec.binary.BaseNCodec$Context)
MethodEnter
query: SELECT f.* FROM perfrt.files AS f INNER JOIN perfrt.commits AS c ON f.commit_id = c.id WHERE c.commit_hash='8871e9c72eefda5b047d8e9fcc3654e5fab3c198' AND f.name LIKE '%BaseNCodec.java';
onEnter - Class: BaseNCodec.java method: boolean org.apache.commons.codec.binary.BaseNCodec.hasData(org.apache.commons.codec.binary.BaseNCodec$Context)
MethodEnter
query: SELECT f.* FROM perfrt.files AS f INNER JOIN perfrt.commits AS c ON f.commit_id = c.id WHERE c.commit_hash='8871e9c72eefda5b047d8e9fcc3654e5fab3c198' AND f.name LIKE '%BaseNCodec.java';
onEnter - Class: BaseNCodec.java method: boolean org.apache.commons.codec.binary.BaseNCodec.hasData(org.apache.commons.codec.binary.BaseNCodec$Context)
MethodEnter
query: SELECT f.* FROM perfrt.files AS f INNER JOIN perfrt.commits AS c ON f.commit_id = c.id WHERE c.commit_hash='8871e9c72eefda5b047d8e9fcc3654e5fab3c198' AND f.name LIKE '%BaseNCodec.java';
onExit - Class: BaseNCodec.java.java method: boolean org.apache.commons.codec.binary.BaseNCodec.hasData(org.apache.commons.codec.binary.BaseNCodec$Context) start: 1657658418193 end: 1657658418200 duration: 7retValue:
onExit - Class: BaseNCodec.java.java method: boolean org.apache.commons.codec.binary.BaseNCodec.hasData(org.apache.commons.codec.binary.BaseNCodec$Context) start: 1657658418185 end: 1657658418208 duration: 23retValue:
onExit - Class: BaseNCodec.java.java method: int org.apache.commons.codec.binary.BaseNCodec.available(org.apache.commons.codec.binary.BaseNCodec$Context) start: 1657658418178 end: 1657658418215 duration: 37retValue:
onExit - Class: BaseNCodec.java.java method: int org.apache.commons.codec.binary.BaseNCodec.available(org.apache.commons.codec.binary.BaseNCodec$Context) start: 1657658418169 end: 1657658418223 duration: 54retValue:
onEnter - Class: BaseNCodec.java method: boolean org.apache.commons.codec.binary.BaseNCodec.hasData(org.apache.commons.codec.binary.BaseNCodec$Context)
MethodEnter
query: SELECT f.* FROM perfrt.files AS f INNER JOIN perfrt.commits AS c ON f.commit_id = c.id WHERE c.commit_hash='8871e9c72eefda5b047d8e9fcc3654e5fab3c198' AND f.name LIKE '%BaseNCodec.java';
onEnter - Class: BaseNCodec.java method: boolean org.apache.commons.codec.binary.BaseNCodec.hasData(org.apache.commons.codec.binary.BaseNCodec$Context)
MethodEnter
query: SELECT f.* FROM perfrt.files AS f INNER JOIN perfrt.commits AS c ON f.commit_id = c.id WHERE c.commit_hash='8871e9c72eefda5b047d8e9fcc3654e5fab3c198' AND f.name LIKE '%BaseNCodec.java';
onExit - Class: BaseNCodec.java.java method: boolean org.apache.commons.codec.binary.BaseNCodec.hasData(org.apache.commons.codec.binary.BaseNCodec$Context) start: 1657658418238 end: 1657658418245 duration: 7retValue:
onExit - Class: BaseNCodec.java.java method: boolean org.apache.commons.codec.binary.BaseNCodec.hasData(org.apache.commons.codec.binary.BaseNCodec$Context) start: 1657658418231 end: 1657658418255 duration: 24retValue:
onExit - Class: BaseNCodec.java.java method: int org.apache.commons.codec.binary.BaseNCodec.readResults(byte[],int,int,org.apache.commons.codec.binary.BaseNCodec$Context) start: 1657658418127 end: 1657658418262 duration: 135retValue:
onExit - Class: BaseNCodec.java.java method: int org.apache.commons.codec.binary.BaseNCodec.readResults(byte[],int,int,org.apache.commons.codec.binary.BaseNCodec$Context) start: 1657658418119 end: 1657658418271 duration: 152retValue:
onExit - Class: BaseNCodecInputStream.java.java method: public int org.apache.commons.codec.binary.BaseNCodecInputStream.read(byte[],int,int) throws java.io.IOException start: 1657658418079 end: 1657658418280 duration: 201retValue:
onExit - Class: BaseNCodecInputStream.java.java method: public int org.apache.commons.codec.binary.BaseNCodecInputStream.read(byte[],int,int) throws java.io.IOException start: 1657658418071 end: 1657658418291 duration: 220retValue:
onExit - Class: BaseNCodecInputStream.java.java method: public int org.apache.commons.codec.binary.BaseNCodecInputStream.read() throws java.io.IOException start: 1657658418062 end: 1657658418301 duration: 239retValue:
onExit - Class: BaseNCodecInputStream.java.java method: public int org.apache.commons.codec.binary.BaseNCodecInputStream.read() throws java.io.IOException start: 1657658418051 end: 1657658418310 duration: 259retValue:
onEnter - Class: FilterInputStream.java method: public void java.io.FilterInputStream.close() throws java.io.IOException
MethodEnter
query: SELECT f.* FROM perfrt.files AS f INNER JOIN perfrt.commits AS c ON f.commit_id = c.id WHERE c.commit_hash='8871e9c72eefda5b047d8e9fcc3654e5fab3c198' AND f.name LIKE '%FilterInputStream.java';
onEnter - Class: FilterInputStream.java method: public void java.io.FilterInputStream.close() throws java.io.IOException
MethodEnter
query: SELECT f.* FROM perfrt.files AS f INNER JOIN perfrt.commits AS c ON f.commit_id = c.id WHERE c.commit_hash='8871e9c72eefda5b047d8e9fcc3654e5fab3c198' AND f.name LIKE '%FilterInputStream.java';
onEnter - Class: InputStream.java method: public void java.io.InputStream.close() throws java.io.IOException
MethodEnter
query: SELECT f.* FROM perfrt.files AS f INNER JOIN perfrt.commits AS c ON f.commit_id = c.id WHERE c.commit_hash='8871e9c72eefda5b047d8e9fcc3654e5fab3c198' AND f.name LIKE '%InputStream.java';
onExit - Class: InputStream.java.java method: public void java.io.InputStream.close() throws java.io.IOException start: 1657658418331 end: 1657658418344 duration: 13retValue:
onExit - Class: FilterInputStream.java.java method: public void java.io.FilterInputStream.close() throws java.io.IOException start: 1657658418325 end: 1657658418353 duration: 28retValue:
onExit - Class: FilterInputStream.java.java method: public void java.io.FilterInputStream.close() throws java.io.IOException start: 1657658418318 end: 1657658418360 duration: 42retValue:
onExit - Class: Base32InputStreamTest.java.java method: public void org.apache.commons.codec.binary.Base32InputStreamTest.testCodec105() throws java.io.IOException start: 1657658415528 end: 1657658418365 duration: 2837retValue:

Thanks for using JUnit! Support its development at https://junit.org/sponsoring

[36m[0m
[36m[0m [36mJUnit Jupiter[0m [32m[0m
[36m  [0m [36mBase32InputStreamTest[0m [32m[0m
[36m     [0m [34mtestCodec105()[0m [32m[0m
[36m[0m [36mJUnit Vintage[0m [32m[0m

Test run finished after 2899 ms
[         3 containers found      ]
[         0 containers skipped    ]
[         3 containers started    ]
[         0 containers aborted    ]
[         3 containers successful ]
[         0 containers failed     ]
[         1 tests found           ]
[         0 tests skipped         ]
[         1 tests started         ]
[         0 tests aborted         ]
[         1 tests successful      ]
[         0 tests failed          ]

