Premain
onEnter - Class: Hex.java method: public java.lang.Object org.apache.commons.codec.binary.Hex.decode(java.lang.Object) throws org.apache.commons.codec.DecoderException
MethodEnter
query: SELECT f.* FROM perfrt.files AS f INNER JOIN perfrt.commits AS c ON f.commit_id = c.id WHERE c.commit_hash='8871e9c72eefda5b047d8e9fcc3654e5fab3c198' AND f.name LIKE '%Hex.java';
onEnter - Class: Hex.java method: public java.lang.Object org.apache.commons.codec.binary.Hex.decode(java.lang.Object) throws org.apache.commons.codec.DecoderException
MethodEnter
query: SELECT f.* FROM perfrt.files AS f INNER JOIN perfrt.commits AS c ON f.commit_id = c.id WHERE c.commit_hash='8871e9c72eefda5b047d8e9fcc3654e5fab3c198' AND f.name LIKE '%Hex.java';
onEnter - Class: Hex.java method: public static byte[] org.apache.commons.codec.binary.Hex.decodeHex(char[]) throws org.apache.commons.codec.DecoderException
MethodEnter
query: SELECT f.* FROM perfrt.files AS f INNER JOIN perfrt.commits AS c ON f.commit_id = c.id WHERE c.commit_hash='8871e9c72eefda5b047d8e9fcc3654e5fab3c198' AND f.name LIKE '%Hex.java';
onEnter - Class: Hex.java method: public static int org.apache.commons.codec.binary.Hex.decodeHex(char[],byte[],int) throws org.apache.commons.codec.DecoderException
MethodEnter
query: SELECT f.* FROM perfrt.files AS f INNER JOIN perfrt.commits AS c ON f.commit_id = c.id WHERE c.commit_hash='8871e9c72eefda5b047d8e9fcc3654e5fab3c198' AND f.name LIKE '%Hex.java';
onEnter - Class: Hex.java method: protected static int org.apache.commons.codec.binary.Hex.toDigit(char,int) throws org.apache.commons.codec.DecoderException
MethodEnter
query: SELECT f.* FROM perfrt.files AS f INNER JOIN perfrt.commits AS c ON f.commit_id = c.id WHERE c.commit_hash='8871e9c72eefda5b047d8e9fcc3654e5fab3c198' AND f.name LIKE '%Hex.java';
onExit - Class: Hex.java.java method: protected static int org.apache.commons.codec.binary.Hex.toDigit(char,int) throws org.apache.commons.codec.DecoderException start: 1657647383845 end: 1657647384223 duration: 378retValue:
onEnter - Class: Hex.java method: protected static int org.apache.commons.codec.binary.Hex.toDigit(char,int) throws org.apache.commons.codec.DecoderException
MethodEnter
query: SELECT f.* FROM perfrt.files AS f INNER JOIN perfrt.commits AS c ON f.commit_id = c.id WHERE c.commit_hash='8871e9c72eefda5b047d8e9fcc3654e5fab3c198' AND f.name LIKE '%Hex.java';
onExit - Class: Hex.java.java method: protected static int org.apache.commons.codec.binary.Hex.toDigit(char,int) throws org.apache.commons.codec.DecoderException start: 1657647384645 end: 1657647384958 duration: 313retValue:
onEnter - Class: Hex.java method: protected static int org.apache.commons.codec.binary.Hex.toDigit(char,int) throws org.apache.commons.codec.DecoderException
MethodEnter
query: SELECT f.* FROM perfrt.files AS f INNER JOIN perfrt.commits AS c ON f.commit_id = c.id WHERE c.commit_hash='8871e9c72eefda5b047d8e9fcc3654e5fab3c198' AND f.name LIKE '%Hex.java';
onExit - Class: Hex.java.java method: protected static int org.apache.commons.codec.binary.Hex.toDigit(char,int) throws org.apache.commons.codec.DecoderException start: 1657647385374 end: 1657647385848 duration: 474retValue:
onEnter - Class: Hex.java method: protected static int org.apache.commons.codec.binary.Hex.toDigit(char,int) throws org.apache.commons.codec.DecoderException
MethodEnter
query: SELECT f.* FROM perfrt.files AS f INNER JOIN perfrt.commits AS c ON f.commit_id = c.id WHERE c.commit_hash='8871e9c72eefda5b047d8e9fcc3654e5fab3c198' AND f.name LIKE '%Hex.java';
onExit - Class: Hex.java.java method: protected static int org.apache.commons.codec.binary.Hex.toDigit(char,int) throws org.apache.commons.codec.DecoderException start: 1657647386205 end: 1657647386599 duration: 394retValue:
onEnter - Class: Hex.java method: protected static int org.apache.commons.codec.binary.Hex.toDigit(char,int) throws org.apache.commons.codec.DecoderException
MethodEnter
query: SELECT f.* FROM perfrt.files AS f INNER JOIN perfrt.commits AS c ON f.commit_id = c.id WHERE c.commit_hash='8871e9c72eefda5b047d8e9fcc3654e5fab3c198' AND f.name LIKE '%Hex.java';
onExit - Class: Hex.java.java method: protected static int org.apache.commons.codec.binary.Hex.toDigit(char,int) throws org.apache.commons.codec.DecoderException start: 1657647386969 end: 1657647387353 duration: 384retValue:
onEnter - Class: Hex.java method: protected static int org.apache.commons.codec.binary.Hex.toDigit(char,int) throws org.apache.commons.codec.DecoderException
MethodEnter
query: SELECT f.* FROM perfrt.files AS f INNER JOIN perfrt.commits AS c ON f.commit_id = c.id WHERE c.commit_hash='8871e9c72eefda5b047d8e9fcc3654e5fab3c198' AND f.name LIKE '%Hex.java';
onExit - Class: Hex.java.java method: protected static int org.apache.commons.codec.binary.Hex.toDigit(char,int) throws org.apache.commons.codec.DecoderException start: 1657647387673 end: 1657647388074 duration: 401retValue:
onEnter - Class: Hex.java method: protected static int org.apache.commons.codec.binary.Hex.toDigit(char,int) throws org.apache.commons.codec.DecoderException
MethodEnter
query: SELECT f.* FROM perfrt.files AS f INNER JOIN perfrt.commits AS c ON f.commit_id = c.id WHERE c.commit_hash='8871e9c72eefda5b047d8e9fcc3654e5fab3c198' AND f.name LIKE '%Hex.java';
onExit - Class: Hex.java.java method: protected static int org.apache.commons.codec.binary.Hex.toDigit(char,int) throws org.apache.commons.codec.DecoderException start: 1657647389002 end: 1657647389319 duration: 317retValue:
onEnter - Class: Hex.java method: protected static int org.apache.commons.codec.binary.Hex.toDigit(char,int) throws org.apache.commons.codec.DecoderException
MethodEnter
query: SELECT f.* FROM perfrt.files AS f INNER JOIN perfrt.commits AS c ON f.commit_id = c.id WHERE c.commit_hash='8871e9c72eefda5b047d8e9fcc3654e5fab3c198' AND f.name LIKE '%Hex.java';
onExit - Class: Hex.java.java method: protected static int org.apache.commons.codec.binary.Hex.toDigit(char,int) throws org.apache.commons.codec.DecoderException start: 1657647389573 end: 1657647389932 duration: 359retValue:
onEnter - Class: Hex.java method: protected static int org.apache.commons.codec.binary.Hex.toDigit(char,int) throws org.apache.commons.codec.DecoderException
MethodEnter
query: SELECT f.* FROM perfrt.files AS f INNER JOIN perfrt.commits AS c ON f.commit_id = c.id WHERE c.commit_hash='8871e9c72eefda5b047d8e9fcc3654e5fab3c198' AND f.name LIKE '%Hex.java';
onExit - Class: Hex.java.java method: protected static int org.apache.commons.codec.binary.Hex.toDigit(char,int) throws org.apache.commons.codec.DecoderException start: 1657647390297 end: 1657647390589 duration: 292retValue:
onEnter - Class: Hex.java method: protected static int org.apache.commons.codec.binary.Hex.toDigit(char,int) throws org.apache.commons.codec.DecoderException
MethodEnter
query: SELECT f.* FROM perfrt.files AS f INNER JOIN perfrt.commits AS c ON f.commit_id = c.id WHERE c.commit_hash='8871e9c72eefda5b047d8e9fcc3654e5fab3c198' AND f.name LIKE '%Hex.java';
onExit - Class: Hex.java.java method: protected static int org.apache.commons.codec.binary.Hex.toDigit(char,int) throws org.apache.commons.codec.DecoderException start: 1657647390908 end: 1657647391169 duration: 261retValue:
onEnter - Class: Hex.java method: protected static int org.apache.commons.codec.binary.Hex.toDigit(char,int) throws org.apache.commons.codec.DecoderException
MethodEnter
query: SELECT f.* FROM perfrt.files AS f INNER JOIN perfrt.commits AS c ON f.commit_id = c.id WHERE c.commit_hash='8871e9c72eefda5b047d8e9fcc3654e5fab3c198' AND f.name LIKE '%Hex.java';
onExit - Class: Hex.java.java method: protected static int org.apache.commons.codec.binary.Hex.toDigit(char,int) throws org.apache.commons.codec.DecoderException start: 1657647391470 end: 1657647391879 duration: 409retValue:
onEnter - Class: Hex.java method: protected static int org.apache.commons.codec.binary.Hex.toDigit(char,int) throws org.apache.commons.codec.DecoderException
MethodEnter
query: SELECT f.* FROM perfrt.files AS f INNER JOIN perfrt.commits AS c ON f.commit_id = c.id WHERE c.commit_hash='8871e9c72eefda5b047d8e9fcc3654e5fab3c198' AND f.name LIKE '%Hex.java';
onExit - Class: Hex.java.java method: protected static int org.apache.commons.codec.binary.Hex.toDigit(char,int) throws org.apache.commons.codec.DecoderException start: 1657647392127 end: 1657647392567 duration: 440retValue:
onEnter - Class: Hex.java method: protected static int org.apache.commons.codec.binary.Hex.toDigit(char,int) throws org.apache.commons.codec.DecoderException
MethodEnter
query: SELECT f.* FROM perfrt.files AS f INNER JOIN perfrt.commits AS c ON f.commit_id = c.id WHERE c.commit_hash='8871e9c72eefda5b047d8e9fcc3654e5fab3c198' AND f.name LIKE '%Hex.java';
onExit - Class: Hex.java.java method: protected static int org.apache.commons.codec.binary.Hex.toDigit(char,int) throws org.apache.commons.codec.DecoderException start: 1657647392893 end: 1657647393194 duration: 301retValue:
onEnter - Class: Hex.java method: protected static int org.apache.commons.codec.binary.Hex.toDigit(char,int) throws org.apache.commons.codec.DecoderException
MethodEnter
query: SELECT f.* FROM perfrt.files AS f INNER JOIN perfrt.commits AS c ON f.commit_id = c.id WHERE c.commit_hash='8871e9c72eefda5b047d8e9fcc3654e5fab3c198' AND f.name LIKE '%Hex.java';
onExit - Class: Hex.java.java method: protected static int org.apache.commons.codec.binary.Hex.toDigit(char,int) throws org.apache.commons.codec.DecoderException start: 1657647393506 end: 1657647393788 duration: 282retValue:
onEnter - Class: Hex.java method: protected static int org.apache.commons.codec.binary.Hex.toDigit(char,int) throws org.apache.commons.codec.DecoderException
MethodEnter
query: SELECT f.* FROM perfrt.files AS f INNER JOIN perfrt.commits AS c ON f.commit_id = c.id WHERE c.commit_hash='8871e9c72eefda5b047d8e9fcc3654e5fab3c198' AND f.name LIKE '%Hex.java';
onExit - Class: Hex.java.java method: protected static int org.apache.commons.codec.binary.Hex.toDigit(char,int) throws org.apache.commons.codec.DecoderException start: 1657647394067 end: 1657647394255 duration: 188retValue:
onEnter - Class: Hex.java method: protected static int org.apache.commons.codec.binary.Hex.toDigit(char,int) throws org.apache.commons.codec.DecoderException
MethodEnter
query: SELECT f.* FROM perfrt.files AS f INNER JOIN perfrt.commits AS c ON f.commit_id = c.id WHERE c.commit_hash='8871e9c72eefda5b047d8e9fcc3654e5fab3c198' AND f.name LIKE '%Hex.java';
onExit - Class: Hex.java.java method: protected static int org.apache.commons.codec.binary.Hex.toDigit(char,int) throws org.apache.commons.codec.DecoderException start: 1657647394472 end: 1657647394776 duration: 304retValue:
onEnter - Class: Hex.java method: protected static int org.apache.commons.codec.binary.Hex.toDigit(char,int) throws org.apache.commons.codec.DecoderException
MethodEnter
query: SELECT f.* FROM perfrt.files AS f INNER JOIN perfrt.commits AS c ON f.commit_id = c.id WHERE c.commit_hash='8871e9c72eefda5b047d8e9fcc3654e5fab3c198' AND f.name LIKE '%Hex.java';
onExit - Class: Hex.java.java method: protected static int org.apache.commons.codec.binary.Hex.toDigit(char,int) throws org.apache.commons.codec.DecoderException start: 1657647395096 end: 1657647395290 duration: 194retValue:
onEnter - Class: Hex.java method: protected static int org.apache.commons.codec.binary.Hex.toDigit(char,int) throws org.apache.commons.codec.DecoderException
MethodEnter
query: SELECT f.* FROM perfrt.files AS f INNER JOIN perfrt.commits AS c ON f.commit_id = c.id WHERE c.commit_hash='8871e9c72eefda5b047d8e9fcc3654e5fab3c198' AND f.name LIKE '%Hex.java';
onExit - Class: Hex.java.java method: protected static int org.apache.commons.codec.binary.Hex.toDigit(char,int) throws org.apache.commons.codec.DecoderException start: 1657647395329 end: 1657647395368 duration: 39retValue:
onEnter - Class: Hex.java method: protected static int org.apache.commons.codec.binary.Hex.toDigit(char,int) throws org.apache.commons.codec.DecoderException
MethodEnter
query: SELECT f.* FROM perfrt.files AS f INNER JOIN perfrt.commits AS c ON f.commit_id = c.id WHERE c.commit_hash='8871e9c72eefda5b047d8e9fcc3654e5fab3c198' AND f.name LIKE '%Hex.java';
onExit - Class: Hex.java.java method: protected static int org.apache.commons.codec.binary.Hex.toDigit(char,int) throws org.apache.commons.codec.DecoderException start: 1657647395392 end: 1657647395405 duration: 13retValue:
onEnter - Class: Hex.java method: protected static int org.apache.commons.codec.binary.Hex.toDigit(char,int) throws org.apache.commons.codec.DecoderException
MethodEnter
query: SELECT f.* FROM perfrt.files AS f INNER JOIN perfrt.commits AS c ON f.commit_id = c.id WHERE c.commit_hash='8871e9c72eefda5b047d8e9fcc3654e5fab3c198' AND f.name LIKE '%Hex.java';
onExit - Class: Hex.java.java method: protected static int org.apache.commons.codec.binary.Hex.toDigit(char,int) throws org.apache.commons.codec.DecoderException start: 1657647395416 end: 1657647395427 duration: 11retValue:
onEnter - Class: Hex.java method: protected static int org.apache.commons.codec.binary.Hex.toDigit(char,int) throws org.apache.commons.codec.DecoderException
MethodEnter
query: SELECT f.* FROM perfrt.files AS f INNER JOIN perfrt.commits AS c ON f.commit_id = c.id WHERE c.commit_hash='8871e9c72eefda5b047d8e9fcc3654e5fab3c198' AND f.name LIKE '%Hex.java';
onExit - Class: Hex.java.java method: protected static int org.apache.commons.codec.binary.Hex.toDigit(char,int) throws org.apache.commons.codec.DecoderException start: 1657647395437 end: 1657647395448 duration: 11retValue:
onEnter - Class: Hex.java method: protected static int org.apache.commons.codec.binary.Hex.toDigit(char,int) throws org.apache.commons.codec.DecoderException
MethodEnter
query: SELECT f.* FROM perfrt.files AS f INNER JOIN perfrt.commits AS c ON f.commit_id = c.id WHERE c.commit_hash='8871e9c72eefda5b047d8e9fcc3654e5fab3c198' AND f.name LIKE '%Hex.java';
onExit - Class: Hex.java.java method: protected static int org.apache.commons.codec.binary.Hex.toDigit(char,int) throws org.apache.commons.codec.DecoderException start: 1657647395458 end: 1657647395469 duration: 11retValue:
onEnter - Class: Hex.java method: protected static int org.apache.commons.codec.binary.Hex.toDigit(char,int) throws org.apache.commons.codec.DecoderException
MethodEnter
query: SELECT f.* FROM perfrt.files AS f INNER JOIN perfrt.commits AS c ON f.commit_id = c.id WHERE c.commit_hash='8871e9c72eefda5b047d8e9fcc3654e5fab3c198' AND f.name LIKE '%Hex.java';
onExit - Class: Hex.java.java method: protected static int org.apache.commons.codec.binary.Hex.toDigit(char,int) throws org.apache.commons.codec.DecoderException start: 1657647395480 end: 1657647395490 duration: 10retValue:
onEnter - Class: Hex.java method: protected static int org.apache.commons.codec.binary.Hex.toDigit(char,int) throws org.apache.commons.codec.DecoderException
MethodEnter
query: SELECT f.* FROM perfrt.files AS f INNER JOIN perfrt.commits AS c ON f.commit_id = c.id WHERE c.commit_hash='8871e9c72eefda5b047d8e9fcc3654e5fab3c198' AND f.name LIKE '%Hex.java';
onExit - Class: Hex.java.java method: protected static int org.apache.commons.codec.binary.Hex.toDigit(char,int) throws org.apache.commons.codec.DecoderException start: 1657647395499 end: 1657647395508 duration: 9retValue:
onEnter - Class: Hex.java method: protected static int org.apache.commons.codec.binary.Hex.toDigit(char,int) throws org.apache.commons.codec.DecoderException
MethodEnter
query: SELECT f.* FROM perfrt.files AS f INNER JOIN perfrt.commits AS c ON f.commit_id = c.id WHERE c.commit_hash='8871e9c72eefda5b047d8e9fcc3654e5fab3c198' AND f.name LIKE '%Hex.java';
onExit - Class: Hex.java.java method: protected static int org.apache.commons.codec.binary.Hex.toDigit(char,int) throws org.apache.commons.codec.DecoderException start: 1657647395517 end: 1657647395526 duration: 9retValue:
onEnter - Class: Hex.java method: protected static int org.apache.commons.codec.binary.Hex.toDigit(char,int) throws org.apache.commons.codec.DecoderException
MethodEnter
query: SELECT f.* FROM perfrt.files AS f INNER JOIN perfrt.commits AS c ON f.commit_id = c.id WHERE c.commit_hash='8871e9c72eefda5b047d8e9fcc3654e5fab3c198' AND f.name LIKE '%Hex.java';
onExit - Class: Hex.java.java method: protected static int org.apache.commons.codec.binary.Hex.toDigit(char,int) throws org.apache.commons.codec.DecoderException start: 1657647395535 end: 1657647395544 duration: 9retValue:
onEnter - Class: Hex.java method: protected static int org.apache.commons.codec.binary.Hex.toDigit(char,int) throws org.apache.commons.codec.DecoderException
MethodEnter
query: SELECT f.* FROM perfrt.files AS f INNER JOIN perfrt.commits AS c ON f.commit_id = c.id WHERE c.commit_hash='8871e9c72eefda5b047d8e9fcc3654e5fab3c198' AND f.name LIKE '%Hex.java';
onExit - Class: Hex.java.java method: protected static int org.apache.commons.codec.binary.Hex.toDigit(char,int) throws org.apache.commons.codec.DecoderException start: 1657647395553 end: 1657647395562 duration: 9retValue:
onEnter - Class: Hex.java method: protected static int org.apache.commons.codec.binary.Hex.toDigit(char,int) throws org.apache.commons.codec.DecoderException
MethodEnter
query: SELECT f.* FROM perfrt.files AS f INNER JOIN perfrt.commits AS c ON f.commit_id = c.id WHERE c.commit_hash='8871e9c72eefda5b047d8e9fcc3654e5fab3c198' AND f.name LIKE '%Hex.java';
onExit - Class: Hex.java.java method: protected static int org.apache.commons.codec.binary.Hex.toDigit(char,int) throws org.apache.commons.codec.DecoderException start: 1657647395571 end: 1657647395579 duration: 8retValue:
onEnter - Class: Hex.java method: protected static int org.apache.commons.codec.binary.Hex.toDigit(char,int) throws org.apache.commons.codec.DecoderException
MethodEnter
query: SELECT f.* FROM perfrt.files AS f INNER JOIN perfrt.commits AS c ON f.commit_id = c.id WHERE c.commit_hash='8871e9c72eefda5b047d8e9fcc3654e5fab3c198' AND f.name LIKE '%Hex.java';
onExit - Class: Hex.java.java method: protected static int org.apache.commons.codec.binary.Hex.toDigit(char,int) throws org.apache.commons.codec.DecoderException start: 1657647395588 end: 1657647395596 duration: 8retValue:
onEnter - Class: Hex.java method: protected static int org.apache.commons.codec.binary.Hex.toDigit(char,int) throws org.apache.commons.codec.DecoderException
MethodEnter
query: SELECT f.* FROM perfrt.files AS f INNER JOIN perfrt.commits AS c ON f.commit_id = c.id WHERE c.commit_hash='8871e9c72eefda5b047d8e9fcc3654e5fab3c198' AND f.name LIKE '%Hex.java';
onExit - Class: Hex.java.java method: protected static int org.apache.commons.codec.binary.Hex.toDigit(char,int) throws org.apache.commons.codec.DecoderException start: 1657647395605 end: 1657647395615 duration: 10retValue:
onEnter - Class: Hex.java method: protected static int org.apache.commons.codec.binary.Hex.toDigit(char,int) throws org.apache.commons.codec.DecoderException
MethodEnter
query: SELECT f.* FROM perfrt.files AS f INNER JOIN perfrt.commits AS c ON f.commit_id = c.id WHERE c.commit_hash='8871e9c72eefda5b047d8e9fcc3654e5fab3c198' AND f.name LIKE '%Hex.java';
onExit - Class: Hex.java.java method: protected static int org.apache.commons.codec.binary.Hex.toDigit(char,int) throws org.apache.commons.codec.DecoderException start: 1657647395626 end: 1657647395635 duration: 9retValue:
onEnter - Class: Hex.java method: protected static int org.apache.commons.codec.binary.Hex.toDigit(char,int) throws org.apache.commons.codec.DecoderException
MethodEnter
query: SELECT f.* FROM perfrt.files AS f INNER JOIN perfrt.commits AS c ON f.commit_id = c.id WHERE c.commit_hash='8871e9c72eefda5b047d8e9fcc3654e5fab3c198' AND f.name LIKE '%Hex.java';
onExit - Class: Hex.java.java method: protected static int org.apache.commons.codec.binary.Hex.toDigit(char,int) throws org.apache.commons.codec.DecoderException start: 1657647395643 end: 1657647395652 duration: 9retValue:
onEnter - Class: Hex.java method: protected static int org.apache.commons.codec.binary.Hex.toDigit(char,int) throws org.apache.commons.codec.DecoderException
MethodEnter
query: SELECT f.* FROM perfrt.files AS f INNER JOIN perfrt.commits AS c ON f.commit_id = c.id WHERE c.commit_hash='8871e9c72eefda5b047d8e9fcc3654e5fab3c198' AND f.name LIKE '%Hex.java';
onExit - Class: Hex.java.java method: protected static int org.apache.commons.codec.binary.Hex.toDigit(char,int) throws org.apache.commons.codec.DecoderException start: 1657647395660 end: 1657647395669 duration: 9retValue:
onEnter - Class: Hex.java method: protected static int org.apache.commons.codec.binary.Hex.toDigit(char,int) throws org.apache.commons.codec.DecoderException
MethodEnter
query: SELECT f.* FROM perfrt.files AS f INNER JOIN perfrt.commits AS c ON f.commit_id = c.id WHERE c.commit_hash='8871e9c72eefda5b047d8e9fcc3654e5fab3c198' AND f.name LIKE '%Hex.java';
onExit - Class: Hex.java.java method: protected static int org.apache.commons.codec.binary.Hex.toDigit(char,int) throws org.apache.commons.codec.DecoderException start: 1657647395676 end: 1657647395685 duration: 9retValue:
onEnter - Class: Hex.java method: protected static int org.apache.commons.codec.binary.Hex.toDigit(char,int) throws org.apache.commons.codec.DecoderException
MethodEnter
query: SELECT f.* FROM perfrt.files AS f INNER JOIN perfrt.commits AS c ON f.commit_id = c.id WHERE c.commit_hash='8871e9c72eefda5b047d8e9fcc3654e5fab3c198' AND f.name LIKE '%Hex.java';
onExit - Class: Hex.java.java method: protected static int org.apache.commons.codec.binary.Hex.toDigit(char,int) throws org.apache.commons.codec.DecoderException start: 1657647395693 end: 1657647395702 duration: 9retValue:
onEnter - Class: Hex.java method: protected static int org.apache.commons.codec.binary.Hex.toDigit(char,int) throws org.apache.commons.codec.DecoderException
MethodEnter
query: SELECT f.* FROM perfrt.files AS f INNER JOIN perfrt.commits AS c ON f.commit_id = c.id WHERE c.commit_hash='8871e9c72eefda5b047d8e9fcc3654e5fab3c198' AND f.name LIKE '%Hex.java';
onExit - Class: Hex.java.java method: protected static int org.apache.commons.codec.binary.Hex.toDigit(char,int) throws org.apache.commons.codec.DecoderException start: 1657647395711 end: 1657647395726 duration: 15retValue:
onEnter - Class: Hex.java method: protected static int org.apache.commons.codec.binary.Hex.toDigit(char,int) throws org.apache.commons.codec.DecoderException
MethodEnter
query: SELECT f.* FROM perfrt.files AS f INNER JOIN perfrt.commits AS c ON f.commit_id = c.id WHERE c.commit_hash='8871e9c72eefda5b047d8e9fcc3654e5fab3c198' AND f.name LIKE '%Hex.java';
onExit - Class: Hex.java.java method: protected static int org.apache.commons.codec.binary.Hex.toDigit(char,int) throws org.apache.commons.codec.DecoderException start: 1657647395734 end: 1657647395743 duration: 9retValue:
onEnter - Class: Hex.java method: protected static int org.apache.commons.codec.binary.Hex.toDigit(char,int) throws org.apache.commons.codec.DecoderException
MethodEnter
query: SELECT f.* FROM perfrt.files AS f INNER JOIN perfrt.commits AS c ON f.commit_id = c.id WHERE c.commit_hash='8871e9c72eefda5b047d8e9fcc3654e5fab3c198' AND f.name LIKE '%Hex.java';
onExit - Class: Hex.java.java method: protected static int org.apache.commons.codec.binary.Hex.toDigit(char,int) throws org.apache.commons.codec.DecoderException start: 1657647395751 end: 1657647395760 duration: 9retValue:
onEnter - Class: Hex.java method: protected static int org.apache.commons.codec.binary.Hex.toDigit(char,int) throws org.apache.commons.codec.DecoderException
MethodEnter
query: SELECT f.* FROM perfrt.files AS f INNER JOIN perfrt.commits AS c ON f.commit_id = c.id WHERE c.commit_hash='8871e9c72eefda5b047d8e9fcc3654e5fab3c198' AND f.name LIKE '%Hex.java';
onExit - Class: Hex.java.java method: protected static int org.apache.commons.codec.binary.Hex.toDigit(char,int) throws org.apache.commons.codec.DecoderException start: 1657647395768 end: 1657647395776 duration: 8retValue:
onEnter - Class: Hex.java method: protected static int org.apache.commons.codec.binary.Hex.toDigit(char,int) throws org.apache.commons.codec.DecoderException
MethodEnter
query: SELECT f.* FROM perfrt.files AS f INNER JOIN perfrt.commits AS c ON f.commit_id = c.id WHERE c.commit_hash='8871e9c72eefda5b047d8e9fcc3654e5fab3c198' AND f.name LIKE '%Hex.java';
onExit - Class: Hex.java.java method: protected static int org.apache.commons.codec.binary.Hex.toDigit(char,int) throws org.apache.commons.codec.DecoderException start: 1657647395784 end: 1657647395793 duration: 9retValue:
onExit - Class: Hex.java.java method: public static int org.apache.commons.codec.binary.Hex.decodeHex(char[],byte[],int) throws org.apache.commons.codec.DecoderException start: 1657647383345 end: 1657647395802 duration: 12457retValue:
onExit - Class: Hex.java.java method: public static byte[] org.apache.commons.codec.binary.Hex.decodeHex(char[]) throws org.apache.commons.codec.DecoderException start: 1657647383007 end: 1657647395810 duration: 12803retValue:
onExit - Class: Hex.java.java method: public java.lang.Object org.apache.commons.codec.binary.Hex.decode(java.lang.Object) throws org.apache.commons.codec.DecoderException start: 1657647382590 end: 1657647395819 duration: 13229retValue:
onExit - Class: Hex.java.java method: public java.lang.Object org.apache.commons.codec.binary.Hex.decode(java.lang.Object) throws org.apache.commons.codec.DecoderException start: 1657647381901 end: 1657647395828 duration: 13927retValue:
onEnter - Class: Hex.java method: public java.lang.Object org.apache.commons.codec.binary.Hex.decode(java.lang.Object) throws org.apache.commons.codec.DecoderException
MethodEnter
query: SELECT f.* FROM perfrt.files AS f INNER JOIN perfrt.commits AS c ON f.commit_id = c.id WHERE c.commit_hash='8871e9c72eefda5b047d8e9fcc3654e5fab3c198' AND f.name LIKE '%Hex.java';
onEnter - Class: Hex.java method: public java.lang.Object org.apache.commons.codec.binary.Hex.decode(java.lang.Object) throws org.apache.commons.codec.DecoderException
MethodEnter
query: SELECT f.* FROM perfrt.files AS f INNER JOIN perfrt.commits AS c ON f.commit_id = c.id WHERE c.commit_hash='8871e9c72eefda5b047d8e9fcc3654e5fab3c198' AND f.name LIKE '%Hex.java';
onEnter - Class: Hex.java method: public static byte[] org.apache.commons.codec.binary.Hex.decodeHex(char[]) throws org.apache.commons.codec.DecoderException
MethodEnter
query: SELECT f.* FROM perfrt.files AS f INNER JOIN perfrt.commits AS c ON f.commit_id = c.id WHERE c.commit_hash='8871e9c72eefda5b047d8e9fcc3654e5fab3c198' AND f.name LIKE '%Hex.java';
onEnter - Class: Hex.java method: public static int org.apache.commons.codec.binary.Hex.decodeHex(char[],byte[],int) throws org.apache.commons.codec.DecoderException
MethodEnter
query: SELECT f.* FROM perfrt.files AS f INNER JOIN perfrt.commits AS c ON f.commit_id = c.id WHERE c.commit_hash='8871e9c72eefda5b047d8e9fcc3654e5fab3c198' AND f.name LIKE '%Hex.java';
onEnter - Class: Hex.java method: protected static int org.apache.commons.codec.binary.Hex.toDigit(char,int) throws org.apache.commons.codec.DecoderException
MethodEnter
query: SELECT f.* FROM perfrt.files AS f INNER JOIN perfrt.commits AS c ON f.commit_id = c.id WHERE c.commit_hash='8871e9c72eefda5b047d8e9fcc3654e5fab3c198' AND f.name LIKE '%Hex.java';
onExit - Class: Hex.java.java method: protected static int org.apache.commons.codec.binary.Hex.toDigit(char,int) throws org.apache.commons.codec.DecoderException start: 1657647395870 end: 1657647395880 duration: 10retValue:
onEnter - Class: Hex.java method: protected static int org.apache.commons.codec.binary.Hex.toDigit(char,int) throws org.apache.commons.codec.DecoderException
MethodEnter
query: SELECT f.* FROM perfrt.files AS f INNER JOIN perfrt.commits AS c ON f.commit_id = c.id WHERE c.commit_hash='8871e9c72eefda5b047d8e9fcc3654e5fab3c198' AND f.name LIKE '%Hex.java';
onExit - Class: Hex.java.java method: protected static int org.apache.commons.codec.binary.Hex.toDigit(char,int) throws org.apache.commons.codec.DecoderException start: 1657647395890 end: 1657647395899 duration: 9retValue:
onEnter - Class: Hex.java method: protected static int org.apache.commons.codec.binary.Hex.toDigit(char,int) throws org.apache.commons.codec.DecoderException
MethodEnter
query: SELECT f.* FROM perfrt.files AS f INNER JOIN perfrt.commits AS c ON f.commit_id = c.id WHERE c.commit_hash='8871e9c72eefda5b047d8e9fcc3654e5fab3c198' AND f.name LIKE '%Hex.java';
onExit - Class: Hex.java.java method: protected static int org.apache.commons.codec.binary.Hex.toDigit(char,int) throws org.apache.commons.codec.DecoderException start: 1657647395907 end: 1657647395916 duration: 9retValue:
onEnter - Class: Hex.java method: protected static int org.apache.commons.codec.binary.Hex.toDigit(char,int) throws org.apache.commons.codec.DecoderException
MethodEnter
query: SELECT f.* FROM perfrt.files AS f INNER JOIN perfrt.commits AS c ON f.commit_id = c.id WHERE c.commit_hash='8871e9c72eefda5b047d8e9fcc3654e5fab3c198' AND f.name LIKE '%Hex.java';
onExit - Class: Hex.java.java method: protected static int org.apache.commons.codec.binary.Hex.toDigit(char,int) throws org.apache.commons.codec.DecoderException start: 1657647395924 end: 1657647395932 duration: 8retValue:
onEnter - Class: Hex.java method: protected static int org.apache.commons.codec.binary.Hex.toDigit(char,int) throws org.apache.commons.codec.DecoderException
MethodEnter
query: SELECT f.* FROM perfrt.files AS f INNER JOIN perfrt.commits AS c ON f.commit_id = c.id WHERE c.commit_hash='8871e9c72eefda5b047d8e9fcc3654e5fab3c198' AND f.name LIKE '%Hex.java';
onExit - Class: Hex.java.java method: protected static int org.apache.commons.codec.binary.Hex.toDigit(char,int) throws org.apache.commons.codec.DecoderException start: 1657647395940 end: 1657647395950 duration: 10retValue:
onEnter - Class: Hex.java method: protected static int org.apache.commons.codec.binary.Hex.toDigit(char,int) throws org.apache.commons.codec.DecoderException
MethodEnter
query: SELECT f.* FROM perfrt.files AS f INNER JOIN perfrt.commits AS c ON f.commit_id = c.id WHERE c.commit_hash='8871e9c72eefda5b047d8e9fcc3654e5fab3c198' AND f.name LIKE '%Hex.java';
onExit - Class: Hex.java.java method: protected static int org.apache.commons.codec.binary.Hex.toDigit(char,int) throws org.apache.commons.codec.DecoderException start: 1657647395958 end: 1657647395967 duration: 9retValue:
onEnter - Class: Hex.java method: protected static int org.apache.commons.codec.binary.Hex.toDigit(char,int) throws org.apache.commons.codec.DecoderException
MethodEnter
query: SELECT f.* FROM perfrt.files AS f INNER JOIN perfrt.commits AS c ON f.commit_id = c.id WHERE c.commit_hash='8871e9c72eefda5b047d8e9fcc3654e5fab3c198' AND f.name LIKE '%Hex.java';
onExit - Class: Hex.java.java method: protected static int org.apache.commons.codec.binary.Hex.toDigit(char,int) throws org.apache.commons.codec.DecoderException start: 1657647395974 end: 1657647395982 duration: 8retValue:
onEnter - Class: Hex.java method: protected static int org.apache.commons.codec.binary.Hex.toDigit(char,int) throws org.apache.commons.codec.DecoderException
MethodEnter
query: SELECT f.* FROM perfrt.files AS f INNER JOIN perfrt.commits AS c ON f.commit_id = c.id WHERE c.commit_hash='8871e9c72eefda5b047d8e9fcc3654e5fab3c198' AND f.name LIKE '%Hex.java';
onExit - Class: Hex.java.java method: protected static int org.apache.commons.codec.binary.Hex.toDigit(char,int) throws org.apache.commons.codec.DecoderException start: 1657647395990 end: 1657647395999 duration: 9retValue:
onEnter - Class: Hex.java method: protected static int org.apache.commons.codec.binary.Hex.toDigit(char,int) throws org.apache.commons.codec.DecoderException
MethodEnter
query: SELECT f.* FROM perfrt.files AS f INNER JOIN perfrt.commits AS c ON f.commit_id = c.id WHERE c.commit_hash='8871e9c72eefda5b047d8e9fcc3654e5fab3c198' AND f.name LIKE '%Hex.java';
onExit - Class: Hex.java.java method: protected static int org.apache.commons.codec.binary.Hex.toDigit(char,int) throws org.apache.commons.codec.DecoderException start: 1657647396007 end: 1657647396015 duration: 8retValue:
onEnter - Class: Hex.java method: protected static int org.apache.commons.codec.binary.Hex.toDigit(char,int) throws org.apache.commons.codec.DecoderException
MethodEnter
query: SELECT f.* FROM perfrt.files AS f INNER JOIN perfrt.commits AS c ON f.commit_id = c.id WHERE c.commit_hash='8871e9c72eefda5b047d8e9fcc3654e5fab3c198' AND f.name LIKE '%Hex.java';
onExit - Class: Hex.java.java method: protected static int org.apache.commons.codec.binary.Hex.toDigit(char,int) throws org.apache.commons.codec.DecoderException start: 1657647396024 end: 1657647396032 duration: 8retValue:
onEnter - Class: Hex.java method: protected static int org.apache.commons.codec.binary.Hex.toDigit(char,int) throws org.apache.commons.codec.DecoderException
MethodEnter
query: SELECT f.* FROM perfrt.files AS f INNER JOIN perfrt.commits AS c ON f.commit_id = c.id WHERE c.commit_hash='8871e9c72eefda5b047d8e9fcc3654e5fab3c198' AND f.name LIKE '%Hex.java';
onExit - Class: Hex.java.java method: protected static int org.apache.commons.codec.binary.Hex.toDigit(char,int) throws org.apache.commons.codec.DecoderException start: 1657647396040 end: 1657647396049 duration: 9retValue:
onEnter - Class: Hex.java method: protected static int org.apache.commons.codec.binary.Hex.toDigit(char,int) throws org.apache.commons.codec.DecoderException
MethodEnter
query: SELECT f.* FROM perfrt.files AS f INNER JOIN perfrt.commits AS c ON f.commit_id = c.id WHERE c.commit_hash='8871e9c72eefda5b047d8e9fcc3654e5fab3c198' AND f.name LIKE '%Hex.java';
onExit - Class: Hex.java.java method: protected static int org.apache.commons.codec.binary.Hex.toDigit(char,int) throws org.apache.commons.codec.DecoderException start: 1657647396057 end: 1657647396065 duration: 8retValue:
onEnter - Class: Hex.java method: protected static int org.apache.commons.codec.binary.Hex.toDigit(char,int) throws org.apache.commons.codec.DecoderException
MethodEnter
query: SELECT f.* FROM perfrt.files AS f INNER JOIN perfrt.commits AS c ON f.commit_id = c.id WHERE c.commit_hash='8871e9c72eefda5b047d8e9fcc3654e5fab3c198' AND f.name LIKE '%Hex.java';
onExit - Class: Hex.java.java method: protected static int org.apache.commons.codec.binary.Hex.toDigit(char,int) throws org.apache.commons.codec.DecoderException start: 1657647396072 end: 1657647396080 duration: 8retValue:
onEnter - Class: Hex.java method: protected static int org.apache.commons.codec.binary.Hex.toDigit(char,int) throws org.apache.commons.codec.DecoderException
MethodEnter
query: SELECT f.* FROM perfrt.files AS f INNER JOIN perfrt.commits AS c ON f.commit_id = c.id WHERE c.commit_hash='8871e9c72eefda5b047d8e9fcc3654e5fab3c198' AND f.name LIKE '%Hex.java';
onExit - Class: Hex.java.java method: protected static int org.apache.commons.codec.binary.Hex.toDigit(char,int) throws org.apache.commons.codec.DecoderException start: 1657647396088 end: 1657647396096 duration: 8retValue:
onEnter - Class: Hex.java method: protected static int org.apache.commons.codec.binary.Hex.toDigit(char,int) throws org.apache.commons.codec.DecoderException
MethodEnter
query: SELECT f.* FROM perfrt.files AS f INNER JOIN perfrt.commits AS c ON f.commit_id = c.id WHERE c.commit_hash='8871e9c72eefda5b047d8e9fcc3654e5fab3c198' AND f.name LIKE '%Hex.java';
onExit - Class: Hex.java.java method: protected static int org.apache.commons.codec.binary.Hex.toDigit(char,int) throws org.apache.commons.codec.DecoderException start: 1657647396104 end: 1657647396112 duration: 8retValue:
onEnter - Class: Hex.java method: protected static int org.apache.commons.codec.binary.Hex.toDigit(char,int) throws org.apache.commons.codec.DecoderException
MethodEnter
query: SELECT f.* FROM perfrt.files AS f INNER JOIN perfrt.commits AS c ON f.commit_id = c.id WHERE c.commit_hash='8871e9c72eefda5b047d8e9fcc3654e5fab3c198' AND f.name LIKE '%Hex.java';
onExit - Class: Hex.java.java method: protected static int org.apache.commons.codec.binary.Hex.toDigit(char,int) throws org.apache.commons.codec.DecoderException start: 1657647396120 end: 1657647396130 duration: 10retValue:
onEnter - Class: Hex.java method: protected static int org.apache.commons.codec.binary.Hex.toDigit(char,int) throws org.apache.commons.codec.DecoderException
MethodEnter
query: SELECT f.* FROM perfrt.files AS f INNER JOIN perfrt.commits AS c ON f.commit_id = c.id WHERE c.commit_hash='8871e9c72eefda5b047d8e9fcc3654e5fab3c198' AND f.name LIKE '%Hex.java';
onExit - Class: Hex.java.java method: protected static int org.apache.commons.codec.binary.Hex.toDigit(char,int) throws org.apache.commons.codec.DecoderException start: 1657647396138 end: 1657647396148 duration: 10retValue:
onEnter - Class: Hex.java method: protected static int org.apache.commons.codec.binary.Hex.toDigit(char,int) throws org.apache.commons.codec.DecoderException
MethodEnter
query: SELECT f.* FROM perfrt.files AS f INNER JOIN perfrt.commits AS c ON f.commit_id = c.id WHERE c.commit_hash='8871e9c72eefda5b047d8e9fcc3654e5fab3c198' AND f.name LIKE '%Hex.java';
onExit - Class: Hex.java.java method: protected static int org.apache.commons.codec.binary.Hex.toDigit(char,int) throws org.apache.commons.codec.DecoderException start: 1657647396156 end: 1657647396164 duration: 8retValue:
onEnter - Class: Hex.java method: protected static int org.apache.commons.codec.binary.Hex.toDigit(char,int) throws org.apache.commons.codec.DecoderException
MethodEnter
query: SELECT f.* FROM perfrt.files AS f INNER JOIN perfrt.commits AS c ON f.commit_id = c.id WHERE c.commit_hash='8871e9c72eefda5b047d8e9fcc3654e5fab3c198' AND f.name LIKE '%Hex.java';
onExit - Class: Hex.java.java method: protected static int org.apache.commons.codec.binary.Hex.toDigit(char,int) throws org.apache.commons.codec.DecoderException start: 1657647396172 end: 1657647396180 duration: 8retValue:
onEnter - Class: Hex.java method: protected static int org.apache.commons.codec.binary.Hex.toDigit(char,int) throws org.apache.commons.codec.DecoderException
MethodEnter
query: SELECT f.* FROM perfrt.files AS f INNER JOIN perfrt.commits AS c ON f.commit_id = c.id WHERE c.commit_hash='8871e9c72eefda5b047d8e9fcc3654e5fab3c198' AND f.name LIKE '%Hex.java';
onExit - Class: Hex.java.java method: protected static int org.apache.commons.codec.binary.Hex.toDigit(char,int) throws org.apache.commons.codec.DecoderException start: 1657647396188 end: 1657647396195 duration: 7retValue:
onEnter - Class: Hex.java method: protected static int org.apache.commons.codec.binary.Hex.toDigit(char,int) throws org.apache.commons.codec.DecoderException
MethodEnter
query: SELECT f.* FROM perfrt.files AS f INNER JOIN perfrt.commits AS c ON f.commit_id = c.id WHERE c.commit_hash='8871e9c72eefda5b047d8e9fcc3654e5fab3c198' AND f.name LIKE '%Hex.java';
onExit - Class: Hex.java.java method: protected static int org.apache.commons.codec.binary.Hex.toDigit(char,int) throws org.apache.commons.codec.DecoderException start: 1657647396203 end: 1657647396211 duration: 8retValue:
onEnter - Class: Hex.java method: protected static int org.apache.commons.codec.binary.Hex.toDigit(char,int) throws org.apache.commons.codec.DecoderException
MethodEnter
query: SELECT f.* FROM perfrt.files AS f INNER JOIN perfrt.commits AS c ON f.commit_id = c.id WHERE c.commit_hash='8871e9c72eefda5b047d8e9fcc3654e5fab3c198' AND f.name LIKE '%Hex.java';
onExit - Class: Hex.java.java method: protected static int org.apache.commons.codec.binary.Hex.toDigit(char,int) throws org.apache.commons.codec.DecoderException start: 1657647396218 end: 1657647396226 duration: 8retValue:
onEnter - Class: Hex.java method: protected static int org.apache.commons.codec.binary.Hex.toDigit(char,int) throws org.apache.commons.codec.DecoderException
MethodEnter
query: SELECT f.* FROM perfrt.files AS f INNER JOIN perfrt.commits AS c ON f.commit_id = c.id WHERE c.commit_hash='8871e9c72eefda5b047d8e9fcc3654e5fab3c198' AND f.name LIKE '%Hex.java';
onExit - Class: Hex.java.java method: protected static int org.apache.commons.codec.binary.Hex.toDigit(char,int) throws org.apache.commons.codec.DecoderException start: 1657647396234 end: 1657647396242 duration: 8retValue:
onEnter - Class: Hex.java method: protected static int org.apache.commons.codec.binary.Hex.toDigit(char,int) throws org.apache.commons.codec.DecoderException
MethodEnter
query: SELECT f.* FROM perfrt.files AS f INNER JOIN perfrt.commits AS c ON f.commit_id = c.id WHERE c.commit_hash='8871e9c72eefda5b047d8e9fcc3654e5fab3c198' AND f.name LIKE '%Hex.java';
onExit - Class: Hex.java.java method: protected static int org.apache.commons.codec.binary.Hex.toDigit(char,int) throws org.apache.commons.codec.DecoderException start: 1657647396249 end: 1657647396257 duration: 8retValue:
onEnter - Class: Hex.java method: protected static int org.apache.commons.codec.binary.Hex.toDigit(char,int) throws org.apache.commons.codec.DecoderException
MethodEnter
query: SELECT f.* FROM perfrt.files AS f INNER JOIN perfrt.commits AS c ON f.commit_id = c.id WHERE c.commit_hash='8871e9c72eefda5b047d8e9fcc3654e5fab3c198' AND f.name LIKE '%Hex.java';
onExit - Class: Hex.java.java method: protected static int org.apache.commons.codec.binary.Hex.toDigit(char,int) throws org.apache.commons.codec.DecoderException start: 1657647396264 end: 1657647396272 duration: 8retValue:
onEnter - Class: Hex.java method: protected static int org.apache.commons.codec.binary.Hex.toDigit(char,int) throws org.apache.commons.codec.DecoderException
MethodEnter
query: SELECT f.* FROM perfrt.files AS f INNER JOIN perfrt.commits AS c ON f.commit_id = c.id WHERE c.commit_hash='8871e9c72eefda5b047d8e9fcc3654e5fab3c198' AND f.name LIKE '%Hex.java';
onExit - Class: Hex.java.java method: protected static int org.apache.commons.codec.binary.Hex.toDigit(char,int) throws org.apache.commons.codec.DecoderException start: 1657647396280 end: 1657647396287 duration: 7retValue:
onEnter - Class: Hex.java method: protected static int org.apache.commons.codec.binary.Hex.toDigit(char,int) throws org.apache.commons.codec.DecoderException
MethodEnter
query: SELECT f.* FROM perfrt.files AS f INNER JOIN perfrt.commits AS c ON f.commit_id = c.id WHERE c.commit_hash='8871e9c72eefda5b047d8e9fcc3654e5fab3c198' AND f.name LIKE '%Hex.java';
onExit - Class: Hex.java.java method: protected static int org.apache.commons.codec.binary.Hex.toDigit(char,int) throws org.apache.commons.codec.DecoderException start: 1657647396295 end: 1657647396302 duration: 7retValue:
onEnter - Class: Hex.java method: protected static int org.apache.commons.codec.binary.Hex.toDigit(char,int) throws org.apache.commons.codec.DecoderException
MethodEnter
query: SELECT f.* FROM perfrt.files AS f INNER JOIN perfrt.commits AS c ON f.commit_id = c.id WHERE c.commit_hash='8871e9c72eefda5b047d8e9fcc3654e5fab3c198' AND f.name LIKE '%Hex.java';
onExit - Class: Hex.java.java method: protected static int org.apache.commons.codec.binary.Hex.toDigit(char,int) throws org.apache.commons.codec.DecoderException start: 1657647396309 end: 1657647396318 duration: 9retValue:
onEnter - Class: Hex.java method: protected static int org.apache.commons.codec.binary.Hex.toDigit(char,int) throws org.apache.commons.codec.DecoderException
MethodEnter
query: SELECT f.* FROM perfrt.files AS f INNER JOIN perfrt.commits AS c ON f.commit_id = c.id WHERE c.commit_hash='8871e9c72eefda5b047d8e9fcc3654e5fab3c198' AND f.name LIKE '%Hex.java';
onExit - Class: Hex.java.java method: protected static int org.apache.commons.codec.binary.Hex.toDigit(char,int) throws org.apache.commons.codec.DecoderException start: 1657647396329 end: 1657647396338 duration: 9retValue:
onEnter - Class: Hex.java method: protected static int org.apache.commons.codec.binary.Hex.toDigit(char,int) throws org.apache.commons.codec.DecoderException
MethodEnter
query: SELECT f.* FROM perfrt.files AS f INNER JOIN perfrt.commits AS c ON f.commit_id = c.id WHERE c.commit_hash='8871e9c72eefda5b047d8e9fcc3654e5fab3c198' AND f.name LIKE '%Hex.java';
onExit - Class: Hex.java.java method: protected static int org.apache.commons.codec.binary.Hex.toDigit(char,int) throws org.apache.commons.codec.DecoderException start: 1657647396348 end: 1657647396355 duration: 7retValue:
onEnter - Class: Hex.java method: protected static int org.apache.commons.codec.binary.Hex.toDigit(char,int) throws org.apache.commons.codec.DecoderException
MethodEnter
query: SELECT f.* FROM perfrt.files AS f INNER JOIN perfrt.commits AS c ON f.commit_id = c.id WHERE c.commit_hash='8871e9c72eefda5b047d8e9fcc3654e5fab3c198' AND f.name LIKE '%Hex.java';
onExit - Class: Hex.java.java method: protected static int org.apache.commons.codec.binary.Hex.toDigit(char,int) throws org.apache.commons.codec.DecoderException start: 1657647396363 end: 1657647396371 duration: 8retValue:
onEnter - Class: Hex.java method: protected static int org.apache.commons.codec.binary.Hex.toDigit(char,int) throws org.apache.commons.codec.DecoderException
MethodEnter
query: SELECT f.* FROM perfrt.files AS f INNER JOIN perfrt.commits AS c ON f.commit_id = c.id WHERE c.commit_hash='8871e9c72eefda5b047d8e9fcc3654e5fab3c198' AND f.name LIKE '%Hex.java';
onExit - Class: Hex.java.java method: protected static int org.apache.commons.codec.binary.Hex.toDigit(char,int) throws org.apache.commons.codec.DecoderException start: 1657647396378 end: 1657647396387 duration: 9retValue:
onEnter - Class: Hex.java method: protected static int org.apache.commons.codec.binary.Hex.toDigit(char,int) throws org.apache.commons.codec.DecoderException
MethodEnter
query: SELECT f.* FROM perfrt.files AS f INNER JOIN perfrt.commits AS c ON f.commit_id = c.id WHERE c.commit_hash='8871e9c72eefda5b047d8e9fcc3654e5fab3c198' AND f.name LIKE '%Hex.java';
onExit - Class: Hex.java.java method: protected static int org.apache.commons.codec.binary.Hex.toDigit(char,int) throws org.apache.commons.codec.DecoderException start: 1657647396395 end: 1657647396402 duration: 7retValue:
onEnter - Class: Hex.java method: protected static int org.apache.commons.codec.binary.Hex.toDigit(char,int) throws org.apache.commons.codec.DecoderException
MethodEnter
query: SELECT f.* FROM perfrt.files AS f INNER JOIN perfrt.commits AS c ON f.commit_id = c.id WHERE c.commit_hash='8871e9c72eefda5b047d8e9fcc3654e5fab3c198' AND f.name LIKE '%Hex.java';
onExit - Class: Hex.java.java method: protected static int org.apache.commons.codec.binary.Hex.toDigit(char,int) throws org.apache.commons.codec.DecoderException start: 1657647396410 end: 1657647396417 duration: 7retValue:
onEnter - Class: Hex.java method: protected static int org.apache.commons.codec.binary.Hex.toDigit(char,int) throws org.apache.commons.codec.DecoderException
MethodEnter
query: SELECT f.* FROM perfrt.files AS f INNER JOIN perfrt.commits AS c ON f.commit_id = c.id WHERE c.commit_hash='8871e9c72eefda5b047d8e9fcc3654e5fab3c198' AND f.name LIKE '%Hex.java';
onExit - Class: Hex.java.java method: protected static int org.apache.commons.codec.binary.Hex.toDigit(char,int) throws org.apache.commons.codec.DecoderException start: 1657647396425 end: 1657647396433 duration: 8retValue:
onEnter - Class: Hex.java method: protected static int org.apache.commons.codec.binary.Hex.toDigit(char,int) throws org.apache.commons.codec.DecoderException
MethodEnter
query: SELECT f.* FROM perfrt.files AS f INNER JOIN perfrt.commits AS c ON f.commit_id = c.id WHERE c.commit_hash='8871e9c72eefda5b047d8e9fcc3654e5fab3c198' AND f.name LIKE '%Hex.java';
onExit - Class: Hex.java.java method: protected static int org.apache.commons.codec.binary.Hex.toDigit(char,int) throws org.apache.commons.codec.DecoderException start: 1657647396440 end: 1657647396448 duration: 8retValue:
onEnter - Class: Hex.java method: protected static int org.apache.commons.codec.binary.Hex.toDigit(char,int) throws org.apache.commons.codec.DecoderException
MethodEnter
query: SELECT f.* FROM perfrt.files AS f INNER JOIN perfrt.commits AS c ON f.commit_id = c.id WHERE c.commit_hash='8871e9c72eefda5b047d8e9fcc3654e5fab3c198' AND f.name LIKE '%Hex.java';
onExit - Class: Hex.java.java method: protected static int org.apache.commons.codec.binary.Hex.toDigit(char,int) throws org.apache.commons.codec.DecoderException start: 1657647396456 end: 1657647396464 duration: 8retValue:
onEnter - Class: Hex.java method: protected static int org.apache.commons.codec.binary.Hex.toDigit(char,int) throws org.apache.commons.codec.DecoderException
MethodEnter
query: SELECT f.* FROM perfrt.files AS f INNER JOIN perfrt.commits AS c ON f.commit_id = c.id WHERE c.commit_hash='8871e9c72eefda5b047d8e9fcc3654e5fab3c198' AND f.name LIKE '%Hex.java';
onExit - Class: Hex.java.java method: protected static int org.apache.commons.codec.binary.Hex.toDigit(char,int) throws org.apache.commons.codec.DecoderException start: 1657647396473 end: 1657647396481 duration: 8retValue:
onEnter - Class: Hex.java method: protected static int org.apache.commons.codec.binary.Hex.toDigit(char,int) throws org.apache.commons.codec.DecoderException
MethodEnter
query: SELECT f.* FROM perfrt.files AS f INNER JOIN perfrt.commits AS c ON f.commit_id = c.id WHERE c.commit_hash='8871e9c72eefda5b047d8e9fcc3654e5fab3c198' AND f.name LIKE '%Hex.java';
onExit - Class: Hex.java.java method: protected static int org.apache.commons.codec.binary.Hex.toDigit(char,int) throws org.apache.commons.codec.DecoderException start: 1657647396490 end: 1657647396498 duration: 8retValue:
onEnter - Class: Hex.java method: protected static int org.apache.commons.codec.binary.Hex.toDigit(char,int) throws org.apache.commons.codec.DecoderException
MethodEnter
query: SELECT f.* FROM perfrt.files AS f INNER JOIN perfrt.commits AS c ON f.commit_id = c.id WHERE c.commit_hash='8871e9c72eefda5b047d8e9fcc3654e5fab3c198' AND f.name LIKE '%Hex.java';
onExit - Class: Hex.java.java method: protected static int org.apache.commons.codec.binary.Hex.toDigit(char,int) throws org.apache.commons.codec.DecoderException start: 1657647396507 end: 1657647396515 duration: 8retValue:
onExit - Class: Hex.java.java method: public static int org.apache.commons.codec.binary.Hex.decodeHex(char[],byte[],int) throws org.apache.commons.codec.DecoderException start: 1657647395862 end: 1657647396523 duration: 661retValue:
onExit - Class: Hex.java.java method: public static byte[] org.apache.commons.codec.binary.Hex.decodeHex(char[]) throws org.apache.commons.codec.DecoderException start: 1657647395853 end: 1657647396531 duration: 678retValue:
onExit - Class: Hex.java.java method: public java.lang.Object org.apache.commons.codec.binary.Hex.decode(java.lang.Object) throws org.apache.commons.codec.DecoderException start: 1657647395844 end: 1657647396539 duration: 695retValue:
onExit - Class: Hex.java.java method: public java.lang.Object org.apache.commons.codec.binary.Hex.decode(java.lang.Object) throws org.apache.commons.codec.DecoderException start: 1657647395836 end: 1657647396547 duration: 711retValue:
onEnter - Class: Hex.java method: public java.lang.Object org.apache.commons.codec.binary.Hex.decode(java.lang.Object) throws org.apache.commons.codec.DecoderException
MethodEnter
query: SELECT f.* FROM perfrt.files AS f INNER JOIN perfrt.commits AS c ON f.commit_id = c.id WHERE c.commit_hash='8871e9c72eefda5b047d8e9fcc3654e5fab3c198' AND f.name LIKE '%Hex.java';
onEnter - Class: Hex.java method: public java.lang.Object org.apache.commons.codec.binary.Hex.decode(java.lang.Object) throws org.apache.commons.codec.DecoderException
MethodEnter
query: SELECT f.* FROM perfrt.files AS f INNER JOIN perfrt.commits AS c ON f.commit_id = c.id WHERE c.commit_hash='8871e9c72eefda5b047d8e9fcc3654e5fab3c198' AND f.name LIKE '%Hex.java';
onEnter - Class: Hex.java method: public static byte[] org.apache.commons.codec.binary.Hex.decodeHex(char[]) throws org.apache.commons.codec.DecoderException
MethodEnter
query: SELECT f.* FROM perfrt.files AS f INNER JOIN perfrt.commits AS c ON f.commit_id = c.id WHERE c.commit_hash='8871e9c72eefda5b047d8e9fcc3654e5fab3c198' AND f.name LIKE '%Hex.java';
onEnter - Class: Hex.java method: public static int org.apache.commons.codec.binary.Hex.decodeHex(char[],byte[],int) throws org.apache.commons.codec.DecoderException
MethodEnter
query: SELECT f.* FROM perfrt.files AS f INNER JOIN perfrt.commits AS c ON f.commit_id = c.id WHERE c.commit_hash='8871e9c72eefda5b047d8e9fcc3654e5fab3c198' AND f.name LIKE '%Hex.java';
onEnter - Class: Hex.java method: protected static int org.apache.commons.codec.binary.Hex.toDigit(char,int) throws org.apache.commons.codec.DecoderException
MethodEnter
query: SELECT f.* FROM perfrt.files AS f INNER JOIN perfrt.commits AS c ON f.commit_id = c.id WHERE c.commit_hash='8871e9c72eefda5b047d8e9fcc3654e5fab3c198' AND f.name LIKE '%Hex.java';
onExit - Class: Hex.java.java method: protected static int org.apache.commons.codec.binary.Hex.toDigit(char,int) throws org.apache.commons.codec.DecoderException start: 1657647396586 end: 1657647396594 duration: 8retValue:
onEnter - Class: Hex.java method: protected static int org.apache.commons.codec.binary.Hex.toDigit(char,int) throws org.apache.commons.codec.DecoderException
MethodEnter
query: SELECT f.* FROM perfrt.files AS f INNER JOIN perfrt.commits AS c ON f.commit_id = c.id WHERE c.commit_hash='8871e9c72eefda5b047d8e9fcc3654e5fab3c198' AND f.name LIKE '%Hex.java';
onExit - Class: Hex.java.java method: protected static int org.apache.commons.codec.binary.Hex.toDigit(char,int) throws org.apache.commons.codec.DecoderException start: 1657647396602 end: 1657647396609 duration: 7retValue:
onEnter - Class: Hex.java method: protected static int org.apache.commons.codec.binary.Hex.toDigit(char,int) throws org.apache.commons.codec.DecoderException
MethodEnter
query: SELECT f.* FROM perfrt.files AS f INNER JOIN perfrt.commits AS c ON f.commit_id = c.id WHERE c.commit_hash='8871e9c72eefda5b047d8e9fcc3654e5fab3c198' AND f.name LIKE '%Hex.java';
onExit - Class: Hex.java.java method: protected static int org.apache.commons.codec.binary.Hex.toDigit(char,int) throws org.apache.commons.codec.DecoderException start: 1657647396618 end: 1657647396627 duration: 9retValue:
onEnter - Class: Hex.java method: protected static int org.apache.commons.codec.binary.Hex.toDigit(char,int) throws org.apache.commons.codec.DecoderException
MethodEnter
query: SELECT f.* FROM perfrt.files AS f INNER JOIN perfrt.commits AS c ON f.commit_id = c.id WHERE c.commit_hash='8871e9c72eefda5b047d8e9fcc3654e5fab3c198' AND f.name LIKE '%Hex.java';
onExit - Class: Hex.java.java method: protected static int org.apache.commons.codec.binary.Hex.toDigit(char,int) throws org.apache.commons.codec.DecoderException start: 1657647396640 end: 1657647396648 duration: 8retValue:
onEnter - Class: Hex.java method: protected static int org.apache.commons.codec.binary.Hex.toDigit(char,int) throws org.apache.commons.codec.DecoderException
MethodEnter
query: SELECT f.* FROM perfrt.files AS f INNER JOIN perfrt.commits AS c ON f.commit_id = c.id WHERE c.commit_hash='8871e9c72eefda5b047d8e9fcc3654e5fab3c198' AND f.name LIKE '%Hex.java';
onExit - Class: Hex.java.java method: protected static int org.apache.commons.codec.binary.Hex.toDigit(char,int) throws org.apache.commons.codec.DecoderException start: 1657647396656 end: 1657647396663 duration: 7retValue:
onEnter - Class: Hex.java method: protected static int org.apache.commons.codec.binary.Hex.toDigit(char,int) throws org.apache.commons.codec.DecoderException
MethodEnter
query: SELECT f.* FROM perfrt.files AS f INNER JOIN perfrt.commits AS c ON f.commit_id = c.id WHERE c.commit_hash='8871e9c72eefda5b047d8e9fcc3654e5fab3c198' AND f.name LIKE '%Hex.java';
onExit - Class: Hex.java.java method: protected static int org.apache.commons.codec.binary.Hex.toDigit(char,int) throws org.apache.commons.codec.DecoderException start: 1657647396672 end: 1657647396680 duration: 8retValue:
onEnter - Class: Hex.java method: protected static int org.apache.commons.codec.binary.Hex.toDigit(char,int) throws org.apache.commons.codec.DecoderException
MethodEnter
query: SELECT f.* FROM perfrt.files AS f INNER JOIN perfrt.commits AS c ON f.commit_id = c.id WHERE c.commit_hash='8871e9c72eefda5b047d8e9fcc3654e5fab3c198' AND f.name LIKE '%Hex.java';
onExit - Class: Hex.java.java method: protected static int org.apache.commons.codec.binary.Hex.toDigit(char,int) throws org.apache.commons.codec.DecoderException start: 1657647396687 end: 1657647396695 duration: 8retValue:
onEnter - Class: Hex.java method: protected static int org.apache.commons.codec.binary.Hex.toDigit(char,int) throws org.apache.commons.codec.DecoderException
MethodEnter
query: SELECT f.* FROM perfrt.files AS f INNER JOIN perfrt.commits AS c ON f.commit_id = c.id WHERE c.commit_hash='8871e9c72eefda5b047d8e9fcc3654e5fab3c198' AND f.name LIKE '%Hex.java';
onExit - Class: Hex.java.java method: protected static int org.apache.commons.codec.binary.Hex.toDigit(char,int) throws org.apache.commons.codec.DecoderException start: 1657647396703 end: 1657647396710 duration: 7retValue:
onEnter - Class: Hex.java method: protected static int org.apache.commons.codec.binary.Hex.toDigit(char,int) throws org.apache.commons.codec.DecoderException
MethodEnter
query: SELECT f.* FROM perfrt.files AS f INNER JOIN perfrt.commits AS c ON f.commit_id = c.id WHERE c.commit_hash='8871e9c72eefda5b047d8e9fcc3654e5fab3c198' AND f.name LIKE '%Hex.java';
onExit - Class: Hex.java.java method: protected static int org.apache.commons.codec.binary.Hex.toDigit(char,int) throws org.apache.commons.codec.DecoderException start: 1657647396718 end: 1657647396725 duration: 7retValue:
onEnter - Class: Hex.java method: protected static int org.apache.commons.codec.binary.Hex.toDigit(char,int) throws org.apache.commons.codec.DecoderException
MethodEnter
query: SELECT f.* FROM perfrt.files AS f INNER JOIN perfrt.commits AS c ON f.commit_id = c.id WHERE c.commit_hash='8871e9c72eefda5b047d8e9fcc3654e5fab3c198' AND f.name LIKE '%Hex.java';
onExit - Class: Hex.java.java method: protected static int org.apache.commons.codec.binary.Hex.toDigit(char,int) throws org.apache.commons.codec.DecoderException start: 1657647396733 end: 1657647396741 duration: 8retValue:
onExit - Class: Hex.java.java method: public static int org.apache.commons.codec.binary.Hex.decodeHex(char[],byte[],int) throws org.apache.commons.codec.DecoderException start: 1657647396578 end: 1657647396749 duration: 171retValue:
onExit - Class: Hex.java.java method: public static byte[] org.apache.commons.codec.binary.Hex.decodeHex(char[]) throws org.apache.commons.codec.DecoderException start: 1657647396571 end: 1657647396757 duration: 186retValue:
onExit - Class: Hex.java.java method: public java.lang.Object org.apache.commons.codec.binary.Hex.decode(java.lang.Object) throws org.apache.commons.codec.DecoderException start: 1657647396562 end: 1657647396786 duration: 224retValue:
onExit - Class: Hex.java.java method: public java.lang.Object org.apache.commons.codec.binary.Hex.decode(java.lang.Object) throws org.apache.commons.codec.DecoderException start: 1657647396555 end: 1657647396807 duration: 252retValue:
onEnter - Class: Base32Test.java method: public void org.apache.commons.codec.binary.Base32Test.testCodec200()
MethodEnter
query: SELECT f.* FROM perfrt.files AS f INNER JOIN perfrt.commits AS c ON f.commit_id = c.id WHERE c.commit_hash='8871e9c72eefda5b047d8e9fcc3654e5fab3c198' AND f.name LIKE '%Base32Test.java';
onEnter - Class: Base32.java method: public boolean org.apache.commons.codec.binary.Base32.isInAlphabet(byte)
MethodEnter
query: SELECT f.* FROM perfrt.files AS f INNER JOIN perfrt.commits AS c ON f.commit_id = c.id WHERE c.commit_hash='8871e9c72eefda5b047d8e9fcc3654e5fab3c198' AND f.name LIKE '%Base32.java';
onExit - Class: Base32.java.java method: public boolean org.apache.commons.codec.binary.Base32.isInAlphabet(byte) start: 1657647396857 end: 1657647396865 duration: 8retValue:
onEnter - Class: BaseNCodec.java method: protected static boolean org.apache.commons.codec.binary.BaseNCodec.isWhiteSpace(byte)
MethodEnter
query: SELECT f.* FROM perfrt.files AS f INNER JOIN perfrt.commits AS c ON f.commit_id = c.id WHERE c.commit_hash='8871e9c72eefda5b047d8e9fcc3654e5fab3c198' AND f.name LIKE '%BaseNCodec.java';
onExit - Class: BaseNCodec.java.java method: protected static boolean org.apache.commons.codec.binary.BaseNCodec.isWhiteSpace(byte) start: 1657647396873 end: 1657647396882 duration: 9retValue:
onExit - Class: Base32Test.java.java method: public void org.apache.commons.codec.binary.Base32Test.testCodec200() start: 1657647396831 end: 1657647396891 duration: 60retValue:

Thanks for using JUnit! Support its development at https://junit.org/sponsoring

[36m[0m
[36m[0m [36mJUnit Jupiter[0m [32m[0m
[36m  [0m [36mBase32Test[0m [32m[0m
[36m     [0m [34mtestCodec200()[0m [32m[0m
[36m[0m [36mJUnit Vintage[0m [32m[0m

Test run finished after 15080 ms
[         3 containers found      ]
[         0 containers skipped    ]
[         3 containers started    ]
[         0 containers aborted    ]
[         3 containers successful ]
[         0 containers failed     ]
[         1 tests found           ]
[         0 tests skipped         ]
[         1 tests started         ]
[         0 tests aborted         ]
[         1 tests successful      ]
[         0 tests failed          ]

