Premain
onEnter - Class: Base16Test.java method: public void org.apache.commons.codec.binary.Base16Test.testConstructor_LowerCase_DecodingPolicy()
MethodEnter
query: SELECT f.* FROM perfrt.files AS f INNER JOIN perfrt.commits AS c ON f.commit_id = c.id WHERE c.commit_hash='8871e9c72eefda5b047d8e9fcc3654e5fab3c198' AND f.name LIKE '%Base16Test.java';
onEnter - Class: BaseNCodec.java method: public byte[] org.apache.commons.codec.binary.BaseNCodec.encode(byte[])
MethodEnter
query: SELECT f.* FROM perfrt.files AS f INNER JOIN perfrt.commits AS c ON f.commit_id = c.id WHERE c.commit_hash='8871e9c72eefda5b047d8e9fcc3654e5fab3c198' AND f.name LIKE '%BaseNCodec.java';
onEnter - Class: BaseNCodec.java method: public byte[] org.apache.commons.codec.binary.BaseNCodec.encode(byte[])
MethodEnter
query: SELECT f.* FROM perfrt.files AS f INNER JOIN perfrt.commits AS c ON f.commit_id = c.id WHERE c.commit_hash='8871e9c72eefda5b047d8e9fcc3654e5fab3c198' AND f.name LIKE '%BaseNCodec.java';
onEnter - Class: BinaryCodec.java method: static boolean org.apache.commons.codec.binary.BinaryCodec.isEmpty(byte[])
MethodEnter
query: SELECT f.* FROM perfrt.files AS f INNER JOIN perfrt.commits AS c ON f.commit_id = c.id WHERE c.commit_hash='8871e9c72eefda5b047d8e9fcc3654e5fab3c198' AND f.name LIKE '%BinaryCodec.java';
onExit - Class: BinaryCodec.java.java method: static boolean org.apache.commons.codec.binary.BinaryCodec.isEmpty(byte[]) start: 1657646537702 end: 1657646537719 duration: 17retValue:
onEnter - Class: BaseNCodec.java method: public byte[] org.apache.commons.codec.binary.BaseNCodec.encode(byte[],int,int)
MethodEnter
query: SELECT f.* FROM perfrt.files AS f INNER JOIN perfrt.commits AS c ON f.commit_id = c.id WHERE c.commit_hash='8871e9c72eefda5b047d8e9fcc3654e5fab3c198' AND f.name LIKE '%BaseNCodec.java';
onEnter - Class: BaseNCodec.java method: public byte[] org.apache.commons.codec.binary.BaseNCodec.encode(byte[],int,int)
MethodEnter
query: SELECT f.* FROM perfrt.files AS f INNER JOIN perfrt.commits AS c ON f.commit_id = c.id WHERE c.commit_hash='8871e9c72eefda5b047d8e9fcc3654e5fab3c198' AND f.name LIKE '%BaseNCodec.java';
onEnter - Class: BinaryCodec.java method: static boolean org.apache.commons.codec.binary.BinaryCodec.isEmpty(byte[])
MethodEnter
query: SELECT f.* FROM perfrt.files AS f INNER JOIN perfrt.commits AS c ON f.commit_id = c.id WHERE c.commit_hash='8871e9c72eefda5b047d8e9fcc3654e5fab3c198' AND f.name LIKE '%BinaryCodec.java';
onExit - Class: BinaryCodec.java.java method: static boolean org.apache.commons.codec.binary.BinaryCodec.isEmpty(byte[]) start: 1657646537777 end: 1657646537791 duration: 14retValue:
onEnter - Class: Base16.java method: void org.apache.commons.codec.binary.Base16.encode(byte[],int,int,org.apache.commons.codec.binary.BaseNCodec$Context)
MethodEnter
query: SELECT f.* FROM perfrt.files AS f INNER JOIN perfrt.commits AS c ON f.commit_id = c.id WHERE c.commit_hash='8871e9c72eefda5b047d8e9fcc3654e5fab3c198' AND f.name LIKE '%Base16.java';
onEnter - Class: BaseNCodec.java method: protected byte[] org.apache.commons.codec.binary.BaseNCodec.ensureBufferSize(int,org.apache.commons.codec.binary.BaseNCodec$Context)
MethodEnter
query: SELECT f.* FROM perfrt.files AS f INNER JOIN perfrt.commits AS c ON f.commit_id = c.id WHERE c.commit_hash='8871e9c72eefda5b047d8e9fcc3654e5fab3c198' AND f.name LIKE '%BaseNCodec.java';
onEnter - Class: BaseNCodec.java method: protected byte[] org.apache.commons.codec.binary.BaseNCodec.ensureBufferSize(int,org.apache.commons.codec.binary.BaseNCodec$Context)
MethodEnter
query: SELECT f.* FROM perfrt.files AS f INNER JOIN perfrt.commits AS c ON f.commit_id = c.id WHERE c.commit_hash='8871e9c72eefda5b047d8e9fcc3654e5fab3c198' AND f.name LIKE '%BaseNCodec.java';
onEnter - Class: BaseNCodec.java method: protected int org.apache.commons.codec.binary.BaseNCodec.getDefaultBufferSize()
MethodEnter
query: SELECT f.* FROM perfrt.files AS f INNER JOIN perfrt.commits AS c ON f.commit_id = c.id WHERE c.commit_hash='8871e9c72eefda5b047d8e9fcc3654e5fab3c198' AND f.name LIKE '%BaseNCodec.java';
onEnter - Class: BaseNCodec.java method: protected int org.apache.commons.codec.binary.BaseNCodec.getDefaultBufferSize()
MethodEnter
query: SELECT f.* FROM perfrt.files AS f INNER JOIN perfrt.commits AS c ON f.commit_id = c.id WHERE c.commit_hash='8871e9c72eefda5b047d8e9fcc3654e5fab3c198' AND f.name LIKE '%BaseNCodec.java';
onExit - Class: BaseNCodec.java.java method: protected int org.apache.commons.codec.binary.BaseNCodec.getDefaultBufferSize() start: 1657646537865 end: 1657646537878 duration: 13retValue:
onExit - Class: BaseNCodec.java.java method: protected int org.apache.commons.codec.binary.BaseNCodec.getDefaultBufferSize() start: 1657646537852 end: 1657646537892 duration: 40retValue:
onExit - Class: BaseNCodec.java.java method: protected byte[] org.apache.commons.codec.binary.BaseNCodec.ensureBufferSize(int,org.apache.commons.codec.binary.BaseNCodec$Context) start: 1657646537837 end: 1657646537906 duration: 69retValue:
onExit - Class: BaseNCodec.java.java method: protected byte[] org.apache.commons.codec.binary.BaseNCodec.ensureBufferSize(int,org.apache.commons.codec.binary.BaseNCodec$Context) start: 1657646537824 end: 1657646537919 duration: 95retValue:
onExit - Class: Base16.java.java method: void org.apache.commons.codec.binary.Base16.encode(byte[],int,int,org.apache.commons.codec.binary.BaseNCodec$Context) start: 1657646537810 end: 1657646537931 duration: 121retValue:
onEnter - Class: Base16.java method: void org.apache.commons.codec.binary.Base16.encode(byte[],int,int,org.apache.commons.codec.binary.BaseNCodec$Context)
MethodEnter
query: SELECT f.* FROM perfrt.files AS f INNER JOIN perfrt.commits AS c ON f.commit_id = c.id WHERE c.commit_hash='8871e9c72eefda5b047d8e9fcc3654e5fab3c198' AND f.name LIKE '%Base16.java';
onExit - Class: Base16.java.java method: void org.apache.commons.codec.binary.Base16.encode(byte[],int,int,org.apache.commons.codec.binary.BaseNCodec$Context) start: 1657646537944 end: 1657646537956 duration: 12retValue:
onEnter - Class: BaseNCodec.java method: int org.apache.commons.codec.binary.BaseNCodec.readResults(byte[],int,int,org.apache.commons.codec.binary.BaseNCodec$Context)
MethodEnter
query: SELECT f.* FROM perfrt.files AS f INNER JOIN perfrt.commits AS c ON f.commit_id = c.id WHERE c.commit_hash='8871e9c72eefda5b047d8e9fcc3654e5fab3c198' AND f.name LIKE '%BaseNCodec.java';
onEnter - Class: BaseNCodec.java method: int org.apache.commons.codec.binary.BaseNCodec.readResults(byte[],int,int,org.apache.commons.codec.binary.BaseNCodec$Context)
MethodEnter
query: SELECT f.* FROM perfrt.files AS f INNER JOIN perfrt.commits AS c ON f.commit_id = c.id WHERE c.commit_hash='8871e9c72eefda5b047d8e9fcc3654e5fab3c198' AND f.name LIKE '%BaseNCodec.java';
onEnter - Class: BaseNCodec.java method: boolean org.apache.commons.codec.binary.BaseNCodec.hasData(org.apache.commons.codec.binary.BaseNCodec$Context)
MethodEnter
query: SELECT f.* FROM perfrt.files AS f INNER JOIN perfrt.commits AS c ON f.commit_id = c.id WHERE c.commit_hash='8871e9c72eefda5b047d8e9fcc3654e5fab3c198' AND f.name LIKE '%BaseNCodec.java';
onEnter - Class: BaseNCodec.java method: boolean org.apache.commons.codec.binary.BaseNCodec.hasData(org.apache.commons.codec.binary.BaseNCodec$Context)
MethodEnter
query: SELECT f.* FROM perfrt.files AS f INNER JOIN perfrt.commits AS c ON f.commit_id = c.id WHERE c.commit_hash='8871e9c72eefda5b047d8e9fcc3654e5fab3c198' AND f.name LIKE '%BaseNCodec.java';
onExit - Class: BaseNCodec.java.java method: boolean org.apache.commons.codec.binary.BaseNCodec.hasData(org.apache.commons.codec.binary.BaseNCodec$Context) start: 1657646538004 end: 1657646538016 duration: 12retValue:
onExit - Class: BaseNCodec.java.java method: boolean org.apache.commons.codec.binary.BaseNCodec.hasData(org.apache.commons.codec.binary.BaseNCodec$Context) start: 1657646537993 end: 1657646538028 duration: 35retValue:
onEnter - Class: BaseNCodec.java method: int org.apache.commons.codec.binary.BaseNCodec.available(org.apache.commons.codec.binary.BaseNCodec$Context)
MethodEnter
query: SELECT f.* FROM perfrt.files AS f INNER JOIN perfrt.commits AS c ON f.commit_id = c.id WHERE c.commit_hash='8871e9c72eefda5b047d8e9fcc3654e5fab3c198' AND f.name LIKE '%BaseNCodec.java';
onEnter - Class: BaseNCodec.java method: int org.apache.commons.codec.binary.BaseNCodec.available(org.apache.commons.codec.binary.BaseNCodec$Context)
MethodEnter
query: SELECT f.* FROM perfrt.files AS f INNER JOIN perfrt.commits AS c ON f.commit_id = c.id WHERE c.commit_hash='8871e9c72eefda5b047d8e9fcc3654e5fab3c198' AND f.name LIKE '%BaseNCodec.java';
onEnter - Class: BaseNCodec.java method: boolean org.apache.commons.codec.binary.BaseNCodec.hasData(org.apache.commons.codec.binary.BaseNCodec$Context)
MethodEnter
query: SELECT f.* FROM perfrt.files AS f INNER JOIN perfrt.commits AS c ON f.commit_id = c.id WHERE c.commit_hash='8871e9c72eefda5b047d8e9fcc3654e5fab3c198' AND f.name LIKE '%BaseNCodec.java';
onEnter - Class: BaseNCodec.java method: boolean org.apache.commons.codec.binary.BaseNCodec.hasData(org.apache.commons.codec.binary.BaseNCodec$Context)
MethodEnter
query: SELECT f.* FROM perfrt.files AS f INNER JOIN perfrt.commits AS c ON f.commit_id = c.id WHERE c.commit_hash='8871e9c72eefda5b047d8e9fcc3654e5fab3c198' AND f.name LIKE '%BaseNCodec.java';
onExit - Class: BaseNCodec.java.java method: boolean org.apache.commons.codec.binary.BaseNCodec.hasData(org.apache.commons.codec.binary.BaseNCodec$Context) start: 1657646538072 end: 1657646538082 duration: 10retValue:
onExit - Class: BaseNCodec.java.java method: boolean org.apache.commons.codec.binary.BaseNCodec.hasData(org.apache.commons.codec.binary.BaseNCodec$Context) start: 1657646538061 end: 1657646538093 duration: 32retValue:
onExit - Class: BaseNCodec.java.java method: int org.apache.commons.codec.binary.BaseNCodec.available(org.apache.commons.codec.binary.BaseNCodec$Context) start: 1657646538050 end: 1657646538104 duration: 54retValue:
onExit - Class: BaseNCodec.java.java method: int org.apache.commons.codec.binary.BaseNCodec.available(org.apache.commons.codec.binary.BaseNCodec$Context) start: 1657646538039 end: 1657646538115 duration: 76retValue:
onEnter - Class: BaseNCodec.java method: boolean org.apache.commons.codec.binary.BaseNCodec.hasData(org.apache.commons.codec.binary.BaseNCodec$Context)
MethodEnter
query: SELECT f.* FROM perfrt.files AS f INNER JOIN perfrt.commits AS c ON f.commit_id = c.id WHERE c.commit_hash='8871e9c72eefda5b047d8e9fcc3654e5fab3c198' AND f.name LIKE '%BaseNCodec.java';
onEnter - Class: BaseNCodec.java method: boolean org.apache.commons.codec.binary.BaseNCodec.hasData(org.apache.commons.codec.binary.BaseNCodec$Context)
MethodEnter
query: SELECT f.* FROM perfrt.files AS f INNER JOIN perfrt.commits AS c ON f.commit_id = c.id WHERE c.commit_hash='8871e9c72eefda5b047d8e9fcc3654e5fab3c198' AND f.name LIKE '%BaseNCodec.java';
onExit - Class: BaseNCodec.java.java method: boolean org.apache.commons.codec.binary.BaseNCodec.hasData(org.apache.commons.codec.binary.BaseNCodec$Context) start: 1657646538136 end: 1657646538146 duration: 10retValue:
onExit - Class: BaseNCodec.java.java method: boolean org.apache.commons.codec.binary.BaseNCodec.hasData(org.apache.commons.codec.binary.BaseNCodec$Context) start: 1657646538125 end: 1657646538158 duration: 33retValue:
onExit - Class: BaseNCodec.java.java method: int org.apache.commons.codec.binary.BaseNCodec.readResults(byte[],int,int,org.apache.commons.codec.binary.BaseNCodec$Context) start: 1657646537981 end: 1657646538170 duration: 189retValue:
onExit - Class: BaseNCodec.java.java method: int org.apache.commons.codec.binary.BaseNCodec.readResults(byte[],int,int,org.apache.commons.codec.binary.BaseNCodec$Context) start: 1657646537969 end: 1657646538181 duration: 212retValue:
onExit - Class: BaseNCodec.java.java method: public byte[] org.apache.commons.codec.binary.BaseNCodec.encode(byte[],int,int) start: 1657646537763 end: 1657646538192 duration: 429retValue:
onExit - Class: BaseNCodec.java.java method: public byte[] org.apache.commons.codec.binary.BaseNCodec.encode(byte[],int,int) start: 1657646537748 end: 1657646538202 duration: 454retValue:
onExit - Class: BaseNCodec.java.java method: public byte[] org.apache.commons.codec.binary.BaseNCodec.encode(byte[]) start: 1657646537673 end: 1657646538212 duration: 539retValue:
onExit - Class: BaseNCodec.java.java method: public byte[] org.apache.commons.codec.binary.BaseNCodec.encode(byte[]) start: 1657646537654 end: 1657646538222 duration: 568retValue:
onEnter - Class: StringUtils.java method: public static java.lang.String org.apache.commons.codec.binary.StringUtils.newStringUtf8(byte[])
MethodEnter
query: SELECT f.* FROM perfrt.files AS f INNER JOIN perfrt.commits AS c ON f.commit_id = c.id WHERE c.commit_hash='8871e9c72eefda5b047d8e9fcc3654e5fab3c198' AND f.name LIKE '%StringUtils.java';
onEnter - Class: StringUtils.java method: private static java.lang.String org.apache.commons.codec.binary.StringUtils.newString(byte[],java.nio.charset.Charset)
MethodEnter
query: SELECT f.* FROM perfrt.files AS f INNER JOIN perfrt.commits AS c ON f.commit_id = c.id WHERE c.commit_hash='8871e9c72eefda5b047d8e9fcc3654e5fab3c198' AND f.name LIKE '%StringUtils.java';
onExit - Class: StringUtils.java.java method: private static java.lang.String org.apache.commons.codec.binary.StringUtils.newString(byte[],java.nio.charset.Charset) start: 1657646538256 end: 1657646538268 duration: 12retValue:
onExit - Class: StringUtils.java.java method: public static java.lang.String org.apache.commons.codec.binary.StringUtils.newStringUtf8(byte[]) start: 1657646538245 end: 1657646538278 duration: 33retValue:
onExit - Class: Base16Test.java.java method: public void org.apache.commons.codec.binary.Base16Test.testConstructor_LowerCase_DecodingPolicy() start: 1657646537351 end: 1657646538290 duration: 939retValue:

Thanks for using JUnit! Support its development at https://junit.org/sponsoring

[36m╷[0m
[36m├─[0m [36mJUnit Jupiter[0m [32m✔[0m
[36m│  └─[0m [36mBase16Test[0m [32m✔[0m
[36m│     └─[0m [34mtestConstructor_LowerCase_DecodingPolicy()[0m [32m✔[0m
[36m└─[0m [36mJUnit Vintage[0m [32m✔[0m

Test run finished after 999 ms
[         3 containers found      ]
[         0 containers skipped    ]
[         3 containers started    ]
[         0 containers aborted    ]
[         3 containers successful ]
[         0 containers failed     ]
[         1 tests found           ]
[         0 tests skipped         ]
[         1 tests started         ]
[         0 tests aborted         ]
[         1 tests successful      ]
[         0 tests failed          ]

