Premain
onEnter - Class: Base64InputStreamTest.java method: public void org.apache.commons.codec.binary.Base64InputStreamTest.testSkipPastEnd() throws java.lang.Throwable
MethodEnter
query: SELECT f.* FROM perfrt.files AS f INNER JOIN perfrt.commits AS c ON f.commit_id = c.id WHERE c.commit_hash='8871e9c72eefda5b047d8e9fcc3654e5fab3c198' AND f.name LIKE '%Base64InputStreamTest.java';
onEnter - Class: StringUtils.java method: public static byte[] org.apache.commons.codec.binary.StringUtils.getBytesIso8859_1(java.lang.String)
MethodEnter
query: SELECT f.* FROM perfrt.files AS f INNER JOIN perfrt.commits AS c ON f.commit_id = c.id WHERE c.commit_hash='8871e9c72eefda5b047d8e9fcc3654e5fab3c198' AND f.name LIKE '%StringUtils.java';
onEnter - Class: StringUtils.java method: private static byte[] org.apache.commons.codec.binary.StringUtils.getBytes(java.lang.String,java.nio.charset.Charset)
MethodEnter
query: SELECT f.* FROM perfrt.files AS f INNER JOIN perfrt.commits AS c ON f.commit_id = c.id WHERE c.commit_hash='8871e9c72eefda5b047d8e9fcc3654e5fab3c198' AND f.name LIKE '%StringUtils.java';
onExit - Class: StringUtils.java.java method: private static byte[] org.apache.commons.codec.binary.StringUtils.getBytes(java.lang.String,java.nio.charset.Charset) start: 1657659976725 end: 1657659977043 duration: 318retValue:
onExit - Class: StringUtils.java.java method: public static byte[] org.apache.commons.codec.binary.StringUtils.getBytesIso8859_1(java.lang.String) start: 1657659976435 end: 1657659977350 duration: 915retValue:
onEnter - Class: BaseNCodec.java method: protected boolean org.apache.commons.codec.binary.BaseNCodec.containsAlphabetOrPad(byte[])
MethodEnter
query: SELECT f.* FROM perfrt.files AS f INNER JOIN perfrt.commits AS c ON f.commit_id = c.id WHERE c.commit_hash='8871e9c72eefda5b047d8e9fcc3654e5fab3c198' AND f.name LIKE '%BaseNCodec.java';
onEnter - Class: BaseNCodec.java method: protected boolean org.apache.commons.codec.binary.BaseNCodec.containsAlphabetOrPad(byte[])
MethodEnter
query: SELECT f.* FROM perfrt.files AS f INNER JOIN perfrt.commits AS c ON f.commit_id = c.id WHERE c.commit_hash='8871e9c72eefda5b047d8e9fcc3654e5fab3c198' AND f.name LIKE '%BaseNCodec.java';
onEnter - Class: Base64.java method: protected boolean org.apache.commons.codec.binary.Base64.isInAlphabet(byte)
MethodEnter
query: SELECT f.* FROM perfrt.files AS f INNER JOIN perfrt.commits AS c ON f.commit_id = c.id WHERE c.commit_hash='8871e9c72eefda5b047d8e9fcc3654e5fab3c198' AND f.name LIKE '%Base64.java';
onExit - Class: Base64.java.java method: protected boolean org.apache.commons.codec.binary.Base64.isInAlphabet(byte) start: 1657659978459 end: 1657659978772 duration: 313retValue:
onEnter - Class: Base64.java method: protected boolean org.apache.commons.codec.binary.Base64.isInAlphabet(byte)
MethodEnter
query: SELECT f.* FROM perfrt.files AS f INNER JOIN perfrt.commits AS c ON f.commit_id = c.id WHERE c.commit_hash='8871e9c72eefda5b047d8e9fcc3654e5fab3c198' AND f.name LIKE '%Base64.java';
onExit - Class: Base64.java.java method: protected boolean org.apache.commons.codec.binary.Base64.isInAlphabet(byte) start: 1657659979177 end: 1657659979471 duration: 294retValue:
onExit - Class: BaseNCodec.java.java method: protected boolean org.apache.commons.codec.binary.BaseNCodec.containsAlphabetOrPad(byte[]) start: 1657659978035 end: 1657659979888 duration: 1853retValue:
onExit - Class: BaseNCodec.java.java method: protected boolean org.apache.commons.codec.binary.BaseNCodec.containsAlphabetOrPad(byte[]) start: 1657659977640 end: 1657659980262 duration: 2622retValue:
onEnter - Class: BaseNCodecInputStream.java method: public long org.apache.commons.codec.binary.BaseNCodecInputStream.skip(long) throws java.io.IOException
MethodEnter
query: SELECT f.* FROM perfrt.files AS f INNER JOIN perfrt.commits AS c ON f.commit_id = c.id WHERE c.commit_hash='8871e9c72eefda5b047d8e9fcc3654e5fab3c198' AND f.name LIKE '%BaseNCodecInputStream.java';
onEnter - Class: BaseNCodecInputStream.java method: public long org.apache.commons.codec.binary.BaseNCodecInputStream.skip(long) throws java.io.IOException
MethodEnter
query: SELECT f.* FROM perfrt.files AS f INNER JOIN perfrt.commits AS c ON f.commit_id = c.id WHERE c.commit_hash='8871e9c72eefda5b047d8e9fcc3654e5fab3c198' AND f.name LIKE '%BaseNCodecInputStream.java';
onEnter - Class: BaseNCodecInputStream.java method: public int org.apache.commons.codec.binary.BaseNCodecInputStream.read(byte[],int,int) throws java.io.IOException
MethodEnter
query: SELECT f.* FROM perfrt.files AS f INNER JOIN perfrt.commits AS c ON f.commit_id = c.id WHERE c.commit_hash='8871e9c72eefda5b047d8e9fcc3654e5fab3c198' AND f.name LIKE '%BaseNCodecInputStream.java';
onEnter - Class: BaseNCodecInputStream.java method: public int org.apache.commons.codec.binary.BaseNCodecInputStream.read(byte[],int,int) throws java.io.IOException
MethodEnter
query: SELECT f.* FROM perfrt.files AS f INNER JOIN perfrt.commits AS c ON f.commit_id = c.id WHERE c.commit_hash='8871e9c72eefda5b047d8e9fcc3654e5fab3c198' AND f.name LIKE '%BaseNCodecInputStream.java';
onEnter - Class: BaseNCodec.java method: boolean org.apache.commons.codec.binary.BaseNCodec.hasData(org.apache.commons.codec.binary.BaseNCodec$Context)
MethodEnter
query: SELECT f.* FROM perfrt.files AS f INNER JOIN perfrt.commits AS c ON f.commit_id = c.id WHERE c.commit_hash='8871e9c72eefda5b047d8e9fcc3654e5fab3c198' AND f.name LIKE '%BaseNCodec.java';
onEnter - Class: BaseNCodec.java method: boolean org.apache.commons.codec.binary.BaseNCodec.hasData(org.apache.commons.codec.binary.BaseNCodec$Context)
MethodEnter
query: SELECT f.* FROM perfrt.files AS f INNER JOIN perfrt.commits AS c ON f.commit_id = c.id WHERE c.commit_hash='8871e9c72eefda5b047d8e9fcc3654e5fab3c198' AND f.name LIKE '%BaseNCodec.java';
onExit - Class: BaseNCodec.java.java method: boolean org.apache.commons.codec.binary.BaseNCodec.hasData(org.apache.commons.codec.binary.BaseNCodec$Context) start: 1657659982403 end: 1657659982653 duration: 250retValue:
onExit - Class: BaseNCodec.java.java method: boolean org.apache.commons.codec.binary.BaseNCodec.hasData(org.apache.commons.codec.binary.BaseNCodec$Context) start: 1657659982188 end: 1657659982912 duration: 724retValue:
onEnter - Class: Base64.java method: void org.apache.commons.codec.binary.Base64.decode(byte[],int,int,org.apache.commons.codec.binary.BaseNCodec$Context)
MethodEnter
query: SELECT f.* FROM perfrt.files AS f INNER JOIN perfrt.commits AS c ON f.commit_id = c.id WHERE c.commit_hash='8871e9c72eefda5b047d8e9fcc3654e5fab3c198' AND f.name LIKE '%Base64.java';
onEnter - Class: BaseNCodec.java method: protected byte[] org.apache.commons.codec.binary.BaseNCodec.ensureBufferSize(int,org.apache.commons.codec.binary.BaseNCodec$Context)
MethodEnter
query: SELECT f.* FROM perfrt.files AS f INNER JOIN perfrt.commits AS c ON f.commit_id = c.id WHERE c.commit_hash='8871e9c72eefda5b047d8e9fcc3654e5fab3c198' AND f.name LIKE '%BaseNCodec.java';
onEnter - Class: BaseNCodec.java method: protected byte[] org.apache.commons.codec.binary.BaseNCodec.ensureBufferSize(int,org.apache.commons.codec.binary.BaseNCodec$Context)
MethodEnter
query: SELECT f.* FROM perfrt.files AS f INNER JOIN perfrt.commits AS c ON f.commit_id = c.id WHERE c.commit_hash='8871e9c72eefda5b047d8e9fcc3654e5fab3c198' AND f.name LIKE '%BaseNCodec.java';
onEnter - Class: BaseNCodec.java method: protected int org.apache.commons.codec.binary.BaseNCodec.getDefaultBufferSize()
MethodEnter
query: SELECT f.* FROM perfrt.files AS f INNER JOIN perfrt.commits AS c ON f.commit_id = c.id WHERE c.commit_hash='8871e9c72eefda5b047d8e9fcc3654e5fab3c198' AND f.name LIKE '%BaseNCodec.java';
onEnter - Class: BaseNCodec.java method: protected int org.apache.commons.codec.binary.BaseNCodec.getDefaultBufferSize()
MethodEnter
query: SELECT f.* FROM perfrt.files AS f INNER JOIN perfrt.commits AS c ON f.commit_id = c.id WHERE c.commit_hash='8871e9c72eefda5b047d8e9fcc3654e5fab3c198' AND f.name LIKE '%BaseNCodec.java';
onExit - Class: BaseNCodec.java.java method: protected int org.apache.commons.codec.binary.BaseNCodec.getDefaultBufferSize() start: 1657659984331 end: 1657659984630 duration: 299retValue:
onExit - Class: BaseNCodec.java.java method: protected int org.apache.commons.codec.binary.BaseNCodec.getDefaultBufferSize() start: 1657659984165 end: 1657659984927 duration: 762retValue:
onExit - Class: BaseNCodec.java.java method: protected byte[] org.apache.commons.codec.binary.BaseNCodec.ensureBufferSize(int,org.apache.commons.codec.binary.BaseNCodec$Context) start: 1657659983746 end: 1657659985229 duration: 1483retValue:
onExit - Class: BaseNCodec.java.java method: protected byte[] org.apache.commons.codec.binary.BaseNCodec.ensureBufferSize(int,org.apache.commons.codec.binary.BaseNCodec$Context) start: 1657659983467 end: 1657659985476 duration: 2009retValue:
onEnter - Class: BaseNCodec.java method: protected byte[] org.apache.commons.codec.binary.BaseNCodec.ensureBufferSize(int,org.apache.commons.codec.binary.BaseNCodec$Context)
MethodEnter
query: SELECT f.* FROM perfrt.files AS f INNER JOIN perfrt.commits AS c ON f.commit_id = c.id WHERE c.commit_hash='8871e9c72eefda5b047d8e9fcc3654e5fab3c198' AND f.name LIKE '%BaseNCodec.java';
onEnter - Class: BaseNCodec.java method: protected byte[] org.apache.commons.codec.binary.BaseNCodec.ensureBufferSize(int,org.apache.commons.codec.binary.BaseNCodec$Context)
MethodEnter
query: SELECT f.* FROM perfrt.files AS f INNER JOIN perfrt.commits AS c ON f.commit_id = c.id WHERE c.commit_hash='8871e9c72eefda5b047d8e9fcc3654e5fab3c198' AND f.name LIKE '%BaseNCodec.java';
onExit - Class: BaseNCodec.java.java method: protected byte[] org.apache.commons.codec.binary.BaseNCodec.ensureBufferSize(int,org.apache.commons.codec.binary.BaseNCodec$Context) start: 1657659986081 end: 1657659986360 duration: 279retValue:
onExit - Class: BaseNCodec.java.java method: protected byte[] org.apache.commons.codec.binary.BaseNCodec.ensureBufferSize(int,org.apache.commons.codec.binary.BaseNCodec$Context) start: 1657659985724 end: 1657659986638 duration: 914retValue:
onEnter - Class: BaseNCodec.java method: protected byte[] org.apache.commons.codec.binary.BaseNCodec.ensureBufferSize(int,org.apache.commons.codec.binary.BaseNCodec$Context)
MethodEnter
query: SELECT f.* FROM perfrt.files AS f INNER JOIN perfrt.commits AS c ON f.commit_id = c.id WHERE c.commit_hash='8871e9c72eefda5b047d8e9fcc3654e5fab3c198' AND f.name LIKE '%BaseNCodec.java';
onEnter - Class: BaseNCodec.java method: protected byte[] org.apache.commons.codec.binary.BaseNCodec.ensureBufferSize(int,org.apache.commons.codec.binary.BaseNCodec$Context)
MethodEnter
query: SELECT f.* FROM perfrt.files AS f INNER JOIN perfrt.commits AS c ON f.commit_id = c.id WHERE c.commit_hash='8871e9c72eefda5b047d8e9fcc3654e5fab3c198' AND f.name LIKE '%BaseNCodec.java';
onExit - Class: BaseNCodec.java.java method: protected byte[] org.apache.commons.codec.binary.BaseNCodec.ensureBufferSize(int,org.apache.commons.codec.binary.BaseNCodec$Context) start: 1657659987073 end: 1657659987356 duration: 283retValue:
onExit - Class: BaseNCodec.java.java method: protected byte[] org.apache.commons.codec.binary.BaseNCodec.ensureBufferSize(int,org.apache.commons.codec.binary.BaseNCodec$Context) start: 1657659986887 end: 1657659987694 duration: 807retValue:
onEnter - Class: BaseNCodec.java method: protected byte[] org.apache.commons.codec.binary.BaseNCodec.ensureBufferSize(int,org.apache.commons.codec.binary.BaseNCodec$Context)
MethodEnter
query: SELECT f.* FROM perfrt.files AS f INNER JOIN perfrt.commits AS c ON f.commit_id = c.id WHERE c.commit_hash='8871e9c72eefda5b047d8e9fcc3654e5fab3c198' AND f.name LIKE '%BaseNCodec.java';
onEnter - Class: BaseNCodec.java method: protected byte[] org.apache.commons.codec.binary.BaseNCodec.ensureBufferSize(int,org.apache.commons.codec.binary.BaseNCodec$Context)
MethodEnter
query: SELECT f.* FROM perfrt.files AS f INNER JOIN perfrt.commits AS c ON f.commit_id = c.id WHERE c.commit_hash='8871e9c72eefda5b047d8e9fcc3654e5fab3c198' AND f.name LIKE '%BaseNCodec.java';
onExit - Class: BaseNCodec.java.java method: protected byte[] org.apache.commons.codec.binary.BaseNCodec.ensureBufferSize(int,org.apache.commons.codec.binary.BaseNCodec$Context) start: 1657659989810 end: 1657659990855 duration: 1045retValue:
onExit - Class: BaseNCodec.java.java method: protected byte[] org.apache.commons.codec.binary.BaseNCodec.ensureBufferSize(int,org.apache.commons.codec.binary.BaseNCodec$Context) start: 1657659988200 end: 1657659991694 duration: 3494retValue:
onEnter - Class: BaseNCodec.java method: protected byte[] org.apache.commons.codec.binary.BaseNCodec.ensureBufferSize(int,org.apache.commons.codec.binary.BaseNCodec$Context)
MethodEnter
query: SELECT f.* FROM perfrt.files AS f INNER JOIN perfrt.commits AS c ON f.commit_id = c.id WHERE c.commit_hash='8871e9c72eefda5b047d8e9fcc3654e5fab3c198' AND f.name LIKE '%BaseNCodec.java';
onEnter - Class: BaseNCodec.java method: protected byte[] org.apache.commons.codec.binary.BaseNCodec.ensureBufferSize(int,org.apache.commons.codec.binary.BaseNCodec$Context)
MethodEnter
query: SELECT f.* FROM perfrt.files AS f INNER JOIN perfrt.commits AS c ON f.commit_id = c.id WHERE c.commit_hash='8871e9c72eefda5b047d8e9fcc3654e5fab3c198' AND f.name LIKE '%BaseNCodec.java';
onExit - Class: BaseNCodec.java.java method: protected byte[] org.apache.commons.codec.binary.BaseNCodec.ensureBufferSize(int,org.apache.commons.codec.binary.BaseNCodec$Context) start: 1657659993590 end: 1657659994837 duration: 1247retValue:
onExit - Class: BaseNCodec.java.java method: protected byte[] org.apache.commons.codec.binary.BaseNCodec.ensureBufferSize(int,org.apache.commons.codec.binary.BaseNCodec$Context) start: 1657659992540 end: 1657659995497 duration: 2957retValue:
onEnter - Class: BaseNCodec.java method: protected byte[] org.apache.commons.codec.binary.BaseNCodec.ensureBufferSize(int,org.apache.commons.codec.binary.BaseNCodec$Context)
MethodEnter
query: SELECT f.* FROM perfrt.files AS f INNER JOIN perfrt.commits AS c ON f.commit_id = c.id WHERE c.commit_hash='8871e9c72eefda5b047d8e9fcc3654e5fab3c198' AND f.name LIKE '%BaseNCodec.java';
onEnter - Class: BaseNCodec.java method: protected byte[] org.apache.commons.codec.binary.BaseNCodec.ensureBufferSize(int,org.apache.commons.codec.binary.BaseNCodec$Context)
MethodEnter
query: SELECT f.* FROM perfrt.files AS f INNER JOIN perfrt.commits AS c ON f.commit_id = c.id WHERE c.commit_hash='8871e9c72eefda5b047d8e9fcc3654e5fab3c198' AND f.name LIKE '%BaseNCodec.java';
onExit - Class: BaseNCodec.java.java method: protected byte[] org.apache.commons.codec.binary.BaseNCodec.ensureBufferSize(int,org.apache.commons.codec.binary.BaseNCodec$Context) start: 1657659997474 end: 1657659998825 duration: 1351retValue:
onExit - Class: BaseNCodec.java.java method: protected byte[] org.apache.commons.codec.binary.BaseNCodec.ensureBufferSize(int,org.apache.commons.codec.binary.BaseNCodec$Context) start: 1657659996340 end: 1657659999970 duration: 3630retValue:
onEnter - Class: BaseNCodec.java method: protected byte[] org.apache.commons.codec.binary.BaseNCodec.ensureBufferSize(int,org.apache.commons.codec.binary.BaseNCodec$Context)
MethodEnter
query: SELECT f.* FROM perfrt.files AS f INNER JOIN perfrt.commits AS c ON f.commit_id = c.id WHERE c.commit_hash='8871e9c72eefda5b047d8e9fcc3654e5fab3c198' AND f.name LIKE '%BaseNCodec.java';
onEnter - Class: BaseNCodec.java method: protected byte[] org.apache.commons.codec.binary.BaseNCodec.ensureBufferSize(int,org.apache.commons.codec.binary.BaseNCodec$Context)
MethodEnter
query: SELECT f.* FROM perfrt.files AS f INNER JOIN perfrt.commits AS c ON f.commit_id = c.id WHERE c.commit_hash='8871e9c72eefda5b047d8e9fcc3654e5fab3c198' AND f.name LIKE '%BaseNCodec.java';
onExit - Class: BaseNCodec.java.java method: protected byte[] org.apache.commons.codec.binary.BaseNCodec.ensureBufferSize(int,org.apache.commons.codec.binary.BaseNCodec$Context) start: 1657660002677 end: 1657660003860 duration: 1183retValue:
onExit - Class: BaseNCodec.java.java method: protected byte[] org.apache.commons.codec.binary.BaseNCodec.ensureBufferSize(int,org.apache.commons.codec.binary.BaseNCodec$Context) start: 1657660001408 end: 1657660004590 duration: 3182retValue:
onEnter - Class: BaseNCodec.java method: protected byte[] org.apache.commons.codec.binary.BaseNCodec.ensureBufferSize(int,org.apache.commons.codec.binary.BaseNCodec$Context)
MethodEnter
query: SELECT f.* FROM perfrt.files AS f INNER JOIN perfrt.commits AS c ON f.commit_id = c.id WHERE c.commit_hash='8871e9c72eefda5b047d8e9fcc3654e5fab3c198' AND f.name LIKE '%BaseNCodec.java';
onEnter - Class: BaseNCodec.java method: protected byte[] org.apache.commons.codec.binary.BaseNCodec.ensureBufferSize(int,org.apache.commons.codec.binary.BaseNCodec$Context)
MethodEnter
query: SELECT f.* FROM perfrt.files AS f INNER JOIN perfrt.commits AS c ON f.commit_id = c.id WHERE c.commit_hash='8871e9c72eefda5b047d8e9fcc3654e5fab3c198' AND f.name LIKE '%BaseNCodec.java';
onExit - Class: BaseNCodec.java.java method: protected byte[] org.apache.commons.codec.binary.BaseNCodec.ensureBufferSize(int,org.apache.commons.codec.binary.BaseNCodec$Context) start: 1657660004609 end: 1657660004618 duration: 9retValue:
onExit - Class: BaseNCodec.java.java method: protected byte[] org.apache.commons.codec.binary.BaseNCodec.ensureBufferSize(int,org.apache.commons.codec.binary.BaseNCodec$Context) start: 1657660004600 end: 1657660004627 duration: 27retValue:
onExit - Class: Base64.java.java method: void org.apache.commons.codec.binary.Base64.decode(byte[],int,int,org.apache.commons.codec.binary.BaseNCodec$Context) start: 1657659983180 end: 1657660004635 duration: 21455retValue:
onEnter - Class: BaseNCodec.java method: int org.apache.commons.codec.binary.BaseNCodec.readResults(byte[],int,int,org.apache.commons.codec.binary.BaseNCodec$Context)
MethodEnter
query: SELECT f.* FROM perfrt.files AS f INNER JOIN perfrt.commits AS c ON f.commit_id = c.id WHERE c.commit_hash='8871e9c72eefda5b047d8e9fcc3654e5fab3c198' AND f.name LIKE '%BaseNCodec.java';
onEnter - Class: BaseNCodec.java method: int org.apache.commons.codec.binary.BaseNCodec.readResults(byte[],int,int,org.apache.commons.codec.binary.BaseNCodec$Context)
MethodEnter
query: SELECT f.* FROM perfrt.files AS f INNER JOIN perfrt.commits AS c ON f.commit_id = c.id WHERE c.commit_hash='8871e9c72eefda5b047d8e9fcc3654e5fab3c198' AND f.name LIKE '%BaseNCodec.java';
onEnter - Class: BaseNCodec.java method: boolean org.apache.commons.codec.binary.BaseNCodec.hasData(org.apache.commons.codec.binary.BaseNCodec$Context)
MethodEnter
query: SELECT f.* FROM perfrt.files AS f INNER JOIN perfrt.commits AS c ON f.commit_id = c.id WHERE c.commit_hash='8871e9c72eefda5b047d8e9fcc3654e5fab3c198' AND f.name LIKE '%BaseNCodec.java';
onEnter - Class: BaseNCodec.java method: boolean org.apache.commons.codec.binary.BaseNCodec.hasData(org.apache.commons.codec.binary.BaseNCodec$Context)
MethodEnter
query: SELECT f.* FROM perfrt.files AS f INNER JOIN perfrt.commits AS c ON f.commit_id = c.id WHERE c.commit_hash='8871e9c72eefda5b047d8e9fcc3654e5fab3c198' AND f.name LIKE '%BaseNCodec.java';
onExit - Class: BaseNCodec.java.java method: boolean org.apache.commons.codec.binary.BaseNCodec.hasData(org.apache.commons.codec.binary.BaseNCodec$Context) start: 1657660004676 end: 1657660004685 duration: 9retValue:
onExit - Class: BaseNCodec.java.java method: boolean org.apache.commons.codec.binary.BaseNCodec.hasData(org.apache.commons.codec.binary.BaseNCodec$Context) start: 1657660004667 end: 1657660004695 duration: 28retValue:
onEnter - Class: BaseNCodec.java method: int org.apache.commons.codec.binary.BaseNCodec.available(org.apache.commons.codec.binary.BaseNCodec$Context)
MethodEnter
query: SELECT f.* FROM perfrt.files AS f INNER JOIN perfrt.commits AS c ON f.commit_id = c.id WHERE c.commit_hash='8871e9c72eefda5b047d8e9fcc3654e5fab3c198' AND f.name LIKE '%BaseNCodec.java';
onEnter - Class: BaseNCodec.java method: int org.apache.commons.codec.binary.BaseNCodec.available(org.apache.commons.codec.binary.BaseNCodec$Context)
MethodEnter
query: SELECT f.* FROM perfrt.files AS f INNER JOIN perfrt.commits AS c ON f.commit_id = c.id WHERE c.commit_hash='8871e9c72eefda5b047d8e9fcc3654e5fab3c198' AND f.name LIKE '%BaseNCodec.java';
onEnter - Class: BaseNCodec.java method: boolean org.apache.commons.codec.binary.BaseNCodec.hasData(org.apache.commons.codec.binary.BaseNCodec$Context)
MethodEnter
query: SELECT f.* FROM perfrt.files AS f INNER JOIN perfrt.commits AS c ON f.commit_id = c.id WHERE c.commit_hash='8871e9c72eefda5b047d8e9fcc3654e5fab3c198' AND f.name LIKE '%BaseNCodec.java';
onEnter - Class: BaseNCodec.java method: boolean org.apache.commons.codec.binary.BaseNCodec.hasData(org.apache.commons.codec.binary.BaseNCodec$Context)
MethodEnter
query: SELECT f.* FROM perfrt.files AS f INNER JOIN perfrt.commits AS c ON f.commit_id = c.id WHERE c.commit_hash='8871e9c72eefda5b047d8e9fcc3654e5fab3c198' AND f.name LIKE '%BaseNCodec.java';
onExit - Class: BaseNCodec.java.java method: boolean org.apache.commons.codec.binary.BaseNCodec.hasData(org.apache.commons.codec.binary.BaseNCodec$Context) start: 1657660005426 end: 1657660005435 duration: 9retValue:
onExit - Class: BaseNCodec.java.java method: boolean org.apache.commons.codec.binary.BaseNCodec.hasData(org.apache.commons.codec.binary.BaseNCodec$Context) start: 1657660005417 end: 1657660005442 duration: 25retValue:
onExit - Class: BaseNCodec.java.java method: int org.apache.commons.codec.binary.BaseNCodec.available(org.apache.commons.codec.binary.BaseNCodec$Context) start: 1657660005408 end: 1657660005450 duration: 42retValue:
onExit - Class: BaseNCodec.java.java method: int org.apache.commons.codec.binary.BaseNCodec.available(org.apache.commons.codec.binary.BaseNCodec$Context) start: 1657660005141 end: 1657660005463 duration: 322retValue:
onEnter - Class: BaseNCodec.java method: boolean org.apache.commons.codec.binary.BaseNCodec.hasData(org.apache.commons.codec.binary.BaseNCodec$Context)
MethodEnter
query: SELECT f.* FROM perfrt.files AS f INNER JOIN perfrt.commits AS c ON f.commit_id = c.id WHERE c.commit_hash='8871e9c72eefda5b047d8e9fcc3654e5fab3c198' AND f.name LIKE '%BaseNCodec.java';
onEnter - Class: BaseNCodec.java method: boolean org.apache.commons.codec.binary.BaseNCodec.hasData(org.apache.commons.codec.binary.BaseNCodec$Context)
MethodEnter
query: SELECT f.* FROM perfrt.files AS f INNER JOIN perfrt.commits AS c ON f.commit_id = c.id WHERE c.commit_hash='8871e9c72eefda5b047d8e9fcc3654e5fab3c198' AND f.name LIKE '%BaseNCodec.java';
onExit - Class: BaseNCodec.java.java method: boolean org.apache.commons.codec.binary.BaseNCodec.hasData(org.apache.commons.codec.binary.BaseNCodec$Context) start: 1657660005480 end: 1657660005490 duration: 10retValue:
onExit - Class: BaseNCodec.java.java method: boolean org.apache.commons.codec.binary.BaseNCodec.hasData(org.apache.commons.codec.binary.BaseNCodec$Context) start: 1657660005472 end: 1657660005498 duration: 26retValue:
onExit - Class: BaseNCodec.java.java method: int org.apache.commons.codec.binary.BaseNCodec.readResults(byte[],int,int,org.apache.commons.codec.binary.BaseNCodec$Context) start: 1657660004657 end: 1657660005506 duration: 849retValue:
onExit - Class: BaseNCodec.java.java method: int org.apache.commons.codec.binary.BaseNCodec.readResults(byte[],int,int,org.apache.commons.codec.binary.BaseNCodec$Context) start: 1657660004646 end: 1657660005514 duration: 868retValue:
onEnter - Class: BaseNCodec.java method: boolean org.apache.commons.codec.binary.BaseNCodec.hasData(org.apache.commons.codec.binary.BaseNCodec$Context)
MethodEnter
query: SELECT f.* FROM perfrt.files AS f INNER JOIN perfrt.commits AS c ON f.commit_id = c.id WHERE c.commit_hash='8871e9c72eefda5b047d8e9fcc3654e5fab3c198' AND f.name LIKE '%BaseNCodec.java';
onEnter - Class: BaseNCodec.java method: boolean org.apache.commons.codec.binary.BaseNCodec.hasData(org.apache.commons.codec.binary.BaseNCodec$Context)
MethodEnter
query: SELECT f.* FROM perfrt.files AS f INNER JOIN perfrt.commits AS c ON f.commit_id = c.id WHERE c.commit_hash='8871e9c72eefda5b047d8e9fcc3654e5fab3c198' AND f.name LIKE '%BaseNCodec.java';
onExit - Class: BaseNCodec.java.java method: boolean org.apache.commons.codec.binary.BaseNCodec.hasData(org.apache.commons.codec.binary.BaseNCodec$Context) start: 1657660005533 end: 1657660005542 duration: 9retValue:
onExit - Class: BaseNCodec.java.java method: boolean org.apache.commons.codec.binary.BaseNCodec.hasData(org.apache.commons.codec.binary.BaseNCodec$Context) start: 1657660005524 end: 1657660005550 duration: 26retValue:
onEnter - Class: Base64.java method: void org.apache.commons.codec.binary.Base64.decode(byte[],int,int,org.apache.commons.codec.binary.BaseNCodec$Context)
MethodEnter
query: SELECT f.* FROM perfrt.files AS f INNER JOIN perfrt.commits AS c ON f.commit_id = c.id WHERE c.commit_hash='8871e9c72eefda5b047d8e9fcc3654e5fab3c198' AND f.name LIKE '%Base64.java';
onExit - Class: Base64.java.java method: void org.apache.commons.codec.binary.Base64.decode(byte[],int,int,org.apache.commons.codec.binary.BaseNCodec$Context) start: 1657660005558 end: 1657660005565 duration: 7retValue:
onEnter - Class: BaseNCodec.java method: int org.apache.commons.codec.binary.BaseNCodec.readResults(byte[],int,int,org.apache.commons.codec.binary.BaseNCodec$Context)
MethodEnter
query: SELECT f.* FROM perfrt.files AS f INNER JOIN perfrt.commits AS c ON f.commit_id = c.id WHERE c.commit_hash='8871e9c72eefda5b047d8e9fcc3654e5fab3c198' AND f.name LIKE '%BaseNCodec.java';
onEnter - Class: BaseNCodec.java method: int org.apache.commons.codec.binary.BaseNCodec.readResults(byte[],int,int,org.apache.commons.codec.binary.BaseNCodec$Context)
MethodEnter
query: SELECT f.* FROM perfrt.files AS f INNER JOIN perfrt.commits AS c ON f.commit_id = c.id WHERE c.commit_hash='8871e9c72eefda5b047d8e9fcc3654e5fab3c198' AND f.name LIKE '%BaseNCodec.java';
onEnter - Class: BaseNCodec.java method: boolean org.apache.commons.codec.binary.BaseNCodec.hasData(org.apache.commons.codec.binary.BaseNCodec$Context)
MethodEnter
query: SELECT f.* FROM perfrt.files AS f INNER JOIN perfrt.commits AS c ON f.commit_id = c.id WHERE c.commit_hash='8871e9c72eefda5b047d8e9fcc3654e5fab3c198' AND f.name LIKE '%BaseNCodec.java';
onEnter - Class: BaseNCodec.java method: boolean org.apache.commons.codec.binary.BaseNCodec.hasData(org.apache.commons.codec.binary.BaseNCodec$Context)
MethodEnter
query: SELECT f.* FROM perfrt.files AS f INNER JOIN perfrt.commits AS c ON f.commit_id = c.id WHERE c.commit_hash='8871e9c72eefda5b047d8e9fcc3654e5fab3c198' AND f.name LIKE '%BaseNCodec.java';
onExit - Class: BaseNCodec.java.java method: boolean org.apache.commons.codec.binary.BaseNCodec.hasData(org.apache.commons.codec.binary.BaseNCodec$Context) start: 1657660005602 end: 1657660005610 duration: 8retValue:
onExit - Class: BaseNCodec.java.java method: boolean org.apache.commons.codec.binary.BaseNCodec.hasData(org.apache.commons.codec.binary.BaseNCodec$Context) start: 1657660005592 end: 1657660005618 duration: 26retValue:
onExit - Class: BaseNCodec.java.java method: int org.apache.commons.codec.binary.BaseNCodec.readResults(byte[],int,int,org.apache.commons.codec.binary.BaseNCodec$Context) start: 1657660005581 end: 1657660005626 duration: 45retValue:
onExit - Class: BaseNCodec.java.java method: int org.apache.commons.codec.binary.BaseNCodec.readResults(byte[],int,int,org.apache.commons.codec.binary.BaseNCodec$Context) start: 1657660005573 end: 1657660005634 duration: 61retValue:
onExit - Class: BaseNCodecInputStream.java.java method: public int org.apache.commons.codec.binary.BaseNCodecInputStream.read(byte[],int,int) throws java.io.IOException start: 1657659981752 end: 1657660005645 duration: 23893retValue:
onExit - Class: BaseNCodecInputStream.java.java method: public int org.apache.commons.codec.binary.BaseNCodecInputStream.read(byte[],int,int) throws java.io.IOException start: 1657659981465 end: 1657660005653 duration: 24188retValue:
onEnter - Class: BaseNCodecInputStream.java method: public int org.apache.commons.codec.binary.BaseNCodecInputStream.read(byte[],int,int) throws java.io.IOException
MethodEnter
query: SELECT f.* FROM perfrt.files AS f INNER JOIN perfrt.commits AS c ON f.commit_id = c.id WHERE c.commit_hash='8871e9c72eefda5b047d8e9fcc3654e5fab3c198' AND f.name LIKE '%BaseNCodecInputStream.java';
onEnter - Class: BaseNCodecInputStream.java method: public int org.apache.commons.codec.binary.BaseNCodecInputStream.read(byte[],int,int) throws java.io.IOException
MethodEnter
query: SELECT f.* FROM perfrt.files AS f INNER JOIN perfrt.commits AS c ON f.commit_id = c.id WHERE c.commit_hash='8871e9c72eefda5b047d8e9fcc3654e5fab3c198' AND f.name LIKE '%BaseNCodecInputStream.java';
onEnter - Class: BaseNCodec.java method: boolean org.apache.commons.codec.binary.BaseNCodec.hasData(org.apache.commons.codec.binary.BaseNCodec$Context)
MethodEnter
query: SELECT f.* FROM perfrt.files AS f INNER JOIN perfrt.commits AS c ON f.commit_id = c.id WHERE c.commit_hash='8871e9c72eefda5b047d8e9fcc3654e5fab3c198' AND f.name LIKE '%BaseNCodec.java';
onEnter - Class: BaseNCodec.java method: boolean org.apache.commons.codec.binary.BaseNCodec.hasData(org.apache.commons.codec.binary.BaseNCodec$Context)
MethodEnter
query: SELECT f.* FROM perfrt.files AS f INNER JOIN perfrt.commits AS c ON f.commit_id = c.id WHERE c.commit_hash='8871e9c72eefda5b047d8e9fcc3654e5fab3c198' AND f.name LIKE '%BaseNCodec.java';
onExit - Class: BaseNCodec.java.java method: boolean org.apache.commons.codec.binary.BaseNCodec.hasData(org.apache.commons.codec.binary.BaseNCodec$Context) start: 1657660005686 end: 1657660005694 duration: 8retValue:
onExit - Class: BaseNCodec.java.java method: boolean org.apache.commons.codec.binary.BaseNCodec.hasData(org.apache.commons.codec.binary.BaseNCodec$Context) start: 1657660005677 end: 1657660005702 duration: 25retValue:
onEnter - Class: Base64.java method: void org.apache.commons.codec.binary.Base64.decode(byte[],int,int,org.apache.commons.codec.binary.BaseNCodec$Context)
MethodEnter
query: SELECT f.* FROM perfrt.files AS f INNER JOIN perfrt.commits AS c ON f.commit_id = c.id WHERE c.commit_hash='8871e9c72eefda5b047d8e9fcc3654e5fab3c198' AND f.name LIKE '%Base64.java';
onExit - Class: Base64.java.java method: void org.apache.commons.codec.binary.Base64.decode(byte[],int,int,org.apache.commons.codec.binary.BaseNCodec$Context) start: 1657660005714 end: 1657660005722 duration: 8retValue:
onEnter - Class: BaseNCodec.java method: int org.apache.commons.codec.binary.BaseNCodec.readResults(byte[],int,int,org.apache.commons.codec.binary.BaseNCodec$Context)
MethodEnter
query: SELECT f.* FROM perfrt.files AS f INNER JOIN perfrt.commits AS c ON f.commit_id = c.id WHERE c.commit_hash='8871e9c72eefda5b047d8e9fcc3654e5fab3c198' AND f.name LIKE '%BaseNCodec.java';
onEnter - Class: BaseNCodec.java method: int org.apache.commons.codec.binary.BaseNCodec.readResults(byte[],int,int,org.apache.commons.codec.binary.BaseNCodec$Context)
MethodEnter
query: SELECT f.* FROM perfrt.files AS f INNER JOIN perfrt.commits AS c ON f.commit_id = c.id WHERE c.commit_hash='8871e9c72eefda5b047d8e9fcc3654e5fab3c198' AND f.name LIKE '%BaseNCodec.java';
onEnter - Class: BaseNCodec.java method: boolean org.apache.commons.codec.binary.BaseNCodec.hasData(org.apache.commons.codec.binary.BaseNCodec$Context)
MethodEnter
query: SELECT f.* FROM perfrt.files AS f INNER JOIN perfrt.commits AS c ON f.commit_id = c.id WHERE c.commit_hash='8871e9c72eefda5b047d8e9fcc3654e5fab3c198' AND f.name LIKE '%BaseNCodec.java';
onEnter - Class: BaseNCodec.java method: boolean org.apache.commons.codec.binary.BaseNCodec.hasData(org.apache.commons.codec.binary.BaseNCodec$Context)
MethodEnter
query: SELECT f.* FROM perfrt.files AS f INNER JOIN perfrt.commits AS c ON f.commit_id = c.id WHERE c.commit_hash='8871e9c72eefda5b047d8e9fcc3654e5fab3c198' AND f.name LIKE '%BaseNCodec.java';
onExit - Class: BaseNCodec.java.java method: boolean org.apache.commons.codec.binary.BaseNCodec.hasData(org.apache.commons.codec.binary.BaseNCodec$Context) start: 1657660005754 end: 1657660005762 duration: 8retValue:
onExit - Class: BaseNCodec.java.java method: boolean org.apache.commons.codec.binary.BaseNCodec.hasData(org.apache.commons.codec.binary.BaseNCodec$Context) start: 1657660005746 end: 1657660005769 duration: 23retValue:
onExit - Class: BaseNCodec.java.java method: int org.apache.commons.codec.binary.BaseNCodec.readResults(byte[],int,int,org.apache.commons.codec.binary.BaseNCodec$Context) start: 1657660005737 end: 1657660005781 duration: 44retValue:
onExit - Class: BaseNCodec.java.java method: int org.apache.commons.codec.binary.BaseNCodec.readResults(byte[],int,int,org.apache.commons.codec.binary.BaseNCodec$Context) start: 1657660005729 end: 1657660005789 duration: 60retValue:
onExit - Class: BaseNCodecInputStream.java.java method: public int org.apache.commons.codec.binary.BaseNCodecInputStream.read(byte[],int,int) throws java.io.IOException start: 1657660005669 end: 1657660005796 duration: 127retValue:
onExit - Class: BaseNCodecInputStream.java.java method: public int org.apache.commons.codec.binary.BaseNCodecInputStream.read(byte[],int,int) throws java.io.IOException start: 1657660005661 end: 1657660005805 duration: 144retValue:
onExit - Class: BaseNCodecInputStream.java.java method: public long org.apache.commons.codec.binary.BaseNCodecInputStream.skip(long) throws java.io.IOException start: 1657659981117 end: 1657660005813 duration: 24696retValue:
onExit - Class: BaseNCodecInputStream.java.java method: public long org.apache.commons.codec.binary.BaseNCodecInputStream.skip(long) throws java.io.IOException start: 1657659980832 end: 1657660005823 duration: 24991retValue:
onEnter - Class: BaseNCodecInputStream.java method: public int org.apache.commons.codec.binary.BaseNCodecInputStream.read() throws java.io.IOException
MethodEnter
query: SELECT f.* FROM perfrt.files AS f INNER JOIN perfrt.commits AS c ON f.commit_id = c.id WHERE c.commit_hash='8871e9c72eefda5b047d8e9fcc3654e5fab3c198' AND f.name LIKE '%BaseNCodecInputStream.java';
onEnter - Class: BaseNCodecInputStream.java method: public int org.apache.commons.codec.binary.BaseNCodecInputStream.read() throws java.io.IOException
MethodEnter
query: SELECT f.* FROM perfrt.files AS f INNER JOIN perfrt.commits AS c ON f.commit_id = c.id WHERE c.commit_hash='8871e9c72eefda5b047d8e9fcc3654e5fab3c198' AND f.name LIKE '%BaseNCodecInputStream.java';
onEnter - Class: BaseNCodecInputStream.java method: public int org.apache.commons.codec.binary.BaseNCodecInputStream.read(byte[],int,int) throws java.io.IOException
MethodEnter
query: SELECT f.* FROM perfrt.files AS f INNER JOIN perfrt.commits AS c ON f.commit_id = c.id WHERE c.commit_hash='8871e9c72eefda5b047d8e9fcc3654e5fab3c198' AND f.name LIKE '%BaseNCodecInputStream.java';
onEnter - Class: BaseNCodecInputStream.java method: public int org.apache.commons.codec.binary.BaseNCodecInputStream.read(byte[],int,int) throws java.io.IOException
MethodEnter
query: SELECT f.* FROM perfrt.files AS f INNER JOIN perfrt.commits AS c ON f.commit_id = c.id WHERE c.commit_hash='8871e9c72eefda5b047d8e9fcc3654e5fab3c198' AND f.name LIKE '%BaseNCodecInputStream.java';
onEnter - Class: BaseNCodec.java method: boolean org.apache.commons.codec.binary.BaseNCodec.hasData(org.apache.commons.codec.binary.BaseNCodec$Context)
MethodEnter
query: SELECT f.* FROM perfrt.files AS f INNER JOIN perfrt.commits AS c ON f.commit_id = c.id WHERE c.commit_hash='8871e9c72eefda5b047d8e9fcc3654e5fab3c198' AND f.name LIKE '%BaseNCodec.java';
onEnter - Class: BaseNCodec.java method: boolean org.apache.commons.codec.binary.BaseNCodec.hasData(org.apache.commons.codec.binary.BaseNCodec$Context)
MethodEnter
query: SELECT f.* FROM perfrt.files AS f INNER JOIN perfrt.commits AS c ON f.commit_id = c.id WHERE c.commit_hash='8871e9c72eefda5b047d8e9fcc3654e5fab3c198' AND f.name LIKE '%BaseNCodec.java';
onExit - Class: BaseNCodec.java.java method: boolean org.apache.commons.codec.binary.BaseNCodec.hasData(org.apache.commons.codec.binary.BaseNCodec$Context) start: 1657660005873 end: 1657660005881 duration: 8retValue:
onExit - Class: BaseNCodec.java.java method: boolean org.apache.commons.codec.binary.BaseNCodec.hasData(org.apache.commons.codec.binary.BaseNCodec$Context) start: 1657660005865 end: 1657660005889 duration: 24retValue:
onEnter - Class: Base64.java method: void org.apache.commons.codec.binary.Base64.decode(byte[],int,int,org.apache.commons.codec.binary.BaseNCodec$Context)
MethodEnter
query: SELECT f.* FROM perfrt.files AS f INNER JOIN perfrt.commits AS c ON f.commit_id = c.id WHERE c.commit_hash='8871e9c72eefda5b047d8e9fcc3654e5fab3c198' AND f.name LIKE '%Base64.java';
onExit - Class: Base64.java.java method: void org.apache.commons.codec.binary.Base64.decode(byte[],int,int,org.apache.commons.codec.binary.BaseNCodec$Context) start: 1657660005899 end: 1657660005906 duration: 7retValue:
onEnter - Class: BaseNCodec.java method: int org.apache.commons.codec.binary.BaseNCodec.readResults(byte[],int,int,org.apache.commons.codec.binary.BaseNCodec$Context)
MethodEnter
query: SELECT f.* FROM perfrt.files AS f INNER JOIN perfrt.commits AS c ON f.commit_id = c.id WHERE c.commit_hash='8871e9c72eefda5b047d8e9fcc3654e5fab3c198' AND f.name LIKE '%BaseNCodec.java';
onEnter - Class: BaseNCodec.java method: int org.apache.commons.codec.binary.BaseNCodec.readResults(byte[],int,int,org.apache.commons.codec.binary.BaseNCodec$Context)
MethodEnter
query: SELECT f.* FROM perfrt.files AS f INNER JOIN perfrt.commits AS c ON f.commit_id = c.id WHERE c.commit_hash='8871e9c72eefda5b047d8e9fcc3654e5fab3c198' AND f.name LIKE '%BaseNCodec.java';
onEnter - Class: BaseNCodec.java method: boolean org.apache.commons.codec.binary.BaseNCodec.hasData(org.apache.commons.codec.binary.BaseNCodec$Context)
MethodEnter
query: SELECT f.* FROM perfrt.files AS f INNER JOIN perfrt.commits AS c ON f.commit_id = c.id WHERE c.commit_hash='8871e9c72eefda5b047d8e9fcc3654e5fab3c198' AND f.name LIKE '%BaseNCodec.java';
onEnter - Class: BaseNCodec.java method: boolean org.apache.commons.codec.binary.BaseNCodec.hasData(org.apache.commons.codec.binary.BaseNCodec$Context)
MethodEnter
query: SELECT f.* FROM perfrt.files AS f INNER JOIN perfrt.commits AS c ON f.commit_id = c.id WHERE c.commit_hash='8871e9c72eefda5b047d8e9fcc3654e5fab3c198' AND f.name LIKE '%BaseNCodec.java';
onExit - Class: BaseNCodec.java.java method: boolean org.apache.commons.codec.binary.BaseNCodec.hasData(org.apache.commons.codec.binary.BaseNCodec$Context) start: 1657660005938 end: 1657660005947 duration: 9retValue:
onExit - Class: BaseNCodec.java.java method: boolean org.apache.commons.codec.binary.BaseNCodec.hasData(org.apache.commons.codec.binary.BaseNCodec$Context) start: 1657660005930 end: 1657660005954 duration: 24retValue:
onExit - Class: BaseNCodec.java.java method: int org.apache.commons.codec.binary.BaseNCodec.readResults(byte[],int,int,org.apache.commons.codec.binary.BaseNCodec$Context) start: 1657660005922 end: 1657660005963 duration: 41retValue:
onExit - Class: BaseNCodec.java.java method: int org.apache.commons.codec.binary.BaseNCodec.readResults(byte[],int,int,org.apache.commons.codec.binary.BaseNCodec$Context) start: 1657660005914 end: 1657660005971 duration: 57retValue:
onExit - Class: BaseNCodecInputStream.java.java method: public int org.apache.commons.codec.binary.BaseNCodecInputStream.read(byte[],int,int) throws java.io.IOException start: 1657660005857 end: 1657660005979 duration: 122retValue:
onExit - Class: BaseNCodecInputStream.java.java method: public int org.apache.commons.codec.binary.BaseNCodecInputStream.read(byte[],int,int) throws java.io.IOException start: 1657660005850 end: 1657660005986 duration: 136retValue:
onExit - Class: BaseNCodecInputStream.java.java method: public int org.apache.commons.codec.binary.BaseNCodecInputStream.read() throws java.io.IOException start: 1657660005842 end: 1657660006003 duration: 161retValue:
onExit - Class: BaseNCodecInputStream.java.java method: public int org.apache.commons.codec.binary.BaseNCodecInputStream.read() throws java.io.IOException start: 1657660005833 end: 1657660006011 duration: 178retValue:
onEnter - Class: BaseNCodecInputStream.java method: public int org.apache.commons.codec.binary.BaseNCodecInputStream.read() throws java.io.IOException
MethodEnter
query: SELECT f.* FROM perfrt.files AS f INNER JOIN perfrt.commits AS c ON f.commit_id = c.id WHERE c.commit_hash='8871e9c72eefda5b047d8e9fcc3654e5fab3c198' AND f.name LIKE '%BaseNCodecInputStream.java';
onEnter - Class: BaseNCodecInputStream.java method: public int org.apache.commons.codec.binary.BaseNCodecInputStream.read() throws java.io.IOException
MethodEnter
query: SELECT f.* FROM perfrt.files AS f INNER JOIN perfrt.commits AS c ON f.commit_id = c.id WHERE c.commit_hash='8871e9c72eefda5b047d8e9fcc3654e5fab3c198' AND f.name LIKE '%BaseNCodecInputStream.java';
onEnter - Class: BaseNCodecInputStream.java method: public int org.apache.commons.codec.binary.BaseNCodecInputStream.read(byte[],int,int) throws java.io.IOException
MethodEnter
query: SELECT f.* FROM perfrt.files AS f INNER JOIN perfrt.commits AS c ON f.commit_id = c.id WHERE c.commit_hash='8871e9c72eefda5b047d8e9fcc3654e5fab3c198' AND f.name LIKE '%BaseNCodecInputStream.java';
onEnter - Class: BaseNCodecInputStream.java method: public int org.apache.commons.codec.binary.BaseNCodecInputStream.read(byte[],int,int) throws java.io.IOException
MethodEnter
query: SELECT f.* FROM perfrt.files AS f INNER JOIN perfrt.commits AS c ON f.commit_id = c.id WHERE c.commit_hash='8871e9c72eefda5b047d8e9fcc3654e5fab3c198' AND f.name LIKE '%BaseNCodecInputStream.java';
onEnter - Class: BaseNCodec.java method: boolean org.apache.commons.codec.binary.BaseNCodec.hasData(org.apache.commons.codec.binary.BaseNCodec$Context)
MethodEnter
query: SELECT f.* FROM perfrt.files AS f INNER JOIN perfrt.commits AS c ON f.commit_id = c.id WHERE c.commit_hash='8871e9c72eefda5b047d8e9fcc3654e5fab3c198' AND f.name LIKE '%BaseNCodec.java';
onEnter - Class: BaseNCodec.java method: boolean org.apache.commons.codec.binary.BaseNCodec.hasData(org.apache.commons.codec.binary.BaseNCodec$Context)
MethodEnter
query: SELECT f.* FROM perfrt.files AS f INNER JOIN perfrt.commits AS c ON f.commit_id = c.id WHERE c.commit_hash='8871e9c72eefda5b047d8e9fcc3654e5fab3c198' AND f.name LIKE '%BaseNCodec.java';
onExit - Class: BaseNCodec.java.java method: boolean org.apache.commons.codec.binary.BaseNCodec.hasData(org.apache.commons.codec.binary.BaseNCodec$Context) start: 1657660006057 end: 1657660006067 duration: 10retValue:
onExit - Class: BaseNCodec.java.java method: boolean org.apache.commons.codec.binary.BaseNCodec.hasData(org.apache.commons.codec.binary.BaseNCodec$Context) start: 1657660006051 end: 1657660006074 duration: 23retValue:
onEnter - Class: Base64.java method: void org.apache.commons.codec.binary.Base64.decode(byte[],int,int,org.apache.commons.codec.binary.BaseNCodec$Context)
MethodEnter
query: SELECT f.* FROM perfrt.files AS f INNER JOIN perfrt.commits AS c ON f.commit_id = c.id WHERE c.commit_hash='8871e9c72eefda5b047d8e9fcc3654e5fab3c198' AND f.name LIKE '%Base64.java';
onExit - Class: Base64.java.java method: void org.apache.commons.codec.binary.Base64.decode(byte[],int,int,org.apache.commons.codec.binary.BaseNCodec$Context) start: 1657660006082 end: 1657660006090 duration: 8retValue:
onEnter - Class: BaseNCodec.java method: int org.apache.commons.codec.binary.BaseNCodec.readResults(byte[],int,int,org.apache.commons.codec.binary.BaseNCodec$Context)
MethodEnter
query: SELECT f.* FROM perfrt.files AS f INNER JOIN perfrt.commits AS c ON f.commit_id = c.id WHERE c.commit_hash='8871e9c72eefda5b047d8e9fcc3654e5fab3c198' AND f.name LIKE '%BaseNCodec.java';
onEnter - Class: BaseNCodec.java method: int org.apache.commons.codec.binary.BaseNCodec.readResults(byte[],int,int,org.apache.commons.codec.binary.BaseNCodec$Context)
MethodEnter
query: SELECT f.* FROM perfrt.files AS f INNER JOIN perfrt.commits AS c ON f.commit_id = c.id WHERE c.commit_hash='8871e9c72eefda5b047d8e9fcc3654e5fab3c198' AND f.name LIKE '%BaseNCodec.java';
onEnter - Class: BaseNCodec.java method: boolean org.apache.commons.codec.binary.BaseNCodec.hasData(org.apache.commons.codec.binary.BaseNCodec$Context)
MethodEnter
query: SELECT f.* FROM perfrt.files AS f INNER JOIN perfrt.commits AS c ON f.commit_id = c.id WHERE c.commit_hash='8871e9c72eefda5b047d8e9fcc3654e5fab3c198' AND f.name LIKE '%BaseNCodec.java';
onEnter - Class: BaseNCodec.java method: boolean org.apache.commons.codec.binary.BaseNCodec.hasData(org.apache.commons.codec.binary.BaseNCodec$Context)
MethodEnter
query: SELECT f.* FROM perfrt.files AS f INNER JOIN perfrt.commits AS c ON f.commit_id = c.id WHERE c.commit_hash='8871e9c72eefda5b047d8e9fcc3654e5fab3c198' AND f.name LIKE '%BaseNCodec.java';
onExit - Class: BaseNCodec.java.java method: boolean org.apache.commons.codec.binary.BaseNCodec.hasData(org.apache.commons.codec.binary.BaseNCodec$Context) start: 1657660006125 end: 1657660006136 duration: 11retValue:
onExit - Class: BaseNCodec.java.java method: boolean org.apache.commons.codec.binary.BaseNCodec.hasData(org.apache.commons.codec.binary.BaseNCodec$Context) start: 1657660006118 end: 1657660006144 duration: 26retValue:
onExit - Class: BaseNCodec.java.java method: int org.apache.commons.codec.binary.BaseNCodec.readResults(byte[],int,int,org.apache.commons.codec.binary.BaseNCodec$Context) start: 1657660006110 end: 1657660006153 duration: 43retValue:
onExit - Class: BaseNCodec.java.java method: int org.apache.commons.codec.binary.BaseNCodec.readResults(byte[],int,int,org.apache.commons.codec.binary.BaseNCodec$Context) start: 1657660006098 end: 1657660006161 duration: 63retValue:
onExit - Class: BaseNCodecInputStream.java.java method: public int org.apache.commons.codec.binary.BaseNCodecInputStream.read(byte[],int,int) throws java.io.IOException start: 1657660006043 end: 1657660006169 duration: 126retValue:
onExit - Class: BaseNCodecInputStream.java.java method: public int org.apache.commons.codec.binary.BaseNCodecInputStream.read(byte[],int,int) throws java.io.IOException start: 1657660006034 end: 1657660006177 duration: 143retValue:
onExit - Class: BaseNCodecInputStream.java.java method: public int org.apache.commons.codec.binary.BaseNCodecInputStream.read() throws java.io.IOException start: 1657660006026 end: 1657660006185 duration: 159retValue:
onExit - Class: BaseNCodecInputStream.java.java method: public int org.apache.commons.codec.binary.BaseNCodecInputStream.read() throws java.io.IOException start: 1657660006018 end: 1657660006197 duration: 179retValue:
onEnter - Class: FilterInputStream.java method: public void java.io.FilterInputStream.close() throws java.io.IOException
MethodEnter
query: SELECT f.* FROM perfrt.files AS f INNER JOIN perfrt.commits AS c ON f.commit_id = c.id WHERE c.commit_hash='8871e9c72eefda5b047d8e9fcc3654e5fab3c198' AND f.name LIKE '%FilterInputStream.java';
onEnter - Class: FilterInputStream.java method: public void java.io.FilterInputStream.close() throws java.io.IOException
MethodEnter
query: SELECT f.* FROM perfrt.files AS f INNER JOIN perfrt.commits AS c ON f.commit_id = c.id WHERE c.commit_hash='8871e9c72eefda5b047d8e9fcc3654e5fab3c198' AND f.name LIKE '%FilterInputStream.java';
onExit - Class: FilterInputStream.java.java method: public void java.io.FilterInputStream.close() throws java.io.IOException start: 1657660006212 end: 1657660006217 duration: 5retValue:
onExit - Class: FilterInputStream.java.java method: public void java.io.FilterInputStream.close() throws java.io.IOException start: 1657660006206 end: 1657660006223 duration: 17retValue:
onExit - Class: Base64InputStreamTest.java.java method: public void org.apache.commons.codec.binary.Base64InputStreamTest.testSkipPastEnd() throws java.lang.Throwable start: 1657659975649 end: 1657660006229 duration: 30580retValue:

Thanks for using JUnit! Support its development at https://junit.org/sponsoring

[36m╷[0m
[36m├─[0m [36mJUnit Jupiter[0m [32m✔[0m
[36m│  └─[0m [36mBase64InputStreamTest[0m [32m✔[0m
[36m│     └─[0m [34mtestSkipPastEnd()[0m [36m30599 ms[0m [32m✔[0m
[36m└─[0m [36mJUnit Vintage[0m [32m✔[0m

Test run finished after 30647 ms
[         3 containers found      ]
[         0 containers skipped    ]
[         3 containers started    ]
[         0 containers aborted    ]
[         3 containers successful ]
[         0 containers failed     ]
[         1 tests found           ]
[         0 tests skipped         ]
[         1 tests started         ]
[         0 tests aborted         ]
[         1 tests successful      ]
[         0 tests failed          ]

