Premain
onEnter - Class: Hex.java method: public java.lang.Object org.apache.commons.codec.binary.Hex.decode(java.lang.Object) throws org.apache.commons.codec.DecoderException
MethodEnter
query: SELECT f.* FROM perfrt.files AS f INNER JOIN perfrt.commits AS c ON f.commit_id = c.id WHERE c.commit_hash='8871e9c72eefda5b047d8e9fcc3654e5fab3c198' AND f.name LIKE '%Hex.java';
onEnter - Class: Hex.java method: public java.lang.Object org.apache.commons.codec.binary.Hex.decode(java.lang.Object) throws org.apache.commons.codec.DecoderException
MethodEnter
query: SELECT f.* FROM perfrt.files AS f INNER JOIN perfrt.commits AS c ON f.commit_id = c.id WHERE c.commit_hash='8871e9c72eefda5b047d8e9fcc3654e5fab3c198' AND f.name LIKE '%Hex.java';
onEnter - Class: Hex.java method: public static byte[] org.apache.commons.codec.binary.Hex.decodeHex(char[]) throws org.apache.commons.codec.DecoderException
MethodEnter
query: SELECT f.* FROM perfrt.files AS f INNER JOIN perfrt.commits AS c ON f.commit_id = c.id WHERE c.commit_hash='8871e9c72eefda5b047d8e9fcc3654e5fab3c198' AND f.name LIKE '%Hex.java';
onEnter - Class: Hex.java method: public static int org.apache.commons.codec.binary.Hex.decodeHex(char[],byte[],int) throws org.apache.commons.codec.DecoderException
MethodEnter
query: SELECT f.* FROM perfrt.files AS f INNER JOIN perfrt.commits AS c ON f.commit_id = c.id WHERE c.commit_hash='8871e9c72eefda5b047d8e9fcc3654e5fab3c198' AND f.name LIKE '%Hex.java';
onEnter - Class: Hex.java method: protected static int org.apache.commons.codec.binary.Hex.toDigit(char,int) throws org.apache.commons.codec.DecoderException
MethodEnter
query: SELECT f.* FROM perfrt.files AS f INNER JOIN perfrt.commits AS c ON f.commit_id = c.id WHERE c.commit_hash='8871e9c72eefda5b047d8e9fcc3654e5fab3c198' AND f.name LIKE '%Hex.java';
onExit - Class: Hex.java.java method: protected static int org.apache.commons.codec.binary.Hex.toDigit(char,int) throws org.apache.commons.codec.DecoderException start: 1657634186726 end: 1657634186745 duration: 19retValue:
onEnter - Class: Hex.java method: protected static int org.apache.commons.codec.binary.Hex.toDigit(char,int) throws org.apache.commons.codec.DecoderException
MethodEnter
query: SELECT f.* FROM perfrt.files AS f INNER JOIN perfrt.commits AS c ON f.commit_id = c.id WHERE c.commit_hash='8871e9c72eefda5b047d8e9fcc3654e5fab3c198' AND f.name LIKE '%Hex.java';
onExit - Class: Hex.java.java method: protected static int org.apache.commons.codec.binary.Hex.toDigit(char,int) throws org.apache.commons.codec.DecoderException start: 1657634186773 end: 1657634186790 duration: 17retValue:
onEnter - Class: Hex.java method: protected static int org.apache.commons.codec.binary.Hex.toDigit(char,int) throws org.apache.commons.codec.DecoderException
MethodEnter
query: SELECT f.* FROM perfrt.files AS f INNER JOIN perfrt.commits AS c ON f.commit_id = c.id WHERE c.commit_hash='8871e9c72eefda5b047d8e9fcc3654e5fab3c198' AND f.name LIKE '%Hex.java';
onExit - Class: Hex.java.java method: protected static int org.apache.commons.codec.binary.Hex.toDigit(char,int) throws org.apache.commons.codec.DecoderException start: 1657634186806 end: 1657634186822 duration: 16retValue:
onEnter - Class: Hex.java method: protected static int org.apache.commons.codec.binary.Hex.toDigit(char,int) throws org.apache.commons.codec.DecoderException
MethodEnter
query: SELECT f.* FROM perfrt.files AS f INNER JOIN perfrt.commits AS c ON f.commit_id = c.id WHERE c.commit_hash='8871e9c72eefda5b047d8e9fcc3654e5fab3c198' AND f.name LIKE '%Hex.java';
onExit - Class: Hex.java.java method: protected static int org.apache.commons.codec.binary.Hex.toDigit(char,int) throws org.apache.commons.codec.DecoderException start: 1657634186839 end: 1657634186855 duration: 16retValue:
onEnter - Class: Hex.java method: protected static int org.apache.commons.codec.binary.Hex.toDigit(char,int) throws org.apache.commons.codec.DecoderException
MethodEnter
query: SELECT f.* FROM perfrt.files AS f INNER JOIN perfrt.commits AS c ON f.commit_id = c.id WHERE c.commit_hash='8871e9c72eefda5b047d8e9fcc3654e5fab3c198' AND f.name LIKE '%Hex.java';
onExit - Class: Hex.java.java method: protected static int org.apache.commons.codec.binary.Hex.toDigit(char,int) throws org.apache.commons.codec.DecoderException start: 1657634186870 end: 1657634186883 duration: 13retValue:
onEnter - Class: Hex.java method: protected static int org.apache.commons.codec.binary.Hex.toDigit(char,int) throws org.apache.commons.codec.DecoderException
MethodEnter
query: SELECT f.* FROM perfrt.files AS f INNER JOIN perfrt.commits AS c ON f.commit_id = c.id WHERE c.commit_hash='8871e9c72eefda5b047d8e9fcc3654e5fab3c198' AND f.name LIKE '%Hex.java';
onExit - Class: Hex.java.java method: protected static int org.apache.commons.codec.binary.Hex.toDigit(char,int) throws org.apache.commons.codec.DecoderException start: 1657634186897 end: 1657634186911 duration: 14retValue:
onEnter - Class: Hex.java method: protected static int org.apache.commons.codec.binary.Hex.toDigit(char,int) throws org.apache.commons.codec.DecoderException
MethodEnter
query: SELECT f.* FROM perfrt.files AS f INNER JOIN perfrt.commits AS c ON f.commit_id = c.id WHERE c.commit_hash='8871e9c72eefda5b047d8e9fcc3654e5fab3c198' AND f.name LIKE '%Hex.java';
onExit - Class: Hex.java.java method: protected static int org.apache.commons.codec.binary.Hex.toDigit(char,int) throws org.apache.commons.codec.DecoderException start: 1657634186925 end: 1657634186938 duration: 13retValue:
onEnter - Class: Hex.java method: protected static int org.apache.commons.codec.binary.Hex.toDigit(char,int) throws org.apache.commons.codec.DecoderException
MethodEnter
query: SELECT f.* FROM perfrt.files AS f INNER JOIN perfrt.commits AS c ON f.commit_id = c.id WHERE c.commit_hash='8871e9c72eefda5b047d8e9fcc3654e5fab3c198' AND f.name LIKE '%Hex.java';
onExit - Class: Hex.java.java method: protected static int org.apache.commons.codec.binary.Hex.toDigit(char,int) throws org.apache.commons.codec.DecoderException start: 1657634186951 end: 1657634186965 duration: 14retValue:
onEnter - Class: Hex.java method: protected static int org.apache.commons.codec.binary.Hex.toDigit(char,int) throws org.apache.commons.codec.DecoderException
MethodEnter
query: SELECT f.* FROM perfrt.files AS f INNER JOIN perfrt.commits AS c ON f.commit_id = c.id WHERE c.commit_hash='8871e9c72eefda5b047d8e9fcc3654e5fab3c198' AND f.name LIKE '%Hex.java';
onExit - Class: Hex.java.java method: protected static int org.apache.commons.codec.binary.Hex.toDigit(char,int) throws org.apache.commons.codec.DecoderException start: 1657634186979 end: 1657634186991 duration: 12retValue:
onEnter - Class: Hex.java method: protected static int org.apache.commons.codec.binary.Hex.toDigit(char,int) throws org.apache.commons.codec.DecoderException
MethodEnter
query: SELECT f.* FROM perfrt.files AS f INNER JOIN perfrt.commits AS c ON f.commit_id = c.id WHERE c.commit_hash='8871e9c72eefda5b047d8e9fcc3654e5fab3c198' AND f.name LIKE '%Hex.java';
onExit - Class: Hex.java.java method: protected static int org.apache.commons.codec.binary.Hex.toDigit(char,int) throws org.apache.commons.codec.DecoderException start: 1657634187003 end: 1657634187014 duration: 11retValue:
onEnter - Class: Hex.java method: protected static int org.apache.commons.codec.binary.Hex.toDigit(char,int) throws org.apache.commons.codec.DecoderException
MethodEnter
query: SELECT f.* FROM perfrt.files AS f INNER JOIN perfrt.commits AS c ON f.commit_id = c.id WHERE c.commit_hash='8871e9c72eefda5b047d8e9fcc3654e5fab3c198' AND f.name LIKE '%Hex.java';
onExit - Class: Hex.java.java method: protected static int org.apache.commons.codec.binary.Hex.toDigit(char,int) throws org.apache.commons.codec.DecoderException start: 1657634187027 end: 1657634187043 duration: 16retValue:
onEnter - Class: Hex.java method: protected static int org.apache.commons.codec.binary.Hex.toDigit(char,int) throws org.apache.commons.codec.DecoderException
MethodEnter
query: SELECT f.* FROM perfrt.files AS f INNER JOIN perfrt.commits AS c ON f.commit_id = c.id WHERE c.commit_hash='8871e9c72eefda5b047d8e9fcc3654e5fab3c198' AND f.name LIKE '%Hex.java';
onExit - Class: Hex.java.java method: protected static int org.apache.commons.codec.binary.Hex.toDigit(char,int) throws org.apache.commons.codec.DecoderException start: 1657634187054 end: 1657634187066 duration: 12retValue:
onEnter - Class: Hex.java method: protected static int org.apache.commons.codec.binary.Hex.toDigit(char,int) throws org.apache.commons.codec.DecoderException
MethodEnter
query: SELECT f.* FROM perfrt.files AS f INNER JOIN perfrt.commits AS c ON f.commit_id = c.id WHERE c.commit_hash='8871e9c72eefda5b047d8e9fcc3654e5fab3c198' AND f.name LIKE '%Hex.java';
onExit - Class: Hex.java.java method: protected static int org.apache.commons.codec.binary.Hex.toDigit(char,int) throws org.apache.commons.codec.DecoderException start: 1657634187077 end: 1657634187089 duration: 12retValue:
onEnter - Class: Hex.java method: protected static int org.apache.commons.codec.binary.Hex.toDigit(char,int) throws org.apache.commons.codec.DecoderException
MethodEnter
query: SELECT f.* FROM perfrt.files AS f INNER JOIN perfrt.commits AS c ON f.commit_id = c.id WHERE c.commit_hash='8871e9c72eefda5b047d8e9fcc3654e5fab3c198' AND f.name LIKE '%Hex.java';
onExit - Class: Hex.java.java method: protected static int org.apache.commons.codec.binary.Hex.toDigit(char,int) throws org.apache.commons.codec.DecoderException start: 1657634187101 end: 1657634187113 duration: 12retValue:
onEnter - Class: Hex.java method: protected static int org.apache.commons.codec.binary.Hex.toDigit(char,int) throws org.apache.commons.codec.DecoderException
MethodEnter
query: SELECT f.* FROM perfrt.files AS f INNER JOIN perfrt.commits AS c ON f.commit_id = c.id WHERE c.commit_hash='8871e9c72eefda5b047d8e9fcc3654e5fab3c198' AND f.name LIKE '%Hex.java';
onExit - Class: Hex.java.java method: protected static int org.apache.commons.codec.binary.Hex.toDigit(char,int) throws org.apache.commons.codec.DecoderException start: 1657634187123 end: 1657634187133 duration: 10retValue:
onEnter - Class: Hex.java method: protected static int org.apache.commons.codec.binary.Hex.toDigit(char,int) throws org.apache.commons.codec.DecoderException
MethodEnter
query: SELECT f.* FROM perfrt.files AS f INNER JOIN perfrt.commits AS c ON f.commit_id = c.id WHERE c.commit_hash='8871e9c72eefda5b047d8e9fcc3654e5fab3c198' AND f.name LIKE '%Hex.java';
onExit - Class: Hex.java.java method: protected static int org.apache.commons.codec.binary.Hex.toDigit(char,int) throws org.apache.commons.codec.DecoderException start: 1657634187144 end: 1657634187157 duration: 13retValue:
onEnter - Class: Hex.java method: protected static int org.apache.commons.codec.binary.Hex.toDigit(char,int) throws org.apache.commons.codec.DecoderException
MethodEnter
query: SELECT f.* FROM perfrt.files AS f INNER JOIN perfrt.commits AS c ON f.commit_id = c.id WHERE c.commit_hash='8871e9c72eefda5b047d8e9fcc3654e5fab3c198' AND f.name LIKE '%Hex.java';
onExit - Class: Hex.java.java method: protected static int org.apache.commons.codec.binary.Hex.toDigit(char,int) throws org.apache.commons.codec.DecoderException start: 1657634187167 end: 1657634187178 duration: 11retValue:
onEnter - Class: Hex.java method: protected static int org.apache.commons.codec.binary.Hex.toDigit(char,int) throws org.apache.commons.codec.DecoderException
MethodEnter
query: SELECT f.* FROM perfrt.files AS f INNER JOIN perfrt.commits AS c ON f.commit_id = c.id WHERE c.commit_hash='8871e9c72eefda5b047d8e9fcc3654e5fab3c198' AND f.name LIKE '%Hex.java';
onExit - Class: Hex.java.java method: protected static int org.apache.commons.codec.binary.Hex.toDigit(char,int) throws org.apache.commons.codec.DecoderException start: 1657634187188 end: 1657634187199 duration: 11retValue:
onEnter - Class: Hex.java method: protected static int org.apache.commons.codec.binary.Hex.toDigit(char,int) throws org.apache.commons.codec.DecoderException
MethodEnter
query: SELECT f.* FROM perfrt.files AS f INNER JOIN perfrt.commits AS c ON f.commit_id = c.id WHERE c.commit_hash='8871e9c72eefda5b047d8e9fcc3654e5fab3c198' AND f.name LIKE '%Hex.java';
onExit - Class: Hex.java.java method: protected static int org.apache.commons.codec.binary.Hex.toDigit(char,int) throws org.apache.commons.codec.DecoderException start: 1657634187210 end: 1657634187251 duration: 41retValue:
onEnter - Class: Hex.java method: protected static int org.apache.commons.codec.binary.Hex.toDigit(char,int) throws org.apache.commons.codec.DecoderException
MethodEnter
query: SELECT f.* FROM perfrt.files AS f INNER JOIN perfrt.commits AS c ON f.commit_id = c.id WHERE c.commit_hash='8871e9c72eefda5b047d8e9fcc3654e5fab3c198' AND f.name LIKE '%Hex.java';
onExit - Class: Hex.java.java method: protected static int org.apache.commons.codec.binary.Hex.toDigit(char,int) throws org.apache.commons.codec.DecoderException start: 1657634187287 end: 1657634187313 duration: 26retValue:
onEnter - Class: Hex.java method: protected static int org.apache.commons.codec.binary.Hex.toDigit(char,int) throws org.apache.commons.codec.DecoderException
MethodEnter
query: SELECT f.* FROM perfrt.files AS f INNER JOIN perfrt.commits AS c ON f.commit_id = c.id WHERE c.commit_hash='8871e9c72eefda5b047d8e9fcc3654e5fab3c198' AND f.name LIKE '%Hex.java';
onExit - Class: Hex.java.java method: protected static int org.apache.commons.codec.binary.Hex.toDigit(char,int) throws org.apache.commons.codec.DecoderException start: 1657634187328 end: 1657634187341 duration: 13retValue:
onEnter - Class: Hex.java method: protected static int org.apache.commons.codec.binary.Hex.toDigit(char,int) throws org.apache.commons.codec.DecoderException
MethodEnter
query: SELECT f.* FROM perfrt.files AS f INNER JOIN perfrt.commits AS c ON f.commit_id = c.id WHERE c.commit_hash='8871e9c72eefda5b047d8e9fcc3654e5fab3c198' AND f.name LIKE '%Hex.java';
onExit - Class: Hex.java.java method: protected static int org.apache.commons.codec.binary.Hex.toDigit(char,int) throws org.apache.commons.codec.DecoderException start: 1657634187351 end: 1657634187360 duration: 9retValue:
onEnter - Class: Hex.java method: protected static int org.apache.commons.codec.binary.Hex.toDigit(char,int) throws org.apache.commons.codec.DecoderException
MethodEnter
query: SELECT f.* FROM perfrt.files AS f INNER JOIN perfrt.commits AS c ON f.commit_id = c.id WHERE c.commit_hash='8871e9c72eefda5b047d8e9fcc3654e5fab3c198' AND f.name LIKE '%Hex.java';
onExit - Class: Hex.java.java method: protected static int org.apache.commons.codec.binary.Hex.toDigit(char,int) throws org.apache.commons.codec.DecoderException start: 1657634187371 end: 1657634187382 duration: 11retValue:
onEnter - Class: Hex.java method: protected static int org.apache.commons.codec.binary.Hex.toDigit(char,int) throws org.apache.commons.codec.DecoderException
MethodEnter
query: SELECT f.* FROM perfrt.files AS f INNER JOIN perfrt.commits AS c ON f.commit_id = c.id WHERE c.commit_hash='8871e9c72eefda5b047d8e9fcc3654e5fab3c198' AND f.name LIKE '%Hex.java';
onExit - Class: Hex.java.java method: protected static int org.apache.commons.codec.binary.Hex.toDigit(char,int) throws org.apache.commons.codec.DecoderException start: 1657634187391 end: 1657634187403 duration: 12retValue:
onEnter - Class: Hex.java method: protected static int org.apache.commons.codec.binary.Hex.toDigit(char,int) throws org.apache.commons.codec.DecoderException
MethodEnter
query: SELECT f.* FROM perfrt.files AS f INNER JOIN perfrt.commits AS c ON f.commit_id = c.id WHERE c.commit_hash='8871e9c72eefda5b047d8e9fcc3654e5fab3c198' AND f.name LIKE '%Hex.java';
onExit - Class: Hex.java.java method: protected static int org.apache.commons.codec.binary.Hex.toDigit(char,int) throws org.apache.commons.codec.DecoderException start: 1657634187413 end: 1657634187423 duration: 10retValue:
onEnter - Class: Hex.java method: protected static int org.apache.commons.codec.binary.Hex.toDigit(char,int) throws org.apache.commons.codec.DecoderException
MethodEnter
query: SELECT f.* FROM perfrt.files AS f INNER JOIN perfrt.commits AS c ON f.commit_id = c.id WHERE c.commit_hash='8871e9c72eefda5b047d8e9fcc3654e5fab3c198' AND f.name LIKE '%Hex.java';
onExit - Class: Hex.java.java method: protected static int org.apache.commons.codec.binary.Hex.toDigit(char,int) throws org.apache.commons.codec.DecoderException start: 1657634187433 end: 1657634187442 duration: 9retValue:
onEnter - Class: Hex.java method: protected static int org.apache.commons.codec.binary.Hex.toDigit(char,int) throws org.apache.commons.codec.DecoderException
MethodEnter
query: SELECT f.* FROM perfrt.files AS f INNER JOIN perfrt.commits AS c ON f.commit_id = c.id WHERE c.commit_hash='8871e9c72eefda5b047d8e9fcc3654e5fab3c198' AND f.name LIKE '%Hex.java';
onExit - Class: Hex.java.java method: protected static int org.apache.commons.codec.binary.Hex.toDigit(char,int) throws org.apache.commons.codec.DecoderException start: 1657634187451 end: 1657634187462 duration: 11retValue:
onEnter - Class: Hex.java method: protected static int org.apache.commons.codec.binary.Hex.toDigit(char,int) throws org.apache.commons.codec.DecoderException
MethodEnter
query: SELECT f.* FROM perfrt.files AS f INNER JOIN perfrt.commits AS c ON f.commit_id = c.id WHERE c.commit_hash='8871e9c72eefda5b047d8e9fcc3654e5fab3c198' AND f.name LIKE '%Hex.java';
onExit - Class: Hex.java.java method: protected static int org.apache.commons.codec.binary.Hex.toDigit(char,int) throws org.apache.commons.codec.DecoderException start: 1657634187471 end: 1657634187481 duration: 10retValue:
onEnter - Class: Hex.java method: protected static int org.apache.commons.codec.binary.Hex.toDigit(char,int) throws org.apache.commons.codec.DecoderException
MethodEnter
query: SELECT f.* FROM perfrt.files AS f INNER JOIN perfrt.commits AS c ON f.commit_id = c.id WHERE c.commit_hash='8871e9c72eefda5b047d8e9fcc3654e5fab3c198' AND f.name LIKE '%Hex.java';
onExit - Class: Hex.java.java method: protected static int org.apache.commons.codec.binary.Hex.toDigit(char,int) throws org.apache.commons.codec.DecoderException start: 1657634187489 end: 1657634187500 duration: 11retValue:
onEnter - Class: Hex.java method: protected static int org.apache.commons.codec.binary.Hex.toDigit(char,int) throws org.apache.commons.codec.DecoderException
MethodEnter
query: SELECT f.* FROM perfrt.files AS f INNER JOIN perfrt.commits AS c ON f.commit_id = c.id WHERE c.commit_hash='8871e9c72eefda5b047d8e9fcc3654e5fab3c198' AND f.name LIKE '%Hex.java';
onExit - Class: Hex.java.java method: protected static int org.apache.commons.codec.binary.Hex.toDigit(char,int) throws org.apache.commons.codec.DecoderException start: 1657634187508 end: 1657634187517 duration: 9retValue:
onEnter - Class: Hex.java method: protected static int org.apache.commons.codec.binary.Hex.toDigit(char,int) throws org.apache.commons.codec.DecoderException
MethodEnter
query: SELECT f.* FROM perfrt.files AS f INNER JOIN perfrt.commits AS c ON f.commit_id = c.id WHERE c.commit_hash='8871e9c72eefda5b047d8e9fcc3654e5fab3c198' AND f.name LIKE '%Hex.java';
onExit - Class: Hex.java.java method: protected static int org.apache.commons.codec.binary.Hex.toDigit(char,int) throws org.apache.commons.codec.DecoderException start: 1657634187529 end: 1657634187539 duration: 10retValue:
onEnter - Class: Hex.java method: protected static int org.apache.commons.codec.binary.Hex.toDigit(char,int) throws org.apache.commons.codec.DecoderException
MethodEnter
query: SELECT f.* FROM perfrt.files AS f INNER JOIN perfrt.commits AS c ON f.commit_id = c.id WHERE c.commit_hash='8871e9c72eefda5b047d8e9fcc3654e5fab3c198' AND f.name LIKE '%Hex.java';
onExit - Class: Hex.java.java method: protected static int org.apache.commons.codec.binary.Hex.toDigit(char,int) throws org.apache.commons.codec.DecoderException start: 1657634187549 end: 1657634187557 duration: 8retValue:
onEnter - Class: Hex.java method: protected static int org.apache.commons.codec.binary.Hex.toDigit(char,int) throws org.apache.commons.codec.DecoderException
MethodEnter
query: SELECT f.* FROM perfrt.files AS f INNER JOIN perfrt.commits AS c ON f.commit_id = c.id WHERE c.commit_hash='8871e9c72eefda5b047d8e9fcc3654e5fab3c198' AND f.name LIKE '%Hex.java';
onExit - Class: Hex.java.java method: protected static int org.apache.commons.codec.binary.Hex.toDigit(char,int) throws org.apache.commons.codec.DecoderException start: 1657634187565 end: 1657634187574 duration: 9retValue:
onEnter - Class: Hex.java method: protected static int org.apache.commons.codec.binary.Hex.toDigit(char,int) throws org.apache.commons.codec.DecoderException
MethodEnter
query: SELECT f.* FROM perfrt.files AS f INNER JOIN perfrt.commits AS c ON f.commit_id = c.id WHERE c.commit_hash='8871e9c72eefda5b047d8e9fcc3654e5fab3c198' AND f.name LIKE '%Hex.java';
onExit - Class: Hex.java.java method: protected static int org.apache.commons.codec.binary.Hex.toDigit(char,int) throws org.apache.commons.codec.DecoderException start: 1657634187582 end: 1657634187591 duration: 9retValue:
onEnter - Class: Hex.java method: protected static int org.apache.commons.codec.binary.Hex.toDigit(char,int) throws org.apache.commons.codec.DecoderException
MethodEnter
query: SELECT f.* FROM perfrt.files AS f INNER JOIN perfrt.commits AS c ON f.commit_id = c.id WHERE c.commit_hash='8871e9c72eefda5b047d8e9fcc3654e5fab3c198' AND f.name LIKE '%Hex.java';
onExit - Class: Hex.java.java method: protected static int org.apache.commons.codec.binary.Hex.toDigit(char,int) throws org.apache.commons.codec.DecoderException start: 1657634187602 end: 1657634187612 duration: 10retValue:
onEnter - Class: Hex.java method: protected static int org.apache.commons.codec.binary.Hex.toDigit(char,int) throws org.apache.commons.codec.DecoderException
MethodEnter
query: SELECT f.* FROM perfrt.files AS f INNER JOIN perfrt.commits AS c ON f.commit_id = c.id WHERE c.commit_hash='8871e9c72eefda5b047d8e9fcc3654e5fab3c198' AND f.name LIKE '%Hex.java';
onExit - Class: Hex.java.java method: protected static int org.apache.commons.codec.binary.Hex.toDigit(char,int) throws org.apache.commons.codec.DecoderException start: 1657634187627 end: 1657634187637 duration: 10retValue:
onEnter - Class: Hex.java method: protected static int org.apache.commons.codec.binary.Hex.toDigit(char,int) throws org.apache.commons.codec.DecoderException
MethodEnter
query: SELECT f.* FROM perfrt.files AS f INNER JOIN perfrt.commits AS c ON f.commit_id = c.id WHERE c.commit_hash='8871e9c72eefda5b047d8e9fcc3654e5fab3c198' AND f.name LIKE '%Hex.java';
onExit - Class: Hex.java.java method: protected static int org.apache.commons.codec.binary.Hex.toDigit(char,int) throws org.apache.commons.codec.DecoderException start: 1657634187646 end: 1657634187655 duration: 9retValue:
onEnter - Class: Hex.java method: protected static int org.apache.commons.codec.binary.Hex.toDigit(char,int) throws org.apache.commons.codec.DecoderException
MethodEnter
query: SELECT f.* FROM perfrt.files AS f INNER JOIN perfrt.commits AS c ON f.commit_id = c.id WHERE c.commit_hash='8871e9c72eefda5b047d8e9fcc3654e5fab3c198' AND f.name LIKE '%Hex.java';
onExit - Class: Hex.java.java method: protected static int org.apache.commons.codec.binary.Hex.toDigit(char,int) throws org.apache.commons.codec.DecoderException start: 1657634187666 end: 1657634187677 duration: 11retValue:
onEnter - Class: Hex.java method: protected static int org.apache.commons.codec.binary.Hex.toDigit(char,int) throws org.apache.commons.codec.DecoderException
MethodEnter
query: SELECT f.* FROM perfrt.files AS f INNER JOIN perfrt.commits AS c ON f.commit_id = c.id WHERE c.commit_hash='8871e9c72eefda5b047d8e9fcc3654e5fab3c198' AND f.name LIKE '%Hex.java';
onExit - Class: Hex.java.java method: protected static int org.apache.commons.codec.binary.Hex.toDigit(char,int) throws org.apache.commons.codec.DecoderException start: 1657634187685 end: 1657634187695 duration: 10retValue:
onEnter - Class: Hex.java method: protected static int org.apache.commons.codec.binary.Hex.toDigit(char,int) throws org.apache.commons.codec.DecoderException
MethodEnter
query: SELECT f.* FROM perfrt.files AS f INNER JOIN perfrt.commits AS c ON f.commit_id = c.id WHERE c.commit_hash='8871e9c72eefda5b047d8e9fcc3654e5fab3c198' AND f.name LIKE '%Hex.java';
onExit - Class: Hex.java.java method: protected static int org.apache.commons.codec.binary.Hex.toDigit(char,int) throws org.apache.commons.codec.DecoderException start: 1657634187705 end: 1657634187713 duration: 8retValue:
onExit - Class: Hex.java.java method: public static int org.apache.commons.codec.binary.Hex.decodeHex(char[],byte[],int) throws org.apache.commons.codec.DecoderException start: 1657634186709 end: 1657634187724 duration: 1015retValue:
onExit - Class: Hex.java.java method: public static byte[] org.apache.commons.codec.binary.Hex.decodeHex(char[]) throws org.apache.commons.codec.DecoderException start: 1657634186692 end: 1657634187735 duration: 1043retValue:
onExit - Class: Hex.java.java method: public java.lang.Object org.apache.commons.codec.binary.Hex.decode(java.lang.Object) throws org.apache.commons.codec.DecoderException start: 1657634186668 end: 1657634187745 duration: 1077retValue:
onExit - Class: Hex.java.java method: public java.lang.Object org.apache.commons.codec.binary.Hex.decode(java.lang.Object) throws org.apache.commons.codec.DecoderException start: 1657634186344 end: 1657634187756 duration: 1412retValue:
onEnter - Class: Hex.java method: public java.lang.Object org.apache.commons.codec.binary.Hex.decode(java.lang.Object) throws org.apache.commons.codec.DecoderException
MethodEnter
query: SELECT f.* FROM perfrt.files AS f INNER JOIN perfrt.commits AS c ON f.commit_id = c.id WHERE c.commit_hash='8871e9c72eefda5b047d8e9fcc3654e5fab3c198' AND f.name LIKE '%Hex.java';
onEnter - Class: Hex.java method: public java.lang.Object org.apache.commons.codec.binary.Hex.decode(java.lang.Object) throws org.apache.commons.codec.DecoderException
MethodEnter
query: SELECT f.* FROM perfrt.files AS f INNER JOIN perfrt.commits AS c ON f.commit_id = c.id WHERE c.commit_hash='8871e9c72eefda5b047d8e9fcc3654e5fab3c198' AND f.name LIKE '%Hex.java';
onEnter - Class: Hex.java method: public static byte[] org.apache.commons.codec.binary.Hex.decodeHex(char[]) throws org.apache.commons.codec.DecoderException
MethodEnter
query: SELECT f.* FROM perfrt.files AS f INNER JOIN perfrt.commits AS c ON f.commit_id = c.id WHERE c.commit_hash='8871e9c72eefda5b047d8e9fcc3654e5fab3c198' AND f.name LIKE '%Hex.java';
onEnter - Class: Hex.java method: public static int org.apache.commons.codec.binary.Hex.decodeHex(char[],byte[],int) throws org.apache.commons.codec.DecoderException
MethodEnter
query: SELECT f.* FROM perfrt.files AS f INNER JOIN perfrt.commits AS c ON f.commit_id = c.id WHERE c.commit_hash='8871e9c72eefda5b047d8e9fcc3654e5fab3c198' AND f.name LIKE '%Hex.java';
onEnter - Class: Hex.java method: protected static int org.apache.commons.codec.binary.Hex.toDigit(char,int) throws org.apache.commons.codec.DecoderException
MethodEnter
query: SELECT f.* FROM perfrt.files AS f INNER JOIN perfrt.commits AS c ON f.commit_id = c.id WHERE c.commit_hash='8871e9c72eefda5b047d8e9fcc3654e5fab3c198' AND f.name LIKE '%Hex.java';
onExit - Class: Hex.java.java method: protected static int org.apache.commons.codec.binary.Hex.toDigit(char,int) throws org.apache.commons.codec.DecoderException start: 1657634187802 end: 1657634187811 duration: 9retValue:
onEnter - Class: Hex.java method: protected static int org.apache.commons.codec.binary.Hex.toDigit(char,int) throws org.apache.commons.codec.DecoderException
MethodEnter
query: SELECT f.* FROM perfrt.files AS f INNER JOIN perfrt.commits AS c ON f.commit_id = c.id WHERE c.commit_hash='8871e9c72eefda5b047d8e9fcc3654e5fab3c198' AND f.name LIKE '%Hex.java';
onExit - Class: Hex.java.java method: protected static int org.apache.commons.codec.binary.Hex.toDigit(char,int) throws org.apache.commons.codec.DecoderException start: 1657634187823 end: 1657634187833 duration: 10retValue:
onEnter - Class: Hex.java method: protected static int org.apache.commons.codec.binary.Hex.toDigit(char,int) throws org.apache.commons.codec.DecoderException
MethodEnter
query: SELECT f.* FROM perfrt.files AS f INNER JOIN perfrt.commits AS c ON f.commit_id = c.id WHERE c.commit_hash='8871e9c72eefda5b047d8e9fcc3654e5fab3c198' AND f.name LIKE '%Hex.java';
onExit - Class: Hex.java.java method: protected static int org.apache.commons.codec.binary.Hex.toDigit(char,int) throws org.apache.commons.codec.DecoderException start: 1657634187842 end: 1657634187851 duration: 9retValue:
onEnter - Class: Hex.java method: protected static int org.apache.commons.codec.binary.Hex.toDigit(char,int) throws org.apache.commons.codec.DecoderException
MethodEnter
query: SELECT f.* FROM perfrt.files AS f INNER JOIN perfrt.commits AS c ON f.commit_id = c.id WHERE c.commit_hash='8871e9c72eefda5b047d8e9fcc3654e5fab3c198' AND f.name LIKE '%Hex.java';
onExit - Class: Hex.java.java method: protected static int org.apache.commons.codec.binary.Hex.toDigit(char,int) throws org.apache.commons.codec.DecoderException start: 1657634187859 end: 1657634187867 duration: 8retValue:
onEnter - Class: Hex.java method: protected static int org.apache.commons.codec.binary.Hex.toDigit(char,int) throws org.apache.commons.codec.DecoderException
MethodEnter
query: SELECT f.* FROM perfrt.files AS f INNER JOIN perfrt.commits AS c ON f.commit_id = c.id WHERE c.commit_hash='8871e9c72eefda5b047d8e9fcc3654e5fab3c198' AND f.name LIKE '%Hex.java';
onExit - Class: Hex.java.java method: protected static int org.apache.commons.codec.binary.Hex.toDigit(char,int) throws org.apache.commons.codec.DecoderException start: 1657634187876 end: 1657634187887 duration: 11retValue:
onEnter - Class: Hex.java method: protected static int org.apache.commons.codec.binary.Hex.toDigit(char,int) throws org.apache.commons.codec.DecoderException
MethodEnter
query: SELECT f.* FROM perfrt.files AS f INNER JOIN perfrt.commits AS c ON f.commit_id = c.id WHERE c.commit_hash='8871e9c72eefda5b047d8e9fcc3654e5fab3c198' AND f.name LIKE '%Hex.java';
onExit - Class: Hex.java.java method: protected static int org.apache.commons.codec.binary.Hex.toDigit(char,int) throws org.apache.commons.codec.DecoderException start: 1657634187896 end: 1657634187904 duration: 8retValue:
onEnter - Class: Hex.java method: protected static int org.apache.commons.codec.binary.Hex.toDigit(char,int) throws org.apache.commons.codec.DecoderException
MethodEnter
query: SELECT f.* FROM perfrt.files AS f INNER JOIN perfrt.commits AS c ON f.commit_id = c.id WHERE c.commit_hash='8871e9c72eefda5b047d8e9fcc3654e5fab3c198' AND f.name LIKE '%Hex.java';
onExit - Class: Hex.java.java method: protected static int org.apache.commons.codec.binary.Hex.toDigit(char,int) throws org.apache.commons.codec.DecoderException start: 1657634187913 end: 1657634187921 duration: 8retValue:
onEnter - Class: Hex.java method: protected static int org.apache.commons.codec.binary.Hex.toDigit(char,int) throws org.apache.commons.codec.DecoderException
MethodEnter
query: SELECT f.* FROM perfrt.files AS f INNER JOIN perfrt.commits AS c ON f.commit_id = c.id WHERE c.commit_hash='8871e9c72eefda5b047d8e9fcc3654e5fab3c198' AND f.name LIKE '%Hex.java';
onExit - Class: Hex.java.java method: protected static int org.apache.commons.codec.binary.Hex.toDigit(char,int) throws org.apache.commons.codec.DecoderException start: 1657634187930 end: 1657634187939 duration: 9retValue:
onEnter - Class: Hex.java method: protected static int org.apache.commons.codec.binary.Hex.toDigit(char,int) throws org.apache.commons.codec.DecoderException
MethodEnter
query: SELECT f.* FROM perfrt.files AS f INNER JOIN perfrt.commits AS c ON f.commit_id = c.id WHERE c.commit_hash='8871e9c72eefda5b047d8e9fcc3654e5fab3c198' AND f.name LIKE '%Hex.java';
onExit - Class: Hex.java.java method: protected static int org.apache.commons.codec.binary.Hex.toDigit(char,int) throws org.apache.commons.codec.DecoderException start: 1657634187948 end: 1657634187959 duration: 11retValue:
onEnter - Class: Hex.java method: protected static int org.apache.commons.codec.binary.Hex.toDigit(char,int) throws org.apache.commons.codec.DecoderException
MethodEnter
query: SELECT f.* FROM perfrt.files AS f INNER JOIN perfrt.commits AS c ON f.commit_id = c.id WHERE c.commit_hash='8871e9c72eefda5b047d8e9fcc3654e5fab3c198' AND f.name LIKE '%Hex.java';
onExit - Class: Hex.java.java method: protected static int org.apache.commons.codec.binary.Hex.toDigit(char,int) throws org.apache.commons.codec.DecoderException start: 1657634187968 end: 1657634187977 duration: 9retValue:
onEnter - Class: Hex.java method: protected static int org.apache.commons.codec.binary.Hex.toDigit(char,int) throws org.apache.commons.codec.DecoderException
MethodEnter
query: SELECT f.* FROM perfrt.files AS f INNER JOIN perfrt.commits AS c ON f.commit_id = c.id WHERE c.commit_hash='8871e9c72eefda5b047d8e9fcc3654e5fab3c198' AND f.name LIKE '%Hex.java';
onExit - Class: Hex.java.java method: protected static int org.apache.commons.codec.binary.Hex.toDigit(char,int) throws org.apache.commons.codec.DecoderException start: 1657634187985 end: 1657634187995 duration: 10retValue:
onEnter - Class: Hex.java method: protected static int org.apache.commons.codec.binary.Hex.toDigit(char,int) throws org.apache.commons.codec.DecoderException
MethodEnter
query: SELECT f.* FROM perfrt.files AS f INNER JOIN perfrt.commits AS c ON f.commit_id = c.id WHERE c.commit_hash='8871e9c72eefda5b047d8e9fcc3654e5fab3c198' AND f.name LIKE '%Hex.java';
onExit - Class: Hex.java.java method: protected static int org.apache.commons.codec.binary.Hex.toDigit(char,int) throws org.apache.commons.codec.DecoderException start: 1657634188003 end: 1657634188012 duration: 9retValue:
onEnter - Class: Hex.java method: protected static int org.apache.commons.codec.binary.Hex.toDigit(char,int) throws org.apache.commons.codec.DecoderException
MethodEnter
query: SELECT f.* FROM perfrt.files AS f INNER JOIN perfrt.commits AS c ON f.commit_id = c.id WHERE c.commit_hash='8871e9c72eefda5b047d8e9fcc3654e5fab3c198' AND f.name LIKE '%Hex.java';
onExit - Class: Hex.java.java method: protected static int org.apache.commons.codec.binary.Hex.toDigit(char,int) throws org.apache.commons.codec.DecoderException start: 1657634188023 end: 1657634188033 duration: 10retValue:
onEnter - Class: Hex.java method: protected static int org.apache.commons.codec.binary.Hex.toDigit(char,int) throws org.apache.commons.codec.DecoderException
MethodEnter
query: SELECT f.* FROM perfrt.files AS f INNER JOIN perfrt.commits AS c ON f.commit_id = c.id WHERE c.commit_hash='8871e9c72eefda5b047d8e9fcc3654e5fab3c198' AND f.name LIKE '%Hex.java';
onExit - Class: Hex.java.java method: protected static int org.apache.commons.codec.binary.Hex.toDigit(char,int) throws org.apache.commons.codec.DecoderException start: 1657634188045 end: 1657634188054 duration: 9retValue:
onEnter - Class: Hex.java method: protected static int org.apache.commons.codec.binary.Hex.toDigit(char,int) throws org.apache.commons.codec.DecoderException
MethodEnter
query: SELECT f.* FROM perfrt.files AS f INNER JOIN perfrt.commits AS c ON f.commit_id = c.id WHERE c.commit_hash='8871e9c72eefda5b047d8e9fcc3654e5fab3c198' AND f.name LIKE '%Hex.java';
onExit - Class: Hex.java.java method: protected static int org.apache.commons.codec.binary.Hex.toDigit(char,int) throws org.apache.commons.codec.DecoderException start: 1657634188063 end: 1657634188073 duration: 10retValue:
onEnter - Class: Hex.java method: protected static int org.apache.commons.codec.binary.Hex.toDigit(char,int) throws org.apache.commons.codec.DecoderException
MethodEnter
query: SELECT f.* FROM perfrt.files AS f INNER JOIN perfrt.commits AS c ON f.commit_id = c.id WHERE c.commit_hash='8871e9c72eefda5b047d8e9fcc3654e5fab3c198' AND f.name LIKE '%Hex.java';
onExit - Class: Hex.java.java method: protected static int org.apache.commons.codec.binary.Hex.toDigit(char,int) throws org.apache.commons.codec.DecoderException start: 1657634188081 end: 1657634188090 duration: 9retValue:
onEnter - Class: Hex.java method: protected static int org.apache.commons.codec.binary.Hex.toDigit(char,int) throws org.apache.commons.codec.DecoderException
MethodEnter
query: SELECT f.* FROM perfrt.files AS f INNER JOIN perfrt.commits AS c ON f.commit_id = c.id WHERE c.commit_hash='8871e9c72eefda5b047d8e9fcc3654e5fab3c198' AND f.name LIKE '%Hex.java';
onExit - Class: Hex.java.java method: protected static int org.apache.commons.codec.binary.Hex.toDigit(char,int) throws org.apache.commons.codec.DecoderException start: 1657634188098 end: 1657634188107 duration: 9retValue:
onEnter - Class: Hex.java method: protected static int org.apache.commons.codec.binary.Hex.toDigit(char,int) throws org.apache.commons.codec.DecoderException
MethodEnter
query: SELECT f.* FROM perfrt.files AS f INNER JOIN perfrt.commits AS c ON f.commit_id = c.id WHERE c.commit_hash='8871e9c72eefda5b047d8e9fcc3654e5fab3c198' AND f.name LIKE '%Hex.java';
onExit - Class: Hex.java.java method: protected static int org.apache.commons.codec.binary.Hex.toDigit(char,int) throws org.apache.commons.codec.DecoderException start: 1657634188117 end: 1657634188125 duration: 8retValue:
onEnter - Class: Hex.java method: protected static int org.apache.commons.codec.binary.Hex.toDigit(char,int) throws org.apache.commons.codec.DecoderException
MethodEnter
query: SELECT f.* FROM perfrt.files AS f INNER JOIN perfrt.commits AS c ON f.commit_id = c.id WHERE c.commit_hash='8871e9c72eefda5b047d8e9fcc3654e5fab3c198' AND f.name LIKE '%Hex.java';
onExit - Class: Hex.java.java method: protected static int org.apache.commons.codec.binary.Hex.toDigit(char,int) throws org.apache.commons.codec.DecoderException start: 1657634188137 end: 1657634188147 duration: 10retValue:
onEnter - Class: Hex.java method: protected static int org.apache.commons.codec.binary.Hex.toDigit(char,int) throws org.apache.commons.codec.DecoderException
MethodEnter
query: SELECT f.* FROM perfrt.files AS f INNER JOIN perfrt.commits AS c ON f.commit_id = c.id WHERE c.commit_hash='8871e9c72eefda5b047d8e9fcc3654e5fab3c198' AND f.name LIKE '%Hex.java';
onExit - Class: Hex.java.java method: protected static int org.apache.commons.codec.binary.Hex.toDigit(char,int) throws org.apache.commons.codec.DecoderException start: 1657634188156 end: 1657634188165 duration: 9retValue:
onEnter - Class: Hex.java method: protected static int org.apache.commons.codec.binary.Hex.toDigit(char,int) throws org.apache.commons.codec.DecoderException
MethodEnter
query: SELECT f.* FROM perfrt.files AS f INNER JOIN perfrt.commits AS c ON f.commit_id = c.id WHERE c.commit_hash='8871e9c72eefda5b047d8e9fcc3654e5fab3c198' AND f.name LIKE '%Hex.java';
onExit - Class: Hex.java.java method: protected static int org.apache.commons.codec.binary.Hex.toDigit(char,int) throws org.apache.commons.codec.DecoderException start: 1657634188176 end: 1657634188184 duration: 8retValue:
onEnter - Class: Hex.java method: protected static int org.apache.commons.codec.binary.Hex.toDigit(char,int) throws org.apache.commons.codec.DecoderException
MethodEnter
query: SELECT f.* FROM perfrt.files AS f INNER JOIN perfrt.commits AS c ON f.commit_id = c.id WHERE c.commit_hash='8871e9c72eefda5b047d8e9fcc3654e5fab3c198' AND f.name LIKE '%Hex.java';
onExit - Class: Hex.java.java method: protected static int org.apache.commons.codec.binary.Hex.toDigit(char,int) throws org.apache.commons.codec.DecoderException start: 1657634188193 end: 1657634188205 duration: 12retValue:
onEnter - Class: Hex.java method: protected static int org.apache.commons.codec.binary.Hex.toDigit(char,int) throws org.apache.commons.codec.DecoderException
MethodEnter
query: SELECT f.* FROM perfrt.files AS f INNER JOIN perfrt.commits AS c ON f.commit_id = c.id WHERE c.commit_hash='8871e9c72eefda5b047d8e9fcc3654e5fab3c198' AND f.name LIKE '%Hex.java';
onExit - Class: Hex.java.java method: protected static int org.apache.commons.codec.binary.Hex.toDigit(char,int) throws org.apache.commons.codec.DecoderException start: 1657634188213 end: 1657634188222 duration: 9retValue:
onEnter - Class: Hex.java method: protected static int org.apache.commons.codec.binary.Hex.toDigit(char,int) throws org.apache.commons.codec.DecoderException
MethodEnter
query: SELECT f.* FROM perfrt.files AS f INNER JOIN perfrt.commits AS c ON f.commit_id = c.id WHERE c.commit_hash='8871e9c72eefda5b047d8e9fcc3654e5fab3c198' AND f.name LIKE '%Hex.java';
onExit - Class: Hex.java.java method: protected static int org.apache.commons.codec.binary.Hex.toDigit(char,int) throws org.apache.commons.codec.DecoderException start: 1657634188230 end: 1657634188238 duration: 8retValue:
onEnter - Class: Hex.java method: protected static int org.apache.commons.codec.binary.Hex.toDigit(char,int) throws org.apache.commons.codec.DecoderException
MethodEnter
query: SELECT f.* FROM perfrt.files AS f INNER JOIN perfrt.commits AS c ON f.commit_id = c.id WHERE c.commit_hash='8871e9c72eefda5b047d8e9fcc3654e5fab3c198' AND f.name LIKE '%Hex.java';
onExit - Class: Hex.java.java method: protected static int org.apache.commons.codec.binary.Hex.toDigit(char,int) throws org.apache.commons.codec.DecoderException start: 1657634188247 end: 1657634188254 duration: 7retValue:
onEnter - Class: Hex.java method: protected static int org.apache.commons.codec.binary.Hex.toDigit(char,int) throws org.apache.commons.codec.DecoderException
MethodEnter
query: SELECT f.* FROM perfrt.files AS f INNER JOIN perfrt.commits AS c ON f.commit_id = c.id WHERE c.commit_hash='8871e9c72eefda5b047d8e9fcc3654e5fab3c198' AND f.name LIKE '%Hex.java';
onExit - Class: Hex.java.java method: protected static int org.apache.commons.codec.binary.Hex.toDigit(char,int) throws org.apache.commons.codec.DecoderException start: 1657634188268 end: 1657634188277 duration: 9retValue:
onEnter - Class: Hex.java method: protected static int org.apache.commons.codec.binary.Hex.toDigit(char,int) throws org.apache.commons.codec.DecoderException
MethodEnter
query: SELECT f.* FROM perfrt.files AS f INNER JOIN perfrt.commits AS c ON f.commit_id = c.id WHERE c.commit_hash='8871e9c72eefda5b047d8e9fcc3654e5fab3c198' AND f.name LIKE '%Hex.java';
onExit - Class: Hex.java.java method: protected static int org.apache.commons.codec.binary.Hex.toDigit(char,int) throws org.apache.commons.codec.DecoderException start: 1657634188286 end: 1657634188294 duration: 8retValue:
onEnter - Class: Hex.java method: protected static int org.apache.commons.codec.binary.Hex.toDigit(char,int) throws org.apache.commons.codec.DecoderException
MethodEnter
query: SELECT f.* FROM perfrt.files AS f INNER JOIN perfrt.commits AS c ON f.commit_id = c.id WHERE c.commit_hash='8871e9c72eefda5b047d8e9fcc3654e5fab3c198' AND f.name LIKE '%Hex.java';
onExit - Class: Hex.java.java method: protected static int org.apache.commons.codec.binary.Hex.toDigit(char,int) throws org.apache.commons.codec.DecoderException start: 1657634188303 end: 1657634188312 duration: 9retValue:
onEnter - Class: Hex.java method: protected static int org.apache.commons.codec.binary.Hex.toDigit(char,int) throws org.apache.commons.codec.DecoderException
MethodEnter
query: SELECT f.* FROM perfrt.files AS f INNER JOIN perfrt.commits AS c ON f.commit_id = c.id WHERE c.commit_hash='8871e9c72eefda5b047d8e9fcc3654e5fab3c198' AND f.name LIKE '%Hex.java';
onExit - Class: Hex.java.java method: protected static int org.apache.commons.codec.binary.Hex.toDigit(char,int) throws org.apache.commons.codec.DecoderException start: 1657634188320 end: 1657634188343 duration: 23retValue:
onEnter - Class: Hex.java method: protected static int org.apache.commons.codec.binary.Hex.toDigit(char,int) throws org.apache.commons.codec.DecoderException
MethodEnter
query: SELECT f.* FROM perfrt.files AS f INNER JOIN perfrt.commits AS c ON f.commit_id = c.id WHERE c.commit_hash='8871e9c72eefda5b047d8e9fcc3654e5fab3c198' AND f.name LIKE '%Hex.java';
onExit - Class: Hex.java.java method: protected static int org.apache.commons.codec.binary.Hex.toDigit(char,int) throws org.apache.commons.codec.DecoderException start: 1657634188353 end: 1657634188361 duration: 8retValue:
onEnter - Class: Hex.java method: protected static int org.apache.commons.codec.binary.Hex.toDigit(char,int) throws org.apache.commons.codec.DecoderException
MethodEnter
query: SELECT f.* FROM perfrt.files AS f INNER JOIN perfrt.commits AS c ON f.commit_id = c.id WHERE c.commit_hash='8871e9c72eefda5b047d8e9fcc3654e5fab3c198' AND f.name LIKE '%Hex.java';
onExit - Class: Hex.java.java method: protected static int org.apache.commons.codec.binary.Hex.toDigit(char,int) throws org.apache.commons.codec.DecoderException start: 1657634188371 end: 1657634188379 duration: 8retValue:
onEnter - Class: Hex.java method: protected static int org.apache.commons.codec.binary.Hex.toDigit(char,int) throws org.apache.commons.codec.DecoderException
MethodEnter
query: SELECT f.* FROM perfrt.files AS f INNER JOIN perfrt.commits AS c ON f.commit_id = c.id WHERE c.commit_hash='8871e9c72eefda5b047d8e9fcc3654e5fab3c198' AND f.name LIKE '%Hex.java';
onExit - Class: Hex.java.java method: protected static int org.apache.commons.codec.binary.Hex.toDigit(char,int) throws org.apache.commons.codec.DecoderException start: 1657634188387 end: 1657634188396 duration: 9retValue:
onEnter - Class: Hex.java method: protected static int org.apache.commons.codec.binary.Hex.toDigit(char,int) throws org.apache.commons.codec.DecoderException
MethodEnter
query: SELECT f.* FROM perfrt.files AS f INNER JOIN perfrt.commits AS c ON f.commit_id = c.id WHERE c.commit_hash='8871e9c72eefda5b047d8e9fcc3654e5fab3c198' AND f.name LIKE '%Hex.java';
onExit - Class: Hex.java.java method: protected static int org.apache.commons.codec.binary.Hex.toDigit(char,int) throws org.apache.commons.codec.DecoderException start: 1657634188405 end: 1657634188414 duration: 9retValue:
onEnter - Class: Hex.java method: protected static int org.apache.commons.codec.binary.Hex.toDigit(char,int) throws org.apache.commons.codec.DecoderException
MethodEnter
query: SELECT f.* FROM perfrt.files AS f INNER JOIN perfrt.commits AS c ON f.commit_id = c.id WHERE c.commit_hash='8871e9c72eefda5b047d8e9fcc3654e5fab3c198' AND f.name LIKE '%Hex.java';
onExit - Class: Hex.java.java method: protected static int org.apache.commons.codec.binary.Hex.toDigit(char,int) throws org.apache.commons.codec.DecoderException start: 1657634188425 end: 1657634188435 duration: 10retValue:
onEnter - Class: Hex.java method: protected static int org.apache.commons.codec.binary.Hex.toDigit(char,int) throws org.apache.commons.codec.DecoderException
MethodEnter
query: SELECT f.* FROM perfrt.files AS f INNER JOIN perfrt.commits AS c ON f.commit_id = c.id WHERE c.commit_hash='8871e9c72eefda5b047d8e9fcc3654e5fab3c198' AND f.name LIKE '%Hex.java';
onExit - Class: Hex.java.java method: protected static int org.apache.commons.codec.binary.Hex.toDigit(char,int) throws org.apache.commons.codec.DecoderException start: 1657634188443 end: 1657634188452 duration: 9retValue:
onEnter - Class: Hex.java method: protected static int org.apache.commons.codec.binary.Hex.toDigit(char,int) throws org.apache.commons.codec.DecoderException
MethodEnter
query: SELECT f.* FROM perfrt.files AS f INNER JOIN perfrt.commits AS c ON f.commit_id = c.id WHERE c.commit_hash='8871e9c72eefda5b047d8e9fcc3654e5fab3c198' AND f.name LIKE '%Hex.java';
onExit - Class: Hex.java.java method: protected static int org.apache.commons.codec.binary.Hex.toDigit(char,int) throws org.apache.commons.codec.DecoderException start: 1657634188461 end: 1657634188469 duration: 8retValue:
onEnter - Class: Hex.java method: protected static int org.apache.commons.codec.binary.Hex.toDigit(char,int) throws org.apache.commons.codec.DecoderException
MethodEnter
query: SELECT f.* FROM perfrt.files AS f INNER JOIN perfrt.commits AS c ON f.commit_id = c.id WHERE c.commit_hash='8871e9c72eefda5b047d8e9fcc3654e5fab3c198' AND f.name LIKE '%Hex.java';
onExit - Class: Hex.java.java method: protected static int org.apache.commons.codec.binary.Hex.toDigit(char,int) throws org.apache.commons.codec.DecoderException start: 1657634188478 end: 1657634188487 duration: 9retValue:
onEnter - Class: Hex.java method: protected static int org.apache.commons.codec.binary.Hex.toDigit(char,int) throws org.apache.commons.codec.DecoderException
MethodEnter
query: SELECT f.* FROM perfrt.files AS f INNER JOIN perfrt.commits AS c ON f.commit_id = c.id WHERE c.commit_hash='8871e9c72eefda5b047d8e9fcc3654e5fab3c198' AND f.name LIKE '%Hex.java';
onExit - Class: Hex.java.java method: protected static int org.apache.commons.codec.binary.Hex.toDigit(char,int) throws org.apache.commons.codec.DecoderException start: 1657634188496 end: 1657634188504 duration: 8retValue:
onEnter - Class: Hex.java method: protected static int org.apache.commons.codec.binary.Hex.toDigit(char,int) throws org.apache.commons.codec.DecoderException
MethodEnter
query: SELECT f.* FROM perfrt.files AS f INNER JOIN perfrt.commits AS c ON f.commit_id = c.id WHERE c.commit_hash='8871e9c72eefda5b047d8e9fcc3654e5fab3c198' AND f.name LIKE '%Hex.java';
onExit - Class: Hex.java.java method: protected static int org.apache.commons.codec.binary.Hex.toDigit(char,int) throws org.apache.commons.codec.DecoderException start: 1657634188513 end: 1657634188522 duration: 9retValue:
onEnter - Class: Hex.java method: protected static int org.apache.commons.codec.binary.Hex.toDigit(char,int) throws org.apache.commons.codec.DecoderException
MethodEnter
query: SELECT f.* FROM perfrt.files AS f INNER JOIN perfrt.commits AS c ON f.commit_id = c.id WHERE c.commit_hash='8871e9c72eefda5b047d8e9fcc3654e5fab3c198' AND f.name LIKE '%Hex.java';
onExit - Class: Hex.java.java method: protected static int org.apache.commons.codec.binary.Hex.toDigit(char,int) throws org.apache.commons.codec.DecoderException start: 1657634188531 end: 1657634188540 duration: 9retValue:
onExit - Class: Hex.java.java method: public static int org.apache.commons.codec.binary.Hex.decodeHex(char[],byte[],int) throws org.apache.commons.codec.DecoderException start: 1657634187793 end: 1657634188548 duration: 755retValue:
onExit - Class: Hex.java.java method: public static byte[] org.apache.commons.codec.binary.Hex.decodeHex(char[]) throws org.apache.commons.codec.DecoderException start: 1657634187783 end: 1657634188560 duration: 777retValue:
onExit - Class: Hex.java.java method: public java.lang.Object org.apache.commons.codec.binary.Hex.decode(java.lang.Object) throws org.apache.commons.codec.DecoderException start: 1657634187774 end: 1657634188568 duration: 794retValue:
onExit - Class: Hex.java.java method: public java.lang.Object org.apache.commons.codec.binary.Hex.decode(java.lang.Object) throws org.apache.commons.codec.DecoderException start: 1657634187765 end: 1657634188576 duration: 811retValue:
onEnter - Class: Hex.java method: public java.lang.Object org.apache.commons.codec.binary.Hex.decode(java.lang.Object) throws org.apache.commons.codec.DecoderException
MethodEnter
query: SELECT f.* FROM perfrt.files AS f INNER JOIN perfrt.commits AS c ON f.commit_id = c.id WHERE c.commit_hash='8871e9c72eefda5b047d8e9fcc3654e5fab3c198' AND f.name LIKE '%Hex.java';
onEnter - Class: Hex.java method: public java.lang.Object org.apache.commons.codec.binary.Hex.decode(java.lang.Object) throws org.apache.commons.codec.DecoderException
MethodEnter
query: SELECT f.* FROM perfrt.files AS f INNER JOIN perfrt.commits AS c ON f.commit_id = c.id WHERE c.commit_hash='8871e9c72eefda5b047d8e9fcc3654e5fab3c198' AND f.name LIKE '%Hex.java';
onEnter - Class: Hex.java method: public static byte[] org.apache.commons.codec.binary.Hex.decodeHex(char[]) throws org.apache.commons.codec.DecoderException
MethodEnter
query: SELECT f.* FROM perfrt.files AS f INNER JOIN perfrt.commits AS c ON f.commit_id = c.id WHERE c.commit_hash='8871e9c72eefda5b047d8e9fcc3654e5fab3c198' AND f.name LIKE '%Hex.java';
onEnter - Class: Hex.java method: public static int org.apache.commons.codec.binary.Hex.decodeHex(char[],byte[],int) throws org.apache.commons.codec.DecoderException
MethodEnter
query: SELECT f.* FROM perfrt.files AS f INNER JOIN perfrt.commits AS c ON f.commit_id = c.id WHERE c.commit_hash='8871e9c72eefda5b047d8e9fcc3654e5fab3c198' AND f.name LIKE '%Hex.java';
onEnter - Class: Hex.java method: protected static int org.apache.commons.codec.binary.Hex.toDigit(char,int) throws org.apache.commons.codec.DecoderException
MethodEnter
query: SELECT f.* FROM perfrt.files AS f INNER JOIN perfrt.commits AS c ON f.commit_id = c.id WHERE c.commit_hash='8871e9c72eefda5b047d8e9fcc3654e5fab3c198' AND f.name LIKE '%Hex.java';
onExit - Class: Hex.java.java method: protected static int org.apache.commons.codec.binary.Hex.toDigit(char,int) throws org.apache.commons.codec.DecoderException start: 1657634188622 end: 1657634188630 duration: 8retValue:
onEnter - Class: Hex.java method: protected static int org.apache.commons.codec.binary.Hex.toDigit(char,int) throws org.apache.commons.codec.DecoderException
MethodEnter
query: SELECT f.* FROM perfrt.files AS f INNER JOIN perfrt.commits AS c ON f.commit_id = c.id WHERE c.commit_hash='8871e9c72eefda5b047d8e9fcc3654e5fab3c198' AND f.name LIKE '%Hex.java';
onExit - Class: Hex.java.java method: protected static int org.apache.commons.codec.binary.Hex.toDigit(char,int) throws org.apache.commons.codec.DecoderException start: 1657634188638 end: 1657634188648 duration: 10retValue:
onEnter - Class: Hex.java method: protected static int org.apache.commons.codec.binary.Hex.toDigit(char,int) throws org.apache.commons.codec.DecoderException
MethodEnter
query: SELECT f.* FROM perfrt.files AS f INNER JOIN perfrt.commits AS c ON f.commit_id = c.id WHERE c.commit_hash='8871e9c72eefda5b047d8e9fcc3654e5fab3c198' AND f.name LIKE '%Hex.java';
onExit - Class: Hex.java.java method: protected static int org.apache.commons.codec.binary.Hex.toDigit(char,int) throws org.apache.commons.codec.DecoderException start: 1657634188658 end: 1657634188672 duration: 14retValue:
onEnter - Class: Hex.java method: protected static int org.apache.commons.codec.binary.Hex.toDigit(char,int) throws org.apache.commons.codec.DecoderException
MethodEnter
query: SELECT f.* FROM perfrt.files AS f INNER JOIN perfrt.commits AS c ON f.commit_id = c.id WHERE c.commit_hash='8871e9c72eefda5b047d8e9fcc3654e5fab3c198' AND f.name LIKE '%Hex.java';
onExit - Class: Hex.java.java method: protected static int org.apache.commons.codec.binary.Hex.toDigit(char,int) throws org.apache.commons.codec.DecoderException start: 1657634188680 end: 1657634188692 duration: 12retValue:
onEnter - Class: Hex.java method: protected static int org.apache.commons.codec.binary.Hex.toDigit(char,int) throws org.apache.commons.codec.DecoderException
MethodEnter
query: SELECT f.* FROM perfrt.files AS f INNER JOIN perfrt.commits AS c ON f.commit_id = c.id WHERE c.commit_hash='8871e9c72eefda5b047d8e9fcc3654e5fab3c198' AND f.name LIKE '%Hex.java';
onExit - Class: Hex.java.java method: protected static int org.apache.commons.codec.binary.Hex.toDigit(char,int) throws org.apache.commons.codec.DecoderException start: 1657634188701 end: 1657634188720 duration: 19retValue:
onEnter - Class: Hex.java method: protected static int org.apache.commons.codec.binary.Hex.toDigit(char,int) throws org.apache.commons.codec.DecoderException
MethodEnter
query: SELECT f.* FROM perfrt.files AS f INNER JOIN perfrt.commits AS c ON f.commit_id = c.id WHERE c.commit_hash='8871e9c72eefda5b047d8e9fcc3654e5fab3c198' AND f.name LIKE '%Hex.java';
onExit - Class: Hex.java.java method: protected static int org.apache.commons.codec.binary.Hex.toDigit(char,int) throws org.apache.commons.codec.DecoderException start: 1657634188729 end: 1657634188740 duration: 11retValue:
onEnter - Class: Hex.java method: protected static int org.apache.commons.codec.binary.Hex.toDigit(char,int) throws org.apache.commons.codec.DecoderException
MethodEnter
query: SELECT f.* FROM perfrt.files AS f INNER JOIN perfrt.commits AS c ON f.commit_id = c.id WHERE c.commit_hash='8871e9c72eefda5b047d8e9fcc3654e5fab3c198' AND f.name LIKE '%Hex.java';
onExit - Class: Hex.java.java method: protected static int org.apache.commons.codec.binary.Hex.toDigit(char,int) throws org.apache.commons.codec.DecoderException start: 1657634188751 end: 1657634188759 duration: 8retValue:
onEnter - Class: Hex.java method: protected static int org.apache.commons.codec.binary.Hex.toDigit(char,int) throws org.apache.commons.codec.DecoderException
MethodEnter
query: SELECT f.* FROM perfrt.files AS f INNER JOIN perfrt.commits AS c ON f.commit_id = c.id WHERE c.commit_hash='8871e9c72eefda5b047d8e9fcc3654e5fab3c198' AND f.name LIKE '%Hex.java';
onExit - Class: Hex.java.java method: protected static int org.apache.commons.codec.binary.Hex.toDigit(char,int) throws org.apache.commons.codec.DecoderException start: 1657634188768 end: 1657634188775 duration: 7retValue:
onEnter - Class: Hex.java method: protected static int org.apache.commons.codec.binary.Hex.toDigit(char,int) throws org.apache.commons.codec.DecoderException
MethodEnter
query: SELECT f.* FROM perfrt.files AS f INNER JOIN perfrt.commits AS c ON f.commit_id = c.id WHERE c.commit_hash='8871e9c72eefda5b047d8e9fcc3654e5fab3c198' AND f.name LIKE '%Hex.java';
onExit - Class: Hex.java.java method: protected static int org.apache.commons.codec.binary.Hex.toDigit(char,int) throws org.apache.commons.codec.DecoderException start: 1657634188783 end: 1657634188791 duration: 8retValue:
onEnter - Class: Hex.java method: protected static int org.apache.commons.codec.binary.Hex.toDigit(char,int) throws org.apache.commons.codec.DecoderException
MethodEnter
query: SELECT f.* FROM perfrt.files AS f INNER JOIN perfrt.commits AS c ON f.commit_id = c.id WHERE c.commit_hash='8871e9c72eefda5b047d8e9fcc3654e5fab3c198' AND f.name LIKE '%Hex.java';
onExit - Class: Hex.java.java method: protected static int org.apache.commons.codec.binary.Hex.toDigit(char,int) throws org.apache.commons.codec.DecoderException start: 1657634188798 end: 1657634188809 duration: 11retValue:
onExit - Class: Hex.java.java method: public static int org.apache.commons.codec.binary.Hex.decodeHex(char[],byte[],int) throws org.apache.commons.codec.DecoderException start: 1657634188610 end: 1657634188818 duration: 208retValue:
onExit - Class: Hex.java.java method: public static byte[] org.apache.commons.codec.binary.Hex.decodeHex(char[]) throws org.apache.commons.codec.DecoderException start: 1657634188601 end: 1657634188827 duration: 226retValue:
onExit - Class: Hex.java.java method: public java.lang.Object org.apache.commons.codec.binary.Hex.decode(java.lang.Object) throws org.apache.commons.codec.DecoderException start: 1657634188592 end: 1657634188834 duration: 242retValue:
onExit - Class: Hex.java.java method: public java.lang.Object org.apache.commons.codec.binary.Hex.decode(java.lang.Object) throws org.apache.commons.codec.DecoderException start: 1657634188584 end: 1657634188842 duration: 258retValue:
onEnter - Class: Base32Test.java method: public void org.apache.commons.codec.binary.Base32Test.testCodec200()
MethodEnter
query: SELECT f.* FROM perfrt.files AS f INNER JOIN perfrt.commits AS c ON f.commit_id = c.id WHERE c.commit_hash='8871e9c72eefda5b047d8e9fcc3654e5fab3c198' AND f.name LIKE '%Base32Test.java';
onEnter - Class: Base32.java method: public boolean org.apache.commons.codec.binary.Base32.isInAlphabet(byte)
MethodEnter
query: SELECT f.* FROM perfrt.files AS f INNER JOIN perfrt.commits AS c ON f.commit_id = c.id WHERE c.commit_hash='8871e9c72eefda5b047d8e9fcc3654e5fab3c198' AND f.name LIKE '%Base32.java';
onExit - Class: Base32.java.java method: public boolean org.apache.commons.codec.binary.Base32.isInAlphabet(byte) start: 1657634188884 end: 1657634188893 duration: 9retValue:
onEnter - Class: BaseNCodec.java method: protected static boolean org.apache.commons.codec.binary.BaseNCodec.isWhiteSpace(byte)
MethodEnter
query: SELECT f.* FROM perfrt.files AS f INNER JOIN perfrt.commits AS c ON f.commit_id = c.id WHERE c.commit_hash='8871e9c72eefda5b047d8e9fcc3654e5fab3c198' AND f.name LIKE '%BaseNCodec.java';
onExit - Class: BaseNCodec.java.java method: protected static boolean org.apache.commons.codec.binary.BaseNCodec.isWhiteSpace(byte) start: 1657634188902 end: 1657634188911 duration: 9retValue:
onExit - Class: Base32Test.java.java method: public void org.apache.commons.codec.binary.Base32Test.testCodec200() start: 1657634188859 end: 1657634188923 duration: 64retValue:

Thanks for using JUnit! Support its development at https://junit.org/sponsoring

[36m[0m
[36m[0m [36mJUnit Jupiter[0m [32m[0m
[36m  [0m [36mBase32Test[0m [32m[0m
[36m     [0m [34mtestCodec200()[0m [32m[0m
[36m[0m [36mJUnit Vintage[0m [32m[0m

Test run finished after 2673 ms
[         3 containers found      ]
[         0 containers skipped    ]
[         3 containers started    ]
[         0 containers aborted    ]
[         3 containers successful ]
[         0 containers failed     ]
[         1 tests found           ]
[         0 tests skipped         ]
[         1 tests started         ]
[         0 tests aborted         ]
[         1 tests successful      ]
[         0 tests failed          ]

