Premain
onEnter - Class: Base16OutputStreamTest.java method: public void org.apache.commons.codec.binary.Base16OutputStreamTest.testBase16EmptyOutputStream() throws java.io.IOException
MethodEnter
query: SELECT f.* FROM perfrt.files AS f INNER JOIN perfrt.commits AS c ON f.commit_id = c.id WHERE c.commit_hash='8871e9c72eefda5b047d8e9fcc3654e5fab3c198' AND f.name LIKE '%Base16OutputStreamTest.java';
onEnter - Class: Base16OutputStreamTest.java method: private void org.apache.commons.codec.binary.Base16OutputStreamTest.testByteByByte(byte[],byte[]) throws java.io.IOException
MethodEnter
query: SELECT f.* FROM perfrt.files AS f INNER JOIN perfrt.commits AS c ON f.commit_id = c.id WHERE c.commit_hash='8871e9c72eefda5b047d8e9fcc3654e5fab3c198' AND f.name LIKE '%Base16OutputStreamTest.java';
onEnter - Class: Base16OutputStreamTest.java method: private void org.apache.commons.codec.binary.Base16OutputStreamTest.testByteByByte(byte[],byte[],boolean) throws java.io.IOException
MethodEnter
query: SELECT f.* FROM perfrt.files AS f INNER JOIN perfrt.commits AS c ON f.commit_id = c.id WHERE c.commit_hash='8871e9c72eefda5b047d8e9fcc3654e5fab3c198' AND f.name LIKE '%Base16OutputStreamTest.java';
onEnter - Class: BaseNCodecOutputStream.java method: public void org.apache.commons.codec.binary.BaseNCodecOutputStream.close() throws java.io.IOException
MethodEnter
query: SELECT f.* FROM perfrt.files AS f INNER JOIN perfrt.commits AS c ON f.commit_id = c.id WHERE c.commit_hash='8871e9c72eefda5b047d8e9fcc3654e5fab3c198' AND f.name LIKE '%BaseNCodecOutputStream.java';
onEnter - Class: BaseNCodecOutputStream.java method: public void org.apache.commons.codec.binary.BaseNCodecOutputStream.close() throws java.io.IOException
MethodEnter
query: SELECT f.* FROM perfrt.files AS f INNER JOIN perfrt.commits AS c ON f.commit_id = c.id WHERE c.commit_hash='8871e9c72eefda5b047d8e9fcc3654e5fab3c198' AND f.name LIKE '%BaseNCodecOutputStream.java';
onEnter - Class: BaseNCodecOutputStream.java method: public void org.apache.commons.codec.binary.BaseNCodecOutputStream.eof() throws java.io.IOException
MethodEnter
query: SELECT f.* FROM perfrt.files AS f INNER JOIN perfrt.commits AS c ON f.commit_id = c.id WHERE c.commit_hash='8871e9c72eefda5b047d8e9fcc3654e5fab3c198' AND f.name LIKE '%BaseNCodecOutputStream.java';
onEnter - Class: BaseNCodecOutputStream.java method: public void org.apache.commons.codec.binary.BaseNCodecOutputStream.eof() throws java.io.IOException
MethodEnter
query: SELECT f.* FROM perfrt.files AS f INNER JOIN perfrt.commits AS c ON f.commit_id = c.id WHERE c.commit_hash='8871e9c72eefda5b047d8e9fcc3654e5fab3c198' AND f.name LIKE '%BaseNCodecOutputStream.java';
onEnter - Class: Base16.java method: void org.apache.commons.codec.binary.Base16.encode(byte[],int,int,org.apache.commons.codec.binary.BaseNCodec$Context)
MethodEnter
query: SELECT f.* FROM perfrt.files AS f INNER JOIN perfrt.commits AS c ON f.commit_id = c.id WHERE c.commit_hash='8871e9c72eefda5b047d8e9fcc3654e5fab3c198' AND f.name LIKE '%Base16.java';
onExit - Class: Base16.java.java method: void org.apache.commons.codec.binary.Base16.encode(byte[],int,int,org.apache.commons.codec.binary.BaseNCodec$Context) start: 1657633248389 end: 1657633248403 duration: 14retValue:
onExit - Class: BaseNCodecOutputStream.java.java method: public void org.apache.commons.codec.binary.BaseNCodecOutputStream.eof() throws java.io.IOException start: 1657633248374 end: 1657633248429 duration: 55retValue:
onExit - Class: BaseNCodecOutputStream.java.java method: public void org.apache.commons.codec.binary.BaseNCodecOutputStream.eof() throws java.io.IOException start: 1657633248358 end: 1657633248443 duration: 85retValue:
onEnter - Class: BaseNCodecOutputStream.java method: public void org.apache.commons.codec.binary.BaseNCodecOutputStream.flush() throws java.io.IOException
MethodEnter
query: SELECT f.* FROM perfrt.files AS f INNER JOIN perfrt.commits AS c ON f.commit_id = c.id WHERE c.commit_hash='8871e9c72eefda5b047d8e9fcc3654e5fab3c198' AND f.name LIKE '%BaseNCodecOutputStream.java';
onEnter - Class: BaseNCodecOutputStream.java method: public void org.apache.commons.codec.binary.BaseNCodecOutputStream.flush() throws java.io.IOException
MethodEnter
query: SELECT f.* FROM perfrt.files AS f INNER JOIN perfrt.commits AS c ON f.commit_id = c.id WHERE c.commit_hash='8871e9c72eefda5b047d8e9fcc3654e5fab3c198' AND f.name LIKE '%BaseNCodecOutputStream.java';
onEnter - Class: BaseNCodecOutputStream.java method: private void org.apache.commons.codec.binary.BaseNCodecOutputStream.flush(boolean) throws java.io.IOException
MethodEnter
query: SELECT f.* FROM perfrt.files AS f INNER JOIN perfrt.commits AS c ON f.commit_id = c.id WHERE c.commit_hash='8871e9c72eefda5b047d8e9fcc3654e5fab3c198' AND f.name LIKE '%BaseNCodecOutputStream.java';
onEnter - Class: BaseNCodec.java method: int org.apache.commons.codec.binary.BaseNCodec.available(org.apache.commons.codec.binary.BaseNCodec$Context)
MethodEnter
query: SELECT f.* FROM perfrt.files AS f INNER JOIN perfrt.commits AS c ON f.commit_id = c.id WHERE c.commit_hash='8871e9c72eefda5b047d8e9fcc3654e5fab3c198' AND f.name LIKE '%BaseNCodec.java';
onEnter - Class: BaseNCodec.java method: int org.apache.commons.codec.binary.BaseNCodec.available(org.apache.commons.codec.binary.BaseNCodec$Context)
MethodEnter
query: SELECT f.* FROM perfrt.files AS f INNER JOIN perfrt.commits AS c ON f.commit_id = c.id WHERE c.commit_hash='8871e9c72eefda5b047d8e9fcc3654e5fab3c198' AND f.name LIKE '%BaseNCodec.java';
onEnter - Class: BaseNCodec.java method: boolean org.apache.commons.codec.binary.BaseNCodec.hasData(org.apache.commons.codec.binary.BaseNCodec$Context)
MethodEnter
query: SELECT f.* FROM perfrt.files AS f INNER JOIN perfrt.commits AS c ON f.commit_id = c.id WHERE c.commit_hash='8871e9c72eefda5b047d8e9fcc3654e5fab3c198' AND f.name LIKE '%BaseNCodec.java';
onEnter - Class: BaseNCodec.java method: boolean org.apache.commons.codec.binary.BaseNCodec.hasData(org.apache.commons.codec.binary.BaseNCodec$Context)
MethodEnter
query: SELECT f.* FROM perfrt.files AS f INNER JOIN perfrt.commits AS c ON f.commit_id = c.id WHERE c.commit_hash='8871e9c72eefda5b047d8e9fcc3654e5fab3c198' AND f.name LIKE '%BaseNCodec.java';
onExit - Class: BaseNCodec.java.java method: boolean org.apache.commons.codec.binary.BaseNCodec.hasData(org.apache.commons.codec.binary.BaseNCodec$Context) start: 1657633248537 end: 1657633248549 duration: 12retValue:
onExit - Class: BaseNCodec.java.java method: boolean org.apache.commons.codec.binary.BaseNCodec.hasData(org.apache.commons.codec.binary.BaseNCodec$Context) start: 1657633248524 end: 1657633248561 duration: 37retValue:
onExit - Class: BaseNCodec.java.java method: int org.apache.commons.codec.binary.BaseNCodec.available(org.apache.commons.codec.binary.BaseNCodec$Context) start: 1657633248510 end: 1657633248574 duration: 64retValue:
onExit - Class: BaseNCodec.java.java method: int org.apache.commons.codec.binary.BaseNCodec.available(org.apache.commons.codec.binary.BaseNCodec$Context) start: 1657633248497 end: 1657633248586 duration: 89retValue:
onExit - Class: BaseNCodecOutputStream.java.java method: private void org.apache.commons.codec.binary.BaseNCodecOutputStream.flush(boolean) throws java.io.IOException start: 1657633248482 end: 1657633248598 duration: 116retValue:
onExit - Class: BaseNCodecOutputStream.java.java method: public void org.apache.commons.codec.binary.BaseNCodecOutputStream.flush() throws java.io.IOException start: 1657633248469 end: 1657633248611 duration: 142retValue:
onExit - Class: BaseNCodecOutputStream.java.java method: public void org.apache.commons.codec.binary.BaseNCodecOutputStream.flush() throws java.io.IOException start: 1657633248456 end: 1657633248623 duration: 167retValue:
onExit - Class: BaseNCodecOutputStream.java.java method: public void org.apache.commons.codec.binary.BaseNCodecOutputStream.close() throws java.io.IOException start: 1657633248341 end: 1657633248636 duration: 295retValue:
onExit - Class: BaseNCodecOutputStream.java.java method: public void org.apache.commons.codec.binary.BaseNCodecOutputStream.close() throws java.io.IOException start: 1657633248323 end: 1657633248647 duration: 324retValue:
onEnter - Class: BaseNCodecOutputStream.java method: public void org.apache.commons.codec.binary.BaseNCodecOutputStream.close() throws java.io.IOException
MethodEnter
query: SELECT f.* FROM perfrt.files AS f INNER JOIN perfrt.commits AS c ON f.commit_id = c.id WHERE c.commit_hash='8871e9c72eefda5b047d8e9fcc3654e5fab3c198' AND f.name LIKE '%BaseNCodecOutputStream.java';
onEnter - Class: BaseNCodecOutputStream.java method: public void org.apache.commons.codec.binary.BaseNCodecOutputStream.close() throws java.io.IOException
MethodEnter
query: SELECT f.* FROM perfrt.files AS f INNER JOIN perfrt.commits AS c ON f.commit_id = c.id WHERE c.commit_hash='8871e9c72eefda5b047d8e9fcc3654e5fab3c198' AND f.name LIKE '%BaseNCodecOutputStream.java';
onEnter - Class: BaseNCodecOutputStream.java method: public void org.apache.commons.codec.binary.BaseNCodecOutputStream.eof() throws java.io.IOException
MethodEnter
query: SELECT f.* FROM perfrt.files AS f INNER JOIN perfrt.commits AS c ON f.commit_id = c.id WHERE c.commit_hash='8871e9c72eefda5b047d8e9fcc3654e5fab3c198' AND f.name LIKE '%BaseNCodecOutputStream.java';
onEnter - Class: BaseNCodecOutputStream.java method: public void org.apache.commons.codec.binary.BaseNCodecOutputStream.eof() throws java.io.IOException
MethodEnter
query: SELECT f.* FROM perfrt.files AS f INNER JOIN perfrt.commits AS c ON f.commit_id = c.id WHERE c.commit_hash='8871e9c72eefda5b047d8e9fcc3654e5fab3c198' AND f.name LIKE '%BaseNCodecOutputStream.java';
onEnter - Class: Base16.java method: void org.apache.commons.codec.binary.Base16.decode(byte[],int,int,org.apache.commons.codec.binary.BaseNCodec$Context)
MethodEnter
query: SELECT f.* FROM perfrt.files AS f INNER JOIN perfrt.commits AS c ON f.commit_id = c.id WHERE c.commit_hash='8871e9c72eefda5b047d8e9fcc3654e5fab3c198' AND f.name LIKE '%Base16.java';
onExit - Class: Base16.java.java method: void org.apache.commons.codec.binary.Base16.decode(byte[],int,int,org.apache.commons.codec.binary.BaseNCodec$Context) start: 1657633248704 end: 1657633248715 duration: 11retValue:
onExit - Class: BaseNCodecOutputStream.java.java method: public void org.apache.commons.codec.binary.BaseNCodecOutputStream.eof() throws java.io.IOException start: 1657633248693 end: 1657633248726 duration: 33retValue:
onExit - Class: BaseNCodecOutputStream.java.java method: public void org.apache.commons.codec.binary.BaseNCodecOutputStream.eof() throws java.io.IOException start: 1657633248682 end: 1657633248737 duration: 55retValue:
onEnter - Class: BaseNCodecOutputStream.java method: public void org.apache.commons.codec.binary.BaseNCodecOutputStream.flush() throws java.io.IOException
MethodEnter
query: SELECT f.* FROM perfrt.files AS f INNER JOIN perfrt.commits AS c ON f.commit_id = c.id WHERE c.commit_hash='8871e9c72eefda5b047d8e9fcc3654e5fab3c198' AND f.name LIKE '%BaseNCodecOutputStream.java';
onEnter - Class: BaseNCodecOutputStream.java method: public void org.apache.commons.codec.binary.BaseNCodecOutputStream.flush() throws java.io.IOException
MethodEnter
query: SELECT f.* FROM perfrt.files AS f INNER JOIN perfrt.commits AS c ON f.commit_id = c.id WHERE c.commit_hash='8871e9c72eefda5b047d8e9fcc3654e5fab3c198' AND f.name LIKE '%BaseNCodecOutputStream.java';
onEnter - Class: BaseNCodecOutputStream.java method: private void org.apache.commons.codec.binary.BaseNCodecOutputStream.flush(boolean) throws java.io.IOException
MethodEnter
query: SELECT f.* FROM perfrt.files AS f INNER JOIN perfrt.commits AS c ON f.commit_id = c.id WHERE c.commit_hash='8871e9c72eefda5b047d8e9fcc3654e5fab3c198' AND f.name LIKE '%BaseNCodecOutputStream.java';
onEnter - Class: BaseNCodec.java method: int org.apache.commons.codec.binary.BaseNCodec.available(org.apache.commons.codec.binary.BaseNCodec$Context)
MethodEnter
query: SELECT f.* FROM perfrt.files AS f INNER JOIN perfrt.commits AS c ON f.commit_id = c.id WHERE c.commit_hash='8871e9c72eefda5b047d8e9fcc3654e5fab3c198' AND f.name LIKE '%BaseNCodec.java';
onEnter - Class: BaseNCodec.java method: int org.apache.commons.codec.binary.BaseNCodec.available(org.apache.commons.codec.binary.BaseNCodec$Context)
MethodEnter
query: SELECT f.* FROM perfrt.files AS f INNER JOIN perfrt.commits AS c ON f.commit_id = c.id WHERE c.commit_hash='8871e9c72eefda5b047d8e9fcc3654e5fab3c198' AND f.name LIKE '%BaseNCodec.java';
onEnter - Class: BaseNCodec.java method: boolean org.apache.commons.codec.binary.BaseNCodec.hasData(org.apache.commons.codec.binary.BaseNCodec$Context)
MethodEnter
query: SELECT f.* FROM perfrt.files AS f INNER JOIN perfrt.commits AS c ON f.commit_id = c.id WHERE c.commit_hash='8871e9c72eefda5b047d8e9fcc3654e5fab3c198' AND f.name LIKE '%BaseNCodec.java';
onEnter - Class: BaseNCodec.java method: boolean org.apache.commons.codec.binary.BaseNCodec.hasData(org.apache.commons.codec.binary.BaseNCodec$Context)
MethodEnter
query: SELECT f.* FROM perfrt.files AS f INNER JOIN perfrt.commits AS c ON f.commit_id = c.id WHERE c.commit_hash='8871e9c72eefda5b047d8e9fcc3654e5fab3c198' AND f.name LIKE '%BaseNCodec.java';
onExit - Class: BaseNCodec.java.java method: boolean org.apache.commons.codec.binary.BaseNCodec.hasData(org.apache.commons.codec.binary.BaseNCodec$Context) start: 1657633248806 end: 1657633248816 duration: 10retValue:
onExit - Class: BaseNCodec.java.java method: boolean org.apache.commons.codec.binary.BaseNCodec.hasData(org.apache.commons.codec.binary.BaseNCodec$Context) start: 1657633248796 end: 1657633248826 duration: 30retValue:
onExit - Class: BaseNCodec.java.java method: int org.apache.commons.codec.binary.BaseNCodec.available(org.apache.commons.codec.binary.BaseNCodec$Context) start: 1657633248787 end: 1657633248837 duration: 50retValue:
onExit - Class: BaseNCodec.java.java method: int org.apache.commons.codec.binary.BaseNCodec.available(org.apache.commons.codec.binary.BaseNCodec$Context) start: 1657633248777 end: 1657633248846 duration: 69retValue:
onExit - Class: BaseNCodecOutputStream.java.java method: private void org.apache.commons.codec.binary.BaseNCodecOutputStream.flush(boolean) throws java.io.IOException start: 1657633248767 end: 1657633248856 duration: 89retValue:
onExit - Class: BaseNCodecOutputStream.java.java method: public void org.apache.commons.codec.binary.BaseNCodecOutputStream.flush() throws java.io.IOException start: 1657633248757 end: 1657633248865 duration: 108retValue:
onExit - Class: BaseNCodecOutputStream.java.java method: public void org.apache.commons.codec.binary.BaseNCodecOutputStream.flush() throws java.io.IOException start: 1657633248747 end: 1657633248874 duration: 127retValue:
onExit - Class: BaseNCodecOutputStream.java.java method: public void org.apache.commons.codec.binary.BaseNCodecOutputStream.close() throws java.io.IOException start: 1657633248670 end: 1657633248883 duration: 213retValue:
onExit - Class: BaseNCodecOutputStream.java.java method: public void org.apache.commons.codec.binary.BaseNCodecOutputStream.close() throws java.io.IOException start: 1657633248659 end: 1657633248892 duration: 233retValue:
onEnter - Class: BaseNCodecOutputStream.java method: public void org.apache.commons.codec.binary.BaseNCodecOutputStream.close() throws java.io.IOException
MethodEnter
query: SELECT f.* FROM perfrt.files AS f INNER JOIN perfrt.commits AS c ON f.commit_id = c.id WHERE c.commit_hash='8871e9c72eefda5b047d8e9fcc3654e5fab3c198' AND f.name LIKE '%BaseNCodecOutputStream.java';
onEnter - Class: BaseNCodecOutputStream.java method: public void org.apache.commons.codec.binary.BaseNCodecOutputStream.close() throws java.io.IOException
MethodEnter
query: SELECT f.* FROM perfrt.files AS f INNER JOIN perfrt.commits AS c ON f.commit_id = c.id WHERE c.commit_hash='8871e9c72eefda5b047d8e9fcc3654e5fab3c198' AND f.name LIKE '%BaseNCodecOutputStream.java';
onEnter - Class: BaseNCodecOutputStream.java method: public void org.apache.commons.codec.binary.BaseNCodecOutputStream.eof() throws java.io.IOException
MethodEnter
query: SELECT f.* FROM perfrt.files AS f INNER JOIN perfrt.commits AS c ON f.commit_id = c.id WHERE c.commit_hash='8871e9c72eefda5b047d8e9fcc3654e5fab3c198' AND f.name LIKE '%BaseNCodecOutputStream.java';
onEnter - Class: BaseNCodecOutputStream.java method: public void org.apache.commons.codec.binary.BaseNCodecOutputStream.eof() throws java.io.IOException
MethodEnter
query: SELECT f.* FROM perfrt.files AS f INNER JOIN perfrt.commits AS c ON f.commit_id = c.id WHERE c.commit_hash='8871e9c72eefda5b047d8e9fcc3654e5fab3c198' AND f.name LIKE '%BaseNCodecOutputStream.java';
onEnter - Class: Base16.java method: void org.apache.commons.codec.binary.Base16.decode(byte[],int,int,org.apache.commons.codec.binary.BaseNCodec$Context)
MethodEnter
query: SELECT f.* FROM perfrt.files AS f INNER JOIN perfrt.commits AS c ON f.commit_id = c.id WHERE c.commit_hash='8871e9c72eefda5b047d8e9fcc3654e5fab3c198' AND f.name LIKE '%Base16.java';
onExit - Class: Base16.java.java method: void org.apache.commons.codec.binary.Base16.decode(byte[],int,int,org.apache.commons.codec.binary.BaseNCodec$Context) start: 1657633248936 end: 1657633248945 duration: 9retValue:
onExit - Class: BaseNCodecOutputStream.java.java method: public void org.apache.commons.codec.binary.BaseNCodecOutputStream.eof() throws java.io.IOException start: 1657633248928 end: 1657633248953 duration: 25retValue:
onExit - Class: BaseNCodecOutputStream.java.java method: public void org.apache.commons.codec.binary.BaseNCodecOutputStream.eof() throws java.io.IOException start: 1657633248919 end: 1657633248961 duration: 42retValue:
onEnter - Class: BaseNCodecOutputStream.java method: public void org.apache.commons.codec.binary.BaseNCodecOutputStream.flush() throws java.io.IOException
MethodEnter
query: SELECT f.* FROM perfrt.files AS f INNER JOIN perfrt.commits AS c ON f.commit_id = c.id WHERE c.commit_hash='8871e9c72eefda5b047d8e9fcc3654e5fab3c198' AND f.name LIKE '%BaseNCodecOutputStream.java';
onEnter - Class: BaseNCodecOutputStream.java method: public void org.apache.commons.codec.binary.BaseNCodecOutputStream.flush() throws java.io.IOException
MethodEnter
query: SELECT f.* FROM perfrt.files AS f INNER JOIN perfrt.commits AS c ON f.commit_id = c.id WHERE c.commit_hash='8871e9c72eefda5b047d8e9fcc3654e5fab3c198' AND f.name LIKE '%BaseNCodecOutputStream.java';
onEnter - Class: BaseNCodecOutputStream.java method: private void org.apache.commons.codec.binary.BaseNCodecOutputStream.flush(boolean) throws java.io.IOException
MethodEnter
query: SELECT f.* FROM perfrt.files AS f INNER JOIN perfrt.commits AS c ON f.commit_id = c.id WHERE c.commit_hash='8871e9c72eefda5b047d8e9fcc3654e5fab3c198' AND f.name LIKE '%BaseNCodecOutputStream.java';
onEnter - Class: BaseNCodec.java method: int org.apache.commons.codec.binary.BaseNCodec.available(org.apache.commons.codec.binary.BaseNCodec$Context)
MethodEnter
query: SELECT f.* FROM perfrt.files AS f INNER JOIN perfrt.commits AS c ON f.commit_id = c.id WHERE c.commit_hash='8871e9c72eefda5b047d8e9fcc3654e5fab3c198' AND f.name LIKE '%BaseNCodec.java';
onEnter - Class: BaseNCodec.java method: int org.apache.commons.codec.binary.BaseNCodec.available(org.apache.commons.codec.binary.BaseNCodec$Context)
MethodEnter
query: SELECT f.* FROM perfrt.files AS f INNER JOIN perfrt.commits AS c ON f.commit_id = c.id WHERE c.commit_hash='8871e9c72eefda5b047d8e9fcc3654e5fab3c198' AND f.name LIKE '%BaseNCodec.java';
onEnter - Class: BaseNCodec.java method: boolean org.apache.commons.codec.binary.BaseNCodec.hasData(org.apache.commons.codec.binary.BaseNCodec$Context)
MethodEnter
query: SELECT f.* FROM perfrt.files AS f INNER JOIN perfrt.commits AS c ON f.commit_id = c.id WHERE c.commit_hash='8871e9c72eefda5b047d8e9fcc3654e5fab3c198' AND f.name LIKE '%BaseNCodec.java';
onEnter - Class: BaseNCodec.java method: boolean org.apache.commons.codec.binary.BaseNCodec.hasData(org.apache.commons.codec.binary.BaseNCodec$Context)
MethodEnter
query: SELECT f.* FROM perfrt.files AS f INNER JOIN perfrt.commits AS c ON f.commit_id = c.id WHERE c.commit_hash='8871e9c72eefda5b047d8e9fcc3654e5fab3c198' AND f.name LIKE '%BaseNCodec.java';
onExit - Class: BaseNCodec.java.java method: boolean org.apache.commons.codec.binary.BaseNCodec.hasData(org.apache.commons.codec.binary.BaseNCodec$Context) start: 1657633249032 end: 1657633249040 duration: 8retValue:
onExit - Class: BaseNCodec.java.java method: boolean org.apache.commons.codec.binary.BaseNCodec.hasData(org.apache.commons.codec.binary.BaseNCodec$Context) start: 1657633249023 end: 1657633249049 duration: 26retValue:
onExit - Class: BaseNCodec.java.java method: int org.apache.commons.codec.binary.BaseNCodec.available(org.apache.commons.codec.binary.BaseNCodec$Context) start: 1657633249015 end: 1657633249057 duration: 42retValue:
onExit - Class: BaseNCodec.java.java method: int org.apache.commons.codec.binary.BaseNCodec.available(org.apache.commons.codec.binary.BaseNCodec$Context) start: 1657633248999 end: 1657633249066 duration: 67retValue:
onExit - Class: BaseNCodecOutputStream.java.java method: private void org.apache.commons.codec.binary.BaseNCodecOutputStream.flush(boolean) throws java.io.IOException start: 1657633248988 end: 1657633249074 duration: 86retValue:
onExit - Class: BaseNCodecOutputStream.java.java method: public void org.apache.commons.codec.binary.BaseNCodecOutputStream.flush() throws java.io.IOException start: 1657633248977 end: 1657633249083 duration: 106retValue:
onExit - Class: BaseNCodecOutputStream.java.java method: public void org.apache.commons.codec.binary.BaseNCodecOutputStream.flush() throws java.io.IOException start: 1657633248969 end: 1657633249091 duration: 122retValue:
onExit - Class: BaseNCodecOutputStream.java.java method: public void org.apache.commons.codec.binary.BaseNCodecOutputStream.close() throws java.io.IOException start: 1657633248910 end: 1657633249100 duration: 190retValue:
onExit - Class: BaseNCodecOutputStream.java.java method: public void org.apache.commons.codec.binary.BaseNCodecOutputStream.close() throws java.io.IOException start: 1657633248901 end: 1657633249108 duration: 207retValue:
onEnter - Class: BaseNCodecOutputStream.java method: public void org.apache.commons.codec.binary.BaseNCodecOutputStream.close() throws java.io.IOException
MethodEnter
query: SELECT f.* FROM perfrt.files AS f INNER JOIN perfrt.commits AS c ON f.commit_id = c.id WHERE c.commit_hash='8871e9c72eefda5b047d8e9fcc3654e5fab3c198' AND f.name LIKE '%BaseNCodecOutputStream.java';
onEnter - Class: BaseNCodecOutputStream.java method: public void org.apache.commons.codec.binary.BaseNCodecOutputStream.close() throws java.io.IOException
MethodEnter
query: SELECT f.* FROM perfrt.files AS f INNER JOIN perfrt.commits AS c ON f.commit_id = c.id WHERE c.commit_hash='8871e9c72eefda5b047d8e9fcc3654e5fab3c198' AND f.name LIKE '%BaseNCodecOutputStream.java';
onEnter - Class: BaseNCodecOutputStream.java method: public void org.apache.commons.codec.binary.BaseNCodecOutputStream.eof() throws java.io.IOException
MethodEnter
query: SELECT f.* FROM perfrt.files AS f INNER JOIN perfrt.commits AS c ON f.commit_id = c.id WHERE c.commit_hash='8871e9c72eefda5b047d8e9fcc3654e5fab3c198' AND f.name LIKE '%BaseNCodecOutputStream.java';
onEnter - Class: BaseNCodecOutputStream.java method: public void org.apache.commons.codec.binary.BaseNCodecOutputStream.eof() throws java.io.IOException
MethodEnter
query: SELECT f.* FROM perfrt.files AS f INNER JOIN perfrt.commits AS c ON f.commit_id = c.id WHERE c.commit_hash='8871e9c72eefda5b047d8e9fcc3654e5fab3c198' AND f.name LIKE '%BaseNCodecOutputStream.java';
onEnter - Class: Base16.java method: void org.apache.commons.codec.binary.Base16.encode(byte[],int,int,org.apache.commons.codec.binary.BaseNCodec$Context)
MethodEnter
query: SELECT f.* FROM perfrt.files AS f INNER JOIN perfrt.commits AS c ON f.commit_id = c.id WHERE c.commit_hash='8871e9c72eefda5b047d8e9fcc3654e5fab3c198' AND f.name LIKE '%Base16.java';
onExit - Class: Base16.java.java method: void org.apache.commons.codec.binary.Base16.encode(byte[],int,int,org.apache.commons.codec.binary.BaseNCodec$Context) start: 1657633249148 end: 1657633249157 duration: 9retValue:
onExit - Class: BaseNCodecOutputStream.java.java method: public void org.apache.commons.codec.binary.BaseNCodecOutputStream.eof() throws java.io.IOException start: 1657633249141 end: 1657633249164 duration: 23retValue:
onExit - Class: BaseNCodecOutputStream.java.java method: public void org.apache.commons.codec.binary.BaseNCodecOutputStream.eof() throws java.io.IOException start: 1657633249133 end: 1657633249172 duration: 39retValue:
onEnter - Class: BaseNCodecOutputStream.java method: public void org.apache.commons.codec.binary.BaseNCodecOutputStream.flush() throws java.io.IOException
MethodEnter
query: SELECT f.* FROM perfrt.files AS f INNER JOIN perfrt.commits AS c ON f.commit_id = c.id WHERE c.commit_hash='8871e9c72eefda5b047d8e9fcc3654e5fab3c198' AND f.name LIKE '%BaseNCodecOutputStream.java';
onEnter - Class: BaseNCodecOutputStream.java method: public void org.apache.commons.codec.binary.BaseNCodecOutputStream.flush() throws java.io.IOException
MethodEnter
query: SELECT f.* FROM perfrt.files AS f INNER JOIN perfrt.commits AS c ON f.commit_id = c.id WHERE c.commit_hash='8871e9c72eefda5b047d8e9fcc3654e5fab3c198' AND f.name LIKE '%BaseNCodecOutputStream.java';
onEnter - Class: BaseNCodecOutputStream.java method: private void org.apache.commons.codec.binary.BaseNCodecOutputStream.flush(boolean) throws java.io.IOException
MethodEnter
query: SELECT f.* FROM perfrt.files AS f INNER JOIN perfrt.commits AS c ON f.commit_id = c.id WHERE c.commit_hash='8871e9c72eefda5b047d8e9fcc3654e5fab3c198' AND f.name LIKE '%BaseNCodecOutputStream.java';
onEnter - Class: BaseNCodec.java method: int org.apache.commons.codec.binary.BaseNCodec.available(org.apache.commons.codec.binary.BaseNCodec$Context)
MethodEnter
query: SELECT f.* FROM perfrt.files AS f INNER JOIN perfrt.commits AS c ON f.commit_id = c.id WHERE c.commit_hash='8871e9c72eefda5b047d8e9fcc3654e5fab3c198' AND f.name LIKE '%BaseNCodec.java';
onEnter - Class: BaseNCodec.java method: int org.apache.commons.codec.binary.BaseNCodec.available(org.apache.commons.codec.binary.BaseNCodec$Context)
MethodEnter
query: SELECT f.* FROM perfrt.files AS f INNER JOIN perfrt.commits AS c ON f.commit_id = c.id WHERE c.commit_hash='8871e9c72eefda5b047d8e9fcc3654e5fab3c198' AND f.name LIKE '%BaseNCodec.java';
onEnter - Class: BaseNCodec.java method: boolean org.apache.commons.codec.binary.BaseNCodec.hasData(org.apache.commons.codec.binary.BaseNCodec$Context)
MethodEnter
query: SELECT f.* FROM perfrt.files AS f INNER JOIN perfrt.commits AS c ON f.commit_id = c.id WHERE c.commit_hash='8871e9c72eefda5b047d8e9fcc3654e5fab3c198' AND f.name LIKE '%BaseNCodec.java';
onEnter - Class: BaseNCodec.java method: boolean org.apache.commons.codec.binary.BaseNCodec.hasData(org.apache.commons.codec.binary.BaseNCodec$Context)
MethodEnter
query: SELECT f.* FROM perfrt.files AS f INNER JOIN perfrt.commits AS c ON f.commit_id = c.id WHERE c.commit_hash='8871e9c72eefda5b047d8e9fcc3654e5fab3c198' AND f.name LIKE '%BaseNCodec.java';
onExit - Class: BaseNCodec.java.java method: boolean org.apache.commons.codec.binary.BaseNCodec.hasData(org.apache.commons.codec.binary.BaseNCodec$Context) start: 1657633249228 end: 1657633249236 duration: 8retValue:
onExit - Class: BaseNCodec.java.java method: boolean org.apache.commons.codec.binary.BaseNCodec.hasData(org.apache.commons.codec.binary.BaseNCodec$Context) start: 1657633249221 end: 1657633249244 duration: 23retValue:
onExit - Class: BaseNCodec.java.java method: int org.apache.commons.codec.binary.BaseNCodec.available(org.apache.commons.codec.binary.BaseNCodec$Context) start: 1657633249213 end: 1657633249254 duration: 41retValue:
onExit - Class: BaseNCodec.java.java method: int org.apache.commons.codec.binary.BaseNCodec.available(org.apache.commons.codec.binary.BaseNCodec$Context) start: 1657633249205 end: 1657633249263 duration: 58retValue:
onEnter - Class: BaseNCodecOutputStream.java method: public void org.apache.commons.codec.binary.BaseNCodecOutputStream.flush() throws java.io.IOException
MethodEnter
query: SELECT f.* FROM perfrt.files AS f INNER JOIN perfrt.commits AS c ON f.commit_id = c.id WHERE c.commit_hash='8871e9c72eefda5b047d8e9fcc3654e5fab3c198' AND f.name LIKE '%BaseNCodecOutputStream.java';
onEnter - Class: BaseNCodecOutputStream.java method: public void org.apache.commons.codec.binary.BaseNCodecOutputStream.flush() throws java.io.IOException
MethodEnter
query: SELECT f.* FROM perfrt.files AS f INNER JOIN perfrt.commits AS c ON f.commit_id = c.id WHERE c.commit_hash='8871e9c72eefda5b047d8e9fcc3654e5fab3c198' AND f.name LIKE '%BaseNCodecOutputStream.java';
onEnter - Class: BaseNCodecOutputStream.java method: private void org.apache.commons.codec.binary.BaseNCodecOutputStream.flush(boolean) throws java.io.IOException
MethodEnter
query: SELECT f.* FROM perfrt.files AS f INNER JOIN perfrt.commits AS c ON f.commit_id = c.id WHERE c.commit_hash='8871e9c72eefda5b047d8e9fcc3654e5fab3c198' AND f.name LIKE '%BaseNCodecOutputStream.java';
onEnter - Class: BaseNCodec.java method: int org.apache.commons.codec.binary.BaseNCodec.available(org.apache.commons.codec.binary.BaseNCodec$Context)
MethodEnter
query: SELECT f.* FROM perfrt.files AS f INNER JOIN perfrt.commits AS c ON f.commit_id = c.id WHERE c.commit_hash='8871e9c72eefda5b047d8e9fcc3654e5fab3c198' AND f.name LIKE '%BaseNCodec.java';
onEnter - Class: BaseNCodec.java method: int org.apache.commons.codec.binary.BaseNCodec.available(org.apache.commons.codec.binary.BaseNCodec$Context)
MethodEnter
query: SELECT f.* FROM perfrt.files AS f INNER JOIN perfrt.commits AS c ON f.commit_id = c.id WHERE c.commit_hash='8871e9c72eefda5b047d8e9fcc3654e5fab3c198' AND f.name LIKE '%BaseNCodec.java';
onEnter - Class: BaseNCodec.java method: boolean org.apache.commons.codec.binary.BaseNCodec.hasData(org.apache.commons.codec.binary.BaseNCodec$Context)
MethodEnter
query: SELECT f.* FROM perfrt.files AS f INNER JOIN perfrt.commits AS c ON f.commit_id = c.id WHERE c.commit_hash='8871e9c72eefda5b047d8e9fcc3654e5fab3c198' AND f.name LIKE '%BaseNCodec.java';
onEnter - Class: BaseNCodec.java method: boolean org.apache.commons.codec.binary.BaseNCodec.hasData(org.apache.commons.codec.binary.BaseNCodec$Context)
MethodEnter
query: SELECT f.* FROM perfrt.files AS f INNER JOIN perfrt.commits AS c ON f.commit_id = c.id WHERE c.commit_hash='8871e9c72eefda5b047d8e9fcc3654e5fab3c198' AND f.name LIKE '%BaseNCodec.java';
onExit - Class: BaseNCodec.java.java method: boolean org.apache.commons.codec.binary.BaseNCodec.hasData(org.apache.commons.codec.binary.BaseNCodec$Context) start: 1657633249319 end: 1657633249327 duration: 8retValue:
onExit - Class: BaseNCodec.java.java method: boolean org.apache.commons.codec.binary.BaseNCodec.hasData(org.apache.commons.codec.binary.BaseNCodec$Context) start: 1657633249311 end: 1657633249335 duration: 24retValue:
onExit - Class: BaseNCodec.java.java method: int org.apache.commons.codec.binary.BaseNCodec.available(org.apache.commons.codec.binary.BaseNCodec$Context) start: 1657633249303 end: 1657633249344 duration: 41retValue:
onExit - Class: BaseNCodec.java.java method: int org.apache.commons.codec.binary.BaseNCodec.available(org.apache.commons.codec.binary.BaseNCodec$Context) start: 1657633249295 end: 1657633249352 duration: 57retValue:
onExit - Class: BaseNCodecOutputStream.java.java method: private void org.apache.commons.codec.binary.BaseNCodecOutputStream.flush(boolean) throws java.io.IOException start: 1657633249287 end: 1657633249359 duration: 72retValue:
onExit - Class: BaseNCodecOutputStream.java.java method: public void org.apache.commons.codec.binary.BaseNCodecOutputStream.flush() throws java.io.IOException start: 1657633249279 end: 1657633249367 duration: 88retValue:
onExit - Class: BaseNCodecOutputStream.java.java method: public void org.apache.commons.codec.binary.BaseNCodecOutputStream.flush() throws java.io.IOException start: 1657633249271 end: 1657633249375 duration: 104retValue:
onExit - Class: BaseNCodecOutputStream.java.java method: private void org.apache.commons.codec.binary.BaseNCodecOutputStream.flush(boolean) throws java.io.IOException start: 1657633249196 end: 1657633249383 duration: 187retValue:
onExit - Class: BaseNCodecOutputStream.java.java method: public void org.apache.commons.codec.binary.BaseNCodecOutputStream.flush() throws java.io.IOException start: 1657633249188 end: 1657633249390 duration: 202retValue:
onExit - Class: BaseNCodecOutputStream.java.java method: public void org.apache.commons.codec.binary.BaseNCodecOutputStream.flush() throws java.io.IOException start: 1657633249180 end: 1657633249398 duration: 218retValue:
onEnter - Class: BaseNCodecOutputStream.java method: public void org.apache.commons.codec.binary.BaseNCodecOutputStream.close() throws java.io.IOException
MethodEnter
query: SELECT f.* FROM perfrt.files AS f INNER JOIN perfrt.commits AS c ON f.commit_id = c.id WHERE c.commit_hash='8871e9c72eefda5b047d8e9fcc3654e5fab3c198' AND f.name LIKE '%BaseNCodecOutputStream.java';
onEnter - Class: BaseNCodecOutputStream.java method: public void org.apache.commons.codec.binary.BaseNCodecOutputStream.close() throws java.io.IOException
MethodEnter
query: SELECT f.* FROM perfrt.files AS f INNER JOIN perfrt.commits AS c ON f.commit_id = c.id WHERE c.commit_hash='8871e9c72eefda5b047d8e9fcc3654e5fab3c198' AND f.name LIKE '%BaseNCodecOutputStream.java';
onEnter - Class: BaseNCodecOutputStream.java method: public void org.apache.commons.codec.binary.BaseNCodecOutputStream.eof() throws java.io.IOException
MethodEnter
query: SELECT f.* FROM perfrt.files AS f INNER JOIN perfrt.commits AS c ON f.commit_id = c.id WHERE c.commit_hash='8871e9c72eefda5b047d8e9fcc3654e5fab3c198' AND f.name LIKE '%BaseNCodecOutputStream.java';
onEnter - Class: BaseNCodecOutputStream.java method: public void org.apache.commons.codec.binary.BaseNCodecOutputStream.eof() throws java.io.IOException
MethodEnter
query: SELECT f.* FROM perfrt.files AS f INNER JOIN perfrt.commits AS c ON f.commit_id = c.id WHERE c.commit_hash='8871e9c72eefda5b047d8e9fcc3654e5fab3c198' AND f.name LIKE '%BaseNCodecOutputStream.java';
onEnter - Class: Base16.java method: void org.apache.commons.codec.binary.Base16.decode(byte[],int,int,org.apache.commons.codec.binary.BaseNCodec$Context)
MethodEnter
query: SELECT f.* FROM perfrt.files AS f INNER JOIN perfrt.commits AS c ON f.commit_id = c.id WHERE c.commit_hash='8871e9c72eefda5b047d8e9fcc3654e5fab3c198' AND f.name LIKE '%Base16.java';
onExit - Class: Base16.java.java method: void org.apache.commons.codec.binary.Base16.decode(byte[],int,int,org.apache.commons.codec.binary.BaseNCodec$Context) start: 1657633249437 end: 1657633249445 duration: 8retValue:
onExit - Class: BaseNCodecOutputStream.java.java method: public void org.apache.commons.codec.binary.BaseNCodecOutputStream.eof() throws java.io.IOException start: 1657633249429 end: 1657633249453 duration: 24retValue:
onExit - Class: BaseNCodecOutputStream.java.java method: public void org.apache.commons.codec.binary.BaseNCodecOutputStream.eof() throws java.io.IOException start: 1657633249421 end: 1657633249461 duration: 40retValue:
onEnter - Class: BaseNCodecOutputStream.java method: public void org.apache.commons.codec.binary.BaseNCodecOutputStream.flush() throws java.io.IOException
MethodEnter
query: SELECT f.* FROM perfrt.files AS f INNER JOIN perfrt.commits AS c ON f.commit_id = c.id WHERE c.commit_hash='8871e9c72eefda5b047d8e9fcc3654e5fab3c198' AND f.name LIKE '%BaseNCodecOutputStream.java';
onEnter - Class: BaseNCodecOutputStream.java method: public void org.apache.commons.codec.binary.BaseNCodecOutputStream.flush() throws java.io.IOException
MethodEnter
query: SELECT f.* FROM perfrt.files AS f INNER JOIN perfrt.commits AS c ON f.commit_id = c.id WHERE c.commit_hash='8871e9c72eefda5b047d8e9fcc3654e5fab3c198' AND f.name LIKE '%BaseNCodecOutputStream.java';
onEnter - Class: BaseNCodecOutputStream.java method: private void org.apache.commons.codec.binary.BaseNCodecOutputStream.flush(boolean) throws java.io.IOException
MethodEnter
query: SELECT f.* FROM perfrt.files AS f INNER JOIN perfrt.commits AS c ON f.commit_id = c.id WHERE c.commit_hash='8871e9c72eefda5b047d8e9fcc3654e5fab3c198' AND f.name LIKE '%BaseNCodecOutputStream.java';
onEnter - Class: BaseNCodec.java method: int org.apache.commons.codec.binary.BaseNCodec.available(org.apache.commons.codec.binary.BaseNCodec$Context)
MethodEnter
query: SELECT f.* FROM perfrt.files AS f INNER JOIN perfrt.commits AS c ON f.commit_id = c.id WHERE c.commit_hash='8871e9c72eefda5b047d8e9fcc3654e5fab3c198' AND f.name LIKE '%BaseNCodec.java';
onEnter - Class: BaseNCodec.java method: int org.apache.commons.codec.binary.BaseNCodec.available(org.apache.commons.codec.binary.BaseNCodec$Context)
MethodEnter
query: SELECT f.* FROM perfrt.files AS f INNER JOIN perfrt.commits AS c ON f.commit_id = c.id WHERE c.commit_hash='8871e9c72eefda5b047d8e9fcc3654e5fab3c198' AND f.name LIKE '%BaseNCodec.java';
onEnter - Class: BaseNCodec.java method: boolean org.apache.commons.codec.binary.BaseNCodec.hasData(org.apache.commons.codec.binary.BaseNCodec$Context)
MethodEnter
query: SELECT f.* FROM perfrt.files AS f INNER JOIN perfrt.commits AS c ON f.commit_id = c.id WHERE c.commit_hash='8871e9c72eefda5b047d8e9fcc3654e5fab3c198' AND f.name LIKE '%BaseNCodec.java';
onEnter - Class: BaseNCodec.java method: boolean org.apache.commons.codec.binary.BaseNCodec.hasData(org.apache.commons.codec.binary.BaseNCodec$Context)
MethodEnter
query: SELECT f.* FROM perfrt.files AS f INNER JOIN perfrt.commits AS c ON f.commit_id = c.id WHERE c.commit_hash='8871e9c72eefda5b047d8e9fcc3654e5fab3c198' AND f.name LIKE '%BaseNCodec.java';
onExit - Class: BaseNCodec.java.java method: boolean org.apache.commons.codec.binary.BaseNCodec.hasData(org.apache.commons.codec.binary.BaseNCodec$Context) start: 1657633249521 end: 1657633249529 duration: 8retValue:
onExit - Class: BaseNCodec.java.java method: boolean org.apache.commons.codec.binary.BaseNCodec.hasData(org.apache.commons.codec.binary.BaseNCodec$Context) start: 1657633249513 end: 1657633249537 duration: 24retValue:
onExit - Class: BaseNCodec.java.java method: int org.apache.commons.codec.binary.BaseNCodec.available(org.apache.commons.codec.binary.BaseNCodec$Context) start: 1657633249505 end: 1657633249545 duration: 40retValue:
onExit - Class: BaseNCodec.java.java method: int org.apache.commons.codec.binary.BaseNCodec.available(org.apache.commons.codec.binary.BaseNCodec$Context) start: 1657633249495 end: 1657633249554 duration: 59retValue:
onExit - Class: BaseNCodecOutputStream.java.java method: private void org.apache.commons.codec.binary.BaseNCodecOutputStream.flush(boolean) throws java.io.IOException start: 1657633249484 end: 1657633249562 duration: 78retValue:
onExit - Class: BaseNCodecOutputStream.java.java method: public void org.apache.commons.codec.binary.BaseNCodecOutputStream.flush() throws java.io.IOException start: 1657633249476 end: 1657633249570 duration: 94retValue:
onExit - Class: BaseNCodecOutputStream.java.java method: public void org.apache.commons.codec.binary.BaseNCodecOutputStream.flush() throws java.io.IOException start: 1657633249468 end: 1657633249578 duration: 110retValue:
onExit - Class: BaseNCodecOutputStream.java.java method: public void org.apache.commons.codec.binary.BaseNCodecOutputStream.close() throws java.io.IOException start: 1657633249414 end: 1657633249586 duration: 172retValue:
onExit - Class: BaseNCodecOutputStream.java.java method: public void org.apache.commons.codec.binary.BaseNCodecOutputStream.close() throws java.io.IOException start: 1657633249405 end: 1657633249593 duration: 188retValue:
onExit - Class: BaseNCodecOutputStream.java.java method: public void org.apache.commons.codec.binary.BaseNCodecOutputStream.close() throws java.io.IOException start: 1657633249125 end: 1657633249601 duration: 476retValue:
onExit - Class: BaseNCodecOutputStream.java.java method: public void org.apache.commons.codec.binary.BaseNCodecOutputStream.close() throws java.io.IOException start: 1657633249116 end: 1657633249608 duration: 492retValue:
onEnter - Class: BaseNCodecOutputStream.java method: public void org.apache.commons.codec.binary.BaseNCodecOutputStream.close() throws java.io.IOException
MethodEnter
query: SELECT f.* FROM perfrt.files AS f INNER JOIN perfrt.commits AS c ON f.commit_id = c.id WHERE c.commit_hash='8871e9c72eefda5b047d8e9fcc3654e5fab3c198' AND f.name LIKE '%BaseNCodecOutputStream.java';
onEnter - Class: BaseNCodecOutputStream.java method: public void org.apache.commons.codec.binary.BaseNCodecOutputStream.close() throws java.io.IOException
MethodEnter
query: SELECT f.* FROM perfrt.files AS f INNER JOIN perfrt.commits AS c ON f.commit_id = c.id WHERE c.commit_hash='8871e9c72eefda5b047d8e9fcc3654e5fab3c198' AND f.name LIKE '%BaseNCodecOutputStream.java';
onEnter - Class: BaseNCodecOutputStream.java method: public void org.apache.commons.codec.binary.BaseNCodecOutputStream.eof() throws java.io.IOException
MethodEnter
query: SELECT f.* FROM perfrt.files AS f INNER JOIN perfrt.commits AS c ON f.commit_id = c.id WHERE c.commit_hash='8871e9c72eefda5b047d8e9fcc3654e5fab3c198' AND f.name LIKE '%BaseNCodecOutputStream.java';
onEnter - Class: BaseNCodecOutputStream.java method: public void org.apache.commons.codec.binary.BaseNCodecOutputStream.eof() throws java.io.IOException
MethodEnter
query: SELECT f.* FROM perfrt.files AS f INNER JOIN perfrt.commits AS c ON f.commit_id = c.id WHERE c.commit_hash='8871e9c72eefda5b047d8e9fcc3654e5fab3c198' AND f.name LIKE '%BaseNCodecOutputStream.java';
onEnter - Class: Base16.java method: void org.apache.commons.codec.binary.Base16.decode(byte[],int,int,org.apache.commons.codec.binary.BaseNCodec$Context)
MethodEnter
query: SELECT f.* FROM perfrt.files AS f INNER JOIN perfrt.commits AS c ON f.commit_id = c.id WHERE c.commit_hash='8871e9c72eefda5b047d8e9fcc3654e5fab3c198' AND f.name LIKE '%Base16.java';
onExit - Class: Base16.java.java method: void org.apache.commons.codec.binary.Base16.decode(byte[],int,int,org.apache.commons.codec.binary.BaseNCodec$Context) start: 1657633249647 end: 1657633249654 duration: 7retValue:
onExit - Class: BaseNCodecOutputStream.java.java method: public void org.apache.commons.codec.binary.BaseNCodecOutputStream.eof() throws java.io.IOException start: 1657633249639 end: 1657633249662 duration: 23retValue:
onExit - Class: BaseNCodecOutputStream.java.java method: public void org.apache.commons.codec.binary.BaseNCodecOutputStream.eof() throws java.io.IOException start: 1657633249631 end: 1657633249670 duration: 39retValue:
onEnter - Class: BaseNCodecOutputStream.java method: public void org.apache.commons.codec.binary.BaseNCodecOutputStream.flush() throws java.io.IOException
MethodEnter
query: SELECT f.* FROM perfrt.files AS f INNER JOIN perfrt.commits AS c ON f.commit_id = c.id WHERE c.commit_hash='8871e9c72eefda5b047d8e9fcc3654e5fab3c198' AND f.name LIKE '%BaseNCodecOutputStream.java';
onEnter - Class: BaseNCodecOutputStream.java method: public void org.apache.commons.codec.binary.BaseNCodecOutputStream.flush() throws java.io.IOException
MethodEnter
query: SELECT f.* FROM perfrt.files AS f INNER JOIN perfrt.commits AS c ON f.commit_id = c.id WHERE c.commit_hash='8871e9c72eefda5b047d8e9fcc3654e5fab3c198' AND f.name LIKE '%BaseNCodecOutputStream.java';
onEnter - Class: BaseNCodecOutputStream.java method: private void org.apache.commons.codec.binary.BaseNCodecOutputStream.flush(boolean) throws java.io.IOException
MethodEnter
query: SELECT f.* FROM perfrt.files AS f INNER JOIN perfrt.commits AS c ON f.commit_id = c.id WHERE c.commit_hash='8871e9c72eefda5b047d8e9fcc3654e5fab3c198' AND f.name LIKE '%BaseNCodecOutputStream.java';
onEnter - Class: BaseNCodec.java method: int org.apache.commons.codec.binary.BaseNCodec.available(org.apache.commons.codec.binary.BaseNCodec$Context)
MethodEnter
query: SELECT f.* FROM perfrt.files AS f INNER JOIN perfrt.commits AS c ON f.commit_id = c.id WHERE c.commit_hash='8871e9c72eefda5b047d8e9fcc3654e5fab3c198' AND f.name LIKE '%BaseNCodec.java';
onEnter - Class: BaseNCodec.java method: int org.apache.commons.codec.binary.BaseNCodec.available(org.apache.commons.codec.binary.BaseNCodec$Context)
MethodEnter
query: SELECT f.* FROM perfrt.files AS f INNER JOIN perfrt.commits AS c ON f.commit_id = c.id WHERE c.commit_hash='8871e9c72eefda5b047d8e9fcc3654e5fab3c198' AND f.name LIKE '%BaseNCodec.java';
onEnter - Class: BaseNCodec.java method: boolean org.apache.commons.codec.binary.BaseNCodec.hasData(org.apache.commons.codec.binary.BaseNCodec$Context)
MethodEnter
query: SELECT f.* FROM perfrt.files AS f INNER JOIN perfrt.commits AS c ON f.commit_id = c.id WHERE c.commit_hash='8871e9c72eefda5b047d8e9fcc3654e5fab3c198' AND f.name LIKE '%BaseNCodec.java';
onEnter - Class: BaseNCodec.java method: boolean org.apache.commons.codec.binary.BaseNCodec.hasData(org.apache.commons.codec.binary.BaseNCodec$Context)
MethodEnter
query: SELECT f.* FROM perfrt.files AS f INNER JOIN perfrt.commits AS c ON f.commit_id = c.id WHERE c.commit_hash='8871e9c72eefda5b047d8e9fcc3654e5fab3c198' AND f.name LIKE '%BaseNCodec.java';
onExit - Class: BaseNCodec.java.java method: boolean org.apache.commons.codec.binary.BaseNCodec.hasData(org.apache.commons.codec.binary.BaseNCodec$Context) start: 1657633249727 end: 1657633249738 duration: 11retValue:
onExit - Class: BaseNCodec.java.java method: boolean org.apache.commons.codec.binary.BaseNCodec.hasData(org.apache.commons.codec.binary.BaseNCodec$Context) start: 1657633249717 end: 1657633249746 duration: 29retValue:
onExit - Class: BaseNCodec.java.java method: int org.apache.commons.codec.binary.BaseNCodec.available(org.apache.commons.codec.binary.BaseNCodec$Context) start: 1657633249708 end: 1657633249754 duration: 46retValue:
onExit - Class: BaseNCodec.java.java method: int org.apache.commons.codec.binary.BaseNCodec.available(org.apache.commons.codec.binary.BaseNCodec$Context) start: 1657633249700 end: 1657633249763 duration: 63retValue:
onExit - Class: BaseNCodecOutputStream.java.java method: private void org.apache.commons.codec.binary.BaseNCodecOutputStream.flush(boolean) throws java.io.IOException start: 1657633249692 end: 1657633249772 duration: 80retValue:
onExit - Class: BaseNCodecOutputStream.java.java method: public void org.apache.commons.codec.binary.BaseNCodecOutputStream.flush() throws java.io.IOException start: 1657633249684 end: 1657633249780 duration: 96retValue:
onExit - Class: BaseNCodecOutputStream.java.java method: public void org.apache.commons.codec.binary.BaseNCodecOutputStream.flush() throws java.io.IOException start: 1657633249677 end: 1657633249788 duration: 111retValue:
onExit - Class: BaseNCodecOutputStream.java.java method: public void org.apache.commons.codec.binary.BaseNCodecOutputStream.close() throws java.io.IOException start: 1657633249624 end: 1657633249796 duration: 172retValue:
onExit - Class: BaseNCodecOutputStream.java.java method: public void org.apache.commons.codec.binary.BaseNCodecOutputStream.close() throws java.io.IOException start: 1657633249616 end: 1657633249804 duration: 188retValue:
onExit - Class: Base16OutputStreamTest.java.java method: private void org.apache.commons.codec.binary.Base16OutputStreamTest.testByteByByte(byte[],byte[],boolean) throws java.io.IOException start: 1657633248254 end: 1657633249813 duration: 1559retValue:
onExit - Class: Base16OutputStreamTest.java.java method: private void org.apache.commons.codec.binary.Base16OutputStreamTest.testByteByByte(byte[],byte[]) throws java.io.IOException start: 1657633248233 end: 1657633249821 duration: 1588retValue:
onEnter - Class: Base16OutputStreamTest.java method: private void org.apache.commons.codec.binary.Base16OutputStreamTest.testByChunk(byte[],byte[]) throws java.io.IOException
MethodEnter
query: SELECT f.* FROM perfrt.files AS f INNER JOIN perfrt.commits AS c ON f.commit_id = c.id WHERE c.commit_hash='8871e9c72eefda5b047d8e9fcc3654e5fab3c198' AND f.name LIKE '%Base16OutputStreamTest.java';
onEnter - Class: Base16OutputStreamTest.java method: private void org.apache.commons.codec.binary.Base16OutputStreamTest.testByChunk(byte[],byte[],boolean) throws java.io.IOException
MethodEnter
query: SELECT f.* FROM perfrt.files AS f INNER JOIN perfrt.commits AS c ON f.commit_id = c.id WHERE c.commit_hash='8871e9c72eefda5b047d8e9fcc3654e5fab3c198' AND f.name LIKE '%Base16OutputStreamTest.java';
onEnter - Class: FilterOutputStream.java method: public void java.io.FilterOutputStream.write(byte[]) throws java.io.IOException
MethodEnter
query: SELECT f.* FROM perfrt.files AS f INNER JOIN perfrt.commits AS c ON f.commit_id = c.id WHERE c.commit_hash='8871e9c72eefda5b047d8e9fcc3654e5fab3c198' AND f.name LIKE '%FilterOutputStream.java';
onEnter - Class: FilterOutputStream.java method: public void java.io.FilterOutputStream.write(byte[]) throws java.io.IOException
MethodEnter
query: SELECT f.* FROM perfrt.files AS f INNER JOIN perfrt.commits AS c ON f.commit_id = c.id WHERE c.commit_hash='8871e9c72eefda5b047d8e9fcc3654e5fab3c198' AND f.name LIKE '%FilterOutputStream.java';
onEnter - Class: BaseNCodecOutputStream.java method: public void org.apache.commons.codec.binary.BaseNCodecOutputStream.write(byte[],int,int) throws java.io.IOException
MethodEnter
query: SELECT f.* FROM perfrt.files AS f INNER JOIN perfrt.commits AS c ON f.commit_id = c.id WHERE c.commit_hash='8871e9c72eefda5b047d8e9fcc3654e5fab3c198' AND f.name LIKE '%BaseNCodecOutputStream.java';
onEnter - Class: BaseNCodecOutputStream.java method: public void org.apache.commons.codec.binary.BaseNCodecOutputStream.write(byte[],int,int) throws java.io.IOException
MethodEnter
query: SELECT f.* FROM perfrt.files AS f INNER JOIN perfrt.commits AS c ON f.commit_id = c.id WHERE c.commit_hash='8871e9c72eefda5b047d8e9fcc3654e5fab3c198' AND f.name LIKE '%BaseNCodecOutputStream.java';
onExit - Class: BaseNCodecOutputStream.java.java method: public void org.apache.commons.codec.binary.BaseNCodecOutputStream.write(byte[],int,int) throws java.io.IOException start: 1657633249865 end: 1657633249872 duration: 7retValue:
onExit - Class: BaseNCodecOutputStream.java.java method: public void org.apache.commons.codec.binary.BaseNCodecOutputStream.write(byte[],int,int) throws java.io.IOException start: 1657633249857 end: 1657633249880 duration: 23retValue:
onExit - Class: FilterOutputStream.java.java method: public void java.io.FilterOutputStream.write(byte[]) throws java.io.IOException start: 1657633249852 end: 1657633249889 duration: 37retValue:
onExit - Class: FilterOutputStream.java.java method: public void java.io.FilterOutputStream.write(byte[]) throws java.io.IOException start: 1657633249846 end: 1657633249895 duration: 49retValue:
onEnter - Class: BaseNCodecOutputStream.java method: public void org.apache.commons.codec.binary.BaseNCodecOutputStream.close() throws java.io.IOException
MethodEnter
query: SELECT f.* FROM perfrt.files AS f INNER JOIN perfrt.commits AS c ON f.commit_id = c.id WHERE c.commit_hash='8871e9c72eefda5b047d8e9fcc3654e5fab3c198' AND f.name LIKE '%BaseNCodecOutputStream.java';
onEnter - Class: BaseNCodecOutputStream.java method: public void org.apache.commons.codec.binary.BaseNCodecOutputStream.close() throws java.io.IOException
MethodEnter
query: SELECT f.* FROM perfrt.files AS f INNER JOIN perfrt.commits AS c ON f.commit_id = c.id WHERE c.commit_hash='8871e9c72eefda5b047d8e9fcc3654e5fab3c198' AND f.name LIKE '%BaseNCodecOutputStream.java';
onEnter - Class: BaseNCodecOutputStream.java method: public void org.apache.commons.codec.binary.BaseNCodecOutputStream.eof() throws java.io.IOException
MethodEnter
query: SELECT f.* FROM perfrt.files AS f INNER JOIN perfrt.commits AS c ON f.commit_id = c.id WHERE c.commit_hash='8871e9c72eefda5b047d8e9fcc3654e5fab3c198' AND f.name LIKE '%BaseNCodecOutputStream.java';
onEnter - Class: BaseNCodecOutputStream.java method: public void org.apache.commons.codec.binary.BaseNCodecOutputStream.eof() throws java.io.IOException
MethodEnter
query: SELECT f.* FROM perfrt.files AS f INNER JOIN perfrt.commits AS c ON f.commit_id = c.id WHERE c.commit_hash='8871e9c72eefda5b047d8e9fcc3654e5fab3c198' AND f.name LIKE '%BaseNCodecOutputStream.java';
onEnter - Class: Base16.java method: void org.apache.commons.codec.binary.Base16.encode(byte[],int,int,org.apache.commons.codec.binary.BaseNCodec$Context)
MethodEnter
query: SELECT f.* FROM perfrt.files AS f INNER JOIN perfrt.commits AS c ON f.commit_id = c.id WHERE c.commit_hash='8871e9c72eefda5b047d8e9fcc3654e5fab3c198' AND f.name LIKE '%Base16.java';
onExit - Class: Base16.java.java method: void org.apache.commons.codec.binary.Base16.encode(byte[],int,int,org.apache.commons.codec.binary.BaseNCodec$Context) start: 1657633249939 end: 1657633249946 duration: 7retValue:
onExit - Class: BaseNCodecOutputStream.java.java method: public void org.apache.commons.codec.binary.BaseNCodecOutputStream.eof() throws java.io.IOException start: 1657633249931 end: 1657633249953 duration: 22retValue:
onExit - Class: BaseNCodecOutputStream.java.java method: public void org.apache.commons.codec.binary.BaseNCodecOutputStream.eof() throws java.io.IOException start: 1657633249924 end: 1657633249960 duration: 36retValue:
onEnter - Class: BaseNCodecOutputStream.java method: public void org.apache.commons.codec.binary.BaseNCodecOutputStream.flush() throws java.io.IOException
MethodEnter
query: SELECT f.* FROM perfrt.files AS f INNER JOIN perfrt.commits AS c ON f.commit_id = c.id WHERE c.commit_hash='8871e9c72eefda5b047d8e9fcc3654e5fab3c198' AND f.name LIKE '%BaseNCodecOutputStream.java';
onEnter - Class: BaseNCodecOutputStream.java method: public void org.apache.commons.codec.binary.BaseNCodecOutputStream.flush() throws java.io.IOException
MethodEnter
query: SELECT f.* FROM perfrt.files AS f INNER JOIN perfrt.commits AS c ON f.commit_id = c.id WHERE c.commit_hash='8871e9c72eefda5b047d8e9fcc3654e5fab3c198' AND f.name LIKE '%BaseNCodecOutputStream.java';
onEnter - Class: BaseNCodecOutputStream.java method: private void org.apache.commons.codec.binary.BaseNCodecOutputStream.flush(boolean) throws java.io.IOException
MethodEnter
query: SELECT f.* FROM perfrt.files AS f INNER JOIN perfrt.commits AS c ON f.commit_id = c.id WHERE c.commit_hash='8871e9c72eefda5b047d8e9fcc3654e5fab3c198' AND f.name LIKE '%BaseNCodecOutputStream.java';
onEnter - Class: BaseNCodec.java method: int org.apache.commons.codec.binary.BaseNCodec.available(org.apache.commons.codec.binary.BaseNCodec$Context)
MethodEnter
query: SELECT f.* FROM perfrt.files AS f INNER JOIN perfrt.commits AS c ON f.commit_id = c.id WHERE c.commit_hash='8871e9c72eefda5b047d8e9fcc3654e5fab3c198' AND f.name LIKE '%BaseNCodec.java';
onEnter - Class: BaseNCodec.java method: int org.apache.commons.codec.binary.BaseNCodec.available(org.apache.commons.codec.binary.BaseNCodec$Context)
MethodEnter
query: SELECT f.* FROM perfrt.files AS f INNER JOIN perfrt.commits AS c ON f.commit_id = c.id WHERE c.commit_hash='8871e9c72eefda5b047d8e9fcc3654e5fab3c198' AND f.name LIKE '%BaseNCodec.java';
onEnter - Class: BaseNCodec.java method: boolean org.apache.commons.codec.binary.BaseNCodec.hasData(org.apache.commons.codec.binary.BaseNCodec$Context)
MethodEnter
query: SELECT f.* FROM perfrt.files AS f INNER JOIN perfrt.commits AS c ON f.commit_id = c.id WHERE c.commit_hash='8871e9c72eefda5b047d8e9fcc3654e5fab3c198' AND f.name LIKE '%BaseNCodec.java';
onEnter - Class: BaseNCodec.java method: boolean org.apache.commons.codec.binary.BaseNCodec.hasData(org.apache.commons.codec.binary.BaseNCodec$Context)
MethodEnter
query: SELECT f.* FROM perfrt.files AS f INNER JOIN perfrt.commits AS c ON f.commit_id = c.id WHERE c.commit_hash='8871e9c72eefda5b047d8e9fcc3654e5fab3c198' AND f.name LIKE '%BaseNCodec.java';
onExit - Class: BaseNCodec.java.java method: boolean org.apache.commons.codec.binary.BaseNCodec.hasData(org.apache.commons.codec.binary.BaseNCodec$Context) start: 1657633250018 end: 1657633250025 duration: 7retValue:
onExit - Class: BaseNCodec.java.java method: boolean org.apache.commons.codec.binary.BaseNCodec.hasData(org.apache.commons.codec.binary.BaseNCodec$Context) start: 1657633250010 end: 1657633250033 duration: 23retValue:
onExit - Class: BaseNCodec.java.java method: int org.apache.commons.codec.binary.BaseNCodec.available(org.apache.commons.codec.binary.BaseNCodec$Context) start: 1657633250002 end: 1657633250040 duration: 38retValue:
onExit - Class: BaseNCodec.java.java method: int org.apache.commons.codec.binary.BaseNCodec.available(org.apache.commons.codec.binary.BaseNCodec$Context) start: 1657633249995 end: 1657633250048 duration: 53retValue:
onExit - Class: BaseNCodecOutputStream.java.java method: private void org.apache.commons.codec.binary.BaseNCodecOutputStream.flush(boolean) throws java.io.IOException start: 1657633249985 end: 1657633250056 duration: 71retValue:
onExit - Class: BaseNCodecOutputStream.java.java method: public void org.apache.commons.codec.binary.BaseNCodecOutputStream.flush() throws java.io.IOException start: 1657633249976 end: 1657633250064 duration: 88retValue:
onExit - Class: BaseNCodecOutputStream.java.java method: public void org.apache.commons.codec.binary.BaseNCodecOutputStream.flush() throws java.io.IOException start: 1657633249968 end: 1657633250072 duration: 104retValue:
onExit - Class: BaseNCodecOutputStream.java.java method: public void org.apache.commons.codec.binary.BaseNCodecOutputStream.close() throws java.io.IOException start: 1657633249908 end: 1657633250079 duration: 171retValue:
onExit - Class: BaseNCodecOutputStream.java.java method: public void org.apache.commons.codec.binary.BaseNCodecOutputStream.close() throws java.io.IOException start: 1657633249900 end: 1657633250086 duration: 186retValue:
onEnter - Class: FilterOutputStream.java method: public void java.io.FilterOutputStream.write(byte[]) throws java.io.IOException
MethodEnter
query: SELECT f.* FROM perfrt.files AS f INNER JOIN perfrt.commits AS c ON f.commit_id = c.id WHERE c.commit_hash='8871e9c72eefda5b047d8e9fcc3654e5fab3c198' AND f.name LIKE '%FilterOutputStream.java';
onEnter - Class: FilterOutputStream.java method: public void java.io.FilterOutputStream.write(byte[]) throws java.io.IOException
MethodEnter
query: SELECT f.* FROM perfrt.files AS f INNER JOIN perfrt.commits AS c ON f.commit_id = c.id WHERE c.commit_hash='8871e9c72eefda5b047d8e9fcc3654e5fab3c198' AND f.name LIKE '%FilterOutputStream.java';
onEnter - Class: BaseNCodecOutputStream.java method: public void org.apache.commons.codec.binary.BaseNCodecOutputStream.write(byte[],int,int) throws java.io.IOException
MethodEnter
query: SELECT f.* FROM perfrt.files AS f INNER JOIN perfrt.commits AS c ON f.commit_id = c.id WHERE c.commit_hash='8871e9c72eefda5b047d8e9fcc3654e5fab3c198' AND f.name LIKE '%BaseNCodecOutputStream.java';
onEnter - Class: BaseNCodecOutputStream.java method: public void org.apache.commons.codec.binary.BaseNCodecOutputStream.write(byte[],int,int) throws java.io.IOException
MethodEnter
query: SELECT f.* FROM perfrt.files AS f INNER JOIN perfrt.commits AS c ON f.commit_id = c.id WHERE c.commit_hash='8871e9c72eefda5b047d8e9fcc3654e5fab3c198' AND f.name LIKE '%BaseNCodecOutputStream.java';
onExit - Class: BaseNCodecOutputStream.java.java method: public void org.apache.commons.codec.binary.BaseNCodecOutputStream.write(byte[],int,int) throws java.io.IOException start: 1657633250112 end: 1657633250119 duration: 7retValue:
onExit - Class: BaseNCodecOutputStream.java.java method: public void org.apache.commons.codec.binary.BaseNCodecOutputStream.write(byte[],int,int) throws java.io.IOException start: 1657633250104 end: 1657633250127 duration: 23retValue:
onExit - Class: FilterOutputStream.java.java method: public void java.io.FilterOutputStream.write(byte[]) throws java.io.IOException start: 1657633250099 end: 1657633250135 duration: 36retValue:
onExit - Class: FilterOutputStream.java.java method: public void java.io.FilterOutputStream.write(byte[]) throws java.io.IOException start: 1657633250094 end: 1657633250140 duration: 46retValue:
onEnter - Class: BaseNCodecOutputStream.java method: public void org.apache.commons.codec.binary.BaseNCodecOutputStream.close() throws java.io.IOException
MethodEnter
query: SELECT f.* FROM perfrt.files AS f INNER JOIN perfrt.commits AS c ON f.commit_id = c.id WHERE c.commit_hash='8871e9c72eefda5b047d8e9fcc3654e5fab3c198' AND f.name LIKE '%BaseNCodecOutputStream.java';
onEnter - Class: BaseNCodecOutputStream.java method: public void org.apache.commons.codec.binary.BaseNCodecOutputStream.close() throws java.io.IOException
MethodEnter
query: SELECT f.* FROM perfrt.files AS f INNER JOIN perfrt.commits AS c ON f.commit_id = c.id WHERE c.commit_hash='8871e9c72eefda5b047d8e9fcc3654e5fab3c198' AND f.name LIKE '%BaseNCodecOutputStream.java';
onEnter - Class: BaseNCodecOutputStream.java method: public void org.apache.commons.codec.binary.BaseNCodecOutputStream.eof() throws java.io.IOException
MethodEnter
query: SELECT f.* FROM perfrt.files AS f INNER JOIN perfrt.commits AS c ON f.commit_id = c.id WHERE c.commit_hash='8871e9c72eefda5b047d8e9fcc3654e5fab3c198' AND f.name LIKE '%BaseNCodecOutputStream.java';
onEnter - Class: BaseNCodecOutputStream.java method: public void org.apache.commons.codec.binary.BaseNCodecOutputStream.eof() throws java.io.IOException
MethodEnter
query: SELECT f.* FROM perfrt.files AS f INNER JOIN perfrt.commits AS c ON f.commit_id = c.id WHERE c.commit_hash='8871e9c72eefda5b047d8e9fcc3654e5fab3c198' AND f.name LIKE '%BaseNCodecOutputStream.java';
onEnter - Class: Base16.java method: void org.apache.commons.codec.binary.Base16.decode(byte[],int,int,org.apache.commons.codec.binary.BaseNCodec$Context)
MethodEnter
query: SELECT f.* FROM perfrt.files AS f INNER JOIN perfrt.commits AS c ON f.commit_id = c.id WHERE c.commit_hash='8871e9c72eefda5b047d8e9fcc3654e5fab3c198' AND f.name LIKE '%Base16.java';
onExit - Class: Base16.java.java method: void org.apache.commons.codec.binary.Base16.decode(byte[],int,int,org.apache.commons.codec.binary.BaseNCodec$Context) start: 1657633250178 end: 1657633250186 duration: 8retValue:
onExit - Class: BaseNCodecOutputStream.java.java method: public void org.apache.commons.codec.binary.BaseNCodecOutputStream.eof() throws java.io.IOException start: 1657633250170 end: 1657633250193 duration: 23retValue:
onExit - Class: BaseNCodecOutputStream.java.java method: public void org.apache.commons.codec.binary.BaseNCodecOutputStream.eof() throws java.io.IOException start: 1657633250162 end: 1657633250201 duration: 39retValue:
onEnter - Class: BaseNCodecOutputStream.java method: public void org.apache.commons.codec.binary.BaseNCodecOutputStream.flush() throws java.io.IOException
MethodEnter
query: SELECT f.* FROM perfrt.files AS f INNER JOIN perfrt.commits AS c ON f.commit_id = c.id WHERE c.commit_hash='8871e9c72eefda5b047d8e9fcc3654e5fab3c198' AND f.name LIKE '%BaseNCodecOutputStream.java';
onEnter - Class: BaseNCodecOutputStream.java method: public void org.apache.commons.codec.binary.BaseNCodecOutputStream.flush() throws java.io.IOException
MethodEnter
query: SELECT f.* FROM perfrt.files AS f INNER JOIN perfrt.commits AS c ON f.commit_id = c.id WHERE c.commit_hash='8871e9c72eefda5b047d8e9fcc3654e5fab3c198' AND f.name LIKE '%BaseNCodecOutputStream.java';
onEnter - Class: BaseNCodecOutputStream.java method: private void org.apache.commons.codec.binary.BaseNCodecOutputStream.flush(boolean) throws java.io.IOException
MethodEnter
query: SELECT f.* FROM perfrt.files AS f INNER JOIN perfrt.commits AS c ON f.commit_id = c.id WHERE c.commit_hash='8871e9c72eefda5b047d8e9fcc3654e5fab3c198' AND f.name LIKE '%BaseNCodecOutputStream.java';
onEnter - Class: BaseNCodec.java method: int org.apache.commons.codec.binary.BaseNCodec.available(org.apache.commons.codec.binary.BaseNCodec$Context)
MethodEnter
query: SELECT f.* FROM perfrt.files AS f INNER JOIN perfrt.commits AS c ON f.commit_id = c.id WHERE c.commit_hash='8871e9c72eefda5b047d8e9fcc3654e5fab3c198' AND f.name LIKE '%BaseNCodec.java';
onEnter - Class: BaseNCodec.java method: int org.apache.commons.codec.binary.BaseNCodec.available(org.apache.commons.codec.binary.BaseNCodec$Context)
MethodEnter
query: SELECT f.* FROM perfrt.files AS f INNER JOIN perfrt.commits AS c ON f.commit_id = c.id WHERE c.commit_hash='8871e9c72eefda5b047d8e9fcc3654e5fab3c198' AND f.name LIKE '%BaseNCodec.java';
onEnter - Class: BaseNCodec.java method: boolean org.apache.commons.codec.binary.BaseNCodec.hasData(org.apache.commons.codec.binary.BaseNCodec$Context)
MethodEnter
query: SELECT f.* FROM perfrt.files AS f INNER JOIN perfrt.commits AS c ON f.commit_id = c.id WHERE c.commit_hash='8871e9c72eefda5b047d8e9fcc3654e5fab3c198' AND f.name LIKE '%BaseNCodec.java';
onEnter - Class: BaseNCodec.java method: boolean org.apache.commons.codec.binary.BaseNCodec.hasData(org.apache.commons.codec.binary.BaseNCodec$Context)
MethodEnter
query: SELECT f.* FROM perfrt.files AS f INNER JOIN perfrt.commits AS c ON f.commit_id = c.id WHERE c.commit_hash='8871e9c72eefda5b047d8e9fcc3654e5fab3c198' AND f.name LIKE '%BaseNCodec.java';
onExit - Class: BaseNCodec.java.java method: boolean org.apache.commons.codec.binary.BaseNCodec.hasData(org.apache.commons.codec.binary.BaseNCodec$Context) start: 1657633250340 end: 1657633250359 duration: 19retValue:
onExit - Class: BaseNCodec.java.java method: boolean org.apache.commons.codec.binary.BaseNCodec.hasData(org.apache.commons.codec.binary.BaseNCodec$Context) start: 1657633250320 end: 1657633250378 duration: 58retValue:
onExit - Class: BaseNCodec.java.java method: int org.apache.commons.codec.binary.BaseNCodec.available(org.apache.commons.codec.binary.BaseNCodec$Context) start: 1657633250301 end: 1657633250398 duration: 97retValue:
onExit - Class: BaseNCodec.java.java method: int org.apache.commons.codec.binary.BaseNCodec.available(org.apache.commons.codec.binary.BaseNCodec$Context) start: 1657633250281 end: 1657633250418 duration: 137retValue:
onExit - Class: BaseNCodecOutputStream.java.java method: private void org.apache.commons.codec.binary.BaseNCodecOutputStream.flush(boolean) throws java.io.IOException start: 1657633250261 end: 1657633250437 duration: 176retValue:
onExit - Class: BaseNCodecOutputStream.java.java method: public void org.apache.commons.codec.binary.BaseNCodecOutputStream.flush() throws java.io.IOException start: 1657633250241 end: 1657633250457 duration: 216retValue:
onExit - Class: BaseNCodecOutputStream.java.java method: public void org.apache.commons.codec.binary.BaseNCodecOutputStream.flush() throws java.io.IOException start: 1657633250221 end: 1657633250477 duration: 256retValue:
onExit - Class: BaseNCodecOutputStream.java.java method: public void org.apache.commons.codec.binary.BaseNCodecOutputStream.close() throws java.io.IOException start: 1657633250154 end: 1657633250496 duration: 342retValue:
onExit - Class: BaseNCodecOutputStream.java.java method: public void org.apache.commons.codec.binary.BaseNCodecOutputStream.close() throws java.io.IOException start: 1657633250145 end: 1657633250516 duration: 371retValue:
onEnter - Class: FilterOutputStream.java method: public void java.io.FilterOutputStream.write(byte[]) throws java.io.IOException
MethodEnter
query: SELECT f.* FROM perfrt.files AS f INNER JOIN perfrt.commits AS c ON f.commit_id = c.id WHERE c.commit_hash='8871e9c72eefda5b047d8e9fcc3654e5fab3c198' AND f.name LIKE '%FilterOutputStream.java';
onEnter - Class: FilterOutputStream.java method: public void java.io.FilterOutputStream.write(byte[]) throws java.io.IOException
MethodEnter
query: SELECT f.* FROM perfrt.files AS f INNER JOIN perfrt.commits AS c ON f.commit_id = c.id WHERE c.commit_hash='8871e9c72eefda5b047d8e9fcc3654e5fab3c198' AND f.name LIKE '%FilterOutputStream.java';
onEnter - Class: BaseNCodecOutputStream.java method: public void org.apache.commons.codec.binary.BaseNCodecOutputStream.write(byte[],int,int) throws java.io.IOException
MethodEnter
query: SELECT f.* FROM perfrt.files AS f INNER JOIN perfrt.commits AS c ON f.commit_id = c.id WHERE c.commit_hash='8871e9c72eefda5b047d8e9fcc3654e5fab3c198' AND f.name LIKE '%BaseNCodecOutputStream.java';
onEnter - Class: BaseNCodecOutputStream.java method: public void org.apache.commons.codec.binary.BaseNCodecOutputStream.write(byte[],int,int) throws java.io.IOException
MethodEnter
query: SELECT f.* FROM perfrt.files AS f INNER JOIN perfrt.commits AS c ON f.commit_id = c.id WHERE c.commit_hash='8871e9c72eefda5b047d8e9fcc3654e5fab3c198' AND f.name LIKE '%BaseNCodecOutputStream.java';
onExit - Class: BaseNCodecOutputStream.java.java method: public void org.apache.commons.codec.binary.BaseNCodecOutputStream.write(byte[],int,int) throws java.io.IOException start: 1657633250554 end: 1657633250563 duration: 9retValue:
onExit - Class: BaseNCodecOutputStream.java.java method: public void org.apache.commons.codec.binary.BaseNCodecOutputStream.write(byte[],int,int) throws java.io.IOException start: 1657633250545 end: 1657633250572 duration: 27retValue:
onExit - Class: FilterOutputStream.java.java method: public void java.io.FilterOutputStream.write(byte[]) throws java.io.IOException start: 1657633250539 end: 1657633250580 duration: 41retValue:
onExit - Class: FilterOutputStream.java.java method: public void java.io.FilterOutputStream.write(byte[]) throws java.io.IOException start: 1657633250531 end: 1657633250586 duration: 55retValue:
onEnter - Class: BaseNCodecOutputStream.java method: public void org.apache.commons.codec.binary.BaseNCodecOutputStream.close() throws java.io.IOException
MethodEnter
query: SELECT f.* FROM perfrt.files AS f INNER JOIN perfrt.commits AS c ON f.commit_id = c.id WHERE c.commit_hash='8871e9c72eefda5b047d8e9fcc3654e5fab3c198' AND f.name LIKE '%BaseNCodecOutputStream.java';
onEnter - Class: BaseNCodecOutputStream.java method: public void org.apache.commons.codec.binary.BaseNCodecOutputStream.close() throws java.io.IOException
MethodEnter
query: SELECT f.* FROM perfrt.files AS f INNER JOIN perfrt.commits AS c ON f.commit_id = c.id WHERE c.commit_hash='8871e9c72eefda5b047d8e9fcc3654e5fab3c198' AND f.name LIKE '%BaseNCodecOutputStream.java';
onEnter - Class: BaseNCodecOutputStream.java method: public void org.apache.commons.codec.binary.BaseNCodecOutputStream.eof() throws java.io.IOException
MethodEnter
query: SELECT f.* FROM perfrt.files AS f INNER JOIN perfrt.commits AS c ON f.commit_id = c.id WHERE c.commit_hash='8871e9c72eefda5b047d8e9fcc3654e5fab3c198' AND f.name LIKE '%BaseNCodecOutputStream.java';
onEnter - Class: BaseNCodecOutputStream.java method: public void org.apache.commons.codec.binary.BaseNCodecOutputStream.eof() throws java.io.IOException
MethodEnter
query: SELECT f.* FROM perfrt.files AS f INNER JOIN perfrt.commits AS c ON f.commit_id = c.id WHERE c.commit_hash='8871e9c72eefda5b047d8e9fcc3654e5fab3c198' AND f.name LIKE '%BaseNCodecOutputStream.java';
onEnter - Class: Base16.java method: void org.apache.commons.codec.binary.Base16.encode(byte[],int,int,org.apache.commons.codec.binary.BaseNCodec$Context)
MethodEnter
query: SELECT f.* FROM perfrt.files AS f INNER JOIN perfrt.commits AS c ON f.commit_id = c.id WHERE c.commit_hash='8871e9c72eefda5b047d8e9fcc3654e5fab3c198' AND f.name LIKE '%Base16.java';
onExit - Class: Base16.java.java method: void org.apache.commons.codec.binary.Base16.encode(byte[],int,int,org.apache.commons.codec.binary.BaseNCodec$Context) start: 1657633250625 end: 1657633250633 duration: 8retValue:
onExit - Class: BaseNCodecOutputStream.java.java method: public void org.apache.commons.codec.binary.BaseNCodecOutputStream.eof() throws java.io.IOException start: 1657633250616 end: 1657633250640 duration: 24retValue:
onExit - Class: BaseNCodecOutputStream.java.java method: public void org.apache.commons.codec.binary.BaseNCodecOutputStream.eof() throws java.io.IOException start: 1657633250606 end: 1657633250648 duration: 42retValue:
onEnter - Class: BaseNCodecOutputStream.java method: public void org.apache.commons.codec.binary.BaseNCodecOutputStream.flush() throws java.io.IOException
MethodEnter
query: SELECT f.* FROM perfrt.files AS f INNER JOIN perfrt.commits AS c ON f.commit_id = c.id WHERE c.commit_hash='8871e9c72eefda5b047d8e9fcc3654e5fab3c198' AND f.name LIKE '%BaseNCodecOutputStream.java';
onEnter - Class: BaseNCodecOutputStream.java method: public void org.apache.commons.codec.binary.BaseNCodecOutputStream.flush() throws java.io.IOException
MethodEnter
query: SELECT f.* FROM perfrt.files AS f INNER JOIN perfrt.commits AS c ON f.commit_id = c.id WHERE c.commit_hash='8871e9c72eefda5b047d8e9fcc3654e5fab3c198' AND f.name LIKE '%BaseNCodecOutputStream.java';
onEnter - Class: BaseNCodecOutputStream.java method: private void org.apache.commons.codec.binary.BaseNCodecOutputStream.flush(boolean) throws java.io.IOException
MethodEnter
query: SELECT f.* FROM perfrt.files AS f INNER JOIN perfrt.commits AS c ON f.commit_id = c.id WHERE c.commit_hash='8871e9c72eefda5b047d8e9fcc3654e5fab3c198' AND f.name LIKE '%BaseNCodecOutputStream.java';
onEnter - Class: BaseNCodec.java method: int org.apache.commons.codec.binary.BaseNCodec.available(org.apache.commons.codec.binary.BaseNCodec$Context)
MethodEnter
query: SELECT f.* FROM perfrt.files AS f INNER JOIN perfrt.commits AS c ON f.commit_id = c.id WHERE c.commit_hash='8871e9c72eefda5b047d8e9fcc3654e5fab3c198' AND f.name LIKE '%BaseNCodec.java';
onEnter - Class: BaseNCodec.java method: int org.apache.commons.codec.binary.BaseNCodec.available(org.apache.commons.codec.binary.BaseNCodec$Context)
MethodEnter
query: SELECT f.* FROM perfrt.files AS f INNER JOIN perfrt.commits AS c ON f.commit_id = c.id WHERE c.commit_hash='8871e9c72eefda5b047d8e9fcc3654e5fab3c198' AND f.name LIKE '%BaseNCodec.java';
onEnter - Class: BaseNCodec.java method: boolean org.apache.commons.codec.binary.BaseNCodec.hasData(org.apache.commons.codec.binary.BaseNCodec$Context)
MethodEnter
query: SELECT f.* FROM perfrt.files AS f INNER JOIN perfrt.commits AS c ON f.commit_id = c.id WHERE c.commit_hash='8871e9c72eefda5b047d8e9fcc3654e5fab3c198' AND f.name LIKE '%BaseNCodec.java';
onEnter - Class: BaseNCodec.java method: boolean org.apache.commons.codec.binary.BaseNCodec.hasData(org.apache.commons.codec.binary.BaseNCodec$Context)
MethodEnter
query: SELECT f.* FROM perfrt.files AS f INNER JOIN perfrt.commits AS c ON f.commit_id = c.id WHERE c.commit_hash='8871e9c72eefda5b047d8e9fcc3654e5fab3c198' AND f.name LIKE '%BaseNCodec.java';
onExit - Class: BaseNCodec.java.java method: boolean org.apache.commons.codec.binary.BaseNCodec.hasData(org.apache.commons.codec.binary.BaseNCodec$Context) start: 1657633250707 end: 1657633250716 duration: 9retValue:
onExit - Class: BaseNCodec.java.java method: boolean org.apache.commons.codec.binary.BaseNCodec.hasData(org.apache.commons.codec.binary.BaseNCodec$Context) start: 1657633250698 end: 1657633250724 duration: 26retValue:
onExit - Class: BaseNCodec.java.java method: int org.apache.commons.codec.binary.BaseNCodec.available(org.apache.commons.codec.binary.BaseNCodec$Context) start: 1657633250690 end: 1657633250733 duration: 43retValue:
onExit - Class: BaseNCodec.java.java method: int org.apache.commons.codec.binary.BaseNCodec.available(org.apache.commons.codec.binary.BaseNCodec$Context) start: 1657633250681 end: 1657633250742 duration: 61retValue:
onEnter - Class: BaseNCodecOutputStream.java method: public void org.apache.commons.codec.binary.BaseNCodecOutputStream.flush() throws java.io.IOException
MethodEnter
query: SELECT f.* FROM perfrt.files AS f INNER JOIN perfrt.commits AS c ON f.commit_id = c.id WHERE c.commit_hash='8871e9c72eefda5b047d8e9fcc3654e5fab3c198' AND f.name LIKE '%BaseNCodecOutputStream.java';
onEnter - Class: BaseNCodecOutputStream.java method: public void org.apache.commons.codec.binary.BaseNCodecOutputStream.flush() throws java.io.IOException
MethodEnter
query: SELECT f.* FROM perfrt.files AS f INNER JOIN perfrt.commits AS c ON f.commit_id = c.id WHERE c.commit_hash='8871e9c72eefda5b047d8e9fcc3654e5fab3c198' AND f.name LIKE '%BaseNCodecOutputStream.java';
onEnter - Class: BaseNCodecOutputStream.java method: private void org.apache.commons.codec.binary.BaseNCodecOutputStream.flush(boolean) throws java.io.IOException
MethodEnter
query: SELECT f.* FROM perfrt.files AS f INNER JOIN perfrt.commits AS c ON f.commit_id = c.id WHERE c.commit_hash='8871e9c72eefda5b047d8e9fcc3654e5fab3c198' AND f.name LIKE '%BaseNCodecOutputStream.java';
onEnter - Class: BaseNCodec.java method: int org.apache.commons.codec.binary.BaseNCodec.available(org.apache.commons.codec.binary.BaseNCodec$Context)
MethodEnter
query: SELECT f.* FROM perfrt.files AS f INNER JOIN perfrt.commits AS c ON f.commit_id = c.id WHERE c.commit_hash='8871e9c72eefda5b047d8e9fcc3654e5fab3c198' AND f.name LIKE '%BaseNCodec.java';
onEnter - Class: BaseNCodec.java method: int org.apache.commons.codec.binary.BaseNCodec.available(org.apache.commons.codec.binary.BaseNCodec$Context)
MethodEnter
query: SELECT f.* FROM perfrt.files AS f INNER JOIN perfrt.commits AS c ON f.commit_id = c.id WHERE c.commit_hash='8871e9c72eefda5b047d8e9fcc3654e5fab3c198' AND f.name LIKE '%BaseNCodec.java';
onEnter - Class: BaseNCodec.java method: boolean org.apache.commons.codec.binary.BaseNCodec.hasData(org.apache.commons.codec.binary.BaseNCodec$Context)
MethodEnter
query: SELECT f.* FROM perfrt.files AS f INNER JOIN perfrt.commits AS c ON f.commit_id = c.id WHERE c.commit_hash='8871e9c72eefda5b047d8e9fcc3654e5fab3c198' AND f.name LIKE '%BaseNCodec.java';
onEnter - Class: BaseNCodec.java method: boolean org.apache.commons.codec.binary.BaseNCodec.hasData(org.apache.commons.codec.binary.BaseNCodec$Context)
MethodEnter
query: SELECT f.* FROM perfrt.files AS f INNER JOIN perfrt.commits AS c ON f.commit_id = c.id WHERE c.commit_hash='8871e9c72eefda5b047d8e9fcc3654e5fab3c198' AND f.name LIKE '%BaseNCodec.java';
onExit - Class: BaseNCodec.java.java method: boolean org.apache.commons.codec.binary.BaseNCodec.hasData(org.apache.commons.codec.binary.BaseNCodec$Context) start: 1657633250825 end: 1657633250835 duration: 10retValue:
onExit - Class: BaseNCodec.java.java method: boolean org.apache.commons.codec.binary.BaseNCodec.hasData(org.apache.commons.codec.binary.BaseNCodec$Context) start: 1657633250815 end: 1657633250843 duration: 28retValue:
onExit - Class: BaseNCodec.java.java method: int org.apache.commons.codec.binary.BaseNCodec.available(org.apache.commons.codec.binary.BaseNCodec$Context) start: 1657633250806 end: 1657633250852 duration: 46retValue:
onExit - Class: BaseNCodec.java.java method: int org.apache.commons.codec.binary.BaseNCodec.available(org.apache.commons.codec.binary.BaseNCodec$Context) start: 1657633250796 end: 1657633250860 duration: 64retValue:
onExit - Class: BaseNCodecOutputStream.java.java method: private void org.apache.commons.codec.binary.BaseNCodecOutputStream.flush(boolean) throws java.io.IOException start: 1657633250786 end: 1657633250870 duration: 84retValue:
onExit - Class: BaseNCodecOutputStream.java.java method: public void org.apache.commons.codec.binary.BaseNCodecOutputStream.flush() throws java.io.IOException start: 1657633250776 end: 1657633250879 duration: 103retValue:
onExit - Class: BaseNCodecOutputStream.java.java method: public void org.apache.commons.codec.binary.BaseNCodecOutputStream.flush() throws java.io.IOException start: 1657633250765 end: 1657633250888 duration: 123retValue:
onExit - Class: BaseNCodecOutputStream.java.java method: private void org.apache.commons.codec.binary.BaseNCodecOutputStream.flush(boolean) throws java.io.IOException start: 1657633250672 end: 1657633250896 duration: 224retValue:
onExit - Class: BaseNCodecOutputStream.java.java method: public void org.apache.commons.codec.binary.BaseNCodecOutputStream.flush() throws java.io.IOException start: 1657633250664 end: 1657633250907 duration: 243retValue:
onExit - Class: BaseNCodecOutputStream.java.java method: public void org.apache.commons.codec.binary.BaseNCodecOutputStream.flush() throws java.io.IOException start: 1657633250656 end: 1657633250917 duration: 261retValue:
onEnter - Class: BaseNCodecOutputStream.java method: public void org.apache.commons.codec.binary.BaseNCodecOutputStream.close() throws java.io.IOException
MethodEnter
query: SELECT f.* FROM perfrt.files AS f INNER JOIN perfrt.commits AS c ON f.commit_id = c.id WHERE c.commit_hash='8871e9c72eefda5b047d8e9fcc3654e5fab3c198' AND f.name LIKE '%BaseNCodecOutputStream.java';
onEnter - Class: BaseNCodecOutputStream.java method: public void org.apache.commons.codec.binary.BaseNCodecOutputStream.close() throws java.io.IOException
MethodEnter
query: SELECT f.* FROM perfrt.files AS f INNER JOIN perfrt.commits AS c ON f.commit_id = c.id WHERE c.commit_hash='8871e9c72eefda5b047d8e9fcc3654e5fab3c198' AND f.name LIKE '%BaseNCodecOutputStream.java';
onEnter - Class: BaseNCodecOutputStream.java method: public void org.apache.commons.codec.binary.BaseNCodecOutputStream.eof() throws java.io.IOException
MethodEnter
query: SELECT f.* FROM perfrt.files AS f INNER JOIN perfrt.commits AS c ON f.commit_id = c.id WHERE c.commit_hash='8871e9c72eefda5b047d8e9fcc3654e5fab3c198' AND f.name LIKE '%BaseNCodecOutputStream.java';
onEnter - Class: BaseNCodecOutputStream.java method: public void org.apache.commons.codec.binary.BaseNCodecOutputStream.eof() throws java.io.IOException
MethodEnter
query: SELECT f.* FROM perfrt.files AS f INNER JOIN perfrt.commits AS c ON f.commit_id = c.id WHERE c.commit_hash='8871e9c72eefda5b047d8e9fcc3654e5fab3c198' AND f.name LIKE '%BaseNCodecOutputStream.java';
onEnter - Class: Base16.java method: void org.apache.commons.codec.binary.Base16.decode(byte[],int,int,org.apache.commons.codec.binary.BaseNCodec$Context)
MethodEnter
query: SELECT f.* FROM perfrt.files AS f INNER JOIN perfrt.commits AS c ON f.commit_id = c.id WHERE c.commit_hash='8871e9c72eefda5b047d8e9fcc3654e5fab3c198' AND f.name LIKE '%Base16.java';
onExit - Class: Base16.java.java method: void org.apache.commons.codec.binary.Base16.decode(byte[],int,int,org.apache.commons.codec.binary.BaseNCodec$Context) start: 1657633250966 end: 1657633250976 duration: 10retValue:
onExit - Class: BaseNCodecOutputStream.java.java method: public void org.apache.commons.codec.binary.BaseNCodecOutputStream.eof() throws java.io.IOException start: 1657633250956 end: 1657633250988 duration: 32retValue:
onExit - Class: BaseNCodecOutputStream.java.java method: public void org.apache.commons.codec.binary.BaseNCodecOutputStream.eof() throws java.io.IOException start: 1657633250946 end: 1657633250998 duration: 52retValue:
onEnter - Class: BaseNCodecOutputStream.java method: public void org.apache.commons.codec.binary.BaseNCodecOutputStream.flush() throws java.io.IOException
MethodEnter
query: SELECT f.* FROM perfrt.files AS f INNER JOIN perfrt.commits AS c ON f.commit_id = c.id WHERE c.commit_hash='8871e9c72eefda5b047d8e9fcc3654e5fab3c198' AND f.name LIKE '%BaseNCodecOutputStream.java';
onEnter - Class: BaseNCodecOutputStream.java method: public void org.apache.commons.codec.binary.BaseNCodecOutputStream.flush() throws java.io.IOException
MethodEnter
query: SELECT f.* FROM perfrt.files AS f INNER JOIN perfrt.commits AS c ON f.commit_id = c.id WHERE c.commit_hash='8871e9c72eefda5b047d8e9fcc3654e5fab3c198' AND f.name LIKE '%BaseNCodecOutputStream.java';
onEnter - Class: BaseNCodecOutputStream.java method: private void org.apache.commons.codec.binary.BaseNCodecOutputStream.flush(boolean) throws java.io.IOException
MethodEnter
query: SELECT f.* FROM perfrt.files AS f INNER JOIN perfrt.commits AS c ON f.commit_id = c.id WHERE c.commit_hash='8871e9c72eefda5b047d8e9fcc3654e5fab3c198' AND f.name LIKE '%BaseNCodecOutputStream.java';
onEnter - Class: BaseNCodec.java method: int org.apache.commons.codec.binary.BaseNCodec.available(org.apache.commons.codec.binary.BaseNCodec$Context)
MethodEnter
query: SELECT f.* FROM perfrt.files AS f INNER JOIN perfrt.commits AS c ON f.commit_id = c.id WHERE c.commit_hash='8871e9c72eefda5b047d8e9fcc3654e5fab3c198' AND f.name LIKE '%BaseNCodec.java';
onEnter - Class: BaseNCodec.java method: int org.apache.commons.codec.binary.BaseNCodec.available(org.apache.commons.codec.binary.BaseNCodec$Context)
MethodEnter
query: SELECT f.* FROM perfrt.files AS f INNER JOIN perfrt.commits AS c ON f.commit_id = c.id WHERE c.commit_hash='8871e9c72eefda5b047d8e9fcc3654e5fab3c198' AND f.name LIKE '%BaseNCodec.java';
onEnter - Class: BaseNCodec.java method: boolean org.apache.commons.codec.binary.BaseNCodec.hasData(org.apache.commons.codec.binary.BaseNCodec$Context)
MethodEnter
query: SELECT f.* FROM perfrt.files AS f INNER JOIN perfrt.commits AS c ON f.commit_id = c.id WHERE c.commit_hash='8871e9c72eefda5b047d8e9fcc3654e5fab3c198' AND f.name LIKE '%BaseNCodec.java';
onEnter - Class: BaseNCodec.java method: boolean org.apache.commons.codec.binary.BaseNCodec.hasData(org.apache.commons.codec.binary.BaseNCodec$Context)
MethodEnter
query: SELECT f.* FROM perfrt.files AS f INNER JOIN perfrt.commits AS c ON f.commit_id = c.id WHERE c.commit_hash='8871e9c72eefda5b047d8e9fcc3654e5fab3c198' AND f.name LIKE '%BaseNCodec.java';
onExit - Class: BaseNCodec.java.java method: boolean org.apache.commons.codec.binary.BaseNCodec.hasData(org.apache.commons.codec.binary.BaseNCodec$Context) start: 1657633251073 end: 1657633251080 duration: 7retValue:
onExit - Class: BaseNCodec.java.java method: boolean org.apache.commons.codec.binary.BaseNCodec.hasData(org.apache.commons.codec.binary.BaseNCodec$Context) start: 1657633251064 end: 1657633251088 duration: 24retValue:
onExit - Class: BaseNCodec.java.java method: int org.apache.commons.codec.binary.BaseNCodec.available(org.apache.commons.codec.binary.BaseNCodec$Context) start: 1657633251048 end: 1657633251095 duration: 47retValue:
onExit - Class: BaseNCodec.java.java method: int org.apache.commons.codec.binary.BaseNCodec.available(org.apache.commons.codec.binary.BaseNCodec$Context) start: 1657633251038 end: 1657633251102 duration: 64retValue:
onExit - Class: BaseNCodecOutputStream.java.java method: private void org.apache.commons.codec.binary.BaseNCodecOutputStream.flush(boolean) throws java.io.IOException start: 1657633251028 end: 1657633251110 duration: 82retValue:
onExit - Class: BaseNCodecOutputStream.java.java method: public void org.apache.commons.codec.binary.BaseNCodecOutputStream.flush() throws java.io.IOException start: 1657633251018 end: 1657633251118 duration: 100retValue:
onExit - Class: BaseNCodecOutputStream.java.java method: public void org.apache.commons.codec.binary.BaseNCodecOutputStream.flush() throws java.io.IOException start: 1657633251008 end: 1657633251126 duration: 118retValue:
onExit - Class: BaseNCodecOutputStream.java.java method: public void org.apache.commons.codec.binary.BaseNCodecOutputStream.close() throws java.io.IOException start: 1657633250936 end: 1657633251153 duration: 217retValue:
onExit - Class: BaseNCodecOutputStream.java.java method: public void org.apache.commons.codec.binary.BaseNCodecOutputStream.close() throws java.io.IOException start: 1657633250927 end: 1657633251180 duration: 253retValue:
onExit - Class: BaseNCodecOutputStream.java.java method: public void org.apache.commons.codec.binary.BaseNCodecOutputStream.close() throws java.io.IOException start: 1657633250598 end: 1657633251207 duration: 609retValue:
onExit - Class: BaseNCodecOutputStream.java.java method: public void org.apache.commons.codec.binary.BaseNCodecOutputStream.close() throws java.io.IOException start: 1657633250590 end: 1657633251232 duration: 642retValue:
onEnter - Class: BaseNCodecOutputStream.java method: public void org.apache.commons.codec.binary.BaseNCodecOutputStream.close() throws java.io.IOException
MethodEnter
query: SELECT f.* FROM perfrt.files AS f INNER JOIN perfrt.commits AS c ON f.commit_id = c.id WHERE c.commit_hash='8871e9c72eefda5b047d8e9fcc3654e5fab3c198' AND f.name LIKE '%BaseNCodecOutputStream.java';
onEnter - Class: BaseNCodecOutputStream.java method: public void org.apache.commons.codec.binary.BaseNCodecOutputStream.close() throws java.io.IOException
MethodEnter
query: SELECT f.* FROM perfrt.files AS f INNER JOIN perfrt.commits AS c ON f.commit_id = c.id WHERE c.commit_hash='8871e9c72eefda5b047d8e9fcc3654e5fab3c198' AND f.name LIKE '%BaseNCodecOutputStream.java';
onEnter - Class: BaseNCodecOutputStream.java method: public void org.apache.commons.codec.binary.BaseNCodecOutputStream.eof() throws java.io.IOException
MethodEnter
query: SELECT f.* FROM perfrt.files AS f INNER JOIN perfrt.commits AS c ON f.commit_id = c.id WHERE c.commit_hash='8871e9c72eefda5b047d8e9fcc3654e5fab3c198' AND f.name LIKE '%BaseNCodecOutputStream.java';
onEnter - Class: BaseNCodecOutputStream.java method: public void org.apache.commons.codec.binary.BaseNCodecOutputStream.eof() throws java.io.IOException
MethodEnter
query: SELECT f.* FROM perfrt.files AS f INNER JOIN perfrt.commits AS c ON f.commit_id = c.id WHERE c.commit_hash='8871e9c72eefda5b047d8e9fcc3654e5fab3c198' AND f.name LIKE '%BaseNCodecOutputStream.java';
onEnter - Class: Base16.java method: void org.apache.commons.codec.binary.Base16.decode(byte[],int,int,org.apache.commons.codec.binary.BaseNCodec$Context)
MethodEnter
query: SELECT f.* FROM perfrt.files AS f INNER JOIN perfrt.commits AS c ON f.commit_id = c.id WHERE c.commit_hash='8871e9c72eefda5b047d8e9fcc3654e5fab3c198' AND f.name LIKE '%Base16.java';
onExit - Class: Base16.java.java method: void org.apache.commons.codec.binary.Base16.decode(byte[],int,int,org.apache.commons.codec.binary.BaseNCodec$Context) start: 1657633251283 end: 1657633251291 duration: 8retValue:
onExit - Class: BaseNCodecOutputStream.java.java method: public void org.apache.commons.codec.binary.BaseNCodecOutputStream.eof() throws java.io.IOException start: 1657633251275 end: 1657633251298 duration: 23retValue:
onExit - Class: BaseNCodecOutputStream.java.java method: public void org.apache.commons.codec.binary.BaseNCodecOutputStream.eof() throws java.io.IOException start: 1657633251267 end: 1657633251306 duration: 39retValue:
onEnter - Class: BaseNCodecOutputStream.java method: public void org.apache.commons.codec.binary.BaseNCodecOutputStream.flush() throws java.io.IOException
MethodEnter
query: SELECT f.* FROM perfrt.files AS f INNER JOIN perfrt.commits AS c ON f.commit_id = c.id WHERE c.commit_hash='8871e9c72eefda5b047d8e9fcc3654e5fab3c198' AND f.name LIKE '%BaseNCodecOutputStream.java';
onEnter - Class: BaseNCodecOutputStream.java method: public void org.apache.commons.codec.binary.BaseNCodecOutputStream.flush() throws java.io.IOException
MethodEnter
query: SELECT f.* FROM perfrt.files AS f INNER JOIN perfrt.commits AS c ON f.commit_id = c.id WHERE c.commit_hash='8871e9c72eefda5b047d8e9fcc3654e5fab3c198' AND f.name LIKE '%BaseNCodecOutputStream.java';
onEnter - Class: BaseNCodecOutputStream.java method: private void org.apache.commons.codec.binary.BaseNCodecOutputStream.flush(boolean) throws java.io.IOException
MethodEnter
query: SELECT f.* FROM perfrt.files AS f INNER JOIN perfrt.commits AS c ON f.commit_id = c.id WHERE c.commit_hash='8871e9c72eefda5b047d8e9fcc3654e5fab3c198' AND f.name LIKE '%BaseNCodecOutputStream.java';
onEnter - Class: BaseNCodec.java method: int org.apache.commons.codec.binary.BaseNCodec.available(org.apache.commons.codec.binary.BaseNCodec$Context)
MethodEnter
query: SELECT f.* FROM perfrt.files AS f INNER JOIN perfrt.commits AS c ON f.commit_id = c.id WHERE c.commit_hash='8871e9c72eefda5b047d8e9fcc3654e5fab3c198' AND f.name LIKE '%BaseNCodec.java';
onEnter - Class: BaseNCodec.java method: int org.apache.commons.codec.binary.BaseNCodec.available(org.apache.commons.codec.binary.BaseNCodec$Context)
MethodEnter
query: SELECT f.* FROM perfrt.files AS f INNER JOIN perfrt.commits AS c ON f.commit_id = c.id WHERE c.commit_hash='8871e9c72eefda5b047d8e9fcc3654e5fab3c198' AND f.name LIKE '%BaseNCodec.java';
onEnter - Class: BaseNCodec.java method: boolean org.apache.commons.codec.binary.BaseNCodec.hasData(org.apache.commons.codec.binary.BaseNCodec$Context)
MethodEnter
query: SELECT f.* FROM perfrt.files AS f INNER JOIN perfrt.commits AS c ON f.commit_id = c.id WHERE c.commit_hash='8871e9c72eefda5b047d8e9fcc3654e5fab3c198' AND f.name LIKE '%BaseNCodec.java';
onEnter - Class: BaseNCodec.java method: boolean org.apache.commons.codec.binary.BaseNCodec.hasData(org.apache.commons.codec.binary.BaseNCodec$Context)
MethodEnter
query: SELECT f.* FROM perfrt.files AS f INNER JOIN perfrt.commits AS c ON f.commit_id = c.id WHERE c.commit_hash='8871e9c72eefda5b047d8e9fcc3654e5fab3c198' AND f.name LIKE '%BaseNCodec.java';
onExit - Class: BaseNCodec.java.java method: boolean org.apache.commons.codec.binary.BaseNCodec.hasData(org.apache.commons.codec.binary.BaseNCodec$Context) start: 1657633251359 end: 1657633251367 duration: 8retValue:
onExit - Class: BaseNCodec.java.java method: boolean org.apache.commons.codec.binary.BaseNCodec.hasData(org.apache.commons.codec.binary.BaseNCodec$Context) start: 1657633251352 end: 1657633251376 duration: 24retValue:
onExit - Class: BaseNCodec.java.java method: int org.apache.commons.codec.binary.BaseNCodec.available(org.apache.commons.codec.binary.BaseNCodec$Context) start: 1657633251344 end: 1657633251385 duration: 41retValue:
onExit - Class: BaseNCodec.java.java method: int org.apache.commons.codec.binary.BaseNCodec.available(org.apache.commons.codec.binary.BaseNCodec$Context) start: 1657633251337 end: 1657633251394 duration: 57retValue:
onExit - Class: BaseNCodecOutputStream.java.java method: private void org.apache.commons.codec.binary.BaseNCodecOutputStream.flush(boolean) throws java.io.IOException start: 1657633251329 end: 1657633251403 duration: 74retValue:
onExit - Class: BaseNCodecOutputStream.java.java method: public void org.apache.commons.codec.binary.BaseNCodecOutputStream.flush() throws java.io.IOException start: 1657633251321 end: 1657633251412 duration: 91retValue:
onExit - Class: BaseNCodecOutputStream.java.java method: public void org.apache.commons.codec.binary.BaseNCodecOutputStream.flush() throws java.io.IOException start: 1657633251313 end: 1657633251421 duration: 108retValue:
onExit - Class: BaseNCodecOutputStream.java.java method: public void org.apache.commons.codec.binary.BaseNCodecOutputStream.close() throws java.io.IOException start: 1657633251259 end: 1657633251431 duration: 172retValue:
onExit - Class: BaseNCodecOutputStream.java.java method: public void org.apache.commons.codec.binary.BaseNCodecOutputStream.close() throws java.io.IOException start: 1657633251248 end: 1657633251441 duration: 193retValue:
onExit - Class: Base16OutputStreamTest.java.java method: private void org.apache.commons.codec.binary.Base16OutputStreamTest.testByChunk(byte[],byte[],boolean) throws java.io.IOException start: 1657633249838 end: 1657633251450 duration: 1612retValue:
onExit - Class: Base16OutputStreamTest.java.java method: private void org.apache.commons.codec.binary.Base16OutputStreamTest.testByChunk(byte[],byte[]) throws java.io.IOException start: 1657633249829 end: 1657633251460 duration: 1631retValue:
onExit - Class: Base16OutputStreamTest.java.java method: public void org.apache.commons.codec.binary.Base16OutputStreamTest.testBase16EmptyOutputStream() throws java.io.IOException start: 1657633247956 end: 1657633251469 duration: 3513retValue:

Thanks for using JUnit! Support its development at https://junit.org/sponsoring

[36m[0m
[36m[0m [36mJUnit Jupiter[0m [32m[0m
[36m  [0m [36mBase16OutputStreamTest[0m [32m[0m
[36m     [0m [34mtestBase16EmptyOutputStream()[0m [32m[0m
[36m[0m [36mJUnit Vintage[0m [32m[0m

Test run finished after 3571 ms
[         3 containers found      ]
[         0 containers skipped    ]
[         3 containers started    ]
[         0 containers aborted    ]
[         3 containers successful ]
[         0 containers failed     ]
[         1 tests found           ]
[         0 tests skipped         ]
[         1 tests started         ]
[         0 tests aborted         ]
[         1 tests successful      ]
[         0 tests failed          ]

