Premain
onEnter - Class: Base16OutputStreamTest.java method: public void org.apache.commons.codec.binary.Base16OutputStreamTest.testWriteToNullCoverage() throws java.io.IOException
MethodEnter
query: SELECT f.* FROM perfrt.files AS f INNER JOIN perfrt.commits AS c ON f.commit_id = c.id WHERE c.commit_hash='8871e9c72eefda5b047d8e9fcc3654e5fab3c198' AND f.name LIKE '%Base16OutputStreamTest.java';
onEnter - Class: BaseNCodecOutputStream.java method: public void org.apache.commons.codec.binary.BaseNCodecOutputStream.write(byte[],int,int) throws java.io.IOException
MethodEnter
query: SELECT f.* FROM perfrt.files AS f INNER JOIN perfrt.commits AS c ON f.commit_id = c.id WHERE c.commit_hash='8871e9c72eefda5b047d8e9fcc3654e5fab3c198' AND f.name LIKE '%BaseNCodecOutputStream.java';
onEnter - Class: BaseNCodecOutputStream.java method: public void org.apache.commons.codec.binary.BaseNCodecOutputStream.write(byte[],int,int) throws java.io.IOException
MethodEnter
query: SELECT f.* FROM perfrt.files AS f INNER JOIN perfrt.commits AS c ON f.commit_id = c.id WHERE c.commit_hash='8871e9c72eefda5b047d8e9fcc3654e5fab3c198' AND f.name LIKE '%BaseNCodecOutputStream.java';
onExit - Class: BaseNCodecOutputStream.java.java method: public void org.apache.commons.codec.binary.BaseNCodecOutputStream.write(byte[],int,int) throws java.io.IOException start: 1657658104270 end: 1657658104288 duration: 18retValue:
onExit - Class: BaseNCodecOutputStream.java.java method: public void org.apache.commons.codec.binary.BaseNCodecOutputStream.write(byte[],int,int) throws java.io.IOException start: 1657658104250 end: 1657658104317 duration: 67retValue:
onEnter - Class: BaseNCodecOutputStream.java method: public void org.apache.commons.codec.binary.BaseNCodecOutputStream.close() throws java.io.IOException
MethodEnter
query: SELECT f.* FROM perfrt.files AS f INNER JOIN perfrt.commits AS c ON f.commit_id = c.id WHERE c.commit_hash='8871e9c72eefda5b047d8e9fcc3654e5fab3c198' AND f.name LIKE '%BaseNCodecOutputStream.java';
onEnter - Class: BaseNCodecOutputStream.java method: public void org.apache.commons.codec.binary.BaseNCodecOutputStream.close() throws java.io.IOException
MethodEnter
query: SELECT f.* FROM perfrt.files AS f INNER JOIN perfrt.commits AS c ON f.commit_id = c.id WHERE c.commit_hash='8871e9c72eefda5b047d8e9fcc3654e5fab3c198' AND f.name LIKE '%BaseNCodecOutputStream.java';
onEnter - Class: BaseNCodecOutputStream.java method: public void org.apache.commons.codec.binary.BaseNCodecOutputStream.eof() throws java.io.IOException
MethodEnter
query: SELECT f.* FROM perfrt.files AS f INNER JOIN perfrt.commits AS c ON f.commit_id = c.id WHERE c.commit_hash='8871e9c72eefda5b047d8e9fcc3654e5fab3c198' AND f.name LIKE '%BaseNCodecOutputStream.java';
onEnter - Class: BaseNCodecOutputStream.java method: public void org.apache.commons.codec.binary.BaseNCodecOutputStream.eof() throws java.io.IOException
MethodEnter
query: SELECT f.* FROM perfrt.files AS f INNER JOIN perfrt.commits AS c ON f.commit_id = c.id WHERE c.commit_hash='8871e9c72eefda5b047d8e9fcc3654e5fab3c198' AND f.name LIKE '%BaseNCodecOutputStream.java';
onEnter - Class: Base16.java method: void org.apache.commons.codec.binary.Base16.encode(byte[],int,int,org.apache.commons.codec.binary.BaseNCodec$Context)
MethodEnter
query: SELECT f.* FROM perfrt.files AS f INNER JOIN perfrt.commits AS c ON f.commit_id = c.id WHERE c.commit_hash='8871e9c72eefda5b047d8e9fcc3654e5fab3c198' AND f.name LIKE '%Base16.java';
onExit - Class: Base16.java.java method: void org.apache.commons.codec.binary.Base16.encode(byte[],int,int,org.apache.commons.codec.binary.BaseNCodec$Context) start: 1657658104389 end: 1657658104403 duration: 14retValue:
onExit - Class: BaseNCodecOutputStream.java.java method: public void org.apache.commons.codec.binary.BaseNCodecOutputStream.eof() throws java.io.IOException start: 1657658104376 end: 1657658104416 duration: 40retValue:
onExit - Class: BaseNCodecOutputStream.java.java method: public void org.apache.commons.codec.binary.BaseNCodecOutputStream.eof() throws java.io.IOException start: 1657658104362 end: 1657658104431 duration: 69retValue:
onEnter - Class: BaseNCodecOutputStream.java method: public void org.apache.commons.codec.binary.BaseNCodecOutputStream.flush() throws java.io.IOException
MethodEnter
query: SELECT f.* FROM perfrt.files AS f INNER JOIN perfrt.commits AS c ON f.commit_id = c.id WHERE c.commit_hash='8871e9c72eefda5b047d8e9fcc3654e5fab3c198' AND f.name LIKE '%BaseNCodecOutputStream.java';
onEnter - Class: BaseNCodecOutputStream.java method: public void org.apache.commons.codec.binary.BaseNCodecOutputStream.flush() throws java.io.IOException
MethodEnter
query: SELECT f.* FROM perfrt.files AS f INNER JOIN perfrt.commits AS c ON f.commit_id = c.id WHERE c.commit_hash='8871e9c72eefda5b047d8e9fcc3654e5fab3c198' AND f.name LIKE '%BaseNCodecOutputStream.java';
onEnter - Class: BaseNCodecOutputStream.java method: private void org.apache.commons.codec.binary.BaseNCodecOutputStream.flush(boolean) throws java.io.IOException
MethodEnter
query: SELECT f.* FROM perfrt.files AS f INNER JOIN perfrt.commits AS c ON f.commit_id = c.id WHERE c.commit_hash='8871e9c72eefda5b047d8e9fcc3654e5fab3c198' AND f.name LIKE '%BaseNCodecOutputStream.java';
onEnter - Class: BaseNCodec.java method: int org.apache.commons.codec.binary.BaseNCodec.available(org.apache.commons.codec.binary.BaseNCodec$Context)
MethodEnter
query: SELECT f.* FROM perfrt.files AS f INNER JOIN perfrt.commits AS c ON f.commit_id = c.id WHERE c.commit_hash='8871e9c72eefda5b047d8e9fcc3654e5fab3c198' AND f.name LIKE '%BaseNCodec.java';
onEnter - Class: BaseNCodec.java method: int org.apache.commons.codec.binary.BaseNCodec.available(org.apache.commons.codec.binary.BaseNCodec$Context)
MethodEnter
query: SELECT f.* FROM perfrt.files AS f INNER JOIN perfrt.commits AS c ON f.commit_id = c.id WHERE c.commit_hash='8871e9c72eefda5b047d8e9fcc3654e5fab3c198' AND f.name LIKE '%BaseNCodec.java';
onEnter - Class: BaseNCodec.java method: boolean org.apache.commons.codec.binary.BaseNCodec.hasData(org.apache.commons.codec.binary.BaseNCodec$Context)
MethodEnter
query: SELECT f.* FROM perfrt.files AS f INNER JOIN perfrt.commits AS c ON f.commit_id = c.id WHERE c.commit_hash='8871e9c72eefda5b047d8e9fcc3654e5fab3c198' AND f.name LIKE '%BaseNCodec.java';
onEnter - Class: BaseNCodec.java method: boolean org.apache.commons.codec.binary.BaseNCodec.hasData(org.apache.commons.codec.binary.BaseNCodec$Context)
MethodEnter
query: SELECT f.* FROM perfrt.files AS f INNER JOIN perfrt.commits AS c ON f.commit_id = c.id WHERE c.commit_hash='8871e9c72eefda5b047d8e9fcc3654e5fab3c198' AND f.name LIKE '%BaseNCodec.java';
onExit - Class: BaseNCodec.java.java method: boolean org.apache.commons.codec.binary.BaseNCodec.hasData(org.apache.commons.codec.binary.BaseNCodec$Context) start: 1657658104527 end: 1657658104539 duration: 12retValue:
onExit - Class: BaseNCodec.java.java method: boolean org.apache.commons.codec.binary.BaseNCodec.hasData(org.apache.commons.codec.binary.BaseNCodec$Context) start: 1657658104515 end: 1657658104550 duration: 35retValue:
onExit - Class: BaseNCodec.java.java method: int org.apache.commons.codec.binary.BaseNCodec.available(org.apache.commons.codec.binary.BaseNCodec$Context) start: 1657658104503 end: 1657658104560 duration: 57retValue:
onExit - Class: BaseNCodec.java.java method: int org.apache.commons.codec.binary.BaseNCodec.available(org.apache.commons.codec.binary.BaseNCodec$Context) start: 1657658104490 end: 1657658104571 duration: 81retValue:
onExit - Class: BaseNCodecOutputStream.java.java method: private void org.apache.commons.codec.binary.BaseNCodecOutputStream.flush(boolean) throws java.io.IOException start: 1657658104475 end: 1657658104581 duration: 106retValue:
onExit - Class: BaseNCodecOutputStream.java.java method: public void org.apache.commons.codec.binary.BaseNCodecOutputStream.flush() throws java.io.IOException start: 1657658104461 end: 1657658104592 duration: 131retValue:
onExit - Class: BaseNCodecOutputStream.java.java method: public void org.apache.commons.codec.binary.BaseNCodecOutputStream.flush() throws java.io.IOException start: 1657658104445 end: 1657658104602 duration: 157retValue:
onExit - Class: BaseNCodecOutputStream.java.java method: public void org.apache.commons.codec.binary.BaseNCodecOutputStream.close() throws java.io.IOException start: 1657658104348 end: 1657658104612 duration: 264retValue:
onExit - Class: BaseNCodecOutputStream.java.java method: public void org.apache.commons.codec.binary.BaseNCodecOutputStream.close() throws java.io.IOException start: 1657658104333 end: 1657658104623 duration: 290retValue:
onExit - Class: Base16OutputStreamTest.java.java method: public void org.apache.commons.codec.binary.Base16OutputStreamTest.testWriteToNullCoverage() throws java.io.IOException start: 1657658103935 end: 1657658104634 duration: 699retValue:

Thanks for using JUnit! Support its development at https://junit.org/sponsoring

[36m╷[0m
[36m├─[0m [36mJUnit Jupiter[0m [32m✔[0m
[36m│  └─[0m [36mBase16OutputStreamTest[0m [32m✔[0m
[36m│     └─[0m [34mtestWriteToNullCoverage()[0m [32m✔[0m
[36m└─[0m [36mJUnit Vintage[0m [32m✔[0m

Test run finished after 757 ms
[         3 containers found      ]
[         0 containers skipped    ]
[         3 containers started    ]
[         0 containers aborted    ]
[         3 containers successful ]
[         0 containers failed     ]
[         1 tests found           ]
[         0 tests skipped         ]
[         1 tests started         ]
[         0 tests aborted         ]
[         1 tests successful      ]
[         0 tests failed          ]

