Premain
onEnter - Class: CharEncodingTest.java method: public void org.apache.commons.codec.CharEncodingTest.testUtf16Be()
MethodEnter
query: SELECT f.* FROM perfrt.files AS f INNER JOIN perfrt.commits AS c ON f.commit_id = c.id WHERE c.commit_hash='8871e9c72eefda5b047d8e9fcc3654e5fab3c198' AND f.name LIKE '%CharEncodingTest.java';
onExit - Class: CharEncodingTest.java.java method: public void org.apache.commons.codec.CharEncodingTest.testUtf16Be() start: 1657641345210 end: 1657641345511 duration: 301retValue:

Thanks for using JUnit! Support its development at https://junit.org/sponsoring

[36m╷[0m
[36m├─[0m [36mJUnit Jupiter[0m [32m✔[0m
[36m│  └─[0m [36mCharEncodingTest[0m [32m✔[0m
[36m│     └─[0m [34mtestUtf16Be()[0m [32m✔[0m
[36m└─[0m [36mJUnit Vintage[0m [32m✔[0m

Test run finished after 384 ms
[         3 containers found      ]
[         0 containers skipped    ]
[         3 containers started    ]
[         0 containers aborted    ]
[         3 containers successful ]
[         0 containers failed     ]
[         1 tests found           ]
[         0 tests skipped         ]
[         1 tests started         ]
[         0 tests aborted         ]
[         1 tests successful      ]
[         0 tests failed          ]

