Premain
onEnter - Class: Base64InputStreamTest.java method: public void org.apache.commons.codec.binary.Base64InputStreamTest.testMarkSupported() throws java.lang.Exception
MethodEnter
query: SELECT f.* FROM perfrt.files AS f INNER JOIN perfrt.commits AS c ON f.commit_id = c.id WHERE c.commit_hash='8871e9c72eefda5b047d8e9fcc3654e5fab3c198' AND f.name LIKE '%Base64InputStreamTest.java';
onEnter - Class: StringUtils.java method: public static byte[] org.apache.commons.codec.binary.StringUtils.getBytesUtf8(java.lang.String)
MethodEnter
query: SELECT f.* FROM perfrt.files AS f INNER JOIN perfrt.commits AS c ON f.commit_id = c.id WHERE c.commit_hash='8871e9c72eefda5b047d8e9fcc3654e5fab3c198' AND f.name LIKE '%StringUtils.java';
onEnter - Class: StringUtils.java method: private static byte[] org.apache.commons.codec.binary.StringUtils.getBytes(java.lang.String,java.nio.charset.Charset)
MethodEnter
query: SELECT f.* FROM perfrt.files AS f INNER JOIN perfrt.commits AS c ON f.commit_id = c.id WHERE c.commit_hash='8871e9c72eefda5b047d8e9fcc3654e5fab3c198' AND f.name LIKE '%StringUtils.java';
onExit - Class: StringUtils.java.java method: private static byte[] org.apache.commons.codec.binary.StringUtils.getBytes(java.lang.String,java.nio.charset.Charset) start: 1657648226595 end: 1657648226614 duration: 19retValue:
onExit - Class: StringUtils.java.java method: public static byte[] org.apache.commons.codec.binary.StringUtils.getBytesUtf8(java.lang.String) start: 1657648226575 end: 1657648226647 duration: 72retValue:
onEnter - Class: BaseNCodec.java method: protected boolean org.apache.commons.codec.binary.BaseNCodec.containsAlphabetOrPad(byte[])
MethodEnter
query: SELECT f.* FROM perfrt.files AS f INNER JOIN perfrt.commits AS c ON f.commit_id = c.id WHERE c.commit_hash='8871e9c72eefda5b047d8e9fcc3654e5fab3c198' AND f.name LIKE '%BaseNCodec.java';
onEnter - Class: BaseNCodec.java method: protected boolean org.apache.commons.codec.binary.BaseNCodec.containsAlphabetOrPad(byte[])
MethodEnter
query: SELECT f.* FROM perfrt.files AS f INNER JOIN perfrt.commits AS c ON f.commit_id = c.id WHERE c.commit_hash='8871e9c72eefda5b047d8e9fcc3654e5fab3c198' AND f.name LIKE '%BaseNCodec.java';
onEnter - Class: Base64.java method: protected boolean org.apache.commons.codec.binary.Base64.isInAlphabet(byte)
MethodEnter
query: SELECT f.* FROM perfrt.files AS f INNER JOIN perfrt.commits AS c ON f.commit_id = c.id WHERE c.commit_hash='8871e9c72eefda5b047d8e9fcc3654e5fab3c198' AND f.name LIKE '%Base64.java';
onExit - Class: Base64.java.java method: protected boolean org.apache.commons.codec.binary.Base64.isInAlphabet(byte) start: 1657648226730 end: 1657648226746 duration: 16retValue:
onEnter - Class: Base64.java method: protected boolean org.apache.commons.codec.binary.Base64.isInAlphabet(byte)
MethodEnter
query: SELECT f.* FROM perfrt.files AS f INNER JOIN perfrt.commits AS c ON f.commit_id = c.id WHERE c.commit_hash='8871e9c72eefda5b047d8e9fcc3654e5fab3c198' AND f.name LIKE '%Base64.java';
onExit - Class: Base64.java.java method: protected boolean org.apache.commons.codec.binary.Base64.isInAlphabet(byte) start: 1657648226760 end: 1657648226773 duration: 13retValue:
onEnter - Class: Base64.java method: protected boolean org.apache.commons.codec.binary.Base64.isInAlphabet(byte)
MethodEnter
query: SELECT f.* FROM perfrt.files AS f INNER JOIN perfrt.commits AS c ON f.commit_id = c.id WHERE c.commit_hash='8871e9c72eefda5b047d8e9fcc3654e5fab3c198' AND f.name LIKE '%Base64.java';
onExit - Class: Base64.java.java method: protected boolean org.apache.commons.codec.binary.Base64.isInAlphabet(byte) start: 1657648226786 end: 1657648226800 duration: 14retValue:
onExit - Class: BaseNCodec.java.java method: protected boolean org.apache.commons.codec.binary.BaseNCodec.containsAlphabetOrPad(byte[]) start: 1657648226714 end: 1657648226813 duration: 99retValue:
onExit - Class: BaseNCodec.java.java method: protected boolean org.apache.commons.codec.binary.BaseNCodec.containsAlphabetOrPad(byte[]) start: 1657648226698 end: 1657648226828 duration: 130retValue:
onEnter - Class: BaseNCodecInputStream.java method: public boolean org.apache.commons.codec.binary.BaseNCodecInputStream.markSupported()
MethodEnter
query: SELECT f.* FROM perfrt.files AS f INNER JOIN perfrt.commits AS c ON f.commit_id = c.id WHERE c.commit_hash='8871e9c72eefda5b047d8e9fcc3654e5fab3c198' AND f.name LIKE '%BaseNCodecInputStream.java';
onEnter - Class: BaseNCodecInputStream.java method: public boolean org.apache.commons.codec.binary.BaseNCodecInputStream.markSupported()
MethodEnter
query: SELECT f.* FROM perfrt.files AS f INNER JOIN perfrt.commits AS c ON f.commit_id = c.id WHERE c.commit_hash='8871e9c72eefda5b047d8e9fcc3654e5fab3c198' AND f.name LIKE '%BaseNCodecInputStream.java';
onExit - Class: BaseNCodecInputStream.java.java method: public boolean org.apache.commons.codec.binary.BaseNCodecInputStream.markSupported() start: 1657648226859 end: 1657648226871 duration: 12retValue:
onExit - Class: BaseNCodecInputStream.java.java method: public boolean org.apache.commons.codec.binary.BaseNCodecInputStream.markSupported() start: 1657648226845 end: 1657648226884 duration: 39retValue:
onEnter - Class: FilterInputStream.java method: public void java.io.FilterInputStream.close() throws java.io.IOException
MethodEnter
query: SELECT f.* FROM perfrt.files AS f INNER JOIN perfrt.commits AS c ON f.commit_id = c.id WHERE c.commit_hash='8871e9c72eefda5b047d8e9fcc3654e5fab3c198' AND f.name LIKE '%FilterInputStream.java';
onEnter - Class: FilterInputStream.java method: public void java.io.FilterInputStream.close() throws java.io.IOException
MethodEnter
query: SELECT f.* FROM perfrt.files AS f INNER JOIN perfrt.commits AS c ON f.commit_id = c.id WHERE c.commit_hash='8871e9c72eefda5b047d8e9fcc3654e5fab3c198' AND f.name LIKE '%FilterInputStream.java';
onExit - Class: FilterInputStream.java.java method: public void java.io.FilterInputStream.close() throws java.io.IOException start: 1657648226908 end: 1657648226917 duration: 9retValue:
onExit - Class: FilterInputStream.java.java method: public void java.io.FilterInputStream.close() throws java.io.IOException start: 1657648226898 end: 1657648226930 duration: 32retValue:
onExit - Class: Base64InputStreamTest.java.java method: public void org.apache.commons.codec.binary.Base64InputStreamTest.testMarkSupported() throws java.lang.Exception start: 1657648226250 end: 1657648226942 duration: 692retValue:

Thanks for using JUnit! Support its development at https://junit.org/sponsoring

[36m╷[0m
[36m├─[0m [36mJUnit Jupiter[0m [32m✔[0m
[36m│  └─[0m [36mBase64InputStreamTest[0m [32m✔[0m
[36m│     └─[0m [34mtestMarkSupported()[0m [32m✔[0m
[36m└─[0m [36mJUnit Vintage[0m [32m✔[0m

Test run finished after 762 ms
[         3 containers found      ]
[         0 containers skipped    ]
[         3 containers started    ]
[         0 containers aborted    ]
[         3 containers successful ]
[         0 containers failed     ]
[         1 tests found           ]
[         0 tests skipped         ]
[         1 tests started         ]
[         0 tests aborted         ]
[         1 tests successful      ]
[         0 tests failed          ]

