Premain
onEnter - Class: Base16OutputStreamTest.java method: public void org.apache.commons.codec.binary.Base16OutputStreamTest.testBase16EmptyOutputStream() throws java.io.IOException
MethodEnter
query: SELECT f.* FROM perfrt.files AS f INNER JOIN perfrt.commits AS c ON f.commit_id = c.id WHERE c.commit_hash='8871e9c72eefda5b047d8e9fcc3654e5fab3c198' AND f.name LIKE '%Base16OutputStreamTest.java';
onEnter - Class: Base16OutputStreamTest.java method: private void org.apache.commons.codec.binary.Base16OutputStreamTest.testByteByByte(byte[],byte[]) throws java.io.IOException
MethodEnter
query: SELECT f.* FROM perfrt.files AS f INNER JOIN perfrt.commits AS c ON f.commit_id = c.id WHERE c.commit_hash='8871e9c72eefda5b047d8e9fcc3654e5fab3c198' AND f.name LIKE '%Base16OutputStreamTest.java';
onEnter - Class: Base16OutputStreamTest.java method: private void org.apache.commons.codec.binary.Base16OutputStreamTest.testByteByByte(byte[],byte[],boolean) throws java.io.IOException
MethodEnter
query: SELECT f.* FROM perfrt.files AS f INNER JOIN perfrt.commits AS c ON f.commit_id = c.id WHERE c.commit_hash='8871e9c72eefda5b047d8e9fcc3654e5fab3c198' AND f.name LIKE '%Base16OutputStreamTest.java';
onEnter - Class: BaseNCodecOutputStream.java method: public void org.apache.commons.codec.binary.BaseNCodecOutputStream.close() throws java.io.IOException
MethodEnter
query: SELECT f.* FROM perfrt.files AS f INNER JOIN perfrt.commits AS c ON f.commit_id = c.id WHERE c.commit_hash='8871e9c72eefda5b047d8e9fcc3654e5fab3c198' AND f.name LIKE '%BaseNCodecOutputStream.java';
onEnter - Class: BaseNCodecOutputStream.java method: public void org.apache.commons.codec.binary.BaseNCodecOutputStream.close() throws java.io.IOException
MethodEnter
query: SELECT f.* FROM perfrt.files AS f INNER JOIN perfrt.commits AS c ON f.commit_id = c.id WHERE c.commit_hash='8871e9c72eefda5b047d8e9fcc3654e5fab3c198' AND f.name LIKE '%BaseNCodecOutputStream.java';
onEnter - Class: BaseNCodecOutputStream.java method: public void org.apache.commons.codec.binary.BaseNCodecOutputStream.eof() throws java.io.IOException
MethodEnter
query: SELECT f.* FROM perfrt.files AS f INNER JOIN perfrt.commits AS c ON f.commit_id = c.id WHERE c.commit_hash='8871e9c72eefda5b047d8e9fcc3654e5fab3c198' AND f.name LIKE '%BaseNCodecOutputStream.java';
onEnter - Class: BaseNCodecOutputStream.java method: public void org.apache.commons.codec.binary.BaseNCodecOutputStream.eof() throws java.io.IOException
MethodEnter
query: SELECT f.* FROM perfrt.files AS f INNER JOIN perfrt.commits AS c ON f.commit_id = c.id WHERE c.commit_hash='8871e9c72eefda5b047d8e9fcc3654e5fab3c198' AND f.name LIKE '%BaseNCodecOutputStream.java';
onEnter - Class: Base16.java method: void org.apache.commons.codec.binary.Base16.encode(byte[],int,int,org.apache.commons.codec.binary.BaseNCodec$Context)
MethodEnter
query: SELECT f.* FROM perfrt.files AS f INNER JOIN perfrt.commits AS c ON f.commit_id = c.id WHERE c.commit_hash='8871e9c72eefda5b047d8e9fcc3654e5fab3c198' AND f.name LIKE '%Base16.java';
onExit - Class: Base16.java.java method: void org.apache.commons.codec.binary.Base16.encode(byte[],int,int,org.apache.commons.codec.binary.BaseNCodec$Context) start: 1657646390975 end: 1657646390989 duration: 14retValue:
onExit - Class: BaseNCodecOutputStream.java.java method: public void org.apache.commons.codec.binary.BaseNCodecOutputStream.eof() throws java.io.IOException start: 1657646390962 end: 1657646391014 duration: 52retValue:
onExit - Class: BaseNCodecOutputStream.java.java method: public void org.apache.commons.codec.binary.BaseNCodecOutputStream.eof() throws java.io.IOException start: 1657646390948 end: 1657646391028 duration: 80retValue:
onEnter - Class: BaseNCodecOutputStream.java method: public void org.apache.commons.codec.binary.BaseNCodecOutputStream.flush() throws java.io.IOException
MethodEnter
query: SELECT f.* FROM perfrt.files AS f INNER JOIN perfrt.commits AS c ON f.commit_id = c.id WHERE c.commit_hash='8871e9c72eefda5b047d8e9fcc3654e5fab3c198' AND f.name LIKE '%BaseNCodecOutputStream.java';
onEnter - Class: BaseNCodecOutputStream.java method: public void org.apache.commons.codec.binary.BaseNCodecOutputStream.flush() throws java.io.IOException
MethodEnter
query: SELECT f.* FROM perfrt.files AS f INNER JOIN perfrt.commits AS c ON f.commit_id = c.id WHERE c.commit_hash='8871e9c72eefda5b047d8e9fcc3654e5fab3c198' AND f.name LIKE '%BaseNCodecOutputStream.java';
onEnter - Class: BaseNCodecOutputStream.java method: private void org.apache.commons.codec.binary.BaseNCodecOutputStream.flush(boolean) throws java.io.IOException
MethodEnter
query: SELECT f.* FROM perfrt.files AS f INNER JOIN perfrt.commits AS c ON f.commit_id = c.id WHERE c.commit_hash='8871e9c72eefda5b047d8e9fcc3654e5fab3c198' AND f.name LIKE '%BaseNCodecOutputStream.java';
onEnter - Class: BaseNCodec.java method: int org.apache.commons.codec.binary.BaseNCodec.available(org.apache.commons.codec.binary.BaseNCodec$Context)
MethodEnter
query: SELECT f.* FROM perfrt.files AS f INNER JOIN perfrt.commits AS c ON f.commit_id = c.id WHERE c.commit_hash='8871e9c72eefda5b047d8e9fcc3654e5fab3c198' AND f.name LIKE '%BaseNCodec.java';
onEnter - Class: BaseNCodec.java method: int org.apache.commons.codec.binary.BaseNCodec.available(org.apache.commons.codec.binary.BaseNCodec$Context)
MethodEnter
query: SELECT f.* FROM perfrt.files AS f INNER JOIN perfrt.commits AS c ON f.commit_id = c.id WHERE c.commit_hash='8871e9c72eefda5b047d8e9fcc3654e5fab3c198' AND f.name LIKE '%BaseNCodec.java';
onEnter - Class: BaseNCodec.java method: boolean org.apache.commons.codec.binary.BaseNCodec.hasData(org.apache.commons.codec.binary.BaseNCodec$Context)
MethodEnter
query: SELECT f.* FROM perfrt.files AS f INNER JOIN perfrt.commits AS c ON f.commit_id = c.id WHERE c.commit_hash='8871e9c72eefda5b047d8e9fcc3654e5fab3c198' AND f.name LIKE '%BaseNCodec.java';
onEnter - Class: BaseNCodec.java method: boolean org.apache.commons.codec.binary.BaseNCodec.hasData(org.apache.commons.codec.binary.BaseNCodec$Context)
MethodEnter
query: SELECT f.* FROM perfrt.files AS f INNER JOIN perfrt.commits AS c ON f.commit_id = c.id WHERE c.commit_hash='8871e9c72eefda5b047d8e9fcc3654e5fab3c198' AND f.name LIKE '%BaseNCodec.java';
onExit - Class: BaseNCodec.java.java method: boolean org.apache.commons.codec.binary.BaseNCodec.hasData(org.apache.commons.codec.binary.BaseNCodec$Context) start: 1657646391120 end: 1657646391133 duration: 13retValue:
onExit - Class: BaseNCodec.java.java method: boolean org.apache.commons.codec.binary.BaseNCodec.hasData(org.apache.commons.codec.binary.BaseNCodec$Context) start: 1657646391107 end: 1657646391146 duration: 39retValue:
onExit - Class: BaseNCodec.java.java method: int org.apache.commons.codec.binary.BaseNCodec.available(org.apache.commons.codec.binary.BaseNCodec$Context) start: 1657646391093 end: 1657646391157 duration: 64retValue:
onExit - Class: BaseNCodec.java.java method: int org.apache.commons.codec.binary.BaseNCodec.available(org.apache.commons.codec.binary.BaseNCodec$Context) start: 1657646391080 end: 1657646391169 duration: 89retValue:
onExit - Class: BaseNCodecOutputStream.java.java method: private void org.apache.commons.codec.binary.BaseNCodecOutputStream.flush(boolean) throws java.io.IOException start: 1657646391066 end: 1657646391181 duration: 115retValue:
onExit - Class: BaseNCodecOutputStream.java.java method: public void org.apache.commons.codec.binary.BaseNCodecOutputStream.flush() throws java.io.IOException start: 1657646391053 end: 1657646391192 duration: 139retValue:
onExit - Class: BaseNCodecOutputStream.java.java method: public void org.apache.commons.codec.binary.BaseNCodecOutputStream.flush() throws java.io.IOException start: 1657646391041 end: 1657646391204 duration: 163retValue:
onExit - Class: BaseNCodecOutputStream.java.java method: public void org.apache.commons.codec.binary.BaseNCodecOutputStream.close() throws java.io.IOException start: 1657646390933 end: 1657646391216 duration: 283retValue:
onExit - Class: BaseNCodecOutputStream.java.java method: public void org.apache.commons.codec.binary.BaseNCodecOutputStream.close() throws java.io.IOException start: 1657646390917 end: 1657646391226 duration: 309retValue:
onEnter - Class: BaseNCodecOutputStream.java method: public void org.apache.commons.codec.binary.BaseNCodecOutputStream.close() throws java.io.IOException
MethodEnter
query: SELECT f.* FROM perfrt.files AS f INNER JOIN perfrt.commits AS c ON f.commit_id = c.id WHERE c.commit_hash='8871e9c72eefda5b047d8e9fcc3654e5fab3c198' AND f.name LIKE '%BaseNCodecOutputStream.java';
onEnter - Class: BaseNCodecOutputStream.java method: public void org.apache.commons.codec.binary.BaseNCodecOutputStream.close() throws java.io.IOException
MethodEnter
query: SELECT f.* FROM perfrt.files AS f INNER JOIN perfrt.commits AS c ON f.commit_id = c.id WHERE c.commit_hash='8871e9c72eefda5b047d8e9fcc3654e5fab3c198' AND f.name LIKE '%BaseNCodecOutputStream.java';
onEnter - Class: BaseNCodecOutputStream.java method: public void org.apache.commons.codec.binary.BaseNCodecOutputStream.eof() throws java.io.IOException
MethodEnter
query: SELECT f.* FROM perfrt.files AS f INNER JOIN perfrt.commits AS c ON f.commit_id = c.id WHERE c.commit_hash='8871e9c72eefda5b047d8e9fcc3654e5fab3c198' AND f.name LIKE '%BaseNCodecOutputStream.java';
onEnter - Class: BaseNCodecOutputStream.java method: public void org.apache.commons.codec.binary.BaseNCodecOutputStream.eof() throws java.io.IOException
MethodEnter
query: SELECT f.* FROM perfrt.files AS f INNER JOIN perfrt.commits AS c ON f.commit_id = c.id WHERE c.commit_hash='8871e9c72eefda5b047d8e9fcc3654e5fab3c198' AND f.name LIKE '%BaseNCodecOutputStream.java';
onEnter - Class: Base16.java method: void org.apache.commons.codec.binary.Base16.decode(byte[],int,int,org.apache.commons.codec.binary.BaseNCodec$Context)
MethodEnter
query: SELECT f.* FROM perfrt.files AS f INNER JOIN perfrt.commits AS c ON f.commit_id = c.id WHERE c.commit_hash='8871e9c72eefda5b047d8e9fcc3654e5fab3c198' AND f.name LIKE '%Base16.java';
onExit - Class: Base16.java.java method: void org.apache.commons.codec.binary.Base16.decode(byte[],int,int,org.apache.commons.codec.binary.BaseNCodec$Context) start: 1657646391280 end: 1657646391290 duration: 10retValue:
onExit - Class: BaseNCodecOutputStream.java.java method: public void org.apache.commons.codec.binary.BaseNCodecOutputStream.eof() throws java.io.IOException start: 1657646391269 end: 1657646391300 duration: 31retValue:
onExit - Class: BaseNCodecOutputStream.java.java method: public void org.apache.commons.codec.binary.BaseNCodecOutputStream.eof() throws java.io.IOException start: 1657646391258 end: 1657646391310 duration: 52retValue:
onEnter - Class: BaseNCodecOutputStream.java method: public void org.apache.commons.codec.binary.BaseNCodecOutputStream.flush() throws java.io.IOException
MethodEnter
query: SELECT f.* FROM perfrt.files AS f INNER JOIN perfrt.commits AS c ON f.commit_id = c.id WHERE c.commit_hash='8871e9c72eefda5b047d8e9fcc3654e5fab3c198' AND f.name LIKE '%BaseNCodecOutputStream.java';
onEnter - Class: BaseNCodecOutputStream.java method: public void org.apache.commons.codec.binary.BaseNCodecOutputStream.flush() throws java.io.IOException
MethodEnter
query: SELECT f.* FROM perfrt.files AS f INNER JOIN perfrt.commits AS c ON f.commit_id = c.id WHERE c.commit_hash='8871e9c72eefda5b047d8e9fcc3654e5fab3c198' AND f.name LIKE '%BaseNCodecOutputStream.java';
onEnter - Class: BaseNCodecOutputStream.java method: private void org.apache.commons.codec.binary.BaseNCodecOutputStream.flush(boolean) throws java.io.IOException
MethodEnter
query: SELECT f.* FROM perfrt.files AS f INNER JOIN perfrt.commits AS c ON f.commit_id = c.id WHERE c.commit_hash='8871e9c72eefda5b047d8e9fcc3654e5fab3c198' AND f.name LIKE '%BaseNCodecOutputStream.java';
onEnter - Class: BaseNCodec.java method: int org.apache.commons.codec.binary.BaseNCodec.available(org.apache.commons.codec.binary.BaseNCodec$Context)
MethodEnter
query: SELECT f.* FROM perfrt.files AS f INNER JOIN perfrt.commits AS c ON f.commit_id = c.id WHERE c.commit_hash='8871e9c72eefda5b047d8e9fcc3654e5fab3c198' AND f.name LIKE '%BaseNCodec.java';
onEnter - Class: BaseNCodec.java method: int org.apache.commons.codec.binary.BaseNCodec.available(org.apache.commons.codec.binary.BaseNCodec$Context)
MethodEnter
query: SELECT f.* FROM perfrt.files AS f INNER JOIN perfrt.commits AS c ON f.commit_id = c.id WHERE c.commit_hash='8871e9c72eefda5b047d8e9fcc3654e5fab3c198' AND f.name LIKE '%BaseNCodec.java';
onEnter - Class: BaseNCodec.java method: boolean org.apache.commons.codec.binary.BaseNCodec.hasData(org.apache.commons.codec.binary.BaseNCodec$Context)
MethodEnter
query: SELECT f.* FROM perfrt.files AS f INNER JOIN perfrt.commits AS c ON f.commit_id = c.id WHERE c.commit_hash='8871e9c72eefda5b047d8e9fcc3654e5fab3c198' AND f.name LIKE '%BaseNCodec.java';
onEnter - Class: BaseNCodec.java method: boolean org.apache.commons.codec.binary.BaseNCodec.hasData(org.apache.commons.codec.binary.BaseNCodec$Context)
MethodEnter
query: SELECT f.* FROM perfrt.files AS f INNER JOIN perfrt.commits AS c ON f.commit_id = c.id WHERE c.commit_hash='8871e9c72eefda5b047d8e9fcc3654e5fab3c198' AND f.name LIKE '%BaseNCodec.java';
onExit - Class: BaseNCodec.java.java method: boolean org.apache.commons.codec.binary.BaseNCodec.hasData(org.apache.commons.codec.binary.BaseNCodec$Context) start: 1657646391373 end: 1657646391382 duration: 9retValue:
onExit - Class: BaseNCodec.java.java method: boolean org.apache.commons.codec.binary.BaseNCodec.hasData(org.apache.commons.codec.binary.BaseNCodec$Context) start: 1657646391364 end: 1657646391391 duration: 27retValue:
onExit - Class: BaseNCodec.java.java method: int org.apache.commons.codec.binary.BaseNCodec.available(org.apache.commons.codec.binary.BaseNCodec$Context) start: 1657646391355 end: 1657646391400 duration: 45retValue:
onExit - Class: BaseNCodec.java.java method: int org.apache.commons.codec.binary.BaseNCodec.available(org.apache.commons.codec.binary.BaseNCodec$Context) start: 1657646391346 end: 1657646391409 duration: 63retValue:
onExit - Class: BaseNCodecOutputStream.java.java method: private void org.apache.commons.codec.binary.BaseNCodecOutputStream.flush(boolean) throws java.io.IOException start: 1657646391337 end: 1657646391418 duration: 81retValue:
onExit - Class: BaseNCodecOutputStream.java.java method: public void org.apache.commons.codec.binary.BaseNCodecOutputStream.flush() throws java.io.IOException start: 1657646391328 end: 1657646391428 duration: 100retValue:
onExit - Class: BaseNCodecOutputStream.java.java method: public void org.apache.commons.codec.binary.BaseNCodecOutputStream.flush() throws java.io.IOException start: 1657646391319 end: 1657646391437 duration: 118retValue:
onExit - Class: BaseNCodecOutputStream.java.java method: public void org.apache.commons.codec.binary.BaseNCodecOutputStream.close() throws java.io.IOException start: 1657646391248 end: 1657646391445 duration: 197retValue:
onExit - Class: BaseNCodecOutputStream.java.java method: public void org.apache.commons.codec.binary.BaseNCodecOutputStream.close() throws java.io.IOException start: 1657646391237 end: 1657646391454 duration: 217retValue:
onEnter - Class: BaseNCodecOutputStream.java method: public void org.apache.commons.codec.binary.BaseNCodecOutputStream.close() throws java.io.IOException
MethodEnter
query: SELECT f.* FROM perfrt.files AS f INNER JOIN perfrt.commits AS c ON f.commit_id = c.id WHERE c.commit_hash='8871e9c72eefda5b047d8e9fcc3654e5fab3c198' AND f.name LIKE '%BaseNCodecOutputStream.java';
onEnter - Class: BaseNCodecOutputStream.java method: public void org.apache.commons.codec.binary.BaseNCodecOutputStream.close() throws java.io.IOException
MethodEnter
query: SELECT f.* FROM perfrt.files AS f INNER JOIN perfrt.commits AS c ON f.commit_id = c.id WHERE c.commit_hash='8871e9c72eefda5b047d8e9fcc3654e5fab3c198' AND f.name LIKE '%BaseNCodecOutputStream.java';
onEnter - Class: BaseNCodecOutputStream.java method: public void org.apache.commons.codec.binary.BaseNCodecOutputStream.eof() throws java.io.IOException
MethodEnter
query: SELECT f.* FROM perfrt.files AS f INNER JOIN perfrt.commits AS c ON f.commit_id = c.id WHERE c.commit_hash='8871e9c72eefda5b047d8e9fcc3654e5fab3c198' AND f.name LIKE '%BaseNCodecOutputStream.java';
onEnter - Class: BaseNCodecOutputStream.java method: public void org.apache.commons.codec.binary.BaseNCodecOutputStream.eof() throws java.io.IOException
MethodEnter
query: SELECT f.* FROM perfrt.files AS f INNER JOIN perfrt.commits AS c ON f.commit_id = c.id WHERE c.commit_hash='8871e9c72eefda5b047d8e9fcc3654e5fab3c198' AND f.name LIKE '%BaseNCodecOutputStream.java';
onEnter - Class: Base16.java method: void org.apache.commons.codec.binary.Base16.decode(byte[],int,int,org.apache.commons.codec.binary.BaseNCodec$Context)
MethodEnter
query: SELECT f.* FROM perfrt.files AS f INNER JOIN perfrt.commits AS c ON f.commit_id = c.id WHERE c.commit_hash='8871e9c72eefda5b047d8e9fcc3654e5fab3c198' AND f.name LIKE '%Base16.java';
onExit - Class: Base16.java.java method: void org.apache.commons.codec.binary.Base16.decode(byte[],int,int,org.apache.commons.codec.binary.BaseNCodec$Context) start: 1657646391498 end: 1657646391507 duration: 9retValue:
onExit - Class: BaseNCodecOutputStream.java.java method: public void org.apache.commons.codec.binary.BaseNCodecOutputStream.eof() throws java.io.IOException start: 1657646391489 end: 1657646391515 duration: 26retValue:
onExit - Class: BaseNCodecOutputStream.java.java method: public void org.apache.commons.codec.binary.BaseNCodecOutputStream.eof() throws java.io.IOException start: 1657646391481 end: 1657646391524 duration: 43retValue:
onEnter - Class: BaseNCodecOutputStream.java method: public void org.apache.commons.codec.binary.BaseNCodecOutputStream.flush() throws java.io.IOException
MethodEnter
query: SELECT f.* FROM perfrt.files AS f INNER JOIN perfrt.commits AS c ON f.commit_id = c.id WHERE c.commit_hash='8871e9c72eefda5b047d8e9fcc3654e5fab3c198' AND f.name LIKE '%BaseNCodecOutputStream.java';
onEnter - Class: BaseNCodecOutputStream.java method: public void org.apache.commons.codec.binary.BaseNCodecOutputStream.flush() throws java.io.IOException
MethodEnter
query: SELECT f.* FROM perfrt.files AS f INNER JOIN perfrt.commits AS c ON f.commit_id = c.id WHERE c.commit_hash='8871e9c72eefda5b047d8e9fcc3654e5fab3c198' AND f.name LIKE '%BaseNCodecOutputStream.java';
onEnter - Class: BaseNCodecOutputStream.java method: private void org.apache.commons.codec.binary.BaseNCodecOutputStream.flush(boolean) throws java.io.IOException
MethodEnter
query: SELECT f.* FROM perfrt.files AS f INNER JOIN perfrt.commits AS c ON f.commit_id = c.id WHERE c.commit_hash='8871e9c72eefda5b047d8e9fcc3654e5fab3c198' AND f.name LIKE '%BaseNCodecOutputStream.java';
onEnter - Class: BaseNCodec.java method: int org.apache.commons.codec.binary.BaseNCodec.available(org.apache.commons.codec.binary.BaseNCodec$Context)
MethodEnter
query: SELECT f.* FROM perfrt.files AS f INNER JOIN perfrt.commits AS c ON f.commit_id = c.id WHERE c.commit_hash='8871e9c72eefda5b047d8e9fcc3654e5fab3c198' AND f.name LIKE '%BaseNCodec.java';
onEnter - Class: BaseNCodec.java method: int org.apache.commons.codec.binary.BaseNCodec.available(org.apache.commons.codec.binary.BaseNCodec$Context)
MethodEnter
query: SELECT f.* FROM perfrt.files AS f INNER JOIN perfrt.commits AS c ON f.commit_id = c.id WHERE c.commit_hash='8871e9c72eefda5b047d8e9fcc3654e5fab3c198' AND f.name LIKE '%BaseNCodec.java';
onEnter - Class: BaseNCodec.java method: boolean org.apache.commons.codec.binary.BaseNCodec.hasData(org.apache.commons.codec.binary.BaseNCodec$Context)
MethodEnter
query: SELECT f.* FROM perfrt.files AS f INNER JOIN perfrt.commits AS c ON f.commit_id = c.id WHERE c.commit_hash='8871e9c72eefda5b047d8e9fcc3654e5fab3c198' AND f.name LIKE '%BaseNCodec.java';
onEnter - Class: BaseNCodec.java method: boolean org.apache.commons.codec.binary.BaseNCodec.hasData(org.apache.commons.codec.binary.BaseNCodec$Context)
MethodEnter
query: SELECT f.* FROM perfrt.files AS f INNER JOIN perfrt.commits AS c ON f.commit_id = c.id WHERE c.commit_hash='8871e9c72eefda5b047d8e9fcc3654e5fab3c198' AND f.name LIKE '%BaseNCodec.java';
onExit - Class: BaseNCodec.java.java method: boolean org.apache.commons.codec.binary.BaseNCodec.hasData(org.apache.commons.codec.binary.BaseNCodec$Context) start: 1657646391594 end: 1657646391603 duration: 9retValue:
onExit - Class: BaseNCodec.java.java method: boolean org.apache.commons.codec.binary.BaseNCodec.hasData(org.apache.commons.codec.binary.BaseNCodec$Context) start: 1657646391579 end: 1657646391611 duration: 32retValue:
onExit - Class: BaseNCodec.java.java method: int org.apache.commons.codec.binary.BaseNCodec.available(org.apache.commons.codec.binary.BaseNCodec$Context) start: 1657646391570 end: 1657646391619 duration: 49retValue:
onExit - Class: BaseNCodec.java.java method: int org.apache.commons.codec.binary.BaseNCodec.available(org.apache.commons.codec.binary.BaseNCodec$Context) start: 1657646391561 end: 1657646391628 duration: 67retValue:
onExit - Class: BaseNCodecOutputStream.java.java method: private void org.apache.commons.codec.binary.BaseNCodecOutputStream.flush(boolean) throws java.io.IOException start: 1657646391552 end: 1657646391636 duration: 84retValue:
onExit - Class: BaseNCodecOutputStream.java.java method: public void org.apache.commons.codec.binary.BaseNCodecOutputStream.flush() throws java.io.IOException start: 1657646391543 end: 1657646391644 duration: 101retValue:
onExit - Class: BaseNCodecOutputStream.java.java method: public void org.apache.commons.codec.binary.BaseNCodecOutputStream.flush() throws java.io.IOException start: 1657646391533 end: 1657646391652 duration: 119retValue:
onExit - Class: BaseNCodecOutputStream.java.java method: public void org.apache.commons.codec.binary.BaseNCodecOutputStream.close() throws java.io.IOException start: 1657646391472 end: 1657646391660 duration: 188retValue:
onExit - Class: BaseNCodecOutputStream.java.java method: public void org.apache.commons.codec.binary.BaseNCodecOutputStream.close() throws java.io.IOException start: 1657646391463 end: 1657646391671 duration: 208retValue:
onEnter - Class: BaseNCodecOutputStream.java method: public void org.apache.commons.codec.binary.BaseNCodecOutputStream.close() throws java.io.IOException
MethodEnter
query: SELECT f.* FROM perfrt.files AS f INNER JOIN perfrt.commits AS c ON f.commit_id = c.id WHERE c.commit_hash='8871e9c72eefda5b047d8e9fcc3654e5fab3c198' AND f.name LIKE '%BaseNCodecOutputStream.java';
onEnter - Class: BaseNCodecOutputStream.java method: public void org.apache.commons.codec.binary.BaseNCodecOutputStream.close() throws java.io.IOException
MethodEnter
query: SELECT f.* FROM perfrt.files AS f INNER JOIN perfrt.commits AS c ON f.commit_id = c.id WHERE c.commit_hash='8871e9c72eefda5b047d8e9fcc3654e5fab3c198' AND f.name LIKE '%BaseNCodecOutputStream.java';
onEnter - Class: BaseNCodecOutputStream.java method: public void org.apache.commons.codec.binary.BaseNCodecOutputStream.eof() throws java.io.IOException
MethodEnter
query: SELECT f.* FROM perfrt.files AS f INNER JOIN perfrt.commits AS c ON f.commit_id = c.id WHERE c.commit_hash='8871e9c72eefda5b047d8e9fcc3654e5fab3c198' AND f.name LIKE '%BaseNCodecOutputStream.java';
onEnter - Class: BaseNCodecOutputStream.java method: public void org.apache.commons.codec.binary.BaseNCodecOutputStream.eof() throws java.io.IOException
MethodEnter
query: SELECT f.* FROM perfrt.files AS f INNER JOIN perfrt.commits AS c ON f.commit_id = c.id WHERE c.commit_hash='8871e9c72eefda5b047d8e9fcc3654e5fab3c198' AND f.name LIKE '%BaseNCodecOutputStream.java';
onEnter - Class: Base16.java method: void org.apache.commons.codec.binary.Base16.encode(byte[],int,int,org.apache.commons.codec.binary.BaseNCodec$Context)
MethodEnter
query: SELECT f.* FROM perfrt.files AS f INNER JOIN perfrt.commits AS c ON f.commit_id = c.id WHERE c.commit_hash='8871e9c72eefda5b047d8e9fcc3654e5fab3c198' AND f.name LIKE '%Base16.java';
onExit - Class: Base16.java.java method: void org.apache.commons.codec.binary.Base16.encode(byte[],int,int,org.apache.commons.codec.binary.BaseNCodec$Context) start: 1657646391725 end: 1657646391734 duration: 9retValue:
onExit - Class: BaseNCodecOutputStream.java.java method: public void org.apache.commons.codec.binary.BaseNCodecOutputStream.eof() throws java.io.IOException start: 1657646391715 end: 1657646391743 duration: 28retValue:
onExit - Class: BaseNCodecOutputStream.java.java method: public void org.apache.commons.codec.binary.BaseNCodecOutputStream.eof() throws java.io.IOException start: 1657646391705 end: 1657646391752 duration: 47retValue:
onEnter - Class: BaseNCodecOutputStream.java method: public void org.apache.commons.codec.binary.BaseNCodecOutputStream.flush() throws java.io.IOException
MethodEnter
query: SELECT f.* FROM perfrt.files AS f INNER JOIN perfrt.commits AS c ON f.commit_id = c.id WHERE c.commit_hash='8871e9c72eefda5b047d8e9fcc3654e5fab3c198' AND f.name LIKE '%BaseNCodecOutputStream.java';
onEnter - Class: BaseNCodecOutputStream.java method: public void org.apache.commons.codec.binary.BaseNCodecOutputStream.flush() throws java.io.IOException
MethodEnter
query: SELECT f.* FROM perfrt.files AS f INNER JOIN perfrt.commits AS c ON f.commit_id = c.id WHERE c.commit_hash='8871e9c72eefda5b047d8e9fcc3654e5fab3c198' AND f.name LIKE '%BaseNCodecOutputStream.java';
onEnter - Class: BaseNCodecOutputStream.java method: private void org.apache.commons.codec.binary.BaseNCodecOutputStream.flush(boolean) throws java.io.IOException
MethodEnter
query: SELECT f.* FROM perfrt.files AS f INNER JOIN perfrt.commits AS c ON f.commit_id = c.id WHERE c.commit_hash='8871e9c72eefda5b047d8e9fcc3654e5fab3c198' AND f.name LIKE '%BaseNCodecOutputStream.java';
onEnter - Class: BaseNCodec.java method: int org.apache.commons.codec.binary.BaseNCodec.available(org.apache.commons.codec.binary.BaseNCodec$Context)
MethodEnter
query: SELECT f.* FROM perfrt.files AS f INNER JOIN perfrt.commits AS c ON f.commit_id = c.id WHERE c.commit_hash='8871e9c72eefda5b047d8e9fcc3654e5fab3c198' AND f.name LIKE '%BaseNCodec.java';
onEnter - Class: BaseNCodec.java method: int org.apache.commons.codec.binary.BaseNCodec.available(org.apache.commons.codec.binary.BaseNCodec$Context)
MethodEnter
query: SELECT f.* FROM perfrt.files AS f INNER JOIN perfrt.commits AS c ON f.commit_id = c.id WHERE c.commit_hash='8871e9c72eefda5b047d8e9fcc3654e5fab3c198' AND f.name LIKE '%BaseNCodec.java';
onEnter - Class: BaseNCodec.java method: boolean org.apache.commons.codec.binary.BaseNCodec.hasData(org.apache.commons.codec.binary.BaseNCodec$Context)
MethodEnter
query: SELECT f.* FROM perfrt.files AS f INNER JOIN perfrt.commits AS c ON f.commit_id = c.id WHERE c.commit_hash='8871e9c72eefda5b047d8e9fcc3654e5fab3c198' AND f.name LIKE '%BaseNCodec.java';
onEnter - Class: BaseNCodec.java method: boolean org.apache.commons.codec.binary.BaseNCodec.hasData(org.apache.commons.codec.binary.BaseNCodec$Context)
MethodEnter
query: SELECT f.* FROM perfrt.files AS f INNER JOIN perfrt.commits AS c ON f.commit_id = c.id WHERE c.commit_hash='8871e9c72eefda5b047d8e9fcc3654e5fab3c198' AND f.name LIKE '%BaseNCodec.java';
onExit - Class: BaseNCodec.java.java method: boolean org.apache.commons.codec.binary.BaseNCodec.hasData(org.apache.commons.codec.binary.BaseNCodec$Context) start: 1657646391812 end: 1657646391820 duration: 8retValue:
onExit - Class: BaseNCodec.java.java method: boolean org.apache.commons.codec.binary.BaseNCodec.hasData(org.apache.commons.codec.binary.BaseNCodec$Context) start: 1657646391804 end: 1657646391828 duration: 24retValue:
onExit - Class: BaseNCodec.java.java method: int org.apache.commons.codec.binary.BaseNCodec.available(org.apache.commons.codec.binary.BaseNCodec$Context) start: 1657646391795 end: 1657646391837 duration: 42retValue:
onExit - Class: BaseNCodec.java.java method: int org.apache.commons.codec.binary.BaseNCodec.available(org.apache.commons.codec.binary.BaseNCodec$Context) start: 1657646391787 end: 1657646391844 duration: 57retValue:
onEnter - Class: BaseNCodecOutputStream.java method: public void org.apache.commons.codec.binary.BaseNCodecOutputStream.flush() throws java.io.IOException
MethodEnter
query: SELECT f.* FROM perfrt.files AS f INNER JOIN perfrt.commits AS c ON f.commit_id = c.id WHERE c.commit_hash='8871e9c72eefda5b047d8e9fcc3654e5fab3c198' AND f.name LIKE '%BaseNCodecOutputStream.java';
onEnter - Class: BaseNCodecOutputStream.java method: public void org.apache.commons.codec.binary.BaseNCodecOutputStream.flush() throws java.io.IOException
MethodEnter
query: SELECT f.* FROM perfrt.files AS f INNER JOIN perfrt.commits AS c ON f.commit_id = c.id WHERE c.commit_hash='8871e9c72eefda5b047d8e9fcc3654e5fab3c198' AND f.name LIKE '%BaseNCodecOutputStream.java';
onEnter - Class: BaseNCodecOutputStream.java method: private void org.apache.commons.codec.binary.BaseNCodecOutputStream.flush(boolean) throws java.io.IOException
MethodEnter
query: SELECT f.* FROM perfrt.files AS f INNER JOIN perfrt.commits AS c ON f.commit_id = c.id WHERE c.commit_hash='8871e9c72eefda5b047d8e9fcc3654e5fab3c198' AND f.name LIKE '%BaseNCodecOutputStream.java';
onEnter - Class: BaseNCodec.java method: int org.apache.commons.codec.binary.BaseNCodec.available(org.apache.commons.codec.binary.BaseNCodec$Context)
MethodEnter
query: SELECT f.* FROM perfrt.files AS f INNER JOIN perfrt.commits AS c ON f.commit_id = c.id WHERE c.commit_hash='8871e9c72eefda5b047d8e9fcc3654e5fab3c198' AND f.name LIKE '%BaseNCodec.java';
onEnter - Class: BaseNCodec.java method: int org.apache.commons.codec.binary.BaseNCodec.available(org.apache.commons.codec.binary.BaseNCodec$Context)
MethodEnter
query: SELECT f.* FROM perfrt.files AS f INNER JOIN perfrt.commits AS c ON f.commit_id = c.id WHERE c.commit_hash='8871e9c72eefda5b047d8e9fcc3654e5fab3c198' AND f.name LIKE '%BaseNCodec.java';
onEnter - Class: BaseNCodec.java method: boolean org.apache.commons.codec.binary.BaseNCodec.hasData(org.apache.commons.codec.binary.BaseNCodec$Context)
MethodEnter
query: SELECT f.* FROM perfrt.files AS f INNER JOIN perfrt.commits AS c ON f.commit_id = c.id WHERE c.commit_hash='8871e9c72eefda5b047d8e9fcc3654e5fab3c198' AND f.name LIKE '%BaseNCodec.java';
onEnter - Class: BaseNCodec.java method: boolean org.apache.commons.codec.binary.BaseNCodec.hasData(org.apache.commons.codec.binary.BaseNCodec$Context)
MethodEnter
query: SELECT f.* FROM perfrt.files AS f INNER JOIN perfrt.commits AS c ON f.commit_id = c.id WHERE c.commit_hash='8871e9c72eefda5b047d8e9fcc3654e5fab3c198' AND f.name LIKE '%BaseNCodec.java';
onExit - Class: BaseNCodec.java.java method: boolean org.apache.commons.codec.binary.BaseNCodec.hasData(org.apache.commons.codec.binary.BaseNCodec$Context) start: 1657646391903 end: 1657646391911 duration: 8retValue:
onExit - Class: BaseNCodec.java.java method: boolean org.apache.commons.codec.binary.BaseNCodec.hasData(org.apache.commons.codec.binary.BaseNCodec$Context) start: 1657646391893 end: 1657646391920 duration: 27retValue:
onExit - Class: BaseNCodec.java.java method: int org.apache.commons.codec.binary.BaseNCodec.available(org.apache.commons.codec.binary.BaseNCodec$Context) start: 1657646391885 end: 1657646391928 duration: 43retValue:
onExit - Class: BaseNCodec.java.java method: int org.apache.commons.codec.binary.BaseNCodec.available(org.apache.commons.codec.binary.BaseNCodec$Context) start: 1657646391876 end: 1657646391936 duration: 60retValue:
onExit - Class: BaseNCodecOutputStream.java.java method: private void org.apache.commons.codec.binary.BaseNCodecOutputStream.flush(boolean) throws java.io.IOException start: 1657646391868 end: 1657646391944 duration: 76retValue:
onExit - Class: BaseNCodecOutputStream.java.java method: public void org.apache.commons.codec.binary.BaseNCodecOutputStream.flush() throws java.io.IOException start: 1657646391860 end: 1657646391952 duration: 92retValue:
onExit - Class: BaseNCodecOutputStream.java.java method: public void org.apache.commons.codec.binary.BaseNCodecOutputStream.flush() throws java.io.IOException start: 1657646391852 end: 1657646391960 duration: 108retValue:
onExit - Class: BaseNCodecOutputStream.java.java method: private void org.apache.commons.codec.binary.BaseNCodecOutputStream.flush(boolean) throws java.io.IOException start: 1657646391778 end: 1657646391967 duration: 189retValue:
onExit - Class: BaseNCodecOutputStream.java.java method: public void org.apache.commons.codec.binary.BaseNCodecOutputStream.flush() throws java.io.IOException start: 1657646391769 end: 1657646391975 duration: 206retValue:
onExit - Class: BaseNCodecOutputStream.java.java method: public void org.apache.commons.codec.binary.BaseNCodecOutputStream.flush() throws java.io.IOException start: 1657646391762 end: 1657646391983 duration: 221retValue:
onEnter - Class: BaseNCodecOutputStream.java method: public void org.apache.commons.codec.binary.BaseNCodecOutputStream.close() throws java.io.IOException
MethodEnter
query: SELECT f.* FROM perfrt.files AS f INNER JOIN perfrt.commits AS c ON f.commit_id = c.id WHERE c.commit_hash='8871e9c72eefda5b047d8e9fcc3654e5fab3c198' AND f.name LIKE '%BaseNCodecOutputStream.java';
onEnter - Class: BaseNCodecOutputStream.java method: public void org.apache.commons.codec.binary.BaseNCodecOutputStream.close() throws java.io.IOException
MethodEnter
query: SELECT f.* FROM perfrt.files AS f INNER JOIN perfrt.commits AS c ON f.commit_id = c.id WHERE c.commit_hash='8871e9c72eefda5b047d8e9fcc3654e5fab3c198' AND f.name LIKE '%BaseNCodecOutputStream.java';
onEnter - Class: BaseNCodecOutputStream.java method: public void org.apache.commons.codec.binary.BaseNCodecOutputStream.eof() throws java.io.IOException
MethodEnter
query: SELECT f.* FROM perfrt.files AS f INNER JOIN perfrt.commits AS c ON f.commit_id = c.id WHERE c.commit_hash='8871e9c72eefda5b047d8e9fcc3654e5fab3c198' AND f.name LIKE '%BaseNCodecOutputStream.java';
onEnter - Class: BaseNCodecOutputStream.java method: public void org.apache.commons.codec.binary.BaseNCodecOutputStream.eof() throws java.io.IOException
MethodEnter
query: SELECT f.* FROM perfrt.files AS f INNER JOIN perfrt.commits AS c ON f.commit_id = c.id WHERE c.commit_hash='8871e9c72eefda5b047d8e9fcc3654e5fab3c198' AND f.name LIKE '%BaseNCodecOutputStream.java';
onEnter - Class: Base16.java method: void org.apache.commons.codec.binary.Base16.decode(byte[],int,int,org.apache.commons.codec.binary.BaseNCodec$Context)
MethodEnter
query: SELECT f.* FROM perfrt.files AS f INNER JOIN perfrt.commits AS c ON f.commit_id = c.id WHERE c.commit_hash='8871e9c72eefda5b047d8e9fcc3654e5fab3c198' AND f.name LIKE '%Base16.java';
onExit - Class: Base16.java.java method: void org.apache.commons.codec.binary.Base16.decode(byte[],int,int,org.apache.commons.codec.binary.BaseNCodec$Context) start: 1657646392021 end: 1657646392029 duration: 8retValue:
onExit - Class: BaseNCodecOutputStream.java.java method: public void org.apache.commons.codec.binary.BaseNCodecOutputStream.eof() throws java.io.IOException start: 1657646392014 end: 1657646392037 duration: 23retValue:
onExit - Class: BaseNCodecOutputStream.java.java method: public void org.apache.commons.codec.binary.BaseNCodecOutputStream.eof() throws java.io.IOException start: 1657646392006 end: 1657646392044 duration: 38retValue:
onEnter - Class: BaseNCodecOutputStream.java method: public void org.apache.commons.codec.binary.BaseNCodecOutputStream.flush() throws java.io.IOException
MethodEnter
query: SELECT f.* FROM perfrt.files AS f INNER JOIN perfrt.commits AS c ON f.commit_id = c.id WHERE c.commit_hash='8871e9c72eefda5b047d8e9fcc3654e5fab3c198' AND f.name LIKE '%BaseNCodecOutputStream.java';
onEnter - Class: BaseNCodecOutputStream.java method: public void org.apache.commons.codec.binary.BaseNCodecOutputStream.flush() throws java.io.IOException
MethodEnter
query: SELECT f.* FROM perfrt.files AS f INNER JOIN perfrt.commits AS c ON f.commit_id = c.id WHERE c.commit_hash='8871e9c72eefda5b047d8e9fcc3654e5fab3c198' AND f.name LIKE '%BaseNCodecOutputStream.java';
onEnter - Class: BaseNCodecOutputStream.java method: private void org.apache.commons.codec.binary.BaseNCodecOutputStream.flush(boolean) throws java.io.IOException
MethodEnter
query: SELECT f.* FROM perfrt.files AS f INNER JOIN perfrt.commits AS c ON f.commit_id = c.id WHERE c.commit_hash='8871e9c72eefda5b047d8e9fcc3654e5fab3c198' AND f.name LIKE '%BaseNCodecOutputStream.java';
onEnter - Class: BaseNCodec.java method: int org.apache.commons.codec.binary.BaseNCodec.available(org.apache.commons.codec.binary.BaseNCodec$Context)
MethodEnter
query: SELECT f.* FROM perfrt.files AS f INNER JOIN perfrt.commits AS c ON f.commit_id = c.id WHERE c.commit_hash='8871e9c72eefda5b047d8e9fcc3654e5fab3c198' AND f.name LIKE '%BaseNCodec.java';
onEnter - Class: BaseNCodec.java method: int org.apache.commons.codec.binary.BaseNCodec.available(org.apache.commons.codec.binary.BaseNCodec$Context)
MethodEnter
query: SELECT f.* FROM perfrt.files AS f INNER JOIN perfrt.commits AS c ON f.commit_id = c.id WHERE c.commit_hash='8871e9c72eefda5b047d8e9fcc3654e5fab3c198' AND f.name LIKE '%BaseNCodec.java';
onEnter - Class: BaseNCodec.java method: boolean org.apache.commons.codec.binary.BaseNCodec.hasData(org.apache.commons.codec.binary.BaseNCodec$Context)
MethodEnter
query: SELECT f.* FROM perfrt.files AS f INNER JOIN perfrt.commits AS c ON f.commit_id = c.id WHERE c.commit_hash='8871e9c72eefda5b047d8e9fcc3654e5fab3c198' AND f.name LIKE '%BaseNCodec.java';
onEnter - Class: BaseNCodec.java method: boolean org.apache.commons.codec.binary.BaseNCodec.hasData(org.apache.commons.codec.binary.BaseNCodec$Context)
MethodEnter
query: SELECT f.* FROM perfrt.files AS f INNER JOIN perfrt.commits AS c ON f.commit_id = c.id WHERE c.commit_hash='8871e9c72eefda5b047d8e9fcc3654e5fab3c198' AND f.name LIKE '%BaseNCodec.java';
onExit - Class: BaseNCodec.java.java method: boolean org.apache.commons.codec.binary.BaseNCodec.hasData(org.apache.commons.codec.binary.BaseNCodec$Context) start: 1657646392100 end: 1657646392108 duration: 8retValue:
onExit - Class: BaseNCodec.java.java method: boolean org.apache.commons.codec.binary.BaseNCodec.hasData(org.apache.commons.codec.binary.BaseNCodec$Context) start: 1657646392092 end: 1657646392117 duration: 25retValue:
onExit - Class: BaseNCodec.java.java method: int org.apache.commons.codec.binary.BaseNCodec.available(org.apache.commons.codec.binary.BaseNCodec$Context) start: 1657646392084 end: 1657646392150 duration: 66retValue:
onExit - Class: BaseNCodec.java.java method: int org.apache.commons.codec.binary.BaseNCodec.available(org.apache.commons.codec.binary.BaseNCodec$Context) start: 1657646392075 end: 1657646392166 duration: 91retValue:
onExit - Class: BaseNCodecOutputStream.java.java method: private void org.apache.commons.codec.binary.BaseNCodecOutputStream.flush(boolean) throws java.io.IOException start: 1657646392068 end: 1657646392180 duration: 112retValue:
onExit - Class: BaseNCodecOutputStream.java.java method: public void org.apache.commons.codec.binary.BaseNCodecOutputStream.flush() throws java.io.IOException start: 1657646392060 end: 1657646392193 duration: 133retValue:
onExit - Class: BaseNCodecOutputStream.java.java method: public void org.apache.commons.codec.binary.BaseNCodecOutputStream.flush() throws java.io.IOException start: 1657646392052 end: 1657646392207 duration: 155retValue:
onExit - Class: BaseNCodecOutputStream.java.java method: public void org.apache.commons.codec.binary.BaseNCodecOutputStream.close() throws java.io.IOException start: 1657646391998 end: 1657646392220 duration: 222retValue:
onExit - Class: BaseNCodecOutputStream.java.java method: public void org.apache.commons.codec.binary.BaseNCodecOutputStream.close() throws java.io.IOException start: 1657646391990 end: 1657646392231 duration: 241retValue:
onExit - Class: BaseNCodecOutputStream.java.java method: public void org.apache.commons.codec.binary.BaseNCodecOutputStream.close() throws java.io.IOException start: 1657646391697 end: 1657646392240 duration: 543retValue:
onExit - Class: BaseNCodecOutputStream.java.java method: public void org.apache.commons.codec.binary.BaseNCodecOutputStream.close() throws java.io.IOException start: 1657646391687 end: 1657646392248 duration: 561retValue:
onEnter - Class: BaseNCodecOutputStream.java method: public void org.apache.commons.codec.binary.BaseNCodecOutputStream.close() throws java.io.IOException
MethodEnter
query: SELECT f.* FROM perfrt.files AS f INNER JOIN perfrt.commits AS c ON f.commit_id = c.id WHERE c.commit_hash='8871e9c72eefda5b047d8e9fcc3654e5fab3c198' AND f.name LIKE '%BaseNCodecOutputStream.java';
onEnter - Class: BaseNCodecOutputStream.java method: public void org.apache.commons.codec.binary.BaseNCodecOutputStream.close() throws java.io.IOException
MethodEnter
query: SELECT f.* FROM perfrt.files AS f INNER JOIN perfrt.commits AS c ON f.commit_id = c.id WHERE c.commit_hash='8871e9c72eefda5b047d8e9fcc3654e5fab3c198' AND f.name LIKE '%BaseNCodecOutputStream.java';
onEnter - Class: BaseNCodecOutputStream.java method: public void org.apache.commons.codec.binary.BaseNCodecOutputStream.eof() throws java.io.IOException
MethodEnter
query: SELECT f.* FROM perfrt.files AS f INNER JOIN perfrt.commits AS c ON f.commit_id = c.id WHERE c.commit_hash='8871e9c72eefda5b047d8e9fcc3654e5fab3c198' AND f.name LIKE '%BaseNCodecOutputStream.java';
onEnter - Class: BaseNCodecOutputStream.java method: public void org.apache.commons.codec.binary.BaseNCodecOutputStream.eof() throws java.io.IOException
MethodEnter
query: SELECT f.* FROM perfrt.files AS f INNER JOIN perfrt.commits AS c ON f.commit_id = c.id WHERE c.commit_hash='8871e9c72eefda5b047d8e9fcc3654e5fab3c198' AND f.name LIKE '%BaseNCodecOutputStream.java';
onEnter - Class: Base16.java method: void org.apache.commons.codec.binary.Base16.decode(byte[],int,int,org.apache.commons.codec.binary.BaseNCodec$Context)
MethodEnter
query: SELECT f.* FROM perfrt.files AS f INNER JOIN perfrt.commits AS c ON f.commit_id = c.id WHERE c.commit_hash='8871e9c72eefda5b047d8e9fcc3654e5fab3c198' AND f.name LIKE '%Base16.java';
onExit - Class: Base16.java.java method: void org.apache.commons.codec.binary.Base16.decode(byte[],int,int,org.apache.commons.codec.binary.BaseNCodec$Context) start: 1657646392286 end: 1657646392295 duration: 9retValue:
onExit - Class: BaseNCodecOutputStream.java.java method: public void org.apache.commons.codec.binary.BaseNCodecOutputStream.eof() throws java.io.IOException start: 1657646392279 end: 1657646392302 duration: 23retValue:
onExit - Class: BaseNCodecOutputStream.java.java method: public void org.apache.commons.codec.binary.BaseNCodecOutputStream.eof() throws java.io.IOException start: 1657646392271 end: 1657646392310 duration: 39retValue:
onEnter - Class: BaseNCodecOutputStream.java method: public void org.apache.commons.codec.binary.BaseNCodecOutputStream.flush() throws java.io.IOException
MethodEnter
query: SELECT f.* FROM perfrt.files AS f INNER JOIN perfrt.commits AS c ON f.commit_id = c.id WHERE c.commit_hash='8871e9c72eefda5b047d8e9fcc3654e5fab3c198' AND f.name LIKE '%BaseNCodecOutputStream.java';
onEnter - Class: BaseNCodecOutputStream.java method: public void org.apache.commons.codec.binary.BaseNCodecOutputStream.flush() throws java.io.IOException
MethodEnter
query: SELECT f.* FROM perfrt.files AS f INNER JOIN perfrt.commits AS c ON f.commit_id = c.id WHERE c.commit_hash='8871e9c72eefda5b047d8e9fcc3654e5fab3c198' AND f.name LIKE '%BaseNCodecOutputStream.java';
onEnter - Class: BaseNCodecOutputStream.java method: private void org.apache.commons.codec.binary.BaseNCodecOutputStream.flush(boolean) throws java.io.IOException
MethodEnter
query: SELECT f.* FROM perfrt.files AS f INNER JOIN perfrt.commits AS c ON f.commit_id = c.id WHERE c.commit_hash='8871e9c72eefda5b047d8e9fcc3654e5fab3c198' AND f.name LIKE '%BaseNCodecOutputStream.java';
onEnter - Class: BaseNCodec.java method: int org.apache.commons.codec.binary.BaseNCodec.available(org.apache.commons.codec.binary.BaseNCodec$Context)
MethodEnter
query: SELECT f.* FROM perfrt.files AS f INNER JOIN perfrt.commits AS c ON f.commit_id = c.id WHERE c.commit_hash='8871e9c72eefda5b047d8e9fcc3654e5fab3c198' AND f.name LIKE '%BaseNCodec.java';
onEnter - Class: BaseNCodec.java method: int org.apache.commons.codec.binary.BaseNCodec.available(org.apache.commons.codec.binary.BaseNCodec$Context)
MethodEnter
query: SELECT f.* FROM perfrt.files AS f INNER JOIN perfrt.commits AS c ON f.commit_id = c.id WHERE c.commit_hash='8871e9c72eefda5b047d8e9fcc3654e5fab3c198' AND f.name LIKE '%BaseNCodec.java';
onEnter - Class: BaseNCodec.java method: boolean org.apache.commons.codec.binary.BaseNCodec.hasData(org.apache.commons.codec.binary.BaseNCodec$Context)
MethodEnter
query: SELECT f.* FROM perfrt.files AS f INNER JOIN perfrt.commits AS c ON f.commit_id = c.id WHERE c.commit_hash='8871e9c72eefda5b047d8e9fcc3654e5fab3c198' AND f.name LIKE '%BaseNCodec.java';
onEnter - Class: BaseNCodec.java method: boolean org.apache.commons.codec.binary.BaseNCodec.hasData(org.apache.commons.codec.binary.BaseNCodec$Context)
MethodEnter
query: SELECT f.* FROM perfrt.files AS f INNER JOIN perfrt.commits AS c ON f.commit_id = c.id WHERE c.commit_hash='8871e9c72eefda5b047d8e9fcc3654e5fab3c198' AND f.name LIKE '%BaseNCodec.java';
onExit - Class: BaseNCodec.java.java method: boolean org.apache.commons.codec.binary.BaseNCodec.hasData(org.apache.commons.codec.binary.BaseNCodec$Context) start: 1657646392362 end: 1657646392371 duration: 9retValue:
onExit - Class: BaseNCodec.java.java method: boolean org.apache.commons.codec.binary.BaseNCodec.hasData(org.apache.commons.codec.binary.BaseNCodec$Context) start: 1657646392355 end: 1657646392379 duration: 24retValue:
onExit - Class: BaseNCodec.java.java method: int org.apache.commons.codec.binary.BaseNCodec.available(org.apache.commons.codec.binary.BaseNCodec$Context) start: 1657646392347 end: 1657646392387 duration: 40retValue:
onExit - Class: BaseNCodec.java.java method: int org.apache.commons.codec.binary.BaseNCodec.available(org.apache.commons.codec.binary.BaseNCodec$Context) start: 1657646392340 end: 1657646392395 duration: 55retValue:
onExit - Class: BaseNCodecOutputStream.java.java method: private void org.apache.commons.codec.binary.BaseNCodecOutputStream.flush(boolean) throws java.io.IOException start: 1657646392332 end: 1657646392404 duration: 72retValue:
onExit - Class: BaseNCodecOutputStream.java.java method: public void org.apache.commons.codec.binary.BaseNCodecOutputStream.flush() throws java.io.IOException start: 1657646392324 end: 1657646392414 duration: 90retValue:
onExit - Class: BaseNCodecOutputStream.java.java method: public void org.apache.commons.codec.binary.BaseNCodecOutputStream.flush() throws java.io.IOException start: 1657646392317 end: 1657646392422 duration: 105retValue:
onExit - Class: BaseNCodecOutputStream.java.java method: public void org.apache.commons.codec.binary.BaseNCodecOutputStream.close() throws java.io.IOException start: 1657646392263 end: 1657646392430 duration: 167retValue:
onExit - Class: BaseNCodecOutputStream.java.java method: public void org.apache.commons.codec.binary.BaseNCodecOutputStream.close() throws java.io.IOException start: 1657646392256 end: 1657646392438 duration: 182retValue:
onExit - Class: Base16OutputStreamTest.java.java method: private void org.apache.commons.codec.binary.Base16OutputStreamTest.testByteByByte(byte[],byte[],boolean) throws java.io.IOException start: 1657646390869 end: 1657646392446 duration: 1577retValue:
onExit - Class: Base16OutputStreamTest.java.java method: private void org.apache.commons.codec.binary.Base16OutputStreamTest.testByteByByte(byte[],byte[]) throws java.io.IOException start: 1657646390850 end: 1657646392454 duration: 1604retValue:
onEnter - Class: Base16OutputStreamTest.java method: private void org.apache.commons.codec.binary.Base16OutputStreamTest.testByChunk(byte[],byte[]) throws java.io.IOException
MethodEnter
query: SELECT f.* FROM perfrt.files AS f INNER JOIN perfrt.commits AS c ON f.commit_id = c.id WHERE c.commit_hash='8871e9c72eefda5b047d8e9fcc3654e5fab3c198' AND f.name LIKE '%Base16OutputStreamTest.java';
onEnter - Class: Base16OutputStreamTest.java method: private void org.apache.commons.codec.binary.Base16OutputStreamTest.testByChunk(byte[],byte[],boolean) throws java.io.IOException
MethodEnter
query: SELECT f.* FROM perfrt.files AS f INNER JOIN perfrt.commits AS c ON f.commit_id = c.id WHERE c.commit_hash='8871e9c72eefda5b047d8e9fcc3654e5fab3c198' AND f.name LIKE '%Base16OutputStreamTest.java';
onEnter - Class: FilterOutputStream.java method: public void java.io.FilterOutputStream.write(byte[]) throws java.io.IOException
MethodEnter
query: SELECT f.* FROM perfrt.files AS f INNER JOIN perfrt.commits AS c ON f.commit_id = c.id WHERE c.commit_hash='8871e9c72eefda5b047d8e9fcc3654e5fab3c198' AND f.name LIKE '%FilterOutputStream.java';
onEnter - Class: FilterOutputStream.java method: public void java.io.FilterOutputStream.write(byte[]) throws java.io.IOException
MethodEnter
query: SELECT f.* FROM perfrt.files AS f INNER JOIN perfrt.commits AS c ON f.commit_id = c.id WHERE c.commit_hash='8871e9c72eefda5b047d8e9fcc3654e5fab3c198' AND f.name LIKE '%FilterOutputStream.java';
onEnter - Class: BaseNCodecOutputStream.java method: public void org.apache.commons.codec.binary.BaseNCodecOutputStream.write(byte[],int,int) throws java.io.IOException
MethodEnter
query: SELECT f.* FROM perfrt.files AS f INNER JOIN perfrt.commits AS c ON f.commit_id = c.id WHERE c.commit_hash='8871e9c72eefda5b047d8e9fcc3654e5fab3c198' AND f.name LIKE '%BaseNCodecOutputStream.java';
onEnter - Class: BaseNCodecOutputStream.java method: public void org.apache.commons.codec.binary.BaseNCodecOutputStream.write(byte[],int,int) throws java.io.IOException
MethodEnter
query: SELECT f.* FROM perfrt.files AS f INNER JOIN perfrt.commits AS c ON f.commit_id = c.id WHERE c.commit_hash='8871e9c72eefda5b047d8e9fcc3654e5fab3c198' AND f.name LIKE '%BaseNCodecOutputStream.java';
onExit - Class: BaseNCodecOutputStream.java.java method: public void org.apache.commons.codec.binary.BaseNCodecOutputStream.write(byte[],int,int) throws java.io.IOException start: 1657646392501 end: 1657646392509 duration: 8retValue:
onExit - Class: BaseNCodecOutputStream.java.java method: public void org.apache.commons.codec.binary.BaseNCodecOutputStream.write(byte[],int,int) throws java.io.IOException start: 1657646392494 end: 1657646392517 duration: 23retValue:
onExit - Class: FilterOutputStream.java.java method: public void java.io.FilterOutputStream.write(byte[]) throws java.io.IOException start: 1657646392489 end: 1657646392525 duration: 36retValue:
onExit - Class: FilterOutputStream.java.java method: public void java.io.FilterOutputStream.write(byte[]) throws java.io.IOException start: 1657646392483 end: 1657646392530 duration: 47retValue:
onEnter - Class: BaseNCodecOutputStream.java method: public void org.apache.commons.codec.binary.BaseNCodecOutputStream.close() throws java.io.IOException
MethodEnter
query: SELECT f.* FROM perfrt.files AS f INNER JOIN perfrt.commits AS c ON f.commit_id = c.id WHERE c.commit_hash='8871e9c72eefda5b047d8e9fcc3654e5fab3c198' AND f.name LIKE '%BaseNCodecOutputStream.java';
onEnter - Class: BaseNCodecOutputStream.java method: public void org.apache.commons.codec.binary.BaseNCodecOutputStream.close() throws java.io.IOException
MethodEnter
query: SELECT f.* FROM perfrt.files AS f INNER JOIN perfrt.commits AS c ON f.commit_id = c.id WHERE c.commit_hash='8871e9c72eefda5b047d8e9fcc3654e5fab3c198' AND f.name LIKE '%BaseNCodecOutputStream.java';
onEnter - Class: BaseNCodecOutputStream.java method: public void org.apache.commons.codec.binary.BaseNCodecOutputStream.eof() throws java.io.IOException
MethodEnter
query: SELECT f.* FROM perfrt.files AS f INNER JOIN perfrt.commits AS c ON f.commit_id = c.id WHERE c.commit_hash='8871e9c72eefda5b047d8e9fcc3654e5fab3c198' AND f.name LIKE '%BaseNCodecOutputStream.java';
onEnter - Class: BaseNCodecOutputStream.java method: public void org.apache.commons.codec.binary.BaseNCodecOutputStream.eof() throws java.io.IOException
MethodEnter
query: SELECT f.* FROM perfrt.files AS f INNER JOIN perfrt.commits AS c ON f.commit_id = c.id WHERE c.commit_hash='8871e9c72eefda5b047d8e9fcc3654e5fab3c198' AND f.name LIKE '%BaseNCodecOutputStream.java';
onEnter - Class: Base16.java method: void org.apache.commons.codec.binary.Base16.encode(byte[],int,int,org.apache.commons.codec.binary.BaseNCodec$Context)
MethodEnter
query: SELECT f.* FROM perfrt.files AS f INNER JOIN perfrt.commits AS c ON f.commit_id = c.id WHERE c.commit_hash='8871e9c72eefda5b047d8e9fcc3654e5fab3c198' AND f.name LIKE '%Base16.java';
onExit - Class: Base16.java.java method: void org.apache.commons.codec.binary.Base16.encode(byte[],int,int,org.apache.commons.codec.binary.BaseNCodec$Context) start: 1657646392567 end: 1657646392575 duration: 8retValue:
onExit - Class: BaseNCodecOutputStream.java.java method: public void org.apache.commons.codec.binary.BaseNCodecOutputStream.eof() throws java.io.IOException start: 1657646392559 end: 1657646392582 duration: 23retValue:
onExit - Class: BaseNCodecOutputStream.java.java method: public void org.apache.commons.codec.binary.BaseNCodecOutputStream.eof() throws java.io.IOException start: 1657646392551 end: 1657646392590 duration: 39retValue:
onEnter - Class: BaseNCodecOutputStream.java method: public void org.apache.commons.codec.binary.BaseNCodecOutputStream.flush() throws java.io.IOException
MethodEnter
query: SELECT f.* FROM perfrt.files AS f INNER JOIN perfrt.commits AS c ON f.commit_id = c.id WHERE c.commit_hash='8871e9c72eefda5b047d8e9fcc3654e5fab3c198' AND f.name LIKE '%BaseNCodecOutputStream.java';
onEnter - Class: BaseNCodecOutputStream.java method: public void org.apache.commons.codec.binary.BaseNCodecOutputStream.flush() throws java.io.IOException
MethodEnter
query: SELECT f.* FROM perfrt.files AS f INNER JOIN perfrt.commits AS c ON f.commit_id = c.id WHERE c.commit_hash='8871e9c72eefda5b047d8e9fcc3654e5fab3c198' AND f.name LIKE '%BaseNCodecOutputStream.java';
onEnter - Class: BaseNCodecOutputStream.java method: private void org.apache.commons.codec.binary.BaseNCodecOutputStream.flush(boolean) throws java.io.IOException
MethodEnter
query: SELECT f.* FROM perfrt.files AS f INNER JOIN perfrt.commits AS c ON f.commit_id = c.id WHERE c.commit_hash='8871e9c72eefda5b047d8e9fcc3654e5fab3c198' AND f.name LIKE '%BaseNCodecOutputStream.java';
onEnter - Class: BaseNCodec.java method: int org.apache.commons.codec.binary.BaseNCodec.available(org.apache.commons.codec.binary.BaseNCodec$Context)
MethodEnter
query: SELECT f.* FROM perfrt.files AS f INNER JOIN perfrt.commits AS c ON f.commit_id = c.id WHERE c.commit_hash='8871e9c72eefda5b047d8e9fcc3654e5fab3c198' AND f.name LIKE '%BaseNCodec.java';
onEnter - Class: BaseNCodec.java method: int org.apache.commons.codec.binary.BaseNCodec.available(org.apache.commons.codec.binary.BaseNCodec$Context)
MethodEnter
query: SELECT f.* FROM perfrt.files AS f INNER JOIN perfrt.commits AS c ON f.commit_id = c.id WHERE c.commit_hash='8871e9c72eefda5b047d8e9fcc3654e5fab3c198' AND f.name LIKE '%BaseNCodec.java';
onEnter - Class: BaseNCodec.java method: boolean org.apache.commons.codec.binary.BaseNCodec.hasData(org.apache.commons.codec.binary.BaseNCodec$Context)
MethodEnter
query: SELECT f.* FROM perfrt.files AS f INNER JOIN perfrt.commits AS c ON f.commit_id = c.id WHERE c.commit_hash='8871e9c72eefda5b047d8e9fcc3654e5fab3c198' AND f.name LIKE '%BaseNCodec.java';
onEnter - Class: BaseNCodec.java method: boolean org.apache.commons.codec.binary.BaseNCodec.hasData(org.apache.commons.codec.binary.BaseNCodec$Context)
MethodEnter
query: SELECT f.* FROM perfrt.files AS f INNER JOIN perfrt.commits AS c ON f.commit_id = c.id WHERE c.commit_hash='8871e9c72eefda5b047d8e9fcc3654e5fab3c198' AND f.name LIKE '%BaseNCodec.java';
onExit - Class: BaseNCodec.java.java method: boolean org.apache.commons.codec.binary.BaseNCodec.hasData(org.apache.commons.codec.binary.BaseNCodec$Context) start: 1657646392686 end: 1657646392700 duration: 14retValue:
onExit - Class: BaseNCodec.java.java method: boolean org.apache.commons.codec.binary.BaseNCodec.hasData(org.apache.commons.codec.binary.BaseNCodec$Context) start: 1657646392658 end: 1657646392711 duration: 53retValue:
onExit - Class: BaseNCodec.java.java method: int org.apache.commons.codec.binary.BaseNCodec.available(org.apache.commons.codec.binary.BaseNCodec$Context) start: 1657646392629 end: 1657646392719 duration: 90retValue:
onExit - Class: BaseNCodec.java.java method: int org.apache.commons.codec.binary.BaseNCodec.available(org.apache.commons.codec.binary.BaseNCodec$Context) start: 1657646392620 end: 1657646392727 duration: 107retValue:
onExit - Class: BaseNCodecOutputStream.java.java method: private void org.apache.commons.codec.binary.BaseNCodecOutputStream.flush(boolean) throws java.io.IOException start: 1657646392613 end: 1657646392735 duration: 122retValue:
onExit - Class: BaseNCodecOutputStream.java.java method: public void org.apache.commons.codec.binary.BaseNCodecOutputStream.flush() throws java.io.IOException start: 1657646392606 end: 1657646392743 duration: 137retValue:
onExit - Class: BaseNCodecOutputStream.java.java method: public void org.apache.commons.codec.binary.BaseNCodecOutputStream.flush() throws java.io.IOException start: 1657646392598 end: 1657646392750 duration: 152retValue:
onExit - Class: BaseNCodecOutputStream.java.java method: public void org.apache.commons.codec.binary.BaseNCodecOutputStream.close() throws java.io.IOException start: 1657646392544 end: 1657646392758 duration: 214retValue:
onExit - Class: BaseNCodecOutputStream.java.java method: public void org.apache.commons.codec.binary.BaseNCodecOutputStream.close() throws java.io.IOException start: 1657646392536 end: 1657646392765 duration: 229retValue:
onEnter - Class: FilterOutputStream.java method: public void java.io.FilterOutputStream.write(byte[]) throws java.io.IOException
MethodEnter
query: SELECT f.* FROM perfrt.files AS f INNER JOIN perfrt.commits AS c ON f.commit_id = c.id WHERE c.commit_hash='8871e9c72eefda5b047d8e9fcc3654e5fab3c198' AND f.name LIKE '%FilterOutputStream.java';
onEnter - Class: FilterOutputStream.java method: public void java.io.FilterOutputStream.write(byte[]) throws java.io.IOException
MethodEnter
query: SELECT f.* FROM perfrt.files AS f INNER JOIN perfrt.commits AS c ON f.commit_id = c.id WHERE c.commit_hash='8871e9c72eefda5b047d8e9fcc3654e5fab3c198' AND f.name LIKE '%FilterOutputStream.java';
onEnter - Class: BaseNCodecOutputStream.java method: public void org.apache.commons.codec.binary.BaseNCodecOutputStream.write(byte[],int,int) throws java.io.IOException
MethodEnter
query: SELECT f.* FROM perfrt.files AS f INNER JOIN perfrt.commits AS c ON f.commit_id = c.id WHERE c.commit_hash='8871e9c72eefda5b047d8e9fcc3654e5fab3c198' AND f.name LIKE '%BaseNCodecOutputStream.java';
onEnter - Class: BaseNCodecOutputStream.java method: public void org.apache.commons.codec.binary.BaseNCodecOutputStream.write(byte[],int,int) throws java.io.IOException
MethodEnter
query: SELECT f.* FROM perfrt.files AS f INNER JOIN perfrt.commits AS c ON f.commit_id = c.id WHERE c.commit_hash='8871e9c72eefda5b047d8e9fcc3654e5fab3c198' AND f.name LIKE '%BaseNCodecOutputStream.java';
onExit - Class: BaseNCodecOutputStream.java.java method: public void org.apache.commons.codec.binary.BaseNCodecOutputStream.write(byte[],int,int) throws java.io.IOException start: 1657646392789 end: 1657646392796 duration: 7retValue:
onExit - Class: BaseNCodecOutputStream.java.java method: public void org.apache.commons.codec.binary.BaseNCodecOutputStream.write(byte[],int,int) throws java.io.IOException start: 1657646392782 end: 1657646392803 duration: 21retValue:
onExit - Class: FilterOutputStream.java.java method: public void java.io.FilterOutputStream.write(byte[]) throws java.io.IOException start: 1657646392777 end: 1657646392811 duration: 34retValue:
onExit - Class: FilterOutputStream.java.java method: public void java.io.FilterOutputStream.write(byte[]) throws java.io.IOException start: 1657646392772 end: 1657646392815 duration: 43retValue:
onEnter - Class: BaseNCodecOutputStream.java method: public void org.apache.commons.codec.binary.BaseNCodecOutputStream.close() throws java.io.IOException
MethodEnter
query: SELECT f.* FROM perfrt.files AS f INNER JOIN perfrt.commits AS c ON f.commit_id = c.id WHERE c.commit_hash='8871e9c72eefda5b047d8e9fcc3654e5fab3c198' AND f.name LIKE '%BaseNCodecOutputStream.java';
onEnter - Class: BaseNCodecOutputStream.java method: public void org.apache.commons.codec.binary.BaseNCodecOutputStream.close() throws java.io.IOException
MethodEnter
query: SELECT f.* FROM perfrt.files AS f INNER JOIN perfrt.commits AS c ON f.commit_id = c.id WHERE c.commit_hash='8871e9c72eefda5b047d8e9fcc3654e5fab3c198' AND f.name LIKE '%BaseNCodecOutputStream.java';
onEnter - Class: BaseNCodecOutputStream.java method: public void org.apache.commons.codec.binary.BaseNCodecOutputStream.eof() throws java.io.IOException
MethodEnter
query: SELECT f.* FROM perfrt.files AS f INNER JOIN perfrt.commits AS c ON f.commit_id = c.id WHERE c.commit_hash='8871e9c72eefda5b047d8e9fcc3654e5fab3c198' AND f.name LIKE '%BaseNCodecOutputStream.java';
onEnter - Class: BaseNCodecOutputStream.java method: public void org.apache.commons.codec.binary.BaseNCodecOutputStream.eof() throws java.io.IOException
MethodEnter
query: SELECT f.* FROM perfrt.files AS f INNER JOIN perfrt.commits AS c ON f.commit_id = c.id WHERE c.commit_hash='8871e9c72eefda5b047d8e9fcc3654e5fab3c198' AND f.name LIKE '%BaseNCodecOutputStream.java';
onEnter - Class: Base16.java method: void org.apache.commons.codec.binary.Base16.decode(byte[],int,int,org.apache.commons.codec.binary.BaseNCodec$Context)
MethodEnter
query: SELECT f.* FROM perfrt.files AS f INNER JOIN perfrt.commits AS c ON f.commit_id = c.id WHERE c.commit_hash='8871e9c72eefda5b047d8e9fcc3654e5fab3c198' AND f.name LIKE '%Base16.java';
onExit - Class: Base16.java.java method: void org.apache.commons.codec.binary.Base16.decode(byte[],int,int,org.apache.commons.codec.binary.BaseNCodec$Context) start: 1657646392849 end: 1657646392857 duration: 8retValue:
onExit - Class: BaseNCodecOutputStream.java.java method: public void org.apache.commons.codec.binary.BaseNCodecOutputStream.eof() throws java.io.IOException start: 1657646392842 end: 1657646392864 duration: 22retValue:
onExit - Class: BaseNCodecOutputStream.java.java method: public void org.apache.commons.codec.binary.BaseNCodecOutputStream.eof() throws java.io.IOException start: 1657646392834 end: 1657646392871 duration: 37retValue:
onEnter - Class: BaseNCodecOutputStream.java method: public void org.apache.commons.codec.binary.BaseNCodecOutputStream.flush() throws java.io.IOException
MethodEnter
query: SELECT f.* FROM perfrt.files AS f INNER JOIN perfrt.commits AS c ON f.commit_id = c.id WHERE c.commit_hash='8871e9c72eefda5b047d8e9fcc3654e5fab3c198' AND f.name LIKE '%BaseNCodecOutputStream.java';
onEnter - Class: BaseNCodecOutputStream.java method: public void org.apache.commons.codec.binary.BaseNCodecOutputStream.flush() throws java.io.IOException
MethodEnter
query: SELECT f.* FROM perfrt.files AS f INNER JOIN perfrt.commits AS c ON f.commit_id = c.id WHERE c.commit_hash='8871e9c72eefda5b047d8e9fcc3654e5fab3c198' AND f.name LIKE '%BaseNCodecOutputStream.java';
onEnter - Class: BaseNCodecOutputStream.java method: private void org.apache.commons.codec.binary.BaseNCodecOutputStream.flush(boolean) throws java.io.IOException
MethodEnter
query: SELECT f.* FROM perfrt.files AS f INNER JOIN perfrt.commits AS c ON f.commit_id = c.id WHERE c.commit_hash='8871e9c72eefda5b047d8e9fcc3654e5fab3c198' AND f.name LIKE '%BaseNCodecOutputStream.java';
onEnter - Class: BaseNCodec.java method: int org.apache.commons.codec.binary.BaseNCodec.available(org.apache.commons.codec.binary.BaseNCodec$Context)
MethodEnter
query: SELECT f.* FROM perfrt.files AS f INNER JOIN perfrt.commits AS c ON f.commit_id = c.id WHERE c.commit_hash='8871e9c72eefda5b047d8e9fcc3654e5fab3c198' AND f.name LIKE '%BaseNCodec.java';
onEnter - Class: BaseNCodec.java method: int org.apache.commons.codec.binary.BaseNCodec.available(org.apache.commons.codec.binary.BaseNCodec$Context)
MethodEnter
query: SELECT f.* FROM perfrt.files AS f INNER JOIN perfrt.commits AS c ON f.commit_id = c.id WHERE c.commit_hash='8871e9c72eefda5b047d8e9fcc3654e5fab3c198' AND f.name LIKE '%BaseNCodec.java';
onEnter - Class: BaseNCodec.java method: boolean org.apache.commons.codec.binary.BaseNCodec.hasData(org.apache.commons.codec.binary.BaseNCodec$Context)
MethodEnter
query: SELECT f.* FROM perfrt.files AS f INNER JOIN perfrt.commits AS c ON f.commit_id = c.id WHERE c.commit_hash='8871e9c72eefda5b047d8e9fcc3654e5fab3c198' AND f.name LIKE '%BaseNCodec.java';
onEnter - Class: BaseNCodec.java method: boolean org.apache.commons.codec.binary.BaseNCodec.hasData(org.apache.commons.codec.binary.BaseNCodec$Context)
MethodEnter
query: SELECT f.* FROM perfrt.files AS f INNER JOIN perfrt.commits AS c ON f.commit_id = c.id WHERE c.commit_hash='8871e9c72eefda5b047d8e9fcc3654e5fab3c198' AND f.name LIKE '%BaseNCodec.java';
onExit - Class: BaseNCodec.java.java method: boolean org.apache.commons.codec.binary.BaseNCodec.hasData(org.apache.commons.codec.binary.BaseNCodec$Context) start: 1657646392926 end: 1657646392934 duration: 8retValue:
onExit - Class: BaseNCodec.java.java method: boolean org.apache.commons.codec.binary.BaseNCodec.hasData(org.apache.commons.codec.binary.BaseNCodec$Context) start: 1657646392919 end: 1657646392940 duration: 21retValue:
onExit - Class: BaseNCodec.java.java method: int org.apache.commons.codec.binary.BaseNCodec.available(org.apache.commons.codec.binary.BaseNCodec$Context) start: 1657646392912 end: 1657646392948 duration: 36retValue:
onExit - Class: BaseNCodec.java.java method: int org.apache.commons.codec.binary.BaseNCodec.available(org.apache.commons.codec.binary.BaseNCodec$Context) start: 1657646392904 end: 1657646392955 duration: 51retValue:
onExit - Class: BaseNCodecOutputStream.java.java method: private void org.apache.commons.codec.binary.BaseNCodecOutputStream.flush(boolean) throws java.io.IOException start: 1657646392895 end: 1657646392963 duration: 68retValue:
onExit - Class: BaseNCodecOutputStream.java.java method: public void org.apache.commons.codec.binary.BaseNCodecOutputStream.flush() throws java.io.IOException start: 1657646392886 end: 1657646392970 duration: 84retValue:
onExit - Class: BaseNCodecOutputStream.java.java method: public void org.apache.commons.codec.binary.BaseNCodecOutputStream.flush() throws java.io.IOException start: 1657646392879 end: 1657646392976 duration: 97retValue:
onExit - Class: BaseNCodecOutputStream.java.java method: public void org.apache.commons.codec.binary.BaseNCodecOutputStream.close() throws java.io.IOException start: 1657646392827 end: 1657646392984 duration: 157retValue:
onExit - Class: BaseNCodecOutputStream.java.java method: public void org.apache.commons.codec.binary.BaseNCodecOutputStream.close() throws java.io.IOException start: 1657646392820 end: 1657646392992 duration: 172retValue:
onEnter - Class: FilterOutputStream.java method: public void java.io.FilterOutputStream.write(byte[]) throws java.io.IOException
MethodEnter
query: SELECT f.* FROM perfrt.files AS f INNER JOIN perfrt.commits AS c ON f.commit_id = c.id WHERE c.commit_hash='8871e9c72eefda5b047d8e9fcc3654e5fab3c198' AND f.name LIKE '%FilterOutputStream.java';
onEnter - Class: FilterOutputStream.java method: public void java.io.FilterOutputStream.write(byte[]) throws java.io.IOException
MethodEnter
query: SELECT f.* FROM perfrt.files AS f INNER JOIN perfrt.commits AS c ON f.commit_id = c.id WHERE c.commit_hash='8871e9c72eefda5b047d8e9fcc3654e5fab3c198' AND f.name LIKE '%FilterOutputStream.java';
onEnter - Class: BaseNCodecOutputStream.java method: public void org.apache.commons.codec.binary.BaseNCodecOutputStream.write(byte[],int,int) throws java.io.IOException
MethodEnter
query: SELECT f.* FROM perfrt.files AS f INNER JOIN perfrt.commits AS c ON f.commit_id = c.id WHERE c.commit_hash='8871e9c72eefda5b047d8e9fcc3654e5fab3c198' AND f.name LIKE '%BaseNCodecOutputStream.java';
onEnter - Class: BaseNCodecOutputStream.java method: public void org.apache.commons.codec.binary.BaseNCodecOutputStream.write(byte[],int,int) throws java.io.IOException
MethodEnter
query: SELECT f.* FROM perfrt.files AS f INNER JOIN perfrt.commits AS c ON f.commit_id = c.id WHERE c.commit_hash='8871e9c72eefda5b047d8e9fcc3654e5fab3c198' AND f.name LIKE '%BaseNCodecOutputStream.java';
onExit - Class: BaseNCodecOutputStream.java.java method: public void org.apache.commons.codec.binary.BaseNCodecOutputStream.write(byte[],int,int) throws java.io.IOException start: 1657646393015 end: 1657646393023 duration: 8retValue:
onExit - Class: BaseNCodecOutputStream.java.java method: public void org.apache.commons.codec.binary.BaseNCodecOutputStream.write(byte[],int,int) throws java.io.IOException start: 1657646393008 end: 1657646393029 duration: 21retValue:
onExit - Class: FilterOutputStream.java.java method: public void java.io.FilterOutputStream.write(byte[]) throws java.io.IOException start: 1657646393003 end: 1657646393036 duration: 33retValue:
onExit - Class: FilterOutputStream.java.java method: public void java.io.FilterOutputStream.write(byte[]) throws java.io.IOException start: 1657646392999 end: 1657646393041 duration: 42retValue:
onEnter - Class: BaseNCodecOutputStream.java method: public void org.apache.commons.codec.binary.BaseNCodecOutputStream.close() throws java.io.IOException
MethodEnter
query: SELECT f.* FROM perfrt.files AS f INNER JOIN perfrt.commits AS c ON f.commit_id = c.id WHERE c.commit_hash='8871e9c72eefda5b047d8e9fcc3654e5fab3c198' AND f.name LIKE '%BaseNCodecOutputStream.java';
onEnter - Class: BaseNCodecOutputStream.java method: public void org.apache.commons.codec.binary.BaseNCodecOutputStream.close() throws java.io.IOException
MethodEnter
query: SELECT f.* FROM perfrt.files AS f INNER JOIN perfrt.commits AS c ON f.commit_id = c.id WHERE c.commit_hash='8871e9c72eefda5b047d8e9fcc3654e5fab3c198' AND f.name LIKE '%BaseNCodecOutputStream.java';
onEnter - Class: BaseNCodecOutputStream.java method: public void org.apache.commons.codec.binary.BaseNCodecOutputStream.eof() throws java.io.IOException
MethodEnter
query: SELECT f.* FROM perfrt.files AS f INNER JOIN perfrt.commits AS c ON f.commit_id = c.id WHERE c.commit_hash='8871e9c72eefda5b047d8e9fcc3654e5fab3c198' AND f.name LIKE '%BaseNCodecOutputStream.java';
onEnter - Class: BaseNCodecOutputStream.java method: public void org.apache.commons.codec.binary.BaseNCodecOutputStream.eof() throws java.io.IOException
MethodEnter
query: SELECT f.* FROM perfrt.files AS f INNER JOIN perfrt.commits AS c ON f.commit_id = c.id WHERE c.commit_hash='8871e9c72eefda5b047d8e9fcc3654e5fab3c198' AND f.name LIKE '%BaseNCodecOutputStream.java';
onEnter - Class: Base16.java method: void org.apache.commons.codec.binary.Base16.encode(byte[],int,int,org.apache.commons.codec.binary.BaseNCodec$Context)
MethodEnter
query: SELECT f.* FROM perfrt.files AS f INNER JOIN perfrt.commits AS c ON f.commit_id = c.id WHERE c.commit_hash='8871e9c72eefda5b047d8e9fcc3654e5fab3c198' AND f.name LIKE '%Base16.java';
onExit - Class: Base16.java.java method: void org.apache.commons.codec.binary.Base16.encode(byte[],int,int,org.apache.commons.codec.binary.BaseNCodec$Context) start: 1657646393075 end: 1657646393082 duration: 7retValue:
onExit - Class: BaseNCodecOutputStream.java.java method: public void org.apache.commons.codec.binary.BaseNCodecOutputStream.eof() throws java.io.IOException start: 1657646393068 end: 1657646393089 duration: 21retValue:
onExit - Class: BaseNCodecOutputStream.java.java method: public void org.apache.commons.codec.binary.BaseNCodecOutputStream.eof() throws java.io.IOException start: 1657646393061 end: 1657646393096 duration: 35retValue:
onEnter - Class: BaseNCodecOutputStream.java method: public void org.apache.commons.codec.binary.BaseNCodecOutputStream.flush() throws java.io.IOException
MethodEnter
query: SELECT f.* FROM perfrt.files AS f INNER JOIN perfrt.commits AS c ON f.commit_id = c.id WHERE c.commit_hash='8871e9c72eefda5b047d8e9fcc3654e5fab3c198' AND f.name LIKE '%BaseNCodecOutputStream.java';
onEnter - Class: BaseNCodecOutputStream.java method: public void org.apache.commons.codec.binary.BaseNCodecOutputStream.flush() throws java.io.IOException
MethodEnter
query: SELECT f.* FROM perfrt.files AS f INNER JOIN perfrt.commits AS c ON f.commit_id = c.id WHERE c.commit_hash='8871e9c72eefda5b047d8e9fcc3654e5fab3c198' AND f.name LIKE '%BaseNCodecOutputStream.java';
onEnter - Class: BaseNCodecOutputStream.java method: private void org.apache.commons.codec.binary.BaseNCodecOutputStream.flush(boolean) throws java.io.IOException
MethodEnter
query: SELECT f.* FROM perfrt.files AS f INNER JOIN perfrt.commits AS c ON f.commit_id = c.id WHERE c.commit_hash='8871e9c72eefda5b047d8e9fcc3654e5fab3c198' AND f.name LIKE '%BaseNCodecOutputStream.java';
onEnter - Class: BaseNCodec.java method: int org.apache.commons.codec.binary.BaseNCodec.available(org.apache.commons.codec.binary.BaseNCodec$Context)
MethodEnter
query: SELECT f.* FROM perfrt.files AS f INNER JOIN perfrt.commits AS c ON f.commit_id = c.id WHERE c.commit_hash='8871e9c72eefda5b047d8e9fcc3654e5fab3c198' AND f.name LIKE '%BaseNCodec.java';
onEnter - Class: BaseNCodec.java method: int org.apache.commons.codec.binary.BaseNCodec.available(org.apache.commons.codec.binary.BaseNCodec$Context)
MethodEnter
query: SELECT f.* FROM perfrt.files AS f INNER JOIN perfrt.commits AS c ON f.commit_id = c.id WHERE c.commit_hash='8871e9c72eefda5b047d8e9fcc3654e5fab3c198' AND f.name LIKE '%BaseNCodec.java';
onEnter - Class: BaseNCodec.java method: boolean org.apache.commons.codec.binary.BaseNCodec.hasData(org.apache.commons.codec.binary.BaseNCodec$Context)
MethodEnter
query: SELECT f.* FROM perfrt.files AS f INNER JOIN perfrt.commits AS c ON f.commit_id = c.id WHERE c.commit_hash='8871e9c72eefda5b047d8e9fcc3654e5fab3c198' AND f.name LIKE '%BaseNCodec.java';
onEnter - Class: BaseNCodec.java method: boolean org.apache.commons.codec.binary.BaseNCodec.hasData(org.apache.commons.codec.binary.BaseNCodec$Context)
MethodEnter
query: SELECT f.* FROM perfrt.files AS f INNER JOIN perfrt.commits AS c ON f.commit_id = c.id WHERE c.commit_hash='8871e9c72eefda5b047d8e9fcc3654e5fab3c198' AND f.name LIKE '%BaseNCodec.java';
onExit - Class: BaseNCodec.java.java method: boolean org.apache.commons.codec.binary.BaseNCodec.hasData(org.apache.commons.codec.binary.BaseNCodec$Context) start: 1657646393151 end: 1657646393159 duration: 8retValue:
onExit - Class: BaseNCodec.java.java method: boolean org.apache.commons.codec.binary.BaseNCodec.hasData(org.apache.commons.codec.binary.BaseNCodec$Context) start: 1657646393144 end: 1657646393166 duration: 22retValue:
onExit - Class: BaseNCodec.java.java method: int org.apache.commons.codec.binary.BaseNCodec.available(org.apache.commons.codec.binary.BaseNCodec$Context) start: 1657646393136 end: 1657646393173 duration: 37retValue:
onExit - Class: BaseNCodec.java.java method: int org.apache.commons.codec.binary.BaseNCodec.available(org.apache.commons.codec.binary.BaseNCodec$Context) start: 1657646393127 end: 1657646393181 duration: 54retValue:
onEnter - Class: BaseNCodecOutputStream.java method: public void org.apache.commons.codec.binary.BaseNCodecOutputStream.flush() throws java.io.IOException
MethodEnter
query: SELECT f.* FROM perfrt.files AS f INNER JOIN perfrt.commits AS c ON f.commit_id = c.id WHERE c.commit_hash='8871e9c72eefda5b047d8e9fcc3654e5fab3c198' AND f.name LIKE '%BaseNCodecOutputStream.java';
onEnter - Class: BaseNCodecOutputStream.java method: public void org.apache.commons.codec.binary.BaseNCodecOutputStream.flush() throws java.io.IOException
MethodEnter
query: SELECT f.* FROM perfrt.files AS f INNER JOIN perfrt.commits AS c ON f.commit_id = c.id WHERE c.commit_hash='8871e9c72eefda5b047d8e9fcc3654e5fab3c198' AND f.name LIKE '%BaseNCodecOutputStream.java';
onEnter - Class: BaseNCodecOutputStream.java method: private void org.apache.commons.codec.binary.BaseNCodecOutputStream.flush(boolean) throws java.io.IOException
MethodEnter
query: SELECT f.* FROM perfrt.files AS f INNER JOIN perfrt.commits AS c ON f.commit_id = c.id WHERE c.commit_hash='8871e9c72eefda5b047d8e9fcc3654e5fab3c198' AND f.name LIKE '%BaseNCodecOutputStream.java';
onEnter - Class: BaseNCodec.java method: int org.apache.commons.codec.binary.BaseNCodec.available(org.apache.commons.codec.binary.BaseNCodec$Context)
MethodEnter
query: SELECT f.* FROM perfrt.files AS f INNER JOIN perfrt.commits AS c ON f.commit_id = c.id WHERE c.commit_hash='8871e9c72eefda5b047d8e9fcc3654e5fab3c198' AND f.name LIKE '%BaseNCodec.java';
onEnter - Class: BaseNCodec.java method: int org.apache.commons.codec.binary.BaseNCodec.available(org.apache.commons.codec.binary.BaseNCodec$Context)
MethodEnter
query: SELECT f.* FROM perfrt.files AS f INNER JOIN perfrt.commits AS c ON f.commit_id = c.id WHERE c.commit_hash='8871e9c72eefda5b047d8e9fcc3654e5fab3c198' AND f.name LIKE '%BaseNCodec.java';
onEnter - Class: BaseNCodec.java method: boolean org.apache.commons.codec.binary.BaseNCodec.hasData(org.apache.commons.codec.binary.BaseNCodec$Context)
MethodEnter
query: SELECT f.* FROM perfrt.files AS f INNER JOIN perfrt.commits AS c ON f.commit_id = c.id WHERE c.commit_hash='8871e9c72eefda5b047d8e9fcc3654e5fab3c198' AND f.name LIKE '%BaseNCodec.java';
onEnter - Class: BaseNCodec.java method: boolean org.apache.commons.codec.binary.BaseNCodec.hasData(org.apache.commons.codec.binary.BaseNCodec$Context)
MethodEnter
query: SELECT f.* FROM perfrt.files AS f INNER JOIN perfrt.commits AS c ON f.commit_id = c.id WHERE c.commit_hash='8871e9c72eefda5b047d8e9fcc3654e5fab3c198' AND f.name LIKE '%BaseNCodec.java';
onExit - Class: BaseNCodec.java.java method: boolean org.apache.commons.codec.binary.BaseNCodec.hasData(org.apache.commons.codec.binary.BaseNCodec$Context) start: 1657646393232 end: 1657646393240 duration: 8retValue:
onExit - Class: BaseNCodec.java.java method: boolean org.apache.commons.codec.binary.BaseNCodec.hasData(org.apache.commons.codec.binary.BaseNCodec$Context) start: 1657646393225 end: 1657646393247 duration: 22retValue:
onExit - Class: BaseNCodec.java.java method: int org.apache.commons.codec.binary.BaseNCodec.available(org.apache.commons.codec.binary.BaseNCodec$Context) start: 1657646393218 end: 1657646393255 duration: 37retValue:
onExit - Class: BaseNCodec.java.java method: int org.apache.commons.codec.binary.BaseNCodec.available(org.apache.commons.codec.binary.BaseNCodec$Context) start: 1657646393210 end: 1657646393262 duration: 52retValue:
onExit - Class: BaseNCodecOutputStream.java.java method: private void org.apache.commons.codec.binary.BaseNCodecOutputStream.flush(boolean) throws java.io.IOException start: 1657646393203 end: 1657646393270 duration: 67retValue:
onExit - Class: BaseNCodecOutputStream.java.java method: public void org.apache.commons.codec.binary.BaseNCodecOutputStream.flush() throws java.io.IOException start: 1657646393196 end: 1657646393278 duration: 82retValue:
onExit - Class: BaseNCodecOutputStream.java.java method: public void org.apache.commons.codec.binary.BaseNCodecOutputStream.flush() throws java.io.IOException start: 1657646393188 end: 1657646393285 duration: 97retValue:
onExit - Class: BaseNCodecOutputStream.java.java method: private void org.apache.commons.codec.binary.BaseNCodecOutputStream.flush(boolean) throws java.io.IOException start: 1657646393118 end: 1657646393292 duration: 174retValue:
onExit - Class: BaseNCodecOutputStream.java.java method: public void org.apache.commons.codec.binary.BaseNCodecOutputStream.flush() throws java.io.IOException start: 1657646393111 end: 1657646393299 duration: 188retValue:
onExit - Class: BaseNCodecOutputStream.java.java method: public void org.apache.commons.codec.binary.BaseNCodecOutputStream.flush() throws java.io.IOException start: 1657646393104 end: 1657646393307 duration: 203retValue:
onEnter - Class: BaseNCodecOutputStream.java method: public void org.apache.commons.codec.binary.BaseNCodecOutputStream.close() throws java.io.IOException
MethodEnter
query: SELECT f.* FROM perfrt.files AS f INNER JOIN perfrt.commits AS c ON f.commit_id = c.id WHERE c.commit_hash='8871e9c72eefda5b047d8e9fcc3654e5fab3c198' AND f.name LIKE '%BaseNCodecOutputStream.java';
onEnter - Class: BaseNCodecOutputStream.java method: public void org.apache.commons.codec.binary.BaseNCodecOutputStream.close() throws java.io.IOException
MethodEnter
query: SELECT f.* FROM perfrt.files AS f INNER JOIN perfrt.commits AS c ON f.commit_id = c.id WHERE c.commit_hash='8871e9c72eefda5b047d8e9fcc3654e5fab3c198' AND f.name LIKE '%BaseNCodecOutputStream.java';
onEnter - Class: BaseNCodecOutputStream.java method: public void org.apache.commons.codec.binary.BaseNCodecOutputStream.eof() throws java.io.IOException
MethodEnter
query: SELECT f.* FROM perfrt.files AS f INNER JOIN perfrt.commits AS c ON f.commit_id = c.id WHERE c.commit_hash='8871e9c72eefda5b047d8e9fcc3654e5fab3c198' AND f.name LIKE '%BaseNCodecOutputStream.java';
onEnter - Class: BaseNCodecOutputStream.java method: public void org.apache.commons.codec.binary.BaseNCodecOutputStream.eof() throws java.io.IOException
MethodEnter
query: SELECT f.* FROM perfrt.files AS f INNER JOIN perfrt.commits AS c ON f.commit_id = c.id WHERE c.commit_hash='8871e9c72eefda5b047d8e9fcc3654e5fab3c198' AND f.name LIKE '%BaseNCodecOutputStream.java';
onEnter - Class: Base16.java method: void org.apache.commons.codec.binary.Base16.decode(byte[],int,int,org.apache.commons.codec.binary.BaseNCodec$Context)
MethodEnter
query: SELECT f.* FROM perfrt.files AS f INNER JOIN perfrt.commits AS c ON f.commit_id = c.id WHERE c.commit_hash='8871e9c72eefda5b047d8e9fcc3654e5fab3c198' AND f.name LIKE '%Base16.java';
onExit - Class: Base16.java.java method: void org.apache.commons.codec.binary.Base16.decode(byte[],int,int,org.apache.commons.codec.binary.BaseNCodec$Context) start: 1657646393345 end: 1657646393360 duration: 15retValue:
onExit - Class: BaseNCodecOutputStream.java.java method: public void org.apache.commons.codec.binary.BaseNCodecOutputStream.eof() throws java.io.IOException start: 1657646393335 end: 1657646393368 duration: 33retValue:
onExit - Class: BaseNCodecOutputStream.java.java method: public void org.apache.commons.codec.binary.BaseNCodecOutputStream.eof() throws java.io.IOException start: 1657646393328 end: 1657646393375 duration: 47retValue:
onEnter - Class: BaseNCodecOutputStream.java method: public void org.apache.commons.codec.binary.BaseNCodecOutputStream.flush() throws java.io.IOException
MethodEnter
query: SELECT f.* FROM perfrt.files AS f INNER JOIN perfrt.commits AS c ON f.commit_id = c.id WHERE c.commit_hash='8871e9c72eefda5b047d8e9fcc3654e5fab3c198' AND f.name LIKE '%BaseNCodecOutputStream.java';
onEnter - Class: BaseNCodecOutputStream.java method: public void org.apache.commons.codec.binary.BaseNCodecOutputStream.flush() throws java.io.IOException
MethodEnter
query: SELECT f.* FROM perfrt.files AS f INNER JOIN perfrt.commits AS c ON f.commit_id = c.id WHERE c.commit_hash='8871e9c72eefda5b047d8e9fcc3654e5fab3c198' AND f.name LIKE '%BaseNCodecOutputStream.java';
onEnter - Class: BaseNCodecOutputStream.java method: private void org.apache.commons.codec.binary.BaseNCodecOutputStream.flush(boolean) throws java.io.IOException
MethodEnter
query: SELECT f.* FROM perfrt.files AS f INNER JOIN perfrt.commits AS c ON f.commit_id = c.id WHERE c.commit_hash='8871e9c72eefda5b047d8e9fcc3654e5fab3c198' AND f.name LIKE '%BaseNCodecOutputStream.java';
onEnter - Class: BaseNCodec.java method: int org.apache.commons.codec.binary.BaseNCodec.available(org.apache.commons.codec.binary.BaseNCodec$Context)
MethodEnter
query: SELECT f.* FROM perfrt.files AS f INNER JOIN perfrt.commits AS c ON f.commit_id = c.id WHERE c.commit_hash='8871e9c72eefda5b047d8e9fcc3654e5fab3c198' AND f.name LIKE '%BaseNCodec.java';
onEnter - Class: BaseNCodec.java method: int org.apache.commons.codec.binary.BaseNCodec.available(org.apache.commons.codec.binary.BaseNCodec$Context)
MethodEnter
query: SELECT f.* FROM perfrt.files AS f INNER JOIN perfrt.commits AS c ON f.commit_id = c.id WHERE c.commit_hash='8871e9c72eefda5b047d8e9fcc3654e5fab3c198' AND f.name LIKE '%BaseNCodec.java';
onEnter - Class: BaseNCodec.java method: boolean org.apache.commons.codec.binary.BaseNCodec.hasData(org.apache.commons.codec.binary.BaseNCodec$Context)
MethodEnter
query: SELECT f.* FROM perfrt.files AS f INNER JOIN perfrt.commits AS c ON f.commit_id = c.id WHERE c.commit_hash='8871e9c72eefda5b047d8e9fcc3654e5fab3c198' AND f.name LIKE '%BaseNCodec.java';
onEnter - Class: BaseNCodec.java method: boolean org.apache.commons.codec.binary.BaseNCodec.hasData(org.apache.commons.codec.binary.BaseNCodec$Context)
MethodEnter
query: SELECT f.* FROM perfrt.files AS f INNER JOIN perfrt.commits AS c ON f.commit_id = c.id WHERE c.commit_hash='8871e9c72eefda5b047d8e9fcc3654e5fab3c198' AND f.name LIKE '%BaseNCodec.java';
onExit - Class: BaseNCodec.java.java method: boolean org.apache.commons.codec.binary.BaseNCodec.hasData(org.apache.commons.codec.binary.BaseNCodec$Context) start: 1657646393434 end: 1657646393442 duration: 8retValue:
onExit - Class: BaseNCodec.java.java method: boolean org.apache.commons.codec.binary.BaseNCodec.hasData(org.apache.commons.codec.binary.BaseNCodec$Context) start: 1657646393425 end: 1657646393450 duration: 25retValue:
onExit - Class: BaseNCodec.java.java method: int org.apache.commons.codec.binary.BaseNCodec.available(org.apache.commons.codec.binary.BaseNCodec$Context) start: 1657646393417 end: 1657646393458 duration: 41retValue:
onExit - Class: BaseNCodec.java.java method: int org.apache.commons.codec.binary.BaseNCodec.available(org.apache.commons.codec.binary.BaseNCodec$Context) start: 1657646393409 end: 1657646393466 duration: 57retValue:
onExit - Class: BaseNCodecOutputStream.java.java method: private void org.apache.commons.codec.binary.BaseNCodecOutputStream.flush(boolean) throws java.io.IOException start: 1657646393401 end: 1657646393474 duration: 73retValue:
onExit - Class: BaseNCodecOutputStream.java.java method: public void org.apache.commons.codec.binary.BaseNCodecOutputStream.flush() throws java.io.IOException start: 1657646393392 end: 1657646393482 duration: 90retValue:
onExit - Class: BaseNCodecOutputStream.java.java method: public void org.apache.commons.codec.binary.BaseNCodecOutputStream.flush() throws java.io.IOException start: 1657646393384 end: 1657646393491 duration: 107retValue:
onExit - Class: BaseNCodecOutputStream.java.java method: public void org.apache.commons.codec.binary.BaseNCodecOutputStream.close() throws java.io.IOException start: 1657646393321 end: 1657646393498 duration: 177retValue:
onExit - Class: BaseNCodecOutputStream.java.java method: public void org.apache.commons.codec.binary.BaseNCodecOutputStream.close() throws java.io.IOException start: 1657646393313 end: 1657646393507 duration: 194retValue:
onExit - Class: BaseNCodecOutputStream.java.java method: public void org.apache.commons.codec.binary.BaseNCodecOutputStream.close() throws java.io.IOException start: 1657646393053 end: 1657646393515 duration: 462retValue:
onExit - Class: BaseNCodecOutputStream.java.java method: public void org.apache.commons.codec.binary.BaseNCodecOutputStream.close() throws java.io.IOException start: 1657646393046 end: 1657646393524 duration: 478retValue:
onEnter - Class: BaseNCodecOutputStream.java method: public void org.apache.commons.codec.binary.BaseNCodecOutputStream.close() throws java.io.IOException
MethodEnter
query: SELECT f.* FROM perfrt.files AS f INNER JOIN perfrt.commits AS c ON f.commit_id = c.id WHERE c.commit_hash='8871e9c72eefda5b047d8e9fcc3654e5fab3c198' AND f.name LIKE '%BaseNCodecOutputStream.java';
onEnter - Class: BaseNCodecOutputStream.java method: public void org.apache.commons.codec.binary.BaseNCodecOutputStream.close() throws java.io.IOException
MethodEnter
query: SELECT f.* FROM perfrt.files AS f INNER JOIN perfrt.commits AS c ON f.commit_id = c.id WHERE c.commit_hash='8871e9c72eefda5b047d8e9fcc3654e5fab3c198' AND f.name LIKE '%BaseNCodecOutputStream.java';
onEnter - Class: BaseNCodecOutputStream.java method: public void org.apache.commons.codec.binary.BaseNCodecOutputStream.eof() throws java.io.IOException
MethodEnter
query: SELECT f.* FROM perfrt.files AS f INNER JOIN perfrt.commits AS c ON f.commit_id = c.id WHERE c.commit_hash='8871e9c72eefda5b047d8e9fcc3654e5fab3c198' AND f.name LIKE '%BaseNCodecOutputStream.java';
onEnter - Class: BaseNCodecOutputStream.java method: public void org.apache.commons.codec.binary.BaseNCodecOutputStream.eof() throws java.io.IOException
MethodEnter
query: SELECT f.* FROM perfrt.files AS f INNER JOIN perfrt.commits AS c ON f.commit_id = c.id WHERE c.commit_hash='8871e9c72eefda5b047d8e9fcc3654e5fab3c198' AND f.name LIKE '%BaseNCodecOutputStream.java';
onEnter - Class: Base16.java method: void org.apache.commons.codec.binary.Base16.decode(byte[],int,int,org.apache.commons.codec.binary.BaseNCodec$Context)
MethodEnter
query: SELECT f.* FROM perfrt.files AS f INNER JOIN perfrt.commits AS c ON f.commit_id = c.id WHERE c.commit_hash='8871e9c72eefda5b047d8e9fcc3654e5fab3c198' AND f.name LIKE '%Base16.java';
onExit - Class: Base16.java.java method: void org.apache.commons.codec.binary.Base16.decode(byte[],int,int,org.apache.commons.codec.binary.BaseNCodec$Context) start: 1657646393565 end: 1657646393572 duration: 7retValue:
onExit - Class: BaseNCodecOutputStream.java.java method: public void org.apache.commons.codec.binary.BaseNCodecOutputStream.eof() throws java.io.IOException start: 1657646393557 end: 1657646393582 duration: 25retValue:
onExit - Class: BaseNCodecOutputStream.java.java method: public void org.apache.commons.codec.binary.BaseNCodecOutputStream.eof() throws java.io.IOException start: 1657646393548 end: 1657646393591 duration: 43retValue:
onEnter - Class: BaseNCodecOutputStream.java method: public void org.apache.commons.codec.binary.BaseNCodecOutputStream.flush() throws java.io.IOException
MethodEnter
query: SELECT f.* FROM perfrt.files AS f INNER JOIN perfrt.commits AS c ON f.commit_id = c.id WHERE c.commit_hash='8871e9c72eefda5b047d8e9fcc3654e5fab3c198' AND f.name LIKE '%BaseNCodecOutputStream.java';
onEnter - Class: BaseNCodecOutputStream.java method: public void org.apache.commons.codec.binary.BaseNCodecOutputStream.flush() throws java.io.IOException
MethodEnter
query: SELECT f.* FROM perfrt.files AS f INNER JOIN perfrt.commits AS c ON f.commit_id = c.id WHERE c.commit_hash='8871e9c72eefda5b047d8e9fcc3654e5fab3c198' AND f.name LIKE '%BaseNCodecOutputStream.java';
onEnter - Class: BaseNCodecOutputStream.java method: private void org.apache.commons.codec.binary.BaseNCodecOutputStream.flush(boolean) throws java.io.IOException
MethodEnter
query: SELECT f.* FROM perfrt.files AS f INNER JOIN perfrt.commits AS c ON f.commit_id = c.id WHERE c.commit_hash='8871e9c72eefda5b047d8e9fcc3654e5fab3c198' AND f.name LIKE '%BaseNCodecOutputStream.java';
onEnter - Class: BaseNCodec.java method: int org.apache.commons.codec.binary.BaseNCodec.available(org.apache.commons.codec.binary.BaseNCodec$Context)
MethodEnter
query: SELECT f.* FROM perfrt.files AS f INNER JOIN perfrt.commits AS c ON f.commit_id = c.id WHERE c.commit_hash='8871e9c72eefda5b047d8e9fcc3654e5fab3c198' AND f.name LIKE '%BaseNCodec.java';
onEnter - Class: BaseNCodec.java method: int org.apache.commons.codec.binary.BaseNCodec.available(org.apache.commons.codec.binary.BaseNCodec$Context)
MethodEnter
query: SELECT f.* FROM perfrt.files AS f INNER JOIN perfrt.commits AS c ON f.commit_id = c.id WHERE c.commit_hash='8871e9c72eefda5b047d8e9fcc3654e5fab3c198' AND f.name LIKE '%BaseNCodec.java';
onEnter - Class: BaseNCodec.java method: boolean org.apache.commons.codec.binary.BaseNCodec.hasData(org.apache.commons.codec.binary.BaseNCodec$Context)
MethodEnter
query: SELECT f.* FROM perfrt.files AS f INNER JOIN perfrt.commits AS c ON f.commit_id = c.id WHERE c.commit_hash='8871e9c72eefda5b047d8e9fcc3654e5fab3c198' AND f.name LIKE '%BaseNCodec.java';
onEnter - Class: BaseNCodec.java method: boolean org.apache.commons.codec.binary.BaseNCodec.hasData(org.apache.commons.codec.binary.BaseNCodec$Context)
MethodEnter
query: SELECT f.* FROM perfrt.files AS f INNER JOIN perfrt.commits AS c ON f.commit_id = c.id WHERE c.commit_hash='8871e9c72eefda5b047d8e9fcc3654e5fab3c198' AND f.name LIKE '%BaseNCodec.java';
onExit - Class: BaseNCodec.java.java method: boolean org.apache.commons.codec.binary.BaseNCodec.hasData(org.apache.commons.codec.binary.BaseNCodec$Context) start: 1657646393649 end: 1657646393657 duration: 8retValue:
onExit - Class: BaseNCodec.java.java method: boolean org.apache.commons.codec.binary.BaseNCodec.hasData(org.apache.commons.codec.binary.BaseNCodec$Context) start: 1657646393641 end: 1657646393667 duration: 26retValue:
onExit - Class: BaseNCodec.java.java method: int org.apache.commons.codec.binary.BaseNCodec.available(org.apache.commons.codec.binary.BaseNCodec$Context) start: 1657646393632 end: 1657646393695 duration: 63retValue:
onExit - Class: BaseNCodec.java.java method: int org.apache.commons.codec.binary.BaseNCodec.available(org.apache.commons.codec.binary.BaseNCodec$Context) start: 1657646393624 end: 1657646393723 duration: 99retValue:
onExit - Class: BaseNCodecOutputStream.java.java method: private void org.apache.commons.codec.binary.BaseNCodecOutputStream.flush(boolean) throws java.io.IOException start: 1657646393616 end: 1657646393746 duration: 130retValue:
onExit - Class: BaseNCodecOutputStream.java.java method: public void org.apache.commons.codec.binary.BaseNCodecOutputStream.flush() throws java.io.IOException start: 1657646393608 end: 1657646393757 duration: 149retValue:
onExit - Class: BaseNCodecOutputStream.java.java method: public void org.apache.commons.codec.binary.BaseNCodecOutputStream.flush() throws java.io.IOException start: 1657646393600 end: 1657646393767 duration: 167retValue:
onExit - Class: BaseNCodecOutputStream.java.java method: public void org.apache.commons.codec.binary.BaseNCodecOutputStream.close() throws java.io.IOException start: 1657646393540 end: 1657646393777 duration: 237retValue:
onExit - Class: BaseNCodecOutputStream.java.java method: public void org.apache.commons.codec.binary.BaseNCodecOutputStream.close() throws java.io.IOException start: 1657646393532 end: 1657646393787 duration: 255retValue:
onExit - Class: Base16OutputStreamTest.java.java method: private void org.apache.commons.codec.binary.Base16OutputStreamTest.testByChunk(byte[],byte[],boolean) throws java.io.IOException start: 1657646392471 end: 1657646393796 duration: 1325retValue:
onExit - Class: Base16OutputStreamTest.java.java method: private void org.apache.commons.codec.binary.Base16OutputStreamTest.testByChunk(byte[],byte[]) throws java.io.IOException start: 1657646392462 end: 1657646393806 duration: 1344retValue:
onExit - Class: Base16OutputStreamTest.java.java method: public void org.apache.commons.codec.binary.Base16OutputStreamTest.testBase16EmptyOutputStream() throws java.io.IOException start: 1657646390586 end: 1657646393816 duration: 3230retValue:

Thanks for using JUnit! Support its development at https://junit.org/sponsoring

[36m[0m
[36m[0m [36mJUnit Jupiter[0m [32m[0m
[36m  [0m [36mBase16OutputStreamTest[0m [32m[0m
[36m     [0m [34mtestBase16EmptyOutputStream()[0m [32m[0m
[36m[0m [36mJUnit Vintage[0m [32m[0m

Test run finished after 3290 ms
[         3 containers found      ]
[         0 containers skipped    ]
[         3 containers started    ]
[         0 containers aborted    ]
[         3 containers successful ]
[         0 containers failed     ]
[         1 tests found           ]
[         0 tests skipped         ]
[         1 tests started         ]
[         0 tests aborted         ]
[         1 tests successful      ]
[         0 tests failed          ]

