Premain
onEnter - Class: Base16Test.java method: public void org.apache.commons.codec.binary.Base16Test.testConstructor_LowerCase()
MethodEnter
query: SELECT f.* FROM perfrt.files AS f INNER JOIN perfrt.commits AS c ON f.commit_id = c.id WHERE c.commit_hash='8871e9c72eefda5b047d8e9fcc3654e5fab3c198' AND f.name LIKE '%Base16Test.java';
onEnter - Class: BaseNCodec.java method: public byte[] org.apache.commons.codec.binary.BaseNCodec.encode(byte[])
MethodEnter
query: SELECT f.* FROM perfrt.files AS f INNER JOIN perfrt.commits AS c ON f.commit_id = c.id WHERE c.commit_hash='8871e9c72eefda5b047d8e9fcc3654e5fab3c198' AND f.name LIKE '%BaseNCodec.java';
onEnter - Class: BaseNCodec.java method: public byte[] org.apache.commons.codec.binary.BaseNCodec.encode(byte[])
MethodEnter
query: SELECT f.* FROM perfrt.files AS f INNER JOIN perfrt.commits AS c ON f.commit_id = c.id WHERE c.commit_hash='8871e9c72eefda5b047d8e9fcc3654e5fab3c198' AND f.name LIKE '%BaseNCodec.java';
onEnter - Class: BinaryCodec.java method: static boolean org.apache.commons.codec.binary.BinaryCodec.isEmpty(byte[])
MethodEnter
query: SELECT f.* FROM perfrt.files AS f INNER JOIN perfrt.commits AS c ON f.commit_id = c.id WHERE c.commit_hash='8871e9c72eefda5b047d8e9fcc3654e5fab3c198' AND f.name LIKE '%BinaryCodec.java';
onExit - Class: BinaryCodec.java.java method: static boolean org.apache.commons.codec.binary.BinaryCodec.isEmpty(byte[]) start: 1657658280884 end: 1657658280900 duration: 16retValue:
onEnter - Class: BaseNCodec.java method: public byte[] org.apache.commons.codec.binary.BaseNCodec.encode(byte[],int,int)
MethodEnter
query: SELECT f.* FROM perfrt.files AS f INNER JOIN perfrt.commits AS c ON f.commit_id = c.id WHERE c.commit_hash='8871e9c72eefda5b047d8e9fcc3654e5fab3c198' AND f.name LIKE '%BaseNCodec.java';
onEnter - Class: BaseNCodec.java method: public byte[] org.apache.commons.codec.binary.BaseNCodec.encode(byte[],int,int)
MethodEnter
query: SELECT f.* FROM perfrt.files AS f INNER JOIN perfrt.commits AS c ON f.commit_id = c.id WHERE c.commit_hash='8871e9c72eefda5b047d8e9fcc3654e5fab3c198' AND f.name LIKE '%BaseNCodec.java';
onEnter - Class: BinaryCodec.java method: static boolean org.apache.commons.codec.binary.BinaryCodec.isEmpty(byte[])
MethodEnter
query: SELECT f.* FROM perfrt.files AS f INNER JOIN perfrt.commits AS c ON f.commit_id = c.id WHERE c.commit_hash='8871e9c72eefda5b047d8e9fcc3654e5fab3c198' AND f.name LIKE '%BinaryCodec.java';
onExit - Class: BinaryCodec.java.java method: static boolean org.apache.commons.codec.binary.BinaryCodec.isEmpty(byte[]) start: 1657658280956 end: 1657658280969 duration: 13retValue:
onEnter - Class: Base16.java method: void org.apache.commons.codec.binary.Base16.encode(byte[],int,int,org.apache.commons.codec.binary.BaseNCodec$Context)
MethodEnter
query: SELECT f.* FROM perfrt.files AS f INNER JOIN perfrt.commits AS c ON f.commit_id = c.id WHERE c.commit_hash='8871e9c72eefda5b047d8e9fcc3654e5fab3c198' AND f.name LIKE '%Base16.java';
onEnter - Class: BaseNCodec.java method: protected byte[] org.apache.commons.codec.binary.BaseNCodec.ensureBufferSize(int,org.apache.commons.codec.binary.BaseNCodec$Context)
MethodEnter
query: SELECT f.* FROM perfrt.files AS f INNER JOIN perfrt.commits AS c ON f.commit_id = c.id WHERE c.commit_hash='8871e9c72eefda5b047d8e9fcc3654e5fab3c198' AND f.name LIKE '%BaseNCodec.java';
onEnter - Class: BaseNCodec.java method: protected byte[] org.apache.commons.codec.binary.BaseNCodec.ensureBufferSize(int,org.apache.commons.codec.binary.BaseNCodec$Context)
MethodEnter
query: SELECT f.* FROM perfrt.files AS f INNER JOIN perfrt.commits AS c ON f.commit_id = c.id WHERE c.commit_hash='8871e9c72eefda5b047d8e9fcc3654e5fab3c198' AND f.name LIKE '%BaseNCodec.java';
onEnter - Class: BaseNCodec.java method: protected int org.apache.commons.codec.binary.BaseNCodec.getDefaultBufferSize()
MethodEnter
query: SELECT f.* FROM perfrt.files AS f INNER JOIN perfrt.commits AS c ON f.commit_id = c.id WHERE c.commit_hash='8871e9c72eefda5b047d8e9fcc3654e5fab3c198' AND f.name LIKE '%BaseNCodec.java';
onEnter - Class: BaseNCodec.java method: protected int org.apache.commons.codec.binary.BaseNCodec.getDefaultBufferSize()
MethodEnter
query: SELECT f.* FROM perfrt.files AS f INNER JOIN perfrt.commits AS c ON f.commit_id = c.id WHERE c.commit_hash='8871e9c72eefda5b047d8e9fcc3654e5fab3c198' AND f.name LIKE '%BaseNCodec.java';
onExit - Class: BaseNCodec.java.java method: protected int org.apache.commons.codec.binary.BaseNCodec.getDefaultBufferSize() start: 1657658281032 end: 1657658281045 duration: 13retValue:
onExit - Class: BaseNCodec.java.java method: protected int org.apache.commons.codec.binary.BaseNCodec.getDefaultBufferSize() start: 1657658281020 end: 1657658281057 duration: 37retValue:
onExit - Class: BaseNCodec.java.java method: protected byte[] org.apache.commons.codec.binary.BaseNCodec.ensureBufferSize(int,org.apache.commons.codec.binary.BaseNCodec$Context) start: 1657658281008 end: 1657658281069 duration: 61retValue:
onExit - Class: BaseNCodec.java.java method: protected byte[] org.apache.commons.codec.binary.BaseNCodec.ensureBufferSize(int,org.apache.commons.codec.binary.BaseNCodec$Context) start: 1657658280996 end: 1657658281081 duration: 85retValue:
onExit - Class: Base16.java.java method: void org.apache.commons.codec.binary.Base16.encode(byte[],int,int,org.apache.commons.codec.binary.BaseNCodec$Context) start: 1657658280985 end: 1657658281093 duration: 108retValue:
onEnter - Class: Base16.java method: void org.apache.commons.codec.binary.Base16.encode(byte[],int,int,org.apache.commons.codec.binary.BaseNCodec$Context)
MethodEnter
query: SELECT f.* FROM perfrt.files AS f INNER JOIN perfrt.commits AS c ON f.commit_id = c.id WHERE c.commit_hash='8871e9c72eefda5b047d8e9fcc3654e5fab3c198' AND f.name LIKE '%Base16.java';
onExit - Class: Base16.java.java method: void org.apache.commons.codec.binary.Base16.encode(byte[],int,int,org.apache.commons.codec.binary.BaseNCodec$Context) start: 1657658281105 end: 1657658281117 duration: 12retValue:
onEnter - Class: BaseNCodec.java method: int org.apache.commons.codec.binary.BaseNCodec.readResults(byte[],int,int,org.apache.commons.codec.binary.BaseNCodec$Context)
MethodEnter
query: SELECT f.* FROM perfrt.files AS f INNER JOIN perfrt.commits AS c ON f.commit_id = c.id WHERE c.commit_hash='8871e9c72eefda5b047d8e9fcc3654e5fab3c198' AND f.name LIKE '%BaseNCodec.java';
onEnter - Class: BaseNCodec.java method: int org.apache.commons.codec.binary.BaseNCodec.readResults(byte[],int,int,org.apache.commons.codec.binary.BaseNCodec$Context)
MethodEnter
query: SELECT f.* FROM perfrt.files AS f INNER JOIN perfrt.commits AS c ON f.commit_id = c.id WHERE c.commit_hash='8871e9c72eefda5b047d8e9fcc3654e5fab3c198' AND f.name LIKE '%BaseNCodec.java';
onEnter - Class: BaseNCodec.java method: boolean org.apache.commons.codec.binary.BaseNCodec.hasData(org.apache.commons.codec.binary.BaseNCodec$Context)
MethodEnter
query: SELECT f.* FROM perfrt.files AS f INNER JOIN perfrt.commits AS c ON f.commit_id = c.id WHERE c.commit_hash='8871e9c72eefda5b047d8e9fcc3654e5fab3c198' AND f.name LIKE '%BaseNCodec.java';
onEnter - Class: BaseNCodec.java method: boolean org.apache.commons.codec.binary.BaseNCodec.hasData(org.apache.commons.codec.binary.BaseNCodec$Context)
MethodEnter
query: SELECT f.* FROM perfrt.files AS f INNER JOIN perfrt.commits AS c ON f.commit_id = c.id WHERE c.commit_hash='8871e9c72eefda5b047d8e9fcc3654e5fab3c198' AND f.name LIKE '%BaseNCodec.java';
onExit - Class: BaseNCodec.java.java method: boolean org.apache.commons.codec.binary.BaseNCodec.hasData(org.apache.commons.codec.binary.BaseNCodec$Context) start: 1657658281162 end: 1657658281173 duration: 11retValue:
onExit - Class: BaseNCodec.java.java method: boolean org.apache.commons.codec.binary.BaseNCodec.hasData(org.apache.commons.codec.binary.BaseNCodec$Context) start: 1657658281152 end: 1657658281184 duration: 32retValue:
onEnter - Class: BaseNCodec.java method: int org.apache.commons.codec.binary.BaseNCodec.available(org.apache.commons.codec.binary.BaseNCodec$Context)
MethodEnter
query: SELECT f.* FROM perfrt.files AS f INNER JOIN perfrt.commits AS c ON f.commit_id = c.id WHERE c.commit_hash='8871e9c72eefda5b047d8e9fcc3654e5fab3c198' AND f.name LIKE '%BaseNCodec.java';
onEnter - Class: BaseNCodec.java method: int org.apache.commons.codec.binary.BaseNCodec.available(org.apache.commons.codec.binary.BaseNCodec$Context)
MethodEnter
query: SELECT f.* FROM perfrt.files AS f INNER JOIN perfrt.commits AS c ON f.commit_id = c.id WHERE c.commit_hash='8871e9c72eefda5b047d8e9fcc3654e5fab3c198' AND f.name LIKE '%BaseNCodec.java';
onEnter - Class: BaseNCodec.java method: boolean org.apache.commons.codec.binary.BaseNCodec.hasData(org.apache.commons.codec.binary.BaseNCodec$Context)
MethodEnter
query: SELECT f.* FROM perfrt.files AS f INNER JOIN perfrt.commits AS c ON f.commit_id = c.id WHERE c.commit_hash='8871e9c72eefda5b047d8e9fcc3654e5fab3c198' AND f.name LIKE '%BaseNCodec.java';
onEnter - Class: BaseNCodec.java method: boolean org.apache.commons.codec.binary.BaseNCodec.hasData(org.apache.commons.codec.binary.BaseNCodec$Context)
MethodEnter
query: SELECT f.* FROM perfrt.files AS f INNER JOIN perfrt.commits AS c ON f.commit_id = c.id WHERE c.commit_hash='8871e9c72eefda5b047d8e9fcc3654e5fab3c198' AND f.name LIKE '%BaseNCodec.java';
onExit - Class: BaseNCodec.java.java method: boolean org.apache.commons.codec.binary.BaseNCodec.hasData(org.apache.commons.codec.binary.BaseNCodec$Context) start: 1657658281226 end: 1657658281237 duration: 11retValue:
onExit - Class: BaseNCodec.java.java method: boolean org.apache.commons.codec.binary.BaseNCodec.hasData(org.apache.commons.codec.binary.BaseNCodec$Context) start: 1657658281215 end: 1657658281247 duration: 32retValue:
onExit - Class: BaseNCodec.java.java method: int org.apache.commons.codec.binary.BaseNCodec.available(org.apache.commons.codec.binary.BaseNCodec$Context) start: 1657658281205 end: 1657658281258 duration: 53retValue:
onExit - Class: BaseNCodec.java.java method: int org.apache.commons.codec.binary.BaseNCodec.available(org.apache.commons.codec.binary.BaseNCodec$Context) start: 1657658281195 end: 1657658281269 duration: 74retValue:
onEnter - Class: BaseNCodec.java method: boolean org.apache.commons.codec.binary.BaseNCodec.hasData(org.apache.commons.codec.binary.BaseNCodec$Context)
MethodEnter
query: SELECT f.* FROM perfrt.files AS f INNER JOIN perfrt.commits AS c ON f.commit_id = c.id WHERE c.commit_hash='8871e9c72eefda5b047d8e9fcc3654e5fab3c198' AND f.name LIKE '%BaseNCodec.java';
onEnter - Class: BaseNCodec.java method: boolean org.apache.commons.codec.binary.BaseNCodec.hasData(org.apache.commons.codec.binary.BaseNCodec$Context)
MethodEnter
query: SELECT f.* FROM perfrt.files AS f INNER JOIN perfrt.commits AS c ON f.commit_id = c.id WHERE c.commit_hash='8871e9c72eefda5b047d8e9fcc3654e5fab3c198' AND f.name LIKE '%BaseNCodec.java';
onExit - Class: BaseNCodec.java.java method: boolean org.apache.commons.codec.binary.BaseNCodec.hasData(org.apache.commons.codec.binary.BaseNCodec$Context) start: 1657658281290 end: 1657658281300 duration: 10retValue:
onExit - Class: BaseNCodec.java.java method: boolean org.apache.commons.codec.binary.BaseNCodec.hasData(org.apache.commons.codec.binary.BaseNCodec$Context) start: 1657658281279 end: 1657658281310 duration: 31retValue:
onExit - Class: BaseNCodec.java.java method: int org.apache.commons.codec.binary.BaseNCodec.readResults(byte[],int,int,org.apache.commons.codec.binary.BaseNCodec$Context) start: 1657658281140 end: 1657658281320 duration: 180retValue:
onExit - Class: BaseNCodec.java.java method: int org.apache.commons.codec.binary.BaseNCodec.readResults(byte[],int,int,org.apache.commons.codec.binary.BaseNCodec$Context) start: 1657658281127 end: 1657658281330 duration: 203retValue:
onExit - Class: BaseNCodec.java.java method: public byte[] org.apache.commons.codec.binary.BaseNCodec.encode(byte[],int,int) start: 1657658280942 end: 1657658281341 duration: 399retValue:
onExit - Class: BaseNCodec.java.java method: public byte[] org.apache.commons.codec.binary.BaseNCodec.encode(byte[],int,int) start: 1657658280928 end: 1657658281350 duration: 422retValue:
onExit - Class: BaseNCodec.java.java method: public byte[] org.apache.commons.codec.binary.BaseNCodec.encode(byte[]) start: 1657658280857 end: 1657658281360 duration: 503retValue:
onExit - Class: BaseNCodec.java.java method: public byte[] org.apache.commons.codec.binary.BaseNCodec.encode(byte[]) start: 1657658280839 end: 1657658281370 duration: 531retValue:
onEnter - Class: StringUtils.java method: public static java.lang.String org.apache.commons.codec.binary.StringUtils.newStringUtf8(byte[])
MethodEnter
query: SELECT f.* FROM perfrt.files AS f INNER JOIN perfrt.commits AS c ON f.commit_id = c.id WHERE c.commit_hash='8871e9c72eefda5b047d8e9fcc3654e5fab3c198' AND f.name LIKE '%StringUtils.java';
onEnter - Class: StringUtils.java method: private static java.lang.String org.apache.commons.codec.binary.StringUtils.newString(byte[],java.nio.charset.Charset)
MethodEnter
query: SELECT f.* FROM perfrt.files AS f INNER JOIN perfrt.commits AS c ON f.commit_id = c.id WHERE c.commit_hash='8871e9c72eefda5b047d8e9fcc3654e5fab3c198' AND f.name LIKE '%StringUtils.java';
onExit - Class: StringUtils.java.java method: private static java.lang.String org.apache.commons.codec.binary.StringUtils.newString(byte[],java.nio.charset.Charset) start: 1657658281403 end: 1657658281413 duration: 10retValue:
onExit - Class: StringUtils.java.java method: public static java.lang.String org.apache.commons.codec.binary.StringUtils.newStringUtf8(byte[]) start: 1657658281393 end: 1657658281423 duration: 30retValue:
onExit - Class: Base16Test.java.java method: public void org.apache.commons.codec.binary.Base16Test.testConstructor_LowerCase() start: 1657658280557 end: 1657658281435 duration: 878retValue:

Thanks for using JUnit! Support its development at https://junit.org/sponsoring

[36m╷[0m
[36m├─[0m [36mJUnit Jupiter[0m [32m✔[0m
[36m│  └─[0m [36mBase16Test[0m [32m✔[0m
[36m│     └─[0m [34mtestConstructor_LowerCase()[0m [32m✔[0m
[36m└─[0m [36mJUnit Vintage[0m [32m✔[0m

Test run finished after 934 ms
[         3 containers found      ]
[         0 containers skipped    ]
[         3 containers started    ]
[         0 containers aborted    ]
[         3 containers successful ]
[         0 containers failed     ]
[         1 tests found           ]
[         0 tests skipped         ]
[         1 tests started         ]
[         0 tests aborted         ]
[         1 tests successful      ]
[         0 tests failed          ]

