Premain
onEnter - Class: CharsetsTest.java method: public void org.apache.commons.codec.CharsetsTest.testToCharset()
MethodEnter
query: SELECT f.* FROM perfrt.files AS f INNER JOIN perfrt.commits AS c ON f.commit_id = c.id WHERE c.commit_hash='8871e9c72eefda5b047d8e9fcc3654e5fab3c198' AND f.name LIKE '%CharsetsTest.java';
onEnter - Class: Charsets.java method: public static java.nio.charset.Charset org.apache.commons.codec.Charsets.toCharset(java.lang.String)
MethodEnter
query: SELECT f.* FROM perfrt.files AS f INNER JOIN perfrt.commits AS c ON f.commit_id = c.id WHERE c.commit_hash='8871e9c72eefda5b047d8e9fcc3654e5fab3c198' AND f.name LIKE '%Charsets.java';
onExit - Class: Charsets.java.java method: public static java.nio.charset.Charset org.apache.commons.codec.Charsets.toCharset(java.lang.String) start: 1657645986269 end: 1657645986290 duration: 21retValue:
onEnter - Class: Charsets.java method: public static java.nio.charset.Charset org.apache.commons.codec.Charsets.toCharset(java.nio.charset.Charset)
MethodEnter
query: SELECT f.* FROM perfrt.files AS f INNER JOIN perfrt.commits AS c ON f.commit_id = c.id WHERE c.commit_hash='8871e9c72eefda5b047d8e9fcc3654e5fab3c198' AND f.name LIKE '%Charsets.java';
onExit - Class: Charsets.java.java method: public static java.nio.charset.Charset org.apache.commons.codec.Charsets.toCharset(java.nio.charset.Charset) start: 1657645986322 end: 1657645986340 duration: 18retValue:
onEnter - Class: Charsets.java method: public static java.nio.charset.Charset org.apache.commons.codec.Charsets.toCharset(java.nio.charset.Charset)
MethodEnter
query: SELECT f.* FROM perfrt.files AS f INNER JOIN perfrt.commits AS c ON f.commit_id = c.id WHERE c.commit_hash='8871e9c72eefda5b047d8e9fcc3654e5fab3c198' AND f.name LIKE '%Charsets.java';
onExit - Class: Charsets.java.java method: public static java.nio.charset.Charset org.apache.commons.codec.Charsets.toCharset(java.nio.charset.Charset) start: 1657645986357 end: 1657645986373 duration: 16retValue:
onEnter - Class: Charsets.java method: public static java.nio.charset.Charset org.apache.commons.codec.Charsets.toCharset(java.nio.charset.Charset)
MethodEnter
query: SELECT f.* FROM perfrt.files AS f INNER JOIN perfrt.commits AS c ON f.commit_id = c.id WHERE c.commit_hash='8871e9c72eefda5b047d8e9fcc3654e5fab3c198' AND f.name LIKE '%Charsets.java';
onExit - Class: Charsets.java.java method: public static java.nio.charset.Charset org.apache.commons.codec.Charsets.toCharset(java.nio.charset.Charset) start: 1657645986388 end: 1657645986402 duration: 14retValue:
onExit - Class: CharsetsTest.java.java method: public void org.apache.commons.codec.CharsetsTest.testToCharset() start: 1657645985969 end: 1657645986416 duration: 447retValue:

Thanks for using JUnit! Support its development at https://junit.org/sponsoring

[36m╷[0m
[36m├─[0m [36mJUnit Jupiter[0m [32m✔[0m
[36m│  └─[0m [36mCharsetsTest[0m [32m✔[0m
[36m│     └─[0m [34mtestToCharset()[0m [32m✔[0m
[36m└─[0m [36mJUnit Vintage[0m [32m✔[0m

Test run finished after 509 ms
[         3 containers found      ]
[         0 containers skipped    ]
[         3 containers started    ]
[         0 containers aborted    ]
[         3 containers successful ]
[         0 containers failed     ]
[         1 tests found           ]
[         0 tests skipped         ]
[         1 tests started         ]
[         0 tests aborted         ]
[         1 tests successful      ]
[         0 tests failed          ]

