Premain
onEnter - Class: Base16Test.java method: public void org.apache.commons.codec.binary.Base16Test.testIsInAlphabet()
MethodEnter
query: SELECT f.* FROM perfrt.files AS f INNER JOIN perfrt.commits AS c ON f.commit_id = c.id WHERE c.commit_hash='8871e9c72eefda5b047d8e9fcc3654e5fab3c198' AND f.name LIKE '%Base16Test.java';
onEnter - Class: Base16.java method: public boolean org.apache.commons.codec.binary.Base16.isInAlphabet(byte)
MethodEnter
query: SELECT f.* FROM perfrt.files AS f INNER JOIN perfrt.commits AS c ON f.commit_id = c.id WHERE c.commit_hash='8871e9c72eefda5b047d8e9fcc3654e5fab3c198' AND f.name LIKE '%Base16.java';
onExit - Class: Base16.java.java method: public boolean org.apache.commons.codec.binary.Base16.isInAlphabet(byte) start: 1657658270185 end: 1657658270203 duration: 18retValue:
onEnter - Class: Base16.java method: public boolean org.apache.commons.codec.binary.Base16.isInAlphabet(byte)
MethodEnter
query: SELECT f.* FROM perfrt.files AS f INNER JOIN perfrt.commits AS c ON f.commit_id = c.id WHERE c.commit_hash='8871e9c72eefda5b047d8e9fcc3654e5fab3c198' AND f.name LIKE '%Base16.java';
onExit - Class: Base16.java.java method: public boolean org.apache.commons.codec.binary.Base16.isInAlphabet(byte) start: 1657658270232 end: 1657658270247 duration: 15retValue:
onEnter - Class: Base16.java method: public boolean org.apache.commons.codec.binary.Base16.isInAlphabet(byte)
MethodEnter
query: SELECT f.* FROM perfrt.files AS f INNER JOIN perfrt.commits AS c ON f.commit_id = c.id WHERE c.commit_hash='8871e9c72eefda5b047d8e9fcc3654e5fab3c198' AND f.name LIKE '%Base16.java';
onExit - Class: Base16.java.java method: public boolean org.apache.commons.codec.binary.Base16.isInAlphabet(byte) start: 1657658270262 end: 1657658270276 duration: 14retValue:
onEnter - Class: Base16.java method: public boolean org.apache.commons.codec.binary.Base16.isInAlphabet(byte)
MethodEnter
query: SELECT f.* FROM perfrt.files AS f INNER JOIN perfrt.commits AS c ON f.commit_id = c.id WHERE c.commit_hash='8871e9c72eefda5b047d8e9fcc3654e5fab3c198' AND f.name LIKE '%Base16.java';
onExit - Class: Base16.java.java method: public boolean org.apache.commons.codec.binary.Base16.isInAlphabet(byte) start: 1657658270289 end: 1657658270302 duration: 13retValue:
onEnter - Class: Base16.java method: public boolean org.apache.commons.codec.binary.Base16.isInAlphabet(byte)
MethodEnter
query: SELECT f.* FROM perfrt.files AS f INNER JOIN perfrt.commits AS c ON f.commit_id = c.id WHERE c.commit_hash='8871e9c72eefda5b047d8e9fcc3654e5fab3c198' AND f.name LIKE '%Base16.java';
onExit - Class: Base16.java.java method: public boolean org.apache.commons.codec.binary.Base16.isInAlphabet(byte) start: 1657658270315 end: 1657658270327 duration: 12retValue:
onEnter - Class: Base16.java method: public boolean org.apache.commons.codec.binary.Base16.isInAlphabet(byte)
MethodEnter
query: SELECT f.* FROM perfrt.files AS f INNER JOIN perfrt.commits AS c ON f.commit_id = c.id WHERE c.commit_hash='8871e9c72eefda5b047d8e9fcc3654e5fab3c198' AND f.name LIKE '%Base16.java';
onExit - Class: Base16.java.java method: public boolean org.apache.commons.codec.binary.Base16.isInAlphabet(byte) start: 1657658270339 end: 1657658270350 duration: 11retValue:
onEnter - Class: Base16.java method: public boolean org.apache.commons.codec.binary.Base16.isInAlphabet(byte)
MethodEnter
query: SELECT f.* FROM perfrt.files AS f INNER JOIN perfrt.commits AS c ON f.commit_id = c.id WHERE c.commit_hash='8871e9c72eefda5b047d8e9fcc3654e5fab3c198' AND f.name LIKE '%Base16.java';
onExit - Class: Base16.java.java method: public boolean org.apache.commons.codec.binary.Base16.isInAlphabet(byte) start: 1657658270362 end: 1657658270373 duration: 11retValue:
onEnter - Class: Base16.java method: public boolean org.apache.commons.codec.binary.Base16.isInAlphabet(byte)
MethodEnter
query: SELECT f.* FROM perfrt.files AS f INNER JOIN perfrt.commits AS c ON f.commit_id = c.id WHERE c.commit_hash='8871e9c72eefda5b047d8e9fcc3654e5fab3c198' AND f.name LIKE '%Base16.java';
onExit - Class: Base16.java.java method: public boolean org.apache.commons.codec.binary.Base16.isInAlphabet(byte) start: 1657658270384 end: 1657658270396 duration: 12retValue:
onEnter - Class: Base16.java method: public boolean org.apache.commons.codec.binary.Base16.isInAlphabet(byte)
MethodEnter
query: SELECT f.* FROM perfrt.files AS f INNER JOIN perfrt.commits AS c ON f.commit_id = c.id WHERE c.commit_hash='8871e9c72eefda5b047d8e9fcc3654e5fab3c198' AND f.name LIKE '%Base16.java';
onExit - Class: Base16.java.java method: public boolean org.apache.commons.codec.binary.Base16.isInAlphabet(byte) start: 1657658270407 end: 1657658270420 duration: 13retValue:
onEnter - Class: Base16.java method: public boolean org.apache.commons.codec.binary.Base16.isInAlphabet(byte)
MethodEnter
query: SELECT f.* FROM perfrt.files AS f INNER JOIN perfrt.commits AS c ON f.commit_id = c.id WHERE c.commit_hash='8871e9c72eefda5b047d8e9fcc3654e5fab3c198' AND f.name LIKE '%Base16.java';
onExit - Class: Base16.java.java method: public boolean org.apache.commons.codec.binary.Base16.isInAlphabet(byte) start: 1657658270433 end: 1657658270446 duration: 13retValue:
onEnter - Class: Base16.java method: public boolean org.apache.commons.codec.binary.Base16.isInAlphabet(byte)
MethodEnter
query: SELECT f.* FROM perfrt.files AS f INNER JOIN perfrt.commits AS c ON f.commit_id = c.id WHERE c.commit_hash='8871e9c72eefda5b047d8e9fcc3654e5fab3c198' AND f.name LIKE '%Base16.java';
onExit - Class: Base16.java.java method: public boolean org.apache.commons.codec.binary.Base16.isInAlphabet(byte) start: 1657658270457 end: 1657658270468 duration: 11retValue:
onEnter - Class: Base16.java method: public boolean org.apache.commons.codec.binary.Base16.isInAlphabet(byte)
MethodEnter
query: SELECT f.* FROM perfrt.files AS f INNER JOIN perfrt.commits AS c ON f.commit_id = c.id WHERE c.commit_hash='8871e9c72eefda5b047d8e9fcc3654e5fab3c198' AND f.name LIKE '%Base16.java';
onExit - Class: Base16.java.java method: public boolean org.apache.commons.codec.binary.Base16.isInAlphabet(byte) start: 1657658270478 end: 1657658270488 duration: 10retValue:
onEnter - Class: Base16.java method: public boolean org.apache.commons.codec.binary.Base16.isInAlphabet(byte)
MethodEnter
query: SELECT f.* FROM perfrt.files AS f INNER JOIN perfrt.commits AS c ON f.commit_id = c.id WHERE c.commit_hash='8871e9c72eefda5b047d8e9fcc3654e5fab3c198' AND f.name LIKE '%Base16.java';
onExit - Class: Base16.java.java method: public boolean org.apache.commons.codec.binary.Base16.isInAlphabet(byte) start: 1657658270498 end: 1657658270508 duration: 10retValue:
onEnter - Class: Base16.java method: public boolean org.apache.commons.codec.binary.Base16.isInAlphabet(byte)
MethodEnter
query: SELECT f.* FROM perfrt.files AS f INNER JOIN perfrt.commits AS c ON f.commit_id = c.id WHERE c.commit_hash='8871e9c72eefda5b047d8e9fcc3654e5fab3c198' AND f.name LIKE '%Base16.java';
onExit - Class: Base16.java.java method: public boolean org.apache.commons.codec.binary.Base16.isInAlphabet(byte) start: 1657658270518 end: 1657658270528 duration: 10retValue:
onEnter - Class: Base16.java method: public boolean org.apache.commons.codec.binary.Base16.isInAlphabet(byte)
MethodEnter
query: SELECT f.* FROM perfrt.files AS f INNER JOIN perfrt.commits AS c ON f.commit_id = c.id WHERE c.commit_hash='8871e9c72eefda5b047d8e9fcc3654e5fab3c198' AND f.name LIKE '%Base16.java';
onExit - Class: Base16.java.java method: public boolean org.apache.commons.codec.binary.Base16.isInAlphabet(byte) start: 1657658270538 end: 1657658270549 duration: 11retValue:
onEnter - Class: Base16.java method: public boolean org.apache.commons.codec.binary.Base16.isInAlphabet(byte)
MethodEnter
query: SELECT f.* FROM perfrt.files AS f INNER JOIN perfrt.commits AS c ON f.commit_id = c.id WHERE c.commit_hash='8871e9c72eefda5b047d8e9fcc3654e5fab3c198' AND f.name LIKE '%Base16.java';
onExit - Class: Base16.java.java method: public boolean org.apache.commons.codec.binary.Base16.isInAlphabet(byte) start: 1657658270559 end: 1657658270569 duration: 10retValue:
onEnter - Class: Base16.java method: public boolean org.apache.commons.codec.binary.Base16.isInAlphabet(byte)
MethodEnter
query: SELECT f.* FROM perfrt.files AS f INNER JOIN perfrt.commits AS c ON f.commit_id = c.id WHERE c.commit_hash='8871e9c72eefda5b047d8e9fcc3654e5fab3c198' AND f.name LIKE '%Base16.java';
onExit - Class: Base16.java.java method: public boolean org.apache.commons.codec.binary.Base16.isInAlphabet(byte) start: 1657658270579 end: 1657658270589 duration: 10retValue:
onEnter - Class: Base16.java method: public boolean org.apache.commons.codec.binary.Base16.isInAlphabet(byte)
MethodEnter
query: SELECT f.* FROM perfrt.files AS f INNER JOIN perfrt.commits AS c ON f.commit_id = c.id WHERE c.commit_hash='8871e9c72eefda5b047d8e9fcc3654e5fab3c198' AND f.name LIKE '%Base16.java';
onExit - Class: Base16.java.java method: public boolean org.apache.commons.codec.binary.Base16.isInAlphabet(byte) start: 1657658270599 end: 1657658270608 duration: 9retValue:
onEnter - Class: Base16.java method: public boolean org.apache.commons.codec.binary.Base16.isInAlphabet(byte)
MethodEnter
query: SELECT f.* FROM perfrt.files AS f INNER JOIN perfrt.commits AS c ON f.commit_id = c.id WHERE c.commit_hash='8871e9c72eefda5b047d8e9fcc3654e5fab3c198' AND f.name LIKE '%Base16.java';
onExit - Class: Base16.java.java method: public boolean org.apache.commons.codec.binary.Base16.isInAlphabet(byte) start: 1657658270618 end: 1657658270627 duration: 9retValue:
onEnter - Class: Base16.java method: public boolean org.apache.commons.codec.binary.Base16.isInAlphabet(byte)
MethodEnter
query: SELECT f.* FROM perfrt.files AS f INNER JOIN perfrt.commits AS c ON f.commit_id = c.id WHERE c.commit_hash='8871e9c72eefda5b047d8e9fcc3654e5fab3c198' AND f.name LIKE '%Base16.java';
onExit - Class: Base16.java.java method: public boolean org.apache.commons.codec.binary.Base16.isInAlphabet(byte) start: 1657658270637 end: 1657658270647 duration: 10retValue:
onEnter - Class: Base16.java method: public boolean org.apache.commons.codec.binary.Base16.isInAlphabet(byte)
MethodEnter
query: SELECT f.* FROM perfrt.files AS f INNER JOIN perfrt.commits AS c ON f.commit_id = c.id WHERE c.commit_hash='8871e9c72eefda5b047d8e9fcc3654e5fab3c198' AND f.name LIKE '%Base16.java';
onExit - Class: Base16.java.java method: public boolean org.apache.commons.codec.binary.Base16.isInAlphabet(byte) start: 1657658270656 end: 1657658270666 duration: 10retValue:
onEnter - Class: Base16.java method: public boolean org.apache.commons.codec.binary.Base16.isInAlphabet(byte)
MethodEnter
query: SELECT f.* FROM perfrt.files AS f INNER JOIN perfrt.commits AS c ON f.commit_id = c.id WHERE c.commit_hash='8871e9c72eefda5b047d8e9fcc3654e5fab3c198' AND f.name LIKE '%Base16.java';
onExit - Class: Base16.java.java method: public boolean org.apache.commons.codec.binary.Base16.isInAlphabet(byte) start: 1657658270676 end: 1657658270685 duration: 9retValue:
onEnter - Class: Base16.java method: public boolean org.apache.commons.codec.binary.Base16.isInAlphabet(byte)
MethodEnter
query: SELECT f.* FROM perfrt.files AS f INNER JOIN perfrt.commits AS c ON f.commit_id = c.id WHERE c.commit_hash='8871e9c72eefda5b047d8e9fcc3654e5fab3c198' AND f.name LIKE '%Base16.java';
onExit - Class: Base16.java.java method: public boolean org.apache.commons.codec.binary.Base16.isInAlphabet(byte) start: 1657658270695 end: 1657658270704 duration: 9retValue:
onEnter - Class: Base16.java method: public boolean org.apache.commons.codec.binary.Base16.isInAlphabet(byte)
MethodEnter
query: SELECT f.* FROM perfrt.files AS f INNER JOIN perfrt.commits AS c ON f.commit_id = c.id WHERE c.commit_hash='8871e9c72eefda5b047d8e9fcc3654e5fab3c198' AND f.name LIKE '%Base16.java';
onExit - Class: Base16.java.java method: public boolean org.apache.commons.codec.binary.Base16.isInAlphabet(byte) start: 1657658270714 end: 1657658270725 duration: 11retValue:
onEnter - Class: Base16.java method: public boolean org.apache.commons.codec.binary.Base16.isInAlphabet(byte)
MethodEnter
query: SELECT f.* FROM perfrt.files AS f INNER JOIN perfrt.commits AS c ON f.commit_id = c.id WHERE c.commit_hash='8871e9c72eefda5b047d8e9fcc3654e5fab3c198' AND f.name LIKE '%Base16.java';
onExit - Class: Base16.java.java method: public boolean org.apache.commons.codec.binary.Base16.isInAlphabet(byte) start: 1657658270735 end: 1657658270745 duration: 10retValue:
onEnter - Class: Base16.java method: public boolean org.apache.commons.codec.binary.Base16.isInAlphabet(byte)
MethodEnter
query: SELECT f.* FROM perfrt.files AS f INNER JOIN perfrt.commits AS c ON f.commit_id = c.id WHERE c.commit_hash='8871e9c72eefda5b047d8e9fcc3654e5fab3c198' AND f.name LIKE '%Base16.java';
onExit - Class: Base16.java.java method: public boolean org.apache.commons.codec.binary.Base16.isInAlphabet(byte) start: 1657658270754 end: 1657658270763 duration: 9retValue:
onEnter - Class: Base16.java method: public boolean org.apache.commons.codec.binary.Base16.isInAlphabet(byte)
MethodEnter
query: SELECT f.* FROM perfrt.files AS f INNER JOIN perfrt.commits AS c ON f.commit_id = c.id WHERE c.commit_hash='8871e9c72eefda5b047d8e9fcc3654e5fab3c198' AND f.name LIKE '%Base16.java';
onExit - Class: Base16.java.java method: public boolean org.apache.commons.codec.binary.Base16.isInAlphabet(byte) start: 1657658270772 end: 1657658270780 duration: 8retValue:
onEnter - Class: Base16.java method: public boolean org.apache.commons.codec.binary.Base16.isInAlphabet(byte)
MethodEnter
query: SELECT f.* FROM perfrt.files AS f INNER JOIN perfrt.commits AS c ON f.commit_id = c.id WHERE c.commit_hash='8871e9c72eefda5b047d8e9fcc3654e5fab3c198' AND f.name LIKE '%Base16.java';
onExit - Class: Base16.java.java method: public boolean org.apache.commons.codec.binary.Base16.isInAlphabet(byte) start: 1657658270790 end: 1657658270799 duration: 9retValue:
onEnter - Class: Base16.java method: public boolean org.apache.commons.codec.binary.Base16.isInAlphabet(byte)
MethodEnter
query: SELECT f.* FROM perfrt.files AS f INNER JOIN perfrt.commits AS c ON f.commit_id = c.id WHERE c.commit_hash='8871e9c72eefda5b047d8e9fcc3654e5fab3c198' AND f.name LIKE '%Base16.java';
onExit - Class: Base16.java.java method: public boolean org.apache.commons.codec.binary.Base16.isInAlphabet(byte) start: 1657658270810 end: 1657658270820 duration: 10retValue:
onEnter - Class: Base16.java method: public boolean org.apache.commons.codec.binary.Base16.isInAlphabet(byte)
MethodEnter
query: SELECT f.* FROM perfrt.files AS f INNER JOIN perfrt.commits AS c ON f.commit_id = c.id WHERE c.commit_hash='8871e9c72eefda5b047d8e9fcc3654e5fab3c198' AND f.name LIKE '%Base16.java';
onExit - Class: Base16.java.java method: public boolean org.apache.commons.codec.binary.Base16.isInAlphabet(byte) start: 1657658270830 end: 1657658270840 duration: 10retValue:
onEnter - Class: Base16.java method: public boolean org.apache.commons.codec.binary.Base16.isInAlphabet(byte)
MethodEnter
query: SELECT f.* FROM perfrt.files AS f INNER JOIN perfrt.commits AS c ON f.commit_id = c.id WHERE c.commit_hash='8871e9c72eefda5b047d8e9fcc3654e5fab3c198' AND f.name LIKE '%Base16.java';
onExit - Class: Base16.java.java method: public boolean org.apache.commons.codec.binary.Base16.isInAlphabet(byte) start: 1657658270849 end: 1657658270859 duration: 10retValue:
onEnter - Class: Base16.java method: public boolean org.apache.commons.codec.binary.Base16.isInAlphabet(byte)
MethodEnter
query: SELECT f.* FROM perfrt.files AS f INNER JOIN perfrt.commits AS c ON f.commit_id = c.id WHERE c.commit_hash='8871e9c72eefda5b047d8e9fcc3654e5fab3c198' AND f.name LIKE '%Base16.java';
onExit - Class: Base16.java.java method: public boolean org.apache.commons.codec.binary.Base16.isInAlphabet(byte) start: 1657658270868 end: 1657658270878 duration: 10retValue:
onEnter - Class: Base16.java method: public boolean org.apache.commons.codec.binary.Base16.isInAlphabet(byte)
MethodEnter
query: SELECT f.* FROM perfrt.files AS f INNER JOIN perfrt.commits AS c ON f.commit_id = c.id WHERE c.commit_hash='8871e9c72eefda5b047d8e9fcc3654e5fab3c198' AND f.name LIKE '%Base16.java';
onExit - Class: Base16.java.java method: public boolean org.apache.commons.codec.binary.Base16.isInAlphabet(byte) start: 1657658270887 end: 1657658270897 duration: 10retValue:
onEnter - Class: Base16.java method: public boolean org.apache.commons.codec.binary.Base16.isInAlphabet(byte)
MethodEnter
query: SELECT f.* FROM perfrt.files AS f INNER JOIN perfrt.commits AS c ON f.commit_id = c.id WHERE c.commit_hash='8871e9c72eefda5b047d8e9fcc3654e5fab3c198' AND f.name LIKE '%Base16.java';
onExit - Class: Base16.java.java method: public boolean org.apache.commons.codec.binary.Base16.isInAlphabet(byte) start: 1657658270906 end: 1657658270922 duration: 16retValue:
onEnter - Class: Base16.java method: public boolean org.apache.commons.codec.binary.Base16.isInAlphabet(byte)
MethodEnter
query: SELECT f.* FROM perfrt.files AS f INNER JOIN perfrt.commits AS c ON f.commit_id = c.id WHERE c.commit_hash='8871e9c72eefda5b047d8e9fcc3654e5fab3c198' AND f.name LIKE '%Base16.java';
onExit - Class: Base16.java.java method: public boolean org.apache.commons.codec.binary.Base16.isInAlphabet(byte) start: 1657658270931 end: 1657658270941 duration: 10retValue:
onEnter - Class: Base16.java method: public boolean org.apache.commons.codec.binary.Base16.isInAlphabet(byte)
MethodEnter
query: SELECT f.* FROM perfrt.files AS f INNER JOIN perfrt.commits AS c ON f.commit_id = c.id WHERE c.commit_hash='8871e9c72eefda5b047d8e9fcc3654e5fab3c198' AND f.name LIKE '%Base16.java';
onExit - Class: Base16.java.java method: public boolean org.apache.commons.codec.binary.Base16.isInAlphabet(byte) start: 1657658270950 end: 1657658270960 duration: 10retValue:
onEnter - Class: Base16.java method: public boolean org.apache.commons.codec.binary.Base16.isInAlphabet(byte)
MethodEnter
query: SELECT f.* FROM perfrt.files AS f INNER JOIN perfrt.commits AS c ON f.commit_id = c.id WHERE c.commit_hash='8871e9c72eefda5b047d8e9fcc3654e5fab3c198' AND f.name LIKE '%Base16.java';
onExit - Class: Base16.java.java method: public boolean org.apache.commons.codec.binary.Base16.isInAlphabet(byte) start: 1657658270969 end: 1657658270978 duration: 9retValue:
onEnter - Class: Base16.java method: public boolean org.apache.commons.codec.binary.Base16.isInAlphabet(byte)
MethodEnter
query: SELECT f.* FROM perfrt.files AS f INNER JOIN perfrt.commits AS c ON f.commit_id = c.id WHERE c.commit_hash='8871e9c72eefda5b047d8e9fcc3654e5fab3c198' AND f.name LIKE '%Base16.java';
onExit - Class: Base16.java.java method: public boolean org.apache.commons.codec.binary.Base16.isInAlphabet(byte) start: 1657658270985 end: 1657658271178 duration: 193retValue:
onEnter - Class: Base16.java method: public boolean org.apache.commons.codec.binary.Base16.isInAlphabet(byte)
MethodEnter
query: SELECT f.* FROM perfrt.files AS f INNER JOIN perfrt.commits AS c ON f.commit_id = c.id WHERE c.commit_hash='8871e9c72eefda5b047d8e9fcc3654e5fab3c198' AND f.name LIKE '%Base16.java';
onExit - Class: Base16.java.java method: public boolean org.apache.commons.codec.binary.Base16.isInAlphabet(byte) start: 1657658271592 end: 1657658271645 duration: 53retValue:
onEnter - Class: Base16.java method: public boolean org.apache.commons.codec.binary.Base16.isInAlphabet(byte)
MethodEnter
query: SELECT f.* FROM perfrt.files AS f INNER JOIN perfrt.commits AS c ON f.commit_id = c.id WHERE c.commit_hash='8871e9c72eefda5b047d8e9fcc3654e5fab3c198' AND f.name LIKE '%Base16.java';
onExit - Class: Base16.java.java method: public boolean org.apache.commons.codec.binary.Base16.isInAlphabet(byte) start: 1657658271681 end: 1657658271720 duration: 39retValue:
onEnter - Class: Base16.java method: public boolean org.apache.commons.codec.binary.Base16.isInAlphabet(byte)
MethodEnter
query: SELECT f.* FROM perfrt.files AS f INNER JOIN perfrt.commits AS c ON f.commit_id = c.id WHERE c.commit_hash='8871e9c72eefda5b047d8e9fcc3654e5fab3c198' AND f.name LIKE '%Base16.java';
onExit - Class: Base16.java.java method: public boolean org.apache.commons.codec.binary.Base16.isInAlphabet(byte) start: 1657658271736 end: 1657658271747 duration: 11retValue:
onEnter - Class: Base16.java method: public boolean org.apache.commons.codec.binary.Base16.isInAlphabet(byte)
MethodEnter
query: SELECT f.* FROM perfrt.files AS f INNER JOIN perfrt.commits AS c ON f.commit_id = c.id WHERE c.commit_hash='8871e9c72eefda5b047d8e9fcc3654e5fab3c198' AND f.name LIKE '%Base16.java';
onExit - Class: Base16.java.java method: public boolean org.apache.commons.codec.binary.Base16.isInAlphabet(byte) start: 1657658271756 end: 1657658271765 duration: 9retValue:
onEnter - Class: Base16.java method: public boolean org.apache.commons.codec.binary.Base16.isInAlphabet(byte)
MethodEnter
query: SELECT f.* FROM perfrt.files AS f INNER JOIN perfrt.commits AS c ON f.commit_id = c.id WHERE c.commit_hash='8871e9c72eefda5b047d8e9fcc3654e5fab3c198' AND f.name LIKE '%Base16.java';
onExit - Class: Base16.java.java method: public boolean org.apache.commons.codec.binary.Base16.isInAlphabet(byte) start: 1657658271774 end: 1657658271784 duration: 10retValue:
onEnter - Class: Base16.java method: public boolean org.apache.commons.codec.binary.Base16.isInAlphabet(byte)
MethodEnter
query: SELECT f.* FROM perfrt.files AS f INNER JOIN perfrt.commits AS c ON f.commit_id = c.id WHERE c.commit_hash='8871e9c72eefda5b047d8e9fcc3654e5fab3c198' AND f.name LIKE '%Base16.java';
onExit - Class: Base16.java.java method: public boolean org.apache.commons.codec.binary.Base16.isInAlphabet(byte) start: 1657658271792 end: 1657658271799 duration: 7retValue:
onEnter - Class: Base16.java method: public boolean org.apache.commons.codec.binary.Base16.isInAlphabet(byte)
MethodEnter
query: SELECT f.* FROM perfrt.files AS f INNER JOIN perfrt.commits AS c ON f.commit_id = c.id WHERE c.commit_hash='8871e9c72eefda5b047d8e9fcc3654e5fab3c198' AND f.name LIKE '%Base16.java';
onExit - Class: Base16.java.java method: public boolean org.apache.commons.codec.binary.Base16.isInAlphabet(byte) start: 1657658271807 end: 1657658271815 duration: 8retValue:
onEnter - Class: Base16.java method: public boolean org.apache.commons.codec.binary.Base16.isInAlphabet(byte)
MethodEnter
query: SELECT f.* FROM perfrt.files AS f INNER JOIN perfrt.commits AS c ON f.commit_id = c.id WHERE c.commit_hash='8871e9c72eefda5b047d8e9fcc3654e5fab3c198' AND f.name LIKE '%Base16.java';
onExit - Class: Base16.java.java method: public boolean org.apache.commons.codec.binary.Base16.isInAlphabet(byte) start: 1657658271822 end: 1657658271830 duration: 8retValue:
onEnter - Class: Base16.java method: public boolean org.apache.commons.codec.binary.Base16.isInAlphabet(byte)
MethodEnter
query: SELECT f.* FROM perfrt.files AS f INNER JOIN perfrt.commits AS c ON f.commit_id = c.id WHERE c.commit_hash='8871e9c72eefda5b047d8e9fcc3654e5fab3c198' AND f.name LIKE '%Base16.java';
onExit - Class: Base16.java.java method: public boolean org.apache.commons.codec.binary.Base16.isInAlphabet(byte) start: 1657658271838 end: 1657658271846 duration: 8retValue:
onEnter - Class: Base16.java method: public boolean org.apache.commons.codec.binary.Base16.isInAlphabet(byte)
MethodEnter
query: SELECT f.* FROM perfrt.files AS f INNER JOIN perfrt.commits AS c ON f.commit_id = c.id WHERE c.commit_hash='8871e9c72eefda5b047d8e9fcc3654e5fab3c198' AND f.name LIKE '%Base16.java';
onExit - Class: Base16.java.java method: public boolean org.apache.commons.codec.binary.Base16.isInAlphabet(byte) start: 1657658271854 end: 1657658271863 duration: 9retValue:
onEnter - Class: Base16.java method: public boolean org.apache.commons.codec.binary.Base16.isInAlphabet(byte)
MethodEnter
query: SELECT f.* FROM perfrt.files AS f INNER JOIN perfrt.commits AS c ON f.commit_id = c.id WHERE c.commit_hash='8871e9c72eefda5b047d8e9fcc3654e5fab3c198' AND f.name LIKE '%Base16.java';
onExit - Class: Base16.java.java method: public boolean org.apache.commons.codec.binary.Base16.isInAlphabet(byte) start: 1657658271871 end: 1657658271879 duration: 8retValue:
onEnter - Class: Base16.java method: public boolean org.apache.commons.codec.binary.Base16.isInAlphabet(byte)
MethodEnter
query: SELECT f.* FROM perfrt.files AS f INNER JOIN perfrt.commits AS c ON f.commit_id = c.id WHERE c.commit_hash='8871e9c72eefda5b047d8e9fcc3654e5fab3c198' AND f.name LIKE '%Base16.java';
onExit - Class: Base16.java.java method: public boolean org.apache.commons.codec.binary.Base16.isInAlphabet(byte) start: 1657658271887 end: 1657658271895 duration: 8retValue:
onEnter - Class: Base16.java method: public boolean org.apache.commons.codec.binary.Base16.isInAlphabet(byte)
MethodEnter
query: SELECT f.* FROM perfrt.files AS f INNER JOIN perfrt.commits AS c ON f.commit_id = c.id WHERE c.commit_hash='8871e9c72eefda5b047d8e9fcc3654e5fab3c198' AND f.name LIKE '%Base16.java';
onExit - Class: Base16.java.java method: public boolean org.apache.commons.codec.binary.Base16.isInAlphabet(byte) start: 1657658271903 end: 1657658271911 duration: 8retValue:
onEnter - Class: Base16.java method: public boolean org.apache.commons.codec.binary.Base16.isInAlphabet(byte)
MethodEnter
query: SELECT f.* FROM perfrt.files AS f INNER JOIN perfrt.commits AS c ON f.commit_id = c.id WHERE c.commit_hash='8871e9c72eefda5b047d8e9fcc3654e5fab3c198' AND f.name LIKE '%Base16.java';
onExit - Class: Base16.java.java method: public boolean org.apache.commons.codec.binary.Base16.isInAlphabet(byte) start: 1657658271919 end: 1657658271927 duration: 8retValue:
onEnter - Class: Base16.java method: public boolean org.apache.commons.codec.binary.Base16.isInAlphabet(byte)
MethodEnter
query: SELECT f.* FROM perfrt.files AS f INNER JOIN perfrt.commits AS c ON f.commit_id = c.id WHERE c.commit_hash='8871e9c72eefda5b047d8e9fcc3654e5fab3c198' AND f.name LIKE '%Base16.java';
onExit - Class: Base16.java.java method: public boolean org.apache.commons.codec.binary.Base16.isInAlphabet(byte) start: 1657658271934 end: 1657658271942 duration: 8retValue:
onEnter - Class: Base16.java method: public boolean org.apache.commons.codec.binary.Base16.isInAlphabet(byte)
MethodEnter
query: SELECT f.* FROM perfrt.files AS f INNER JOIN perfrt.commits AS c ON f.commit_id = c.id WHERE c.commit_hash='8871e9c72eefda5b047d8e9fcc3654e5fab3c198' AND f.name LIKE '%Base16.java';
onExit - Class: Base16.java.java method: public boolean org.apache.commons.codec.binary.Base16.isInAlphabet(byte) start: 1657658271949 end: 1657658271957 duration: 8retValue:
onEnter - Class: Base16.java method: public boolean org.apache.commons.codec.binary.Base16.isInAlphabet(byte)
MethodEnter
query: SELECT f.* FROM perfrt.files AS f INNER JOIN perfrt.commits AS c ON f.commit_id = c.id WHERE c.commit_hash='8871e9c72eefda5b047d8e9fcc3654e5fab3c198' AND f.name LIKE '%Base16.java';
onExit - Class: Base16.java.java method: public boolean org.apache.commons.codec.binary.Base16.isInAlphabet(byte) start: 1657658271965 end: 1657658271972 duration: 7retValue:
onEnter - Class: Base16.java method: public boolean org.apache.commons.codec.binary.Base16.isInAlphabet(byte)
MethodEnter
query: SELECT f.* FROM perfrt.files AS f INNER JOIN perfrt.commits AS c ON f.commit_id = c.id WHERE c.commit_hash='8871e9c72eefda5b047d8e9fcc3654e5fab3c198' AND f.name LIKE '%Base16.java';
onExit - Class: Base16.java.java method: public boolean org.apache.commons.codec.binary.Base16.isInAlphabet(byte) start: 1657658271980 end: 1657658271989 duration: 9retValue:
onEnter - Class: Base16.java method: public boolean org.apache.commons.codec.binary.Base16.isInAlphabet(byte)
MethodEnter
query: SELECT f.* FROM perfrt.files AS f INNER JOIN perfrt.commits AS c ON f.commit_id = c.id WHERE c.commit_hash='8871e9c72eefda5b047d8e9fcc3654e5fab3c198' AND f.name LIKE '%Base16.java';
onExit - Class: Base16.java.java method: public boolean org.apache.commons.codec.binary.Base16.isInAlphabet(byte) start: 1657658271998 end: 1657658272007 duration: 9retValue:
onEnter - Class: Base16.java method: public boolean org.apache.commons.codec.binary.Base16.isInAlphabet(byte)
MethodEnter
query: SELECT f.* FROM perfrt.files AS f INNER JOIN perfrt.commits AS c ON f.commit_id = c.id WHERE c.commit_hash='8871e9c72eefda5b047d8e9fcc3654e5fab3c198' AND f.name LIKE '%Base16.java';
onExit - Class: Base16.java.java method: public boolean org.apache.commons.codec.binary.Base16.isInAlphabet(byte) start: 1657658272014 end: 1657658272022 duration: 8retValue:
onEnter - Class: Base16.java method: public boolean org.apache.commons.codec.binary.Base16.isInAlphabet(byte)
MethodEnter
query: SELECT f.* FROM perfrt.files AS f INNER JOIN perfrt.commits AS c ON f.commit_id = c.id WHERE c.commit_hash='8871e9c72eefda5b047d8e9fcc3654e5fab3c198' AND f.name LIKE '%Base16.java';
onExit - Class: Base16.java.java method: public boolean org.apache.commons.codec.binary.Base16.isInAlphabet(byte) start: 1657658272029 end: 1657658272037 duration: 8retValue:
onEnter - Class: Base16.java method: public boolean org.apache.commons.codec.binary.Base16.isInAlphabet(byte)
MethodEnter
query: SELECT f.* FROM perfrt.files AS f INNER JOIN perfrt.commits AS c ON f.commit_id = c.id WHERE c.commit_hash='8871e9c72eefda5b047d8e9fcc3654e5fab3c198' AND f.name LIKE '%Base16.java';
onExit - Class: Base16.java.java method: public boolean org.apache.commons.codec.binary.Base16.isInAlphabet(byte) start: 1657658272044 end: 1657658272053 duration: 9retValue:
onEnter - Class: Base16.java method: public boolean org.apache.commons.codec.binary.Base16.isInAlphabet(byte)
MethodEnter
query: SELECT f.* FROM perfrt.files AS f INNER JOIN perfrt.commits AS c ON f.commit_id = c.id WHERE c.commit_hash='8871e9c72eefda5b047d8e9fcc3654e5fab3c198' AND f.name LIKE '%Base16.java';
onExit - Class: Base16.java.java method: public boolean org.apache.commons.codec.binary.Base16.isInAlphabet(byte) start: 1657658272063 end: 1657658272072 duration: 9retValue:
onExit - Class: Base16Test.java.java method: public void org.apache.commons.codec.binary.Base16Test.testIsInAlphabet() start: 1657658269906 end: 1657658272080 duration: 2174retValue:

Thanks for using JUnit! Support its development at https://junit.org/sponsoring

[36m╷[0m
[36m├─[0m [36mJUnit Jupiter[0m [32m✔[0m
[36m│  └─[0m [36mBase16Test[0m [32m✔[0m
[36m│     └─[0m [34mtestIsInAlphabet()[0m [32m✔[0m
[36m└─[0m [36mJUnit Vintage[0m [32m✔[0m

Test run finished after 2230 ms
[         3 containers found      ]
[         0 containers skipped    ]
[         3 containers started    ]
[         0 containers aborted    ]
[         3 containers successful ]
[         0 containers failed     ]
[         1 tests found           ]
[         0 tests skipped         ]
[         1 tests started         ]
[         0 tests aborted         ]
[         1 tests successful      ]
[         0 tests failed          ]

