Premain
onEnter - Class: Base16Test.java method: public void org.apache.commons.codec.binary.Base16Test.testIsInAlphabet()
MethodEnter
query: SELECT f.* FROM perfrt.files AS f INNER JOIN perfrt.commits AS c ON f.commit_id = c.id WHERE c.commit_hash='8871e9c72eefda5b047d8e9fcc3654e5fab3c198' AND f.name LIKE '%Base16Test.java';
onEnter - Class: Base16.java method: public boolean org.apache.commons.codec.binary.Base16.isInAlphabet(byte)
MethodEnter
query: SELECT f.* FROM perfrt.files AS f INNER JOIN perfrt.commits AS c ON f.commit_id = c.id WHERE c.commit_hash='8871e9c72eefda5b047d8e9fcc3654e5fab3c198' AND f.name LIKE '%Base16.java';
onExit - Class: Base16.java.java method: public boolean org.apache.commons.codec.binary.Base16.isInAlphabet(byte) start: 1657633432522 end: 1657633432866 duration: 344retValue:
onEnter - Class: Base16.java method: public boolean org.apache.commons.codec.binary.Base16.isInAlphabet(byte)
MethodEnter
query: SELECT f.* FROM perfrt.files AS f INNER JOIN perfrt.commits AS c ON f.commit_id = c.id WHERE c.commit_hash='8871e9c72eefda5b047d8e9fcc3654e5fab3c198' AND f.name LIKE '%Base16.java';
onExit - Class: Base16.java.java method: public boolean org.apache.commons.codec.binary.Base16.isInAlphabet(byte) start: 1657633433154 end: 1657633433446 duration: 292retValue:
onEnter - Class: Base16.java method: public boolean org.apache.commons.codec.binary.Base16.isInAlphabet(byte)
MethodEnter
query: SELECT f.* FROM perfrt.files AS f INNER JOIN perfrt.commits AS c ON f.commit_id = c.id WHERE c.commit_hash='8871e9c72eefda5b047d8e9fcc3654e5fab3c198' AND f.name LIKE '%Base16.java';
onExit - Class: Base16.java.java method: public boolean org.apache.commons.codec.binary.Base16.isInAlphabet(byte) start: 1657633433738 end: 1657633434061 duration: 323retValue:
onEnter - Class: Base16.java method: public boolean org.apache.commons.codec.binary.Base16.isInAlphabet(byte)
MethodEnter
query: SELECT f.* FROM perfrt.files AS f INNER JOIN perfrt.commits AS c ON f.commit_id = c.id WHERE c.commit_hash='8871e9c72eefda5b047d8e9fcc3654e5fab3c198' AND f.name LIKE '%Base16.java';
onExit - Class: Base16.java.java method: public boolean org.apache.commons.codec.binary.Base16.isInAlphabet(byte) start: 1657633434394 end: 1657633434717 duration: 323retValue:
onEnter - Class: Base16.java method: public boolean org.apache.commons.codec.binary.Base16.isInAlphabet(byte)
MethodEnter
query: SELECT f.* FROM perfrt.files AS f INNER JOIN perfrt.commits AS c ON f.commit_id = c.id WHERE c.commit_hash='8871e9c72eefda5b047d8e9fcc3654e5fab3c198' AND f.name LIKE '%Base16.java';
onExit - Class: Base16.java.java method: public boolean org.apache.commons.codec.binary.Base16.isInAlphabet(byte) start: 1657633434987 end: 1657633435264 duration: 277retValue:
onEnter - Class: Base16.java method: public boolean org.apache.commons.codec.binary.Base16.isInAlphabet(byte)
MethodEnter
query: SELECT f.* FROM perfrt.files AS f INNER JOIN perfrt.commits AS c ON f.commit_id = c.id WHERE c.commit_hash='8871e9c72eefda5b047d8e9fcc3654e5fab3c198' AND f.name LIKE '%Base16.java';
onExit - Class: Base16.java.java method: public boolean org.apache.commons.codec.binary.Base16.isInAlphabet(byte) start: 1657633435750 end: 1657633436128 duration: 378retValue:
onEnter - Class: Base16.java method: public boolean org.apache.commons.codec.binary.Base16.isInAlphabet(byte)
MethodEnter
query: SELECT f.* FROM perfrt.files AS f INNER JOIN perfrt.commits AS c ON f.commit_id = c.id WHERE c.commit_hash='8871e9c72eefda5b047d8e9fcc3654e5fab3c198' AND f.name LIKE '%Base16.java';
onExit - Class: Base16.java.java method: public boolean org.apache.commons.codec.binary.Base16.isInAlphabet(byte) start: 1657633436517 end: 1657633436870 duration: 353retValue:
onEnter - Class: Base16.java method: public boolean org.apache.commons.codec.binary.Base16.isInAlphabet(byte)
MethodEnter
query: SELECT f.* FROM perfrt.files AS f INNER JOIN perfrt.commits AS c ON f.commit_id = c.id WHERE c.commit_hash='8871e9c72eefda5b047d8e9fcc3654e5fab3c198' AND f.name LIKE '%Base16.java';
onExit - Class: Base16.java.java method: public boolean org.apache.commons.codec.binary.Base16.isInAlphabet(byte) start: 1657633437311 end: 1657633437592 duration: 281retValue:
onEnter - Class: Base16.java method: public boolean org.apache.commons.codec.binary.Base16.isInAlphabet(byte)
MethodEnter
query: SELECT f.* FROM perfrt.files AS f INNER JOIN perfrt.commits AS c ON f.commit_id = c.id WHERE c.commit_hash='8871e9c72eefda5b047d8e9fcc3654e5fab3c198' AND f.name LIKE '%Base16.java';
onExit - Class: Base16.java.java method: public boolean org.apache.commons.codec.binary.Base16.isInAlphabet(byte) start: 1657633438144 end: 1657633438418 duration: 274retValue:
onEnter - Class: Base16.java method: public boolean org.apache.commons.codec.binary.Base16.isInAlphabet(byte)
MethodEnter
query: SELECT f.* FROM perfrt.files AS f INNER JOIN perfrt.commits AS c ON f.commit_id = c.id WHERE c.commit_hash='8871e9c72eefda5b047d8e9fcc3654e5fab3c198' AND f.name LIKE '%Base16.java';
onExit - Class: Base16.java.java method: public boolean org.apache.commons.codec.binary.Base16.isInAlphabet(byte) start: 1657633438760 end: 1657633439383 duration: 623retValue:
onEnter - Class: Base16.java method: public boolean org.apache.commons.codec.binary.Base16.isInAlphabet(byte)
MethodEnter
query: SELECT f.* FROM perfrt.files AS f INNER JOIN perfrt.commits AS c ON f.commit_id = c.id WHERE c.commit_hash='8871e9c72eefda5b047d8e9fcc3654e5fab3c198' AND f.name LIKE '%Base16.java';
onExit - Class: Base16.java.java method: public boolean org.apache.commons.codec.binary.Base16.isInAlphabet(byte) start: 1657633439644 end: 1657633439856 duration: 212retValue:
onEnter - Class: Base16.java method: public boolean org.apache.commons.codec.binary.Base16.isInAlphabet(byte)
MethodEnter
query: SELECT f.* FROM perfrt.files AS f INNER JOIN perfrt.commits AS c ON f.commit_id = c.id WHERE c.commit_hash='8871e9c72eefda5b047d8e9fcc3654e5fab3c198' AND f.name LIKE '%Base16.java';
onExit - Class: Base16.java.java method: public boolean org.apache.commons.codec.binary.Base16.isInAlphabet(byte) start: 1657633440084 end: 1657633440439 duration: 355retValue:
onEnter - Class: Base16.java method: public boolean org.apache.commons.codec.binary.Base16.isInAlphabet(byte)
MethodEnter
query: SELECT f.* FROM perfrt.files AS f INNER JOIN perfrt.commits AS c ON f.commit_id = c.id WHERE c.commit_hash='8871e9c72eefda5b047d8e9fcc3654e5fab3c198' AND f.name LIKE '%Base16.java';
onExit - Class: Base16.java.java method: public boolean org.apache.commons.codec.binary.Base16.isInAlphabet(byte) start: 1657633440759 end: 1657633441042 duration: 283retValue:
onEnter - Class: Base16.java method: public boolean org.apache.commons.codec.binary.Base16.isInAlphabet(byte)
MethodEnter
query: SELECT f.* FROM perfrt.files AS f INNER JOIN perfrt.commits AS c ON f.commit_id = c.id WHERE c.commit_hash='8871e9c72eefda5b047d8e9fcc3654e5fab3c198' AND f.name LIKE '%Base16.java';
onExit - Class: Base16.java.java method: public boolean org.apache.commons.codec.binary.Base16.isInAlphabet(byte) start: 1657633441363 end: 1657633441574 duration: 211retValue:
onEnter - Class: Base16.java method: public boolean org.apache.commons.codec.binary.Base16.isInAlphabet(byte)
MethodEnter
query: SELECT f.* FROM perfrt.files AS f INNER JOIN perfrt.commits AS c ON f.commit_id = c.id WHERE c.commit_hash='8871e9c72eefda5b047d8e9fcc3654e5fab3c198' AND f.name LIKE '%Base16.java';
onExit - Class: Base16.java.java method: public boolean org.apache.commons.codec.binary.Base16.isInAlphabet(byte) start: 1657633441798 end: 1657633441990 duration: 192retValue:
onEnter - Class: Base16.java method: public boolean org.apache.commons.codec.binary.Base16.isInAlphabet(byte)
MethodEnter
query: SELECT f.* FROM perfrt.files AS f INNER JOIN perfrt.commits AS c ON f.commit_id = c.id WHERE c.commit_hash='8871e9c72eefda5b047d8e9fcc3654e5fab3c198' AND f.name LIKE '%Base16.java';
onExit - Class: Base16.java.java method: public boolean org.apache.commons.codec.binary.Base16.isInAlphabet(byte) start: 1657633442243 end: 1657633442608 duration: 365retValue:
onEnter - Class: Base16.java method: public boolean org.apache.commons.codec.binary.Base16.isInAlphabet(byte)
MethodEnter
query: SELECT f.* FROM perfrt.files AS f INNER JOIN perfrt.commits AS c ON f.commit_id = c.id WHERE c.commit_hash='8871e9c72eefda5b047d8e9fcc3654e5fab3c198' AND f.name LIKE '%Base16.java';
onExit - Class: Base16.java.java method: public boolean org.apache.commons.codec.binary.Base16.isInAlphabet(byte) start: 1657633442875 end: 1657633443272 duration: 397retValue:
onEnter - Class: Base16.java method: public boolean org.apache.commons.codec.binary.Base16.isInAlphabet(byte)
MethodEnter
query: SELECT f.* FROM perfrt.files AS f INNER JOIN perfrt.commits AS c ON f.commit_id = c.id WHERE c.commit_hash='8871e9c72eefda5b047d8e9fcc3654e5fab3c198' AND f.name LIKE '%Base16.java';
onExit - Class: Base16.java.java method: public boolean org.apache.commons.codec.binary.Base16.isInAlphabet(byte) start: 1657633443521 end: 1657633444019 duration: 498retValue:
onEnter - Class: Base16.java method: public boolean org.apache.commons.codec.binary.Base16.isInAlphabet(byte)
MethodEnter
query: SELECT f.* FROM perfrt.files AS f INNER JOIN perfrt.commits AS c ON f.commit_id = c.id WHERE c.commit_hash='8871e9c72eefda5b047d8e9fcc3654e5fab3c198' AND f.name LIKE '%Base16.java';
onExit - Class: Base16.java.java method: public boolean org.apache.commons.codec.binary.Base16.isInAlphabet(byte) start: 1657633444268 end: 1657633444517 duration: 249retValue:
onEnter - Class: Base16.java method: public boolean org.apache.commons.codec.binary.Base16.isInAlphabet(byte)
MethodEnter
query: SELECT f.* FROM perfrt.files AS f INNER JOIN perfrt.commits AS c ON f.commit_id = c.id WHERE c.commit_hash='8871e9c72eefda5b047d8e9fcc3654e5fab3c198' AND f.name LIKE '%Base16.java';
onExit - Class: Base16.java.java method: public boolean org.apache.commons.codec.binary.Base16.isInAlphabet(byte) start: 1657633444837 end: 1657633445198 duration: 361retValue:
onEnter - Class: Base16.java method: public boolean org.apache.commons.codec.binary.Base16.isInAlphabet(byte)
MethodEnter
query: SELECT f.* FROM perfrt.files AS f INNER JOIN perfrt.commits AS c ON f.commit_id = c.id WHERE c.commit_hash='8871e9c72eefda5b047d8e9fcc3654e5fab3c198' AND f.name LIKE '%Base16.java';
onExit - Class: Base16.java.java method: public boolean org.apache.commons.codec.binary.Base16.isInAlphabet(byte) start: 1657633445399 end: 1657633445435 duration: 36retValue:
onEnter - Class: Base16.java method: public boolean org.apache.commons.codec.binary.Base16.isInAlphabet(byte)
MethodEnter
query: SELECT f.* FROM perfrt.files AS f INNER JOIN perfrt.commits AS c ON f.commit_id = c.id WHERE c.commit_hash='8871e9c72eefda5b047d8e9fcc3654e5fab3c198' AND f.name LIKE '%Base16.java';
onExit - Class: Base16.java.java method: public boolean org.apache.commons.codec.binary.Base16.isInAlphabet(byte) start: 1657633445444 end: 1657633445453 duration: 9retValue:
onEnter - Class: Base16.java method: public boolean org.apache.commons.codec.binary.Base16.isInAlphabet(byte)
MethodEnter
query: SELECT f.* FROM perfrt.files AS f INNER JOIN perfrt.commits AS c ON f.commit_id = c.id WHERE c.commit_hash='8871e9c72eefda5b047d8e9fcc3654e5fab3c198' AND f.name LIKE '%Base16.java';
onExit - Class: Base16.java.java method: public boolean org.apache.commons.codec.binary.Base16.isInAlphabet(byte) start: 1657633445465 end: 1657633445474 duration: 9retValue:
onEnter - Class: Base16.java method: public boolean org.apache.commons.codec.binary.Base16.isInAlphabet(byte)
MethodEnter
query: SELECT f.* FROM perfrt.files AS f INNER JOIN perfrt.commits AS c ON f.commit_id = c.id WHERE c.commit_hash='8871e9c72eefda5b047d8e9fcc3654e5fab3c198' AND f.name LIKE '%Base16.java';
onExit - Class: Base16.java.java method: public boolean org.apache.commons.codec.binary.Base16.isInAlphabet(byte) start: 1657633445483 end: 1657633445492 duration: 9retValue:
onEnter - Class: Base16.java method: public boolean org.apache.commons.codec.binary.Base16.isInAlphabet(byte)
MethodEnter
query: SELECT f.* FROM perfrt.files AS f INNER JOIN perfrt.commits AS c ON f.commit_id = c.id WHERE c.commit_hash='8871e9c72eefda5b047d8e9fcc3654e5fab3c198' AND f.name LIKE '%Base16.java';
onExit - Class: Base16.java.java method: public boolean org.apache.commons.codec.binary.Base16.isInAlphabet(byte) start: 1657633445501 end: 1657633445509 duration: 8retValue:
onEnter - Class: Base16.java method: public boolean org.apache.commons.codec.binary.Base16.isInAlphabet(byte)
MethodEnter
query: SELECT f.* FROM perfrt.files AS f INNER JOIN perfrt.commits AS c ON f.commit_id = c.id WHERE c.commit_hash='8871e9c72eefda5b047d8e9fcc3654e5fab3c198' AND f.name LIKE '%Base16.java';
onExit - Class: Base16.java.java method: public boolean org.apache.commons.codec.binary.Base16.isInAlphabet(byte) start: 1657633445518 end: 1657633445527 duration: 9retValue:
onEnter - Class: Base16.java method: public boolean org.apache.commons.codec.binary.Base16.isInAlphabet(byte)
MethodEnter
query: SELECT f.* FROM perfrt.files AS f INNER JOIN perfrt.commits AS c ON f.commit_id = c.id WHERE c.commit_hash='8871e9c72eefda5b047d8e9fcc3654e5fab3c198' AND f.name LIKE '%Base16.java';
onExit - Class: Base16.java.java method: public boolean org.apache.commons.codec.binary.Base16.isInAlphabet(byte) start: 1657633445535 end: 1657633445543 duration: 8retValue:
onEnter - Class: Base16.java method: public boolean org.apache.commons.codec.binary.Base16.isInAlphabet(byte)
MethodEnter
query: SELECT f.* FROM perfrt.files AS f INNER JOIN perfrt.commits AS c ON f.commit_id = c.id WHERE c.commit_hash='8871e9c72eefda5b047d8e9fcc3654e5fab3c198' AND f.name LIKE '%Base16.java';
onExit - Class: Base16.java.java method: public boolean org.apache.commons.codec.binary.Base16.isInAlphabet(byte) start: 1657633445552 end: 1657633445562 duration: 10retValue:
onEnter - Class: Base16.java method: public boolean org.apache.commons.codec.binary.Base16.isInAlphabet(byte)
MethodEnter
query: SELECT f.* FROM perfrt.files AS f INNER JOIN perfrt.commits AS c ON f.commit_id = c.id WHERE c.commit_hash='8871e9c72eefda5b047d8e9fcc3654e5fab3c198' AND f.name LIKE '%Base16.java';
onExit - Class: Base16.java.java method: public boolean org.apache.commons.codec.binary.Base16.isInAlphabet(byte) start: 1657633445572 end: 1657633445581 duration: 9retValue:
onEnter - Class: Base16.java method: public boolean org.apache.commons.codec.binary.Base16.isInAlphabet(byte)
MethodEnter
query: SELECT f.* FROM perfrt.files AS f INNER JOIN perfrt.commits AS c ON f.commit_id = c.id WHERE c.commit_hash='8871e9c72eefda5b047d8e9fcc3654e5fab3c198' AND f.name LIKE '%Base16.java';
onExit - Class: Base16.java.java method: public boolean org.apache.commons.codec.binary.Base16.isInAlphabet(byte) start: 1657633445589 end: 1657633445598 duration: 9retValue:
onEnter - Class: Base16.java method: public boolean org.apache.commons.codec.binary.Base16.isInAlphabet(byte)
MethodEnter
query: SELECT f.* FROM perfrt.files AS f INNER JOIN perfrt.commits AS c ON f.commit_id = c.id WHERE c.commit_hash='8871e9c72eefda5b047d8e9fcc3654e5fab3c198' AND f.name LIKE '%Base16.java';
onExit - Class: Base16.java.java method: public boolean org.apache.commons.codec.binary.Base16.isInAlphabet(byte) start: 1657633445607 end: 1657633445616 duration: 9retValue:
onEnter - Class: Base16.java method: public boolean org.apache.commons.codec.binary.Base16.isInAlphabet(byte)
MethodEnter
query: SELECT f.* FROM perfrt.files AS f INNER JOIN perfrt.commits AS c ON f.commit_id = c.id WHERE c.commit_hash='8871e9c72eefda5b047d8e9fcc3654e5fab3c198' AND f.name LIKE '%Base16.java';
onExit - Class: Base16.java.java method: public boolean org.apache.commons.codec.binary.Base16.isInAlphabet(byte) start: 1657633445625 end: 1657633445634 duration: 9retValue:
onEnter - Class: Base16.java method: public boolean org.apache.commons.codec.binary.Base16.isInAlphabet(byte)
MethodEnter
query: SELECT f.* FROM perfrt.files AS f INNER JOIN perfrt.commits AS c ON f.commit_id = c.id WHERE c.commit_hash='8871e9c72eefda5b047d8e9fcc3654e5fab3c198' AND f.name LIKE '%Base16.java';
onExit - Class: Base16.java.java method: public boolean org.apache.commons.codec.binary.Base16.isInAlphabet(byte) start: 1657633445643 end: 1657633445652 duration: 9retValue:
onEnter - Class: Base16.java method: public boolean org.apache.commons.codec.binary.Base16.isInAlphabet(byte)
MethodEnter
query: SELECT f.* FROM perfrt.files AS f INNER JOIN perfrt.commits AS c ON f.commit_id = c.id WHERE c.commit_hash='8871e9c72eefda5b047d8e9fcc3654e5fab3c198' AND f.name LIKE '%Base16.java';
onExit - Class: Base16.java.java method: public boolean org.apache.commons.codec.binary.Base16.isInAlphabet(byte) start: 1657633445660 end: 1657633445669 duration: 9retValue:
onEnter - Class: Base16.java method: public boolean org.apache.commons.codec.binary.Base16.isInAlphabet(byte)
MethodEnter
query: SELECT f.* FROM perfrt.files AS f INNER JOIN perfrt.commits AS c ON f.commit_id = c.id WHERE c.commit_hash='8871e9c72eefda5b047d8e9fcc3654e5fab3c198' AND f.name LIKE '%Base16.java';
onExit - Class: Base16.java.java method: public boolean org.apache.commons.codec.binary.Base16.isInAlphabet(byte) start: 1657633445678 end: 1657633445692 duration: 14retValue:
onEnter - Class: Base16.java method: public boolean org.apache.commons.codec.binary.Base16.isInAlphabet(byte)
MethodEnter
query: SELECT f.* FROM perfrt.files AS f INNER JOIN perfrt.commits AS c ON f.commit_id = c.id WHERE c.commit_hash='8871e9c72eefda5b047d8e9fcc3654e5fab3c198' AND f.name LIKE '%Base16.java';
onExit - Class: Base16.java.java method: public boolean org.apache.commons.codec.binary.Base16.isInAlphabet(byte) start: 1657633445700 end: 1657633445708 duration: 8retValue:
onEnter - Class: Base16.java method: public boolean org.apache.commons.codec.binary.Base16.isInAlphabet(byte)
MethodEnter
query: SELECT f.* FROM perfrt.files AS f INNER JOIN perfrt.commits AS c ON f.commit_id = c.id WHERE c.commit_hash='8871e9c72eefda5b047d8e9fcc3654e5fab3c198' AND f.name LIKE '%Base16.java';
onExit - Class: Base16.java.java method: public boolean org.apache.commons.codec.binary.Base16.isInAlphabet(byte) start: 1657633445716 end: 1657633445724 duration: 8retValue:
onEnter - Class: Base16.java method: public boolean org.apache.commons.codec.binary.Base16.isInAlphabet(byte)
MethodEnter
query: SELECT f.* FROM perfrt.files AS f INNER JOIN perfrt.commits AS c ON f.commit_id = c.id WHERE c.commit_hash='8871e9c72eefda5b047d8e9fcc3654e5fab3c198' AND f.name LIKE '%Base16.java';
onExit - Class: Base16.java.java method: public boolean org.apache.commons.codec.binary.Base16.isInAlphabet(byte) start: 1657633445732 end: 1657633445741 duration: 9retValue:
onEnter - Class: Base16.java method: public boolean org.apache.commons.codec.binary.Base16.isInAlphabet(byte)
MethodEnter
query: SELECT f.* FROM perfrt.files AS f INNER JOIN perfrt.commits AS c ON f.commit_id = c.id WHERE c.commit_hash='8871e9c72eefda5b047d8e9fcc3654e5fab3c198' AND f.name LIKE '%Base16.java';
onExit - Class: Base16.java.java method: public boolean org.apache.commons.codec.binary.Base16.isInAlphabet(byte) start: 1657633445749 end: 1657633445757 duration: 8retValue:
onEnter - Class: Base16.java method: public boolean org.apache.commons.codec.binary.Base16.isInAlphabet(byte)
MethodEnter
query: SELECT f.* FROM perfrt.files AS f INNER JOIN perfrt.commits AS c ON f.commit_id = c.id WHERE c.commit_hash='8871e9c72eefda5b047d8e9fcc3654e5fab3c198' AND f.name LIKE '%Base16.java';
onExit - Class: Base16.java.java method: public boolean org.apache.commons.codec.binary.Base16.isInAlphabet(byte) start: 1657633445766 end: 1657633445774 duration: 8retValue:
onEnter - Class: Base16.java method: public boolean org.apache.commons.codec.binary.Base16.isInAlphabet(byte)
MethodEnter
query: SELECT f.* FROM perfrt.files AS f INNER JOIN perfrt.commits AS c ON f.commit_id = c.id WHERE c.commit_hash='8871e9c72eefda5b047d8e9fcc3654e5fab3c198' AND f.name LIKE '%Base16.java';
onExit - Class: Base16.java.java method: public boolean org.apache.commons.codec.binary.Base16.isInAlphabet(byte) start: 1657633445782 end: 1657633445790 duration: 8retValue:
onEnter - Class: Base16.java method: public boolean org.apache.commons.codec.binary.Base16.isInAlphabet(byte)
MethodEnter
query: SELECT f.* FROM perfrt.files AS f INNER JOIN perfrt.commits AS c ON f.commit_id = c.id WHERE c.commit_hash='8871e9c72eefda5b047d8e9fcc3654e5fab3c198' AND f.name LIKE '%Base16.java';
onExit - Class: Base16.java.java method: public boolean org.apache.commons.codec.binary.Base16.isInAlphabet(byte) start: 1657633445799 end: 1657633445807 duration: 8retValue:
onEnter - Class: Base16.java method: public boolean org.apache.commons.codec.binary.Base16.isInAlphabet(byte)
MethodEnter
query: SELECT f.* FROM perfrt.files AS f INNER JOIN perfrt.commits AS c ON f.commit_id = c.id WHERE c.commit_hash='8871e9c72eefda5b047d8e9fcc3654e5fab3c198' AND f.name LIKE '%Base16.java';
onExit - Class: Base16.java.java method: public boolean org.apache.commons.codec.binary.Base16.isInAlphabet(byte) start: 1657633445850 end: 1657633445922 duration: 72retValue:
onEnter - Class: Base16.java method: public boolean org.apache.commons.codec.binary.Base16.isInAlphabet(byte)
MethodEnter
query: SELECT f.* FROM perfrt.files AS f INNER JOIN perfrt.commits AS c ON f.commit_id = c.id WHERE c.commit_hash='8871e9c72eefda5b047d8e9fcc3654e5fab3c198' AND f.name LIKE '%Base16.java';
onExit - Class: Base16.java.java method: public boolean org.apache.commons.codec.binary.Base16.isInAlphabet(byte) start: 1657633445954 end: 1657633445980 duration: 26retValue:
onEnter - Class: Base16.java method: public boolean org.apache.commons.codec.binary.Base16.isInAlphabet(byte)
MethodEnter
query: SELECT f.* FROM perfrt.files AS f INNER JOIN perfrt.commits AS c ON f.commit_id = c.id WHERE c.commit_hash='8871e9c72eefda5b047d8e9fcc3654e5fab3c198' AND f.name LIKE '%Base16.java';
onExit - Class: Base16.java.java method: public boolean org.apache.commons.codec.binary.Base16.isInAlphabet(byte) start: 1657633445994 end: 1657633446004 duration: 10retValue:
onEnter - Class: Base16.java method: public boolean org.apache.commons.codec.binary.Base16.isInAlphabet(byte)
MethodEnter
query: SELECT f.* FROM perfrt.files AS f INNER JOIN perfrt.commits AS c ON f.commit_id = c.id WHERE c.commit_hash='8871e9c72eefda5b047d8e9fcc3654e5fab3c198' AND f.name LIKE '%Base16.java';
onExit - Class: Base16.java.java method: public boolean org.apache.commons.codec.binary.Base16.isInAlphabet(byte) start: 1657633446012 end: 1657633446020 duration: 8retValue:
onEnter - Class: Base16.java method: public boolean org.apache.commons.codec.binary.Base16.isInAlphabet(byte)
MethodEnter
query: SELECT f.* FROM perfrt.files AS f INNER JOIN perfrt.commits AS c ON f.commit_id = c.id WHERE c.commit_hash='8871e9c72eefda5b047d8e9fcc3654e5fab3c198' AND f.name LIKE '%Base16.java';
onExit - Class: Base16.java.java method: public boolean org.apache.commons.codec.binary.Base16.isInAlphabet(byte) start: 1657633446028 end: 1657633446037 duration: 9retValue:
onEnter - Class: Base16.java method: public boolean org.apache.commons.codec.binary.Base16.isInAlphabet(byte)
MethodEnter
query: SELECT f.* FROM perfrt.files AS f INNER JOIN perfrt.commits AS c ON f.commit_id = c.id WHERE c.commit_hash='8871e9c72eefda5b047d8e9fcc3654e5fab3c198' AND f.name LIKE '%Base16.java';
onExit - Class: Base16.java.java method: public boolean org.apache.commons.codec.binary.Base16.isInAlphabet(byte) start: 1657633446044 end: 1657633446053 duration: 9retValue:
onEnter - Class: Base16.java method: public boolean org.apache.commons.codec.binary.Base16.isInAlphabet(byte)
MethodEnter
query: SELECT f.* FROM perfrt.files AS f INNER JOIN perfrt.commits AS c ON f.commit_id = c.id WHERE c.commit_hash='8871e9c72eefda5b047d8e9fcc3654e5fab3c198' AND f.name LIKE '%Base16.java';
onExit - Class: Base16.java.java method: public boolean org.apache.commons.codec.binary.Base16.isInAlphabet(byte) start: 1657633446061 end: 1657633446068 duration: 7retValue:
onEnter - Class: Base16.java method: public boolean org.apache.commons.codec.binary.Base16.isInAlphabet(byte)
MethodEnter
query: SELECT f.* FROM perfrt.files AS f INNER JOIN perfrt.commits AS c ON f.commit_id = c.id WHERE c.commit_hash='8871e9c72eefda5b047d8e9fcc3654e5fab3c198' AND f.name LIKE '%Base16.java';
onExit - Class: Base16.java.java method: public boolean org.apache.commons.codec.binary.Base16.isInAlphabet(byte) start: 1657633446076 end: 1657633446084 duration: 8retValue:
onEnter - Class: Base16.java method: public boolean org.apache.commons.codec.binary.Base16.isInAlphabet(byte)
MethodEnter
query: SELECT f.* FROM perfrt.files AS f INNER JOIN perfrt.commits AS c ON f.commit_id = c.id WHERE c.commit_hash='8871e9c72eefda5b047d8e9fcc3654e5fab3c198' AND f.name LIKE '%Base16.java';
onExit - Class: Base16.java.java method: public boolean org.apache.commons.codec.binary.Base16.isInAlphabet(byte) start: 1657633446091 end: 1657633446100 duration: 9retValue:
onEnter - Class: Base16.java method: public boolean org.apache.commons.codec.binary.Base16.isInAlphabet(byte)
MethodEnter
query: SELECT f.* FROM perfrt.files AS f INNER JOIN perfrt.commits AS c ON f.commit_id = c.id WHERE c.commit_hash='8871e9c72eefda5b047d8e9fcc3654e5fab3c198' AND f.name LIKE '%Base16.java';
onExit - Class: Base16.java.java method: public boolean org.apache.commons.codec.binary.Base16.isInAlphabet(byte) start: 1657633446108 end: 1657633446116 duration: 8retValue:
onEnter - Class: Base16.java method: public boolean org.apache.commons.codec.binary.Base16.isInAlphabet(byte)
MethodEnter
query: SELECT f.* FROM perfrt.files AS f INNER JOIN perfrt.commits AS c ON f.commit_id = c.id WHERE c.commit_hash='8871e9c72eefda5b047d8e9fcc3654e5fab3c198' AND f.name LIKE '%Base16.java';
onExit - Class: Base16.java.java method: public boolean org.apache.commons.codec.binary.Base16.isInAlphabet(byte) start: 1657633446123 end: 1657633446131 duration: 8retValue:
onEnter - Class: Base16.java method: public boolean org.apache.commons.codec.binary.Base16.isInAlphabet(byte)
MethodEnter
query: SELECT f.* FROM perfrt.files AS f INNER JOIN perfrt.commits AS c ON f.commit_id = c.id WHERE c.commit_hash='8871e9c72eefda5b047d8e9fcc3654e5fab3c198' AND f.name LIKE '%Base16.java';
onExit - Class: Base16.java.java method: public boolean org.apache.commons.codec.binary.Base16.isInAlphabet(byte) start: 1657633446139 end: 1657633446147 duration: 8retValue:
onEnter - Class: Base16.java method: public boolean org.apache.commons.codec.binary.Base16.isInAlphabet(byte)
MethodEnter
query: SELECT f.* FROM perfrt.files AS f INNER JOIN perfrt.commits AS c ON f.commit_id = c.id WHERE c.commit_hash='8871e9c72eefda5b047d8e9fcc3654e5fab3c198' AND f.name LIKE '%Base16.java';
onExit - Class: Base16.java.java method: public boolean org.apache.commons.codec.binary.Base16.isInAlphabet(byte) start: 1657633446155 end: 1657633446162 duration: 7retValue:
onEnter - Class: Base16.java method: public boolean org.apache.commons.codec.binary.Base16.isInAlphabet(byte)
MethodEnter
query: SELECT f.* FROM perfrt.files AS f INNER JOIN perfrt.commits AS c ON f.commit_id = c.id WHERE c.commit_hash='8871e9c72eefda5b047d8e9fcc3654e5fab3c198' AND f.name LIKE '%Base16.java';
onExit - Class: Base16.java.java method: public boolean org.apache.commons.codec.binary.Base16.isInAlphabet(byte) start: 1657633446170 end: 1657633446178 duration: 8retValue:
onEnter - Class: Base16.java method: public boolean org.apache.commons.codec.binary.Base16.isInAlphabet(byte)
MethodEnter
query: SELECT f.* FROM perfrt.files AS f INNER JOIN perfrt.commits AS c ON f.commit_id = c.id WHERE c.commit_hash='8871e9c72eefda5b047d8e9fcc3654e5fab3c198' AND f.name LIKE '%Base16.java';
onExit - Class: Base16.java.java method: public boolean org.apache.commons.codec.binary.Base16.isInAlphabet(byte) start: 1657633446186 end: 1657633446194 duration: 8retValue:
onEnter - Class: Base16.java method: public boolean org.apache.commons.codec.binary.Base16.isInAlphabet(byte)
MethodEnter
query: SELECT f.* FROM perfrt.files AS f INNER JOIN perfrt.commits AS c ON f.commit_id = c.id WHERE c.commit_hash='8871e9c72eefda5b047d8e9fcc3654e5fab3c198' AND f.name LIKE '%Base16.java';
onExit - Class: Base16.java.java method: public boolean org.apache.commons.codec.binary.Base16.isInAlphabet(byte) start: 1657633446202 end: 1657633446211 duration: 9retValue:
onEnter - Class: Base16.java method: public boolean org.apache.commons.codec.binary.Base16.isInAlphabet(byte)
MethodEnter
query: SELECT f.* FROM perfrt.files AS f INNER JOIN perfrt.commits AS c ON f.commit_id = c.id WHERE c.commit_hash='8871e9c72eefda5b047d8e9fcc3654e5fab3c198' AND f.name LIKE '%Base16.java';
onExit - Class: Base16.java.java method: public boolean org.apache.commons.codec.binary.Base16.isInAlphabet(byte) start: 1657633446220 end: 1657633446228 duration: 8retValue:
onEnter - Class: Base16.java method: public boolean org.apache.commons.codec.binary.Base16.isInAlphabet(byte)
MethodEnter
query: SELECT f.* FROM perfrt.files AS f INNER JOIN perfrt.commits AS c ON f.commit_id = c.id WHERE c.commit_hash='8871e9c72eefda5b047d8e9fcc3654e5fab3c198' AND f.name LIKE '%Base16.java';
onExit - Class: Base16.java.java method: public boolean org.apache.commons.codec.binary.Base16.isInAlphabet(byte) start: 1657633446236 end: 1657633446243 duration: 7retValue:
onEnter - Class: Base16.java method: public boolean org.apache.commons.codec.binary.Base16.isInAlphabet(byte)
MethodEnter
query: SELECT f.* FROM perfrt.files AS f INNER JOIN perfrt.commits AS c ON f.commit_id = c.id WHERE c.commit_hash='8871e9c72eefda5b047d8e9fcc3654e5fab3c198' AND f.name LIKE '%Base16.java';
onExit - Class: Base16.java.java method: public boolean org.apache.commons.codec.binary.Base16.isInAlphabet(byte) start: 1657633446251 end: 1657633446259 duration: 8retValue:
onExit - Class: Base16Test.java.java method: public void org.apache.commons.codec.binary.Base16Test.testIsInAlphabet() start: 1657633431934 end: 1657633446266 duration: 14332retValue:

Thanks for using JUnit! Support its development at https://junit.org/sponsoring

[36m╷[0m
[36m├─[0m [36mJUnit Jupiter[0m [32m✔[0m
[36m│  └─[0m [36mBase16Test[0m [32m✔[0m
[36m│     └─[0m [34mtestIsInAlphabet()[0m [36m14352 ms[0m [32m✔[0m
[36m└─[0m [36mJUnit Vintage[0m [32m✔[0m

Test run finished after 14399 ms
[         3 containers found      ]
[         0 containers skipped    ]
[         3 containers started    ]
[         0 containers aborted    ]
[         3 containers successful ]
[         0 containers failed     ]
[         1 tests found           ]
[         0 tests skipped         ]
[         1 tests started         ]
[         0 tests aborted         ]
[         1 tests successful      ]
[         0 tests failed          ]

