Premain
onEnter - Class: Hex.java method: public java.lang.Object org.apache.commons.codec.binary.Hex.decode(java.lang.Object) throws org.apache.commons.codec.DecoderException
MethodEnter
query: SELECT f.* FROM perfrt.files AS f INNER JOIN perfrt.commits AS c ON f.commit_id = c.id WHERE c.commit_hash='8871e9c72eefda5b047d8e9fcc3654e5fab3c198' AND f.name LIKE '%Hex.java';
onEnter - Class: Hex.java method: public java.lang.Object org.apache.commons.codec.binary.Hex.decode(java.lang.Object) throws org.apache.commons.codec.DecoderException
MethodEnter
query: SELECT f.* FROM perfrt.files AS f INNER JOIN perfrt.commits AS c ON f.commit_id = c.id WHERE c.commit_hash='8871e9c72eefda5b047d8e9fcc3654e5fab3c198' AND f.name LIKE '%Hex.java';
onEnter - Class: Hex.java method: public static byte[] org.apache.commons.codec.binary.Hex.decodeHex(char[]) throws org.apache.commons.codec.DecoderException
MethodEnter
query: SELECT f.* FROM perfrt.files AS f INNER JOIN perfrt.commits AS c ON f.commit_id = c.id WHERE c.commit_hash='8871e9c72eefda5b047d8e9fcc3654e5fab3c198' AND f.name LIKE '%Hex.java';
onEnter - Class: Hex.java method: public static int org.apache.commons.codec.binary.Hex.decodeHex(char[],byte[],int) throws org.apache.commons.codec.DecoderException
MethodEnter
query: SELECT f.* FROM perfrt.files AS f INNER JOIN perfrt.commits AS c ON f.commit_id = c.id WHERE c.commit_hash='8871e9c72eefda5b047d8e9fcc3654e5fab3c198' AND f.name LIKE '%Hex.java';
onEnter - Class: Hex.java method: protected static int org.apache.commons.codec.binary.Hex.toDigit(char,int) throws org.apache.commons.codec.DecoderException
MethodEnter
query: SELECT f.* FROM perfrt.files AS f INNER JOIN perfrt.commits AS c ON f.commit_id = c.id WHERE c.commit_hash='8871e9c72eefda5b047d8e9fcc3654e5fab3c198' AND f.name LIKE '%Hex.java';
onExit - Class: Hex.java.java method: protected static int org.apache.commons.codec.binary.Hex.toDigit(char,int) throws org.apache.commons.codec.DecoderException start: 1657658870795 end: 1657658870811 duration: 16retValue:
onEnter - Class: Hex.java method: protected static int org.apache.commons.codec.binary.Hex.toDigit(char,int) throws org.apache.commons.codec.DecoderException
MethodEnter
query: SELECT f.* FROM perfrt.files AS f INNER JOIN perfrt.commits AS c ON f.commit_id = c.id WHERE c.commit_hash='8871e9c72eefda5b047d8e9fcc3654e5fab3c198' AND f.name LIKE '%Hex.java';
onExit - Class: Hex.java.java method: protected static int org.apache.commons.codec.binary.Hex.toDigit(char,int) throws org.apache.commons.codec.DecoderException start: 1657658870837 end: 1657658870852 duration: 15retValue:
onEnter - Class: Hex.java method: protected static int org.apache.commons.codec.binary.Hex.toDigit(char,int) throws org.apache.commons.codec.DecoderException
MethodEnter
query: SELECT f.* FROM perfrt.files AS f INNER JOIN perfrt.commits AS c ON f.commit_id = c.id WHERE c.commit_hash='8871e9c72eefda5b047d8e9fcc3654e5fab3c198' AND f.name LIKE '%Hex.java';
onExit - Class: Hex.java.java method: protected static int org.apache.commons.codec.binary.Hex.toDigit(char,int) throws org.apache.commons.codec.DecoderException start: 1657658870866 end: 1657658870882 duration: 16retValue:
onEnter - Class: Hex.java method: protected static int org.apache.commons.codec.binary.Hex.toDigit(char,int) throws org.apache.commons.codec.DecoderException
MethodEnter
query: SELECT f.* FROM perfrt.files AS f INNER JOIN perfrt.commits AS c ON f.commit_id = c.id WHERE c.commit_hash='8871e9c72eefda5b047d8e9fcc3654e5fab3c198' AND f.name LIKE '%Hex.java';
onExit - Class: Hex.java.java method: protected static int org.apache.commons.codec.binary.Hex.toDigit(char,int) throws org.apache.commons.codec.DecoderException start: 1657658870895 end: 1657658870908 duration: 13retValue:
onEnter - Class: Hex.java method: protected static int org.apache.commons.codec.binary.Hex.toDigit(char,int) throws org.apache.commons.codec.DecoderException
MethodEnter
query: SELECT f.* FROM perfrt.files AS f INNER JOIN perfrt.commits AS c ON f.commit_id = c.id WHERE c.commit_hash='8871e9c72eefda5b047d8e9fcc3654e5fab3c198' AND f.name LIKE '%Hex.java';
onExit - Class: Hex.java.java method: protected static int org.apache.commons.codec.binary.Hex.toDigit(char,int) throws org.apache.commons.codec.DecoderException start: 1657658870921 end: 1657658870934 duration: 13retValue:
onEnter - Class: Hex.java method: protected static int org.apache.commons.codec.binary.Hex.toDigit(char,int) throws org.apache.commons.codec.DecoderException
MethodEnter
query: SELECT f.* FROM perfrt.files AS f INNER JOIN perfrt.commits AS c ON f.commit_id = c.id WHERE c.commit_hash='8871e9c72eefda5b047d8e9fcc3654e5fab3c198' AND f.name LIKE '%Hex.java';
onExit - Class: Hex.java.java method: protected static int org.apache.commons.codec.binary.Hex.toDigit(char,int) throws org.apache.commons.codec.DecoderException start: 1657658870946 end: 1657658870959 duration: 13retValue:
onEnter - Class: Hex.java method: protected static int org.apache.commons.codec.binary.Hex.toDigit(char,int) throws org.apache.commons.codec.DecoderException
MethodEnter
query: SELECT f.* FROM perfrt.files AS f INNER JOIN perfrt.commits AS c ON f.commit_id = c.id WHERE c.commit_hash='8871e9c72eefda5b047d8e9fcc3654e5fab3c198' AND f.name LIKE '%Hex.java';
onExit - Class: Hex.java.java method: protected static int org.apache.commons.codec.binary.Hex.toDigit(char,int) throws org.apache.commons.codec.DecoderException start: 1657658870972 end: 1657658870984 duration: 12retValue:
onEnter - Class: Hex.java method: protected static int org.apache.commons.codec.binary.Hex.toDigit(char,int) throws org.apache.commons.codec.DecoderException
MethodEnter
query: SELECT f.* FROM perfrt.files AS f INNER JOIN perfrt.commits AS c ON f.commit_id = c.id WHERE c.commit_hash='8871e9c72eefda5b047d8e9fcc3654e5fab3c198' AND f.name LIKE '%Hex.java';
onExit - Class: Hex.java.java method: protected static int org.apache.commons.codec.binary.Hex.toDigit(char,int) throws org.apache.commons.codec.DecoderException start: 1657658870996 end: 1657658871007 duration: 11retValue:
onEnter - Class: Hex.java method: protected static int org.apache.commons.codec.binary.Hex.toDigit(char,int) throws org.apache.commons.codec.DecoderException
MethodEnter
query: SELECT f.* FROM perfrt.files AS f INNER JOIN perfrt.commits AS c ON f.commit_id = c.id WHERE c.commit_hash='8871e9c72eefda5b047d8e9fcc3654e5fab3c198' AND f.name LIKE '%Hex.java';
onExit - Class: Hex.java.java method: protected static int org.apache.commons.codec.binary.Hex.toDigit(char,int) throws org.apache.commons.codec.DecoderException start: 1657658871017 end: 1657658871029 duration: 12retValue:
onEnter - Class: Hex.java method: protected static int org.apache.commons.codec.binary.Hex.toDigit(char,int) throws org.apache.commons.codec.DecoderException
MethodEnter
query: SELECT f.* FROM perfrt.files AS f INNER JOIN perfrt.commits AS c ON f.commit_id = c.id WHERE c.commit_hash='8871e9c72eefda5b047d8e9fcc3654e5fab3c198' AND f.name LIKE '%Hex.java';
onExit - Class: Hex.java.java method: protected static int org.apache.commons.codec.binary.Hex.toDigit(char,int) throws org.apache.commons.codec.DecoderException start: 1657658871042 end: 1657658871054 duration: 12retValue:
onEnter - Class: Hex.java method: protected static int org.apache.commons.codec.binary.Hex.toDigit(char,int) throws org.apache.commons.codec.DecoderException
MethodEnter
query: SELECT f.* FROM perfrt.files AS f INNER JOIN perfrt.commits AS c ON f.commit_id = c.id WHERE c.commit_hash='8871e9c72eefda5b047d8e9fcc3654e5fab3c198' AND f.name LIKE '%Hex.java';
onExit - Class: Hex.java.java method: protected static int org.apache.commons.codec.binary.Hex.toDigit(char,int) throws org.apache.commons.codec.DecoderException start: 1657658871065 end: 1657658871077 duration: 12retValue:
onEnter - Class: Hex.java method: protected static int org.apache.commons.codec.binary.Hex.toDigit(char,int) throws org.apache.commons.codec.DecoderException
MethodEnter
query: SELECT f.* FROM perfrt.files AS f INNER JOIN perfrt.commits AS c ON f.commit_id = c.id WHERE c.commit_hash='8871e9c72eefda5b047d8e9fcc3654e5fab3c198' AND f.name LIKE '%Hex.java';
onExit - Class: Hex.java.java method: protected static int org.apache.commons.codec.binary.Hex.toDigit(char,int) throws org.apache.commons.codec.DecoderException start: 1657658871088 end: 1657658871097 duration: 9retValue:
onEnter - Class: Hex.java method: protected static int org.apache.commons.codec.binary.Hex.toDigit(char,int) throws org.apache.commons.codec.DecoderException
MethodEnter
query: SELECT f.* FROM perfrt.files AS f INNER JOIN perfrt.commits AS c ON f.commit_id = c.id WHERE c.commit_hash='8871e9c72eefda5b047d8e9fcc3654e5fab3c198' AND f.name LIKE '%Hex.java';
onExit - Class: Hex.java.java method: protected static int org.apache.commons.codec.binary.Hex.toDigit(char,int) throws org.apache.commons.codec.DecoderException start: 1657658871108 end: 1657658871131 duration: 23retValue:
onEnter - Class: Hex.java method: protected static int org.apache.commons.codec.binary.Hex.toDigit(char,int) throws org.apache.commons.codec.DecoderException
MethodEnter
query: SELECT f.* FROM perfrt.files AS f INNER JOIN perfrt.commits AS c ON f.commit_id = c.id WHERE c.commit_hash='8871e9c72eefda5b047d8e9fcc3654e5fab3c198' AND f.name LIKE '%Hex.java';
onExit - Class: Hex.java.java method: protected static int org.apache.commons.codec.binary.Hex.toDigit(char,int) throws org.apache.commons.codec.DecoderException start: 1657658871141 end: 1657658871150 duration: 9retValue:
onEnter - Class: Hex.java method: protected static int org.apache.commons.codec.binary.Hex.toDigit(char,int) throws org.apache.commons.codec.DecoderException
MethodEnter
query: SELECT f.* FROM perfrt.files AS f INNER JOIN perfrt.commits AS c ON f.commit_id = c.id WHERE c.commit_hash='8871e9c72eefda5b047d8e9fcc3654e5fab3c198' AND f.name LIKE '%Hex.java';
onExit - Class: Hex.java.java method: protected static int org.apache.commons.codec.binary.Hex.toDigit(char,int) throws org.apache.commons.codec.DecoderException start: 1657658871160 end: 1657658871170 duration: 10retValue:
onEnter - Class: Hex.java method: protected static int org.apache.commons.codec.binary.Hex.toDigit(char,int) throws org.apache.commons.codec.DecoderException
MethodEnter
query: SELECT f.* FROM perfrt.files AS f INNER JOIN perfrt.commits AS c ON f.commit_id = c.id WHERE c.commit_hash='8871e9c72eefda5b047d8e9fcc3654e5fab3c198' AND f.name LIKE '%Hex.java';
onExit - Class: Hex.java.java method: protected static int org.apache.commons.codec.binary.Hex.toDigit(char,int) throws org.apache.commons.codec.DecoderException start: 1657658871179 end: 1657658871189 duration: 10retValue:
onEnter - Class: Hex.java method: protected static int org.apache.commons.codec.binary.Hex.toDigit(char,int) throws org.apache.commons.codec.DecoderException
MethodEnter
query: SELECT f.* FROM perfrt.files AS f INNER JOIN perfrt.commits AS c ON f.commit_id = c.id WHERE c.commit_hash='8871e9c72eefda5b047d8e9fcc3654e5fab3c198' AND f.name LIKE '%Hex.java';
onExit - Class: Hex.java.java method: protected static int org.apache.commons.codec.binary.Hex.toDigit(char,int) throws org.apache.commons.codec.DecoderException start: 1657658871198 end: 1657658871209 duration: 11retValue:
onEnter - Class: Hex.java method: protected static int org.apache.commons.codec.binary.Hex.toDigit(char,int) throws org.apache.commons.codec.DecoderException
MethodEnter
query: SELECT f.* FROM perfrt.files AS f INNER JOIN perfrt.commits AS c ON f.commit_id = c.id WHERE c.commit_hash='8871e9c72eefda5b047d8e9fcc3654e5fab3c198' AND f.name LIKE '%Hex.java';
onExit - Class: Hex.java.java method: protected static int org.apache.commons.codec.binary.Hex.toDigit(char,int) throws org.apache.commons.codec.DecoderException start: 1657658871219 end: 1657658871229 duration: 10retValue:
onEnter - Class: Hex.java method: protected static int org.apache.commons.codec.binary.Hex.toDigit(char,int) throws org.apache.commons.codec.DecoderException
MethodEnter
query: SELECT f.* FROM perfrt.files AS f INNER JOIN perfrt.commits AS c ON f.commit_id = c.id WHERE c.commit_hash='8871e9c72eefda5b047d8e9fcc3654e5fab3c198' AND f.name LIKE '%Hex.java';
onExit - Class: Hex.java.java method: protected static int org.apache.commons.codec.binary.Hex.toDigit(char,int) throws org.apache.commons.codec.DecoderException start: 1657658871239 end: 1657658871249 duration: 10retValue:
onEnter - Class: Hex.java method: protected static int org.apache.commons.codec.binary.Hex.toDigit(char,int) throws org.apache.commons.codec.DecoderException
MethodEnter
query: SELECT f.* FROM perfrt.files AS f INNER JOIN perfrt.commits AS c ON f.commit_id = c.id WHERE c.commit_hash='8871e9c72eefda5b047d8e9fcc3654e5fab3c198' AND f.name LIKE '%Hex.java';
onExit - Class: Hex.java.java method: protected static int org.apache.commons.codec.binary.Hex.toDigit(char,int) throws org.apache.commons.codec.DecoderException start: 1657658871258 end: 1657658871268 duration: 10retValue:
onEnter - Class: Hex.java method: protected static int org.apache.commons.codec.binary.Hex.toDigit(char,int) throws org.apache.commons.codec.DecoderException
MethodEnter
query: SELECT f.* FROM perfrt.files AS f INNER JOIN perfrt.commits AS c ON f.commit_id = c.id WHERE c.commit_hash='8871e9c72eefda5b047d8e9fcc3654e5fab3c198' AND f.name LIKE '%Hex.java';
onExit - Class: Hex.java.java method: protected static int org.apache.commons.codec.binary.Hex.toDigit(char,int) throws org.apache.commons.codec.DecoderException start: 1657658871279 end: 1657658871289 duration: 10retValue:
onEnter - Class: Hex.java method: protected static int org.apache.commons.codec.binary.Hex.toDigit(char,int) throws org.apache.commons.codec.DecoderException
MethodEnter
query: SELECT f.* FROM perfrt.files AS f INNER JOIN perfrt.commits AS c ON f.commit_id = c.id WHERE c.commit_hash='8871e9c72eefda5b047d8e9fcc3654e5fab3c198' AND f.name LIKE '%Hex.java';
onExit - Class: Hex.java.java method: protected static int org.apache.commons.codec.binary.Hex.toDigit(char,int) throws org.apache.commons.codec.DecoderException start: 1657658871300 end: 1657658871308 duration: 8retValue:
onEnter - Class: Hex.java method: protected static int org.apache.commons.codec.binary.Hex.toDigit(char,int) throws org.apache.commons.codec.DecoderException
MethodEnter
query: SELECT f.* FROM perfrt.files AS f INNER JOIN perfrt.commits AS c ON f.commit_id = c.id WHERE c.commit_hash='8871e9c72eefda5b047d8e9fcc3654e5fab3c198' AND f.name LIKE '%Hex.java';
onExit - Class: Hex.java.java method: protected static int org.apache.commons.codec.binary.Hex.toDigit(char,int) throws org.apache.commons.codec.DecoderException start: 1657658871317 end: 1657658871327 duration: 10retValue:
onEnter - Class: Hex.java method: protected static int org.apache.commons.codec.binary.Hex.toDigit(char,int) throws org.apache.commons.codec.DecoderException
MethodEnter
query: SELECT f.* FROM perfrt.files AS f INNER JOIN perfrt.commits AS c ON f.commit_id = c.id WHERE c.commit_hash='8871e9c72eefda5b047d8e9fcc3654e5fab3c198' AND f.name LIKE '%Hex.java';
onExit - Class: Hex.java.java method: protected static int org.apache.commons.codec.binary.Hex.toDigit(char,int) throws org.apache.commons.codec.DecoderException start: 1657658871337 end: 1657658871345 duration: 8retValue:
onEnter - Class: Hex.java method: protected static int org.apache.commons.codec.binary.Hex.toDigit(char,int) throws org.apache.commons.codec.DecoderException
MethodEnter
query: SELECT f.* FROM perfrt.files AS f INNER JOIN perfrt.commits AS c ON f.commit_id = c.id WHERE c.commit_hash='8871e9c72eefda5b047d8e9fcc3654e5fab3c198' AND f.name LIKE '%Hex.java';
onExit - Class: Hex.java.java method: protected static int org.apache.commons.codec.binary.Hex.toDigit(char,int) throws org.apache.commons.codec.DecoderException start: 1657658871355 end: 1657658871364 duration: 9retValue:
onEnter - Class: Hex.java method: protected static int org.apache.commons.codec.binary.Hex.toDigit(char,int) throws org.apache.commons.codec.DecoderException
MethodEnter
query: SELECT f.* FROM perfrt.files AS f INNER JOIN perfrt.commits AS c ON f.commit_id = c.id WHERE c.commit_hash='8871e9c72eefda5b047d8e9fcc3654e5fab3c198' AND f.name LIKE '%Hex.java';
onExit - Class: Hex.java.java method: protected static int org.apache.commons.codec.binary.Hex.toDigit(char,int) throws org.apache.commons.codec.DecoderException start: 1657658871375 end: 1657658871385 duration: 10retValue:
onEnter - Class: Hex.java method: protected static int org.apache.commons.codec.binary.Hex.toDigit(char,int) throws org.apache.commons.codec.DecoderException
MethodEnter
query: SELECT f.* FROM perfrt.files AS f INNER JOIN perfrt.commits AS c ON f.commit_id = c.id WHERE c.commit_hash='8871e9c72eefda5b047d8e9fcc3654e5fab3c198' AND f.name LIKE '%Hex.java';
onExit - Class: Hex.java.java method: protected static int org.apache.commons.codec.binary.Hex.toDigit(char,int) throws org.apache.commons.codec.DecoderException start: 1657658871392 end: 1657658871400 duration: 8retValue:
onEnter - Class: Hex.java method: protected static int org.apache.commons.codec.binary.Hex.toDigit(char,int) throws org.apache.commons.codec.DecoderException
MethodEnter
query: SELECT f.* FROM perfrt.files AS f INNER JOIN perfrt.commits AS c ON f.commit_id = c.id WHERE c.commit_hash='8871e9c72eefda5b047d8e9fcc3654e5fab3c198' AND f.name LIKE '%Hex.java';
onExit - Class: Hex.java.java method: protected static int org.apache.commons.codec.binary.Hex.toDigit(char,int) throws org.apache.commons.codec.DecoderException start: 1657658871409 end: 1657658871417 duration: 8retValue:
onEnter - Class: Hex.java method: protected static int org.apache.commons.codec.binary.Hex.toDigit(char,int) throws org.apache.commons.codec.DecoderException
MethodEnter
query: SELECT f.* FROM perfrt.files AS f INNER JOIN perfrt.commits AS c ON f.commit_id = c.id WHERE c.commit_hash='8871e9c72eefda5b047d8e9fcc3654e5fab3c198' AND f.name LIKE '%Hex.java';
onExit - Class: Hex.java.java method: protected static int org.apache.commons.codec.binary.Hex.toDigit(char,int) throws org.apache.commons.codec.DecoderException start: 1657658871426 end: 1657658871434 duration: 8retValue:
onEnter - Class: Hex.java method: protected static int org.apache.commons.codec.binary.Hex.toDigit(char,int) throws org.apache.commons.codec.DecoderException
MethodEnter
query: SELECT f.* FROM perfrt.files AS f INNER JOIN perfrt.commits AS c ON f.commit_id = c.id WHERE c.commit_hash='8871e9c72eefda5b047d8e9fcc3654e5fab3c198' AND f.name LIKE '%Hex.java';
onExit - Class: Hex.java.java method: protected static int org.apache.commons.codec.binary.Hex.toDigit(char,int) throws org.apache.commons.codec.DecoderException start: 1657658871442 end: 1657658871453 duration: 11retValue:
onEnter - Class: Hex.java method: protected static int org.apache.commons.codec.binary.Hex.toDigit(char,int) throws org.apache.commons.codec.DecoderException
MethodEnter
query: SELECT f.* FROM perfrt.files AS f INNER JOIN perfrt.commits AS c ON f.commit_id = c.id WHERE c.commit_hash='8871e9c72eefda5b047d8e9fcc3654e5fab3c198' AND f.name LIKE '%Hex.java';
onExit - Class: Hex.java.java method: protected static int org.apache.commons.codec.binary.Hex.toDigit(char,int) throws org.apache.commons.codec.DecoderException start: 1657658871461 end: 1657658871470 duration: 9retValue:
onEnter - Class: Hex.java method: protected static int org.apache.commons.codec.binary.Hex.toDigit(char,int) throws org.apache.commons.codec.DecoderException
MethodEnter
query: SELECT f.* FROM perfrt.files AS f INNER JOIN perfrt.commits AS c ON f.commit_id = c.id WHERE c.commit_hash='8871e9c72eefda5b047d8e9fcc3654e5fab3c198' AND f.name LIKE '%Hex.java';
onExit - Class: Hex.java.java method: protected static int org.apache.commons.codec.binary.Hex.toDigit(char,int) throws org.apache.commons.codec.DecoderException start: 1657658871484 end: 1657658871494 duration: 10retValue:
onEnter - Class: Hex.java method: protected static int org.apache.commons.codec.binary.Hex.toDigit(char,int) throws org.apache.commons.codec.DecoderException
MethodEnter
query: SELECT f.* FROM perfrt.files AS f INNER JOIN perfrt.commits AS c ON f.commit_id = c.id WHERE c.commit_hash='8871e9c72eefda5b047d8e9fcc3654e5fab3c198' AND f.name LIKE '%Hex.java';
onExit - Class: Hex.java.java method: protected static int org.apache.commons.codec.binary.Hex.toDigit(char,int) throws org.apache.commons.codec.DecoderException start: 1657658871501 end: 1657658871509 duration: 8retValue:
onEnter - Class: Hex.java method: protected static int org.apache.commons.codec.binary.Hex.toDigit(char,int) throws org.apache.commons.codec.DecoderException
MethodEnter
query: SELECT f.* FROM perfrt.files AS f INNER JOIN perfrt.commits AS c ON f.commit_id = c.id WHERE c.commit_hash='8871e9c72eefda5b047d8e9fcc3654e5fab3c198' AND f.name LIKE '%Hex.java';
onExit - Class: Hex.java.java method: protected static int org.apache.commons.codec.binary.Hex.toDigit(char,int) throws org.apache.commons.codec.DecoderException start: 1657658871518 end: 1657658871525 duration: 7retValue:
onEnter - Class: Hex.java method: protected static int org.apache.commons.codec.binary.Hex.toDigit(char,int) throws org.apache.commons.codec.DecoderException
MethodEnter
query: SELECT f.* FROM perfrt.files AS f INNER JOIN perfrt.commits AS c ON f.commit_id = c.id WHERE c.commit_hash='8871e9c72eefda5b047d8e9fcc3654e5fab3c198' AND f.name LIKE '%Hex.java';
onExit - Class: Hex.java.java method: protected static int org.apache.commons.codec.binary.Hex.toDigit(char,int) throws org.apache.commons.codec.DecoderException start: 1657658871533 end: 1657658871542 duration: 9retValue:
onEnter - Class: Hex.java method: protected static int org.apache.commons.codec.binary.Hex.toDigit(char,int) throws org.apache.commons.codec.DecoderException
MethodEnter
query: SELECT f.* FROM perfrt.files AS f INNER JOIN perfrt.commits AS c ON f.commit_id = c.id WHERE c.commit_hash='8871e9c72eefda5b047d8e9fcc3654e5fab3c198' AND f.name LIKE '%Hex.java';
onExit - Class: Hex.java.java method: protected static int org.apache.commons.codec.binary.Hex.toDigit(char,int) throws org.apache.commons.codec.DecoderException start: 1657658871551 end: 1657658871560 duration: 9retValue:
onEnter - Class: Hex.java method: protected static int org.apache.commons.codec.binary.Hex.toDigit(char,int) throws org.apache.commons.codec.DecoderException
MethodEnter
query: SELECT f.* FROM perfrt.files AS f INNER JOIN perfrt.commits AS c ON f.commit_id = c.id WHERE c.commit_hash='8871e9c72eefda5b047d8e9fcc3654e5fab3c198' AND f.name LIKE '%Hex.java';
onExit - Class: Hex.java.java method: protected static int org.apache.commons.codec.binary.Hex.toDigit(char,int) throws org.apache.commons.codec.DecoderException start: 1657658871573 end: 1657658871581 duration: 8retValue:
onEnter - Class: Hex.java method: protected static int org.apache.commons.codec.binary.Hex.toDigit(char,int) throws org.apache.commons.codec.DecoderException
MethodEnter
query: SELECT f.* FROM perfrt.files AS f INNER JOIN perfrt.commits AS c ON f.commit_id = c.id WHERE c.commit_hash='8871e9c72eefda5b047d8e9fcc3654e5fab3c198' AND f.name LIKE '%Hex.java';
onExit - Class: Hex.java.java method: protected static int org.apache.commons.codec.binary.Hex.toDigit(char,int) throws org.apache.commons.codec.DecoderException start: 1657658871589 end: 1657658871599 duration: 10retValue:
onEnter - Class: Hex.java method: protected static int org.apache.commons.codec.binary.Hex.toDigit(char,int) throws org.apache.commons.codec.DecoderException
MethodEnter
query: SELECT f.* FROM perfrt.files AS f INNER JOIN perfrt.commits AS c ON f.commit_id = c.id WHERE c.commit_hash='8871e9c72eefda5b047d8e9fcc3654e5fab3c198' AND f.name LIKE '%Hex.java';
onExit - Class: Hex.java.java method: protected static int org.apache.commons.codec.binary.Hex.toDigit(char,int) throws org.apache.commons.codec.DecoderException start: 1657658871612 end: 1657658871623 duration: 11retValue:
onEnter - Class: Hex.java method: protected static int org.apache.commons.codec.binary.Hex.toDigit(char,int) throws org.apache.commons.codec.DecoderException
MethodEnter
query: SELECT f.* FROM perfrt.files AS f INNER JOIN perfrt.commits AS c ON f.commit_id = c.id WHERE c.commit_hash='8871e9c72eefda5b047d8e9fcc3654e5fab3c198' AND f.name LIKE '%Hex.java';
onExit - Class: Hex.java.java method: protected static int org.apache.commons.codec.binary.Hex.toDigit(char,int) throws org.apache.commons.codec.DecoderException start: 1657658871641 end: 1657658871656 duration: 15retValue:
onExit - Class: Hex.java.java method: public static int org.apache.commons.codec.binary.Hex.decodeHex(char[],byte[],int) throws org.apache.commons.codec.DecoderException start: 1657658870776 end: 1657658871671 duration: 895retValue:
onExit - Class: Hex.java.java method: public static byte[] org.apache.commons.codec.binary.Hex.decodeHex(char[]) throws org.apache.commons.codec.DecoderException start: 1657658870758 end: 1657658871681 duration: 923retValue:
onExit - Class: Hex.java.java method: public java.lang.Object org.apache.commons.codec.binary.Hex.decode(java.lang.Object) throws org.apache.commons.codec.DecoderException start: 1657658870739 end: 1657658871689 duration: 950retValue:
onExit - Class: Hex.java.java method: public java.lang.Object org.apache.commons.codec.binary.Hex.decode(java.lang.Object) throws org.apache.commons.codec.DecoderException start: 1657658870458 end: 1657658871697 duration: 1239retValue:
onEnter - Class: Hex.java method: public java.lang.Object org.apache.commons.codec.binary.Hex.decode(java.lang.Object) throws org.apache.commons.codec.DecoderException
MethodEnter
query: SELECT f.* FROM perfrt.files AS f INNER JOIN perfrt.commits AS c ON f.commit_id = c.id WHERE c.commit_hash='8871e9c72eefda5b047d8e9fcc3654e5fab3c198' AND f.name LIKE '%Hex.java';
onEnter - Class: Hex.java method: public java.lang.Object org.apache.commons.codec.binary.Hex.decode(java.lang.Object) throws org.apache.commons.codec.DecoderException
MethodEnter
query: SELECT f.* FROM perfrt.files AS f INNER JOIN perfrt.commits AS c ON f.commit_id = c.id WHERE c.commit_hash='8871e9c72eefda5b047d8e9fcc3654e5fab3c198' AND f.name LIKE '%Hex.java';
onEnter - Class: Hex.java method: public static byte[] org.apache.commons.codec.binary.Hex.decodeHex(char[]) throws org.apache.commons.codec.DecoderException
MethodEnter
query: SELECT f.* FROM perfrt.files AS f INNER JOIN perfrt.commits AS c ON f.commit_id = c.id WHERE c.commit_hash='8871e9c72eefda5b047d8e9fcc3654e5fab3c198' AND f.name LIKE '%Hex.java';
onEnter - Class: Hex.java method: public static int org.apache.commons.codec.binary.Hex.decodeHex(char[],byte[],int) throws org.apache.commons.codec.DecoderException
MethodEnter
query: SELECT f.* FROM perfrt.files AS f INNER JOIN perfrt.commits AS c ON f.commit_id = c.id WHERE c.commit_hash='8871e9c72eefda5b047d8e9fcc3654e5fab3c198' AND f.name LIKE '%Hex.java';
onEnter - Class: Hex.java method: protected static int org.apache.commons.codec.binary.Hex.toDigit(char,int) throws org.apache.commons.codec.DecoderException
MethodEnter
query: SELECT f.* FROM perfrt.files AS f INNER JOIN perfrt.commits AS c ON f.commit_id = c.id WHERE c.commit_hash='8871e9c72eefda5b047d8e9fcc3654e5fab3c198' AND f.name LIKE '%Hex.java';
onExit - Class: Hex.java.java method: protected static int org.apache.commons.codec.binary.Hex.toDigit(char,int) throws org.apache.commons.codec.DecoderException start: 1657658871737 end: 1657658871747 duration: 10retValue:
onEnter - Class: Hex.java method: protected static int org.apache.commons.codec.binary.Hex.toDigit(char,int) throws org.apache.commons.codec.DecoderException
MethodEnter
query: SELECT f.* FROM perfrt.files AS f INNER JOIN perfrt.commits AS c ON f.commit_id = c.id WHERE c.commit_hash='8871e9c72eefda5b047d8e9fcc3654e5fab3c198' AND f.name LIKE '%Hex.java';
onExit - Class: Hex.java.java method: protected static int org.apache.commons.codec.binary.Hex.toDigit(char,int) throws org.apache.commons.codec.DecoderException start: 1657658871755 end: 1657658871763 duration: 8retValue:
onEnter - Class: Hex.java method: protected static int org.apache.commons.codec.binary.Hex.toDigit(char,int) throws org.apache.commons.codec.DecoderException
MethodEnter
query: SELECT f.* FROM perfrt.files AS f INNER JOIN perfrt.commits AS c ON f.commit_id = c.id WHERE c.commit_hash='8871e9c72eefda5b047d8e9fcc3654e5fab3c198' AND f.name LIKE '%Hex.java';
onExit - Class: Hex.java.java method: protected static int org.apache.commons.codec.binary.Hex.toDigit(char,int) throws org.apache.commons.codec.DecoderException start: 1657658871770 end: 1657658871779 duration: 9retValue:
onEnter - Class: Hex.java method: protected static int org.apache.commons.codec.binary.Hex.toDigit(char,int) throws org.apache.commons.codec.DecoderException
MethodEnter
query: SELECT f.* FROM perfrt.files AS f INNER JOIN perfrt.commits AS c ON f.commit_id = c.id WHERE c.commit_hash='8871e9c72eefda5b047d8e9fcc3654e5fab3c198' AND f.name LIKE '%Hex.java';
onExit - Class: Hex.java.java method: protected static int org.apache.commons.codec.binary.Hex.toDigit(char,int) throws org.apache.commons.codec.DecoderException start: 1657658871786 end: 1657658871794 duration: 8retValue:
onEnter - Class: Hex.java method: protected static int org.apache.commons.codec.binary.Hex.toDigit(char,int) throws org.apache.commons.codec.DecoderException
MethodEnter
query: SELECT f.* FROM perfrt.files AS f INNER JOIN perfrt.commits AS c ON f.commit_id = c.id WHERE c.commit_hash='8871e9c72eefda5b047d8e9fcc3654e5fab3c198' AND f.name LIKE '%Hex.java';
onExit - Class: Hex.java.java method: protected static int org.apache.commons.codec.binary.Hex.toDigit(char,int) throws org.apache.commons.codec.DecoderException start: 1657658871801 end: 1657658871809 duration: 8retValue:
onEnter - Class: Hex.java method: protected static int org.apache.commons.codec.binary.Hex.toDigit(char,int) throws org.apache.commons.codec.DecoderException
MethodEnter
query: SELECT f.* FROM perfrt.files AS f INNER JOIN perfrt.commits AS c ON f.commit_id = c.id WHERE c.commit_hash='8871e9c72eefda5b047d8e9fcc3654e5fab3c198' AND f.name LIKE '%Hex.java';
onExit - Class: Hex.java.java method: protected static int org.apache.commons.codec.binary.Hex.toDigit(char,int) throws org.apache.commons.codec.DecoderException start: 1657658871818 end: 1657658871826 duration: 8retValue:
onEnter - Class: Hex.java method: protected static int org.apache.commons.codec.binary.Hex.toDigit(char,int) throws org.apache.commons.codec.DecoderException
MethodEnter
query: SELECT f.* FROM perfrt.files AS f INNER JOIN perfrt.commits AS c ON f.commit_id = c.id WHERE c.commit_hash='8871e9c72eefda5b047d8e9fcc3654e5fab3c198' AND f.name LIKE '%Hex.java';
onExit - Class: Hex.java.java method: protected static int org.apache.commons.codec.binary.Hex.toDigit(char,int) throws org.apache.commons.codec.DecoderException start: 1657658871833 end: 1657658871841 duration: 8retValue:
onEnter - Class: Hex.java method: protected static int org.apache.commons.codec.binary.Hex.toDigit(char,int) throws org.apache.commons.codec.DecoderException
MethodEnter
query: SELECT f.* FROM perfrt.files AS f INNER JOIN perfrt.commits AS c ON f.commit_id = c.id WHERE c.commit_hash='8871e9c72eefda5b047d8e9fcc3654e5fab3c198' AND f.name LIKE '%Hex.java';
onExit - Class: Hex.java.java method: protected static int org.apache.commons.codec.binary.Hex.toDigit(char,int) throws org.apache.commons.codec.DecoderException start: 1657658871849 end: 1657658871856 duration: 7retValue:
onEnter - Class: Hex.java method: protected static int org.apache.commons.codec.binary.Hex.toDigit(char,int) throws org.apache.commons.codec.DecoderException
MethodEnter
query: SELECT f.* FROM perfrt.files AS f INNER JOIN perfrt.commits AS c ON f.commit_id = c.id WHERE c.commit_hash='8871e9c72eefda5b047d8e9fcc3654e5fab3c198' AND f.name LIKE '%Hex.java';
onExit - Class: Hex.java.java method: protected static int org.apache.commons.codec.binary.Hex.toDigit(char,int) throws org.apache.commons.codec.DecoderException start: 1657658871865 end: 1657658871873 duration: 8retValue:
onEnter - Class: Hex.java method: protected static int org.apache.commons.codec.binary.Hex.toDigit(char,int) throws org.apache.commons.codec.DecoderException
MethodEnter
query: SELECT f.* FROM perfrt.files AS f INNER JOIN perfrt.commits AS c ON f.commit_id = c.id WHERE c.commit_hash='8871e9c72eefda5b047d8e9fcc3654e5fab3c198' AND f.name LIKE '%Hex.java';
onExit - Class: Hex.java.java method: protected static int org.apache.commons.codec.binary.Hex.toDigit(char,int) throws org.apache.commons.codec.DecoderException start: 1657658871881 end: 1657658871888 duration: 7retValue:
onEnter - Class: Hex.java method: protected static int org.apache.commons.codec.binary.Hex.toDigit(char,int) throws org.apache.commons.codec.DecoderException
MethodEnter
query: SELECT f.* FROM perfrt.files AS f INNER JOIN perfrt.commits AS c ON f.commit_id = c.id WHERE c.commit_hash='8871e9c72eefda5b047d8e9fcc3654e5fab3c198' AND f.name LIKE '%Hex.java';
onExit - Class: Hex.java.java method: protected static int org.apache.commons.codec.binary.Hex.toDigit(char,int) throws org.apache.commons.codec.DecoderException start: 1657658871899 end: 1657658871907 duration: 8retValue:
onEnter - Class: Hex.java method: protected static int org.apache.commons.codec.binary.Hex.toDigit(char,int) throws org.apache.commons.codec.DecoderException
MethodEnter
query: SELECT f.* FROM perfrt.files AS f INNER JOIN perfrt.commits AS c ON f.commit_id = c.id WHERE c.commit_hash='8871e9c72eefda5b047d8e9fcc3654e5fab3c198' AND f.name LIKE '%Hex.java';
onExit - Class: Hex.java.java method: protected static int org.apache.commons.codec.binary.Hex.toDigit(char,int) throws org.apache.commons.codec.DecoderException start: 1657658871914 end: 1657658871921 duration: 7retValue:
onEnter - Class: Hex.java method: protected static int org.apache.commons.codec.binary.Hex.toDigit(char,int) throws org.apache.commons.codec.DecoderException
MethodEnter
query: SELECT f.* FROM perfrt.files AS f INNER JOIN perfrt.commits AS c ON f.commit_id = c.id WHERE c.commit_hash='8871e9c72eefda5b047d8e9fcc3654e5fab3c198' AND f.name LIKE '%Hex.java';
onExit - Class: Hex.java.java method: protected static int org.apache.commons.codec.binary.Hex.toDigit(char,int) throws org.apache.commons.codec.DecoderException start: 1657658871929 end: 1657658871937 duration: 8retValue:
onEnter - Class: Hex.java method: protected static int org.apache.commons.codec.binary.Hex.toDigit(char,int) throws org.apache.commons.codec.DecoderException
MethodEnter
query: SELECT f.* FROM perfrt.files AS f INNER JOIN perfrt.commits AS c ON f.commit_id = c.id WHERE c.commit_hash='8871e9c72eefda5b047d8e9fcc3654e5fab3c198' AND f.name LIKE '%Hex.java';
onExit - Class: Hex.java.java method: protected static int org.apache.commons.codec.binary.Hex.toDigit(char,int) throws org.apache.commons.codec.DecoderException start: 1657658871945 end: 1657658871953 duration: 8retValue:
onEnter - Class: Hex.java method: protected static int org.apache.commons.codec.binary.Hex.toDigit(char,int) throws org.apache.commons.codec.DecoderException
MethodEnter
query: SELECT f.* FROM perfrt.files AS f INNER JOIN perfrt.commits AS c ON f.commit_id = c.id WHERE c.commit_hash='8871e9c72eefda5b047d8e9fcc3654e5fab3c198' AND f.name LIKE '%Hex.java';
onExit - Class: Hex.java.java method: protected static int org.apache.commons.codec.binary.Hex.toDigit(char,int) throws org.apache.commons.codec.DecoderException start: 1657658871960 end: 1657658871970 duration: 10retValue:
onEnter - Class: Hex.java method: protected static int org.apache.commons.codec.binary.Hex.toDigit(char,int) throws org.apache.commons.codec.DecoderException
MethodEnter
query: SELECT f.* FROM perfrt.files AS f INNER JOIN perfrt.commits AS c ON f.commit_id = c.id WHERE c.commit_hash='8871e9c72eefda5b047d8e9fcc3654e5fab3c198' AND f.name LIKE '%Hex.java';
onExit - Class: Hex.java.java method: protected static int org.apache.commons.codec.binary.Hex.toDigit(char,int) throws org.apache.commons.codec.DecoderException start: 1657658871978 end: 1657658871985 duration: 7retValue:
onEnter - Class: Hex.java method: protected static int org.apache.commons.codec.binary.Hex.toDigit(char,int) throws org.apache.commons.codec.DecoderException
MethodEnter
query: SELECT f.* FROM perfrt.files AS f INNER JOIN perfrt.commits AS c ON f.commit_id = c.id WHERE c.commit_hash='8871e9c72eefda5b047d8e9fcc3654e5fab3c198' AND f.name LIKE '%Hex.java';
onExit - Class: Hex.java.java method: protected static int org.apache.commons.codec.binary.Hex.toDigit(char,int) throws org.apache.commons.codec.DecoderException start: 1657658871992 end: 1657658872000 duration: 8retValue:
onEnter - Class: Hex.java method: protected static int org.apache.commons.codec.binary.Hex.toDigit(char,int) throws org.apache.commons.codec.DecoderException
MethodEnter
query: SELECT f.* FROM perfrt.files AS f INNER JOIN perfrt.commits AS c ON f.commit_id = c.id WHERE c.commit_hash='8871e9c72eefda5b047d8e9fcc3654e5fab3c198' AND f.name LIKE '%Hex.java';
onExit - Class: Hex.java.java method: protected static int org.apache.commons.codec.binary.Hex.toDigit(char,int) throws org.apache.commons.codec.DecoderException start: 1657658872007 end: 1657658872016 duration: 9retValue:
onEnter - Class: Hex.java method: protected static int org.apache.commons.codec.binary.Hex.toDigit(char,int) throws org.apache.commons.codec.DecoderException
MethodEnter
query: SELECT f.* FROM perfrt.files AS f INNER JOIN perfrt.commits AS c ON f.commit_id = c.id WHERE c.commit_hash='8871e9c72eefda5b047d8e9fcc3654e5fab3c198' AND f.name LIKE '%Hex.java';
onExit - Class: Hex.java.java method: protected static int org.apache.commons.codec.binary.Hex.toDigit(char,int) throws org.apache.commons.codec.DecoderException start: 1657658872024 end: 1657658872032 duration: 8retValue:
onEnter - Class: Hex.java method: protected static int org.apache.commons.codec.binary.Hex.toDigit(char,int) throws org.apache.commons.codec.DecoderException
MethodEnter
query: SELECT f.* FROM perfrt.files AS f INNER JOIN perfrt.commits AS c ON f.commit_id = c.id WHERE c.commit_hash='8871e9c72eefda5b047d8e9fcc3654e5fab3c198' AND f.name LIKE '%Hex.java';
onExit - Class: Hex.java.java method: protected static int org.apache.commons.codec.binary.Hex.toDigit(char,int) throws org.apache.commons.codec.DecoderException start: 1657658872039 end: 1657658872048 duration: 9retValue:
onEnter - Class: Hex.java method: protected static int org.apache.commons.codec.binary.Hex.toDigit(char,int) throws org.apache.commons.codec.DecoderException
MethodEnter
query: SELECT f.* FROM perfrt.files AS f INNER JOIN perfrt.commits AS c ON f.commit_id = c.id WHERE c.commit_hash='8871e9c72eefda5b047d8e9fcc3654e5fab3c198' AND f.name LIKE '%Hex.java';
onExit - Class: Hex.java.java method: protected static int org.apache.commons.codec.binary.Hex.toDigit(char,int) throws org.apache.commons.codec.DecoderException start: 1657658872057 end: 1657658872065 duration: 8retValue:
onEnter - Class: Hex.java method: protected static int org.apache.commons.codec.binary.Hex.toDigit(char,int) throws org.apache.commons.codec.DecoderException
MethodEnter
query: SELECT f.* FROM perfrt.files AS f INNER JOIN perfrt.commits AS c ON f.commit_id = c.id WHERE c.commit_hash='8871e9c72eefda5b047d8e9fcc3654e5fab3c198' AND f.name LIKE '%Hex.java';
onExit - Class: Hex.java.java method: protected static int org.apache.commons.codec.binary.Hex.toDigit(char,int) throws org.apache.commons.codec.DecoderException start: 1657658872073 end: 1657658872080 duration: 7retValue:
onEnter - Class: Hex.java method: protected static int org.apache.commons.codec.binary.Hex.toDigit(char,int) throws org.apache.commons.codec.DecoderException
MethodEnter
query: SELECT f.* FROM perfrt.files AS f INNER JOIN perfrt.commits AS c ON f.commit_id = c.id WHERE c.commit_hash='8871e9c72eefda5b047d8e9fcc3654e5fab3c198' AND f.name LIKE '%Hex.java';
onExit - Class: Hex.java.java method: protected static int org.apache.commons.codec.binary.Hex.toDigit(char,int) throws org.apache.commons.codec.DecoderException start: 1657658872089 end: 1657658872097 duration: 8retValue:
onEnter - Class: Hex.java method: protected static int org.apache.commons.codec.binary.Hex.toDigit(char,int) throws org.apache.commons.codec.DecoderException
MethodEnter
query: SELECT f.* FROM perfrt.files AS f INNER JOIN perfrt.commits AS c ON f.commit_id = c.id WHERE c.commit_hash='8871e9c72eefda5b047d8e9fcc3654e5fab3c198' AND f.name LIKE '%Hex.java';
onExit - Class: Hex.java.java method: protected static int org.apache.commons.codec.binary.Hex.toDigit(char,int) throws org.apache.commons.codec.DecoderException start: 1657658872105 end: 1657658872112 duration: 7retValue:
onEnter - Class: Hex.java method: protected static int org.apache.commons.codec.binary.Hex.toDigit(char,int) throws org.apache.commons.codec.DecoderException
MethodEnter
query: SELECT f.* FROM perfrt.files AS f INNER JOIN perfrt.commits AS c ON f.commit_id = c.id WHERE c.commit_hash='8871e9c72eefda5b047d8e9fcc3654e5fab3c198' AND f.name LIKE '%Hex.java';
onExit - Class: Hex.java.java method: protected static int org.apache.commons.codec.binary.Hex.toDigit(char,int) throws org.apache.commons.codec.DecoderException start: 1657658872120 end: 1657658872129 duration: 9retValue:
onEnter - Class: Hex.java method: protected static int org.apache.commons.codec.binary.Hex.toDigit(char,int) throws org.apache.commons.codec.DecoderException
MethodEnter
query: SELECT f.* FROM perfrt.files AS f INNER JOIN perfrt.commits AS c ON f.commit_id = c.id WHERE c.commit_hash='8871e9c72eefda5b047d8e9fcc3654e5fab3c198' AND f.name LIKE '%Hex.java';
onExit - Class: Hex.java.java method: protected static int org.apache.commons.codec.binary.Hex.toDigit(char,int) throws org.apache.commons.codec.DecoderException start: 1657658872137 end: 1657658872145 duration: 8retValue:
onEnter - Class: Hex.java method: protected static int org.apache.commons.codec.binary.Hex.toDigit(char,int) throws org.apache.commons.codec.DecoderException
MethodEnter
query: SELECT f.* FROM perfrt.files AS f INNER JOIN perfrt.commits AS c ON f.commit_id = c.id WHERE c.commit_hash='8871e9c72eefda5b047d8e9fcc3654e5fab3c198' AND f.name LIKE '%Hex.java';
onExit - Class: Hex.java.java method: protected static int org.apache.commons.codec.binary.Hex.toDigit(char,int) throws org.apache.commons.codec.DecoderException start: 1657658872151 end: 1657658872159 duration: 8retValue:
onEnter - Class: Hex.java method: protected static int org.apache.commons.codec.binary.Hex.toDigit(char,int) throws org.apache.commons.codec.DecoderException
MethodEnter
query: SELECT f.* FROM perfrt.files AS f INNER JOIN perfrt.commits AS c ON f.commit_id = c.id WHERE c.commit_hash='8871e9c72eefda5b047d8e9fcc3654e5fab3c198' AND f.name LIKE '%Hex.java';
onExit - Class: Hex.java.java method: protected static int org.apache.commons.codec.binary.Hex.toDigit(char,int) throws org.apache.commons.codec.DecoderException start: 1657658872166 end: 1657658872173 duration: 7retValue:
onEnter - Class: Hex.java method: protected static int org.apache.commons.codec.binary.Hex.toDigit(char,int) throws org.apache.commons.codec.DecoderException
MethodEnter
query: SELECT f.* FROM perfrt.files AS f INNER JOIN perfrt.commits AS c ON f.commit_id = c.id WHERE c.commit_hash='8871e9c72eefda5b047d8e9fcc3654e5fab3c198' AND f.name LIKE '%Hex.java';
onExit - Class: Hex.java.java method: protected static int org.apache.commons.codec.binary.Hex.toDigit(char,int) throws org.apache.commons.codec.DecoderException start: 1657658872181 end: 1657658872189 duration: 8retValue:
onEnter - Class: Hex.java method: protected static int org.apache.commons.codec.binary.Hex.toDigit(char,int) throws org.apache.commons.codec.DecoderException
MethodEnter
query: SELECT f.* FROM perfrt.files AS f INNER JOIN perfrt.commits AS c ON f.commit_id = c.id WHERE c.commit_hash='8871e9c72eefda5b047d8e9fcc3654e5fab3c198' AND f.name LIKE '%Hex.java';
onExit - Class: Hex.java.java method: protected static int org.apache.commons.codec.binary.Hex.toDigit(char,int) throws org.apache.commons.codec.DecoderException start: 1657658872197 end: 1657658872207 duration: 10retValue:
onEnter - Class: Hex.java method: protected static int org.apache.commons.codec.binary.Hex.toDigit(char,int) throws org.apache.commons.codec.DecoderException
MethodEnter
query: SELECT f.* FROM perfrt.files AS f INNER JOIN perfrt.commits AS c ON f.commit_id = c.id WHERE c.commit_hash='8871e9c72eefda5b047d8e9fcc3654e5fab3c198' AND f.name LIKE '%Hex.java';
onExit - Class: Hex.java.java method: protected static int org.apache.commons.codec.binary.Hex.toDigit(char,int) throws org.apache.commons.codec.DecoderException start: 1657658872215 end: 1657658872223 duration: 8retValue:
onEnter - Class: Hex.java method: protected static int org.apache.commons.codec.binary.Hex.toDigit(char,int) throws org.apache.commons.codec.DecoderException
MethodEnter
query: SELECT f.* FROM perfrt.files AS f INNER JOIN perfrt.commits AS c ON f.commit_id = c.id WHERE c.commit_hash='8871e9c72eefda5b047d8e9fcc3654e5fab3c198' AND f.name LIKE '%Hex.java';
onExit - Class: Hex.java.java method: protected static int org.apache.commons.codec.binary.Hex.toDigit(char,int) throws org.apache.commons.codec.DecoderException start: 1657658872230 end: 1657658872237 duration: 7retValue:
onEnter - Class: Hex.java method: protected static int org.apache.commons.codec.binary.Hex.toDigit(char,int) throws org.apache.commons.codec.DecoderException
MethodEnter
query: SELECT f.* FROM perfrt.files AS f INNER JOIN perfrt.commits AS c ON f.commit_id = c.id WHERE c.commit_hash='8871e9c72eefda5b047d8e9fcc3654e5fab3c198' AND f.name LIKE '%Hex.java';
onExit - Class: Hex.java.java method: protected static int org.apache.commons.codec.binary.Hex.toDigit(char,int) throws org.apache.commons.codec.DecoderException start: 1657658872244 end: 1657658872252 duration: 8retValue:
onEnter - Class: Hex.java method: protected static int org.apache.commons.codec.binary.Hex.toDigit(char,int) throws org.apache.commons.codec.DecoderException
MethodEnter
query: SELECT f.* FROM perfrt.files AS f INNER JOIN perfrt.commits AS c ON f.commit_id = c.id WHERE c.commit_hash='8871e9c72eefda5b047d8e9fcc3654e5fab3c198' AND f.name LIKE '%Hex.java';
onExit - Class: Hex.java.java method: protected static int org.apache.commons.codec.binary.Hex.toDigit(char,int) throws org.apache.commons.codec.DecoderException start: 1657658872260 end: 1657658872268 duration: 8retValue:
onEnter - Class: Hex.java method: protected static int org.apache.commons.codec.binary.Hex.toDigit(char,int) throws org.apache.commons.codec.DecoderException
MethodEnter
query: SELECT f.* FROM perfrt.files AS f INNER JOIN perfrt.commits AS c ON f.commit_id = c.id WHERE c.commit_hash='8871e9c72eefda5b047d8e9fcc3654e5fab3c198' AND f.name LIKE '%Hex.java';
onExit - Class: Hex.java.java method: protected static int org.apache.commons.codec.binary.Hex.toDigit(char,int) throws org.apache.commons.codec.DecoderException start: 1657658872276 end: 1657658872322 duration: 46retValue:
onEnter - Class: Hex.java method: protected static int org.apache.commons.codec.binary.Hex.toDigit(char,int) throws org.apache.commons.codec.DecoderException
MethodEnter
query: SELECT f.* FROM perfrt.files AS f INNER JOIN perfrt.commits AS c ON f.commit_id = c.id WHERE c.commit_hash='8871e9c72eefda5b047d8e9fcc3654e5fab3c198' AND f.name LIKE '%Hex.java';
onExit - Class: Hex.java.java method: protected static int org.apache.commons.codec.binary.Hex.toDigit(char,int) throws org.apache.commons.codec.DecoderException start: 1657658872330 end: 1657658872337 duration: 7retValue:
onEnter - Class: Hex.java method: protected static int org.apache.commons.codec.binary.Hex.toDigit(char,int) throws org.apache.commons.codec.DecoderException
MethodEnter
query: SELECT f.* FROM perfrt.files AS f INNER JOIN perfrt.commits AS c ON f.commit_id = c.id WHERE c.commit_hash='8871e9c72eefda5b047d8e9fcc3654e5fab3c198' AND f.name LIKE '%Hex.java';
onExit - Class: Hex.java.java method: protected static int org.apache.commons.codec.binary.Hex.toDigit(char,int) throws org.apache.commons.codec.DecoderException start: 1657658872344 end: 1657658872351 duration: 7retValue:
onEnter - Class: Hex.java method: protected static int org.apache.commons.codec.binary.Hex.toDigit(char,int) throws org.apache.commons.codec.DecoderException
MethodEnter
query: SELECT f.* FROM perfrt.files AS f INNER JOIN perfrt.commits AS c ON f.commit_id = c.id WHERE c.commit_hash='8871e9c72eefda5b047d8e9fcc3654e5fab3c198' AND f.name LIKE '%Hex.java';
onExit - Class: Hex.java.java method: protected static int org.apache.commons.codec.binary.Hex.toDigit(char,int) throws org.apache.commons.codec.DecoderException start: 1657658872358 end: 1657658872365 duration: 7retValue:
onEnter - Class: Hex.java method: protected static int org.apache.commons.codec.binary.Hex.toDigit(char,int) throws org.apache.commons.codec.DecoderException
MethodEnter
query: SELECT f.* FROM perfrt.files AS f INNER JOIN perfrt.commits AS c ON f.commit_id = c.id WHERE c.commit_hash='8871e9c72eefda5b047d8e9fcc3654e5fab3c198' AND f.name LIKE '%Hex.java';
onExit - Class: Hex.java.java method: protected static int org.apache.commons.codec.binary.Hex.toDigit(char,int) throws org.apache.commons.codec.DecoderException start: 1657658872372 end: 1657658872380 duration: 8retValue:
onEnter - Class: Hex.java method: protected static int org.apache.commons.codec.binary.Hex.toDigit(char,int) throws org.apache.commons.codec.DecoderException
MethodEnter
query: SELECT f.* FROM perfrt.files AS f INNER JOIN perfrt.commits AS c ON f.commit_id = c.id WHERE c.commit_hash='8871e9c72eefda5b047d8e9fcc3654e5fab3c198' AND f.name LIKE '%Hex.java';
onExit - Class: Hex.java.java method: protected static int org.apache.commons.codec.binary.Hex.toDigit(char,int) throws org.apache.commons.codec.DecoderException start: 1657658872388 end: 1657658872396 duration: 8retValue:
onExit - Class: Hex.java.java method: public static int org.apache.commons.codec.binary.Hex.decodeHex(char[],byte[],int) throws org.apache.commons.codec.DecoderException start: 1657658871729 end: 1657658872406 duration: 677retValue:
onExit - Class: Hex.java.java method: public static byte[] org.apache.commons.codec.binary.Hex.decodeHex(char[]) throws org.apache.commons.codec.DecoderException start: 1657658871721 end: 1657658872414 duration: 693retValue:
onExit - Class: Hex.java.java method: public java.lang.Object org.apache.commons.codec.binary.Hex.decode(java.lang.Object) throws org.apache.commons.codec.DecoderException start: 1657658871713 end: 1657658872422 duration: 709retValue:
onExit - Class: Hex.java.java method: public java.lang.Object org.apache.commons.codec.binary.Hex.decode(java.lang.Object) throws org.apache.commons.codec.DecoderException start: 1657658871705 end: 1657658872429 duration: 724retValue:
onEnter - Class: Hex.java method: public java.lang.Object org.apache.commons.codec.binary.Hex.decode(java.lang.Object) throws org.apache.commons.codec.DecoderException
MethodEnter
query: SELECT f.* FROM perfrt.files AS f INNER JOIN perfrt.commits AS c ON f.commit_id = c.id WHERE c.commit_hash='8871e9c72eefda5b047d8e9fcc3654e5fab3c198' AND f.name LIKE '%Hex.java';
onEnter - Class: Hex.java method: public java.lang.Object org.apache.commons.codec.binary.Hex.decode(java.lang.Object) throws org.apache.commons.codec.DecoderException
MethodEnter
query: SELECT f.* FROM perfrt.files AS f INNER JOIN perfrt.commits AS c ON f.commit_id = c.id WHERE c.commit_hash='8871e9c72eefda5b047d8e9fcc3654e5fab3c198' AND f.name LIKE '%Hex.java';
onEnter - Class: Hex.java method: public static byte[] org.apache.commons.codec.binary.Hex.decodeHex(char[]) throws org.apache.commons.codec.DecoderException
MethodEnter
query: SELECT f.* FROM perfrt.files AS f INNER JOIN perfrt.commits AS c ON f.commit_id = c.id WHERE c.commit_hash='8871e9c72eefda5b047d8e9fcc3654e5fab3c198' AND f.name LIKE '%Hex.java';
onEnter - Class: Hex.java method: public static int org.apache.commons.codec.binary.Hex.decodeHex(char[],byte[],int) throws org.apache.commons.codec.DecoderException
MethodEnter
query: SELECT f.* FROM perfrt.files AS f INNER JOIN perfrt.commits AS c ON f.commit_id = c.id WHERE c.commit_hash='8871e9c72eefda5b047d8e9fcc3654e5fab3c198' AND f.name LIKE '%Hex.java';
onEnter - Class: Hex.java method: protected static int org.apache.commons.codec.binary.Hex.toDigit(char,int) throws org.apache.commons.codec.DecoderException
MethodEnter
query: SELECT f.* FROM perfrt.files AS f INNER JOIN perfrt.commits AS c ON f.commit_id = c.id WHERE c.commit_hash='8871e9c72eefda5b047d8e9fcc3654e5fab3c198' AND f.name LIKE '%Hex.java';
onExit - Class: Hex.java.java method: protected static int org.apache.commons.codec.binary.Hex.toDigit(char,int) throws org.apache.commons.codec.DecoderException start: 1657658872467 end: 1657658872475 duration: 8retValue:
onEnter - Class: Hex.java method: protected static int org.apache.commons.codec.binary.Hex.toDigit(char,int) throws org.apache.commons.codec.DecoderException
MethodEnter
query: SELECT f.* FROM perfrt.files AS f INNER JOIN perfrt.commits AS c ON f.commit_id = c.id WHERE c.commit_hash='8871e9c72eefda5b047d8e9fcc3654e5fab3c198' AND f.name LIKE '%Hex.java';
onExit - Class: Hex.java.java method: protected static int org.apache.commons.codec.binary.Hex.toDigit(char,int) throws org.apache.commons.codec.DecoderException start: 1657658872485 end: 1657658872492 duration: 7retValue:
onEnter - Class: Hex.java method: protected static int org.apache.commons.codec.binary.Hex.toDigit(char,int) throws org.apache.commons.codec.DecoderException
MethodEnter
query: SELECT f.* FROM perfrt.files AS f INNER JOIN perfrt.commits AS c ON f.commit_id = c.id WHERE c.commit_hash='8871e9c72eefda5b047d8e9fcc3654e5fab3c198' AND f.name LIKE '%Hex.java';
onExit - Class: Hex.java.java method: protected static int org.apache.commons.codec.binary.Hex.toDigit(char,int) throws org.apache.commons.codec.DecoderException start: 1657658872499 end: 1657658872507 duration: 8retValue:
onEnter - Class: Hex.java method: protected static int org.apache.commons.codec.binary.Hex.toDigit(char,int) throws org.apache.commons.codec.DecoderException
MethodEnter
query: SELECT f.* FROM perfrt.files AS f INNER JOIN perfrt.commits AS c ON f.commit_id = c.id WHERE c.commit_hash='8871e9c72eefda5b047d8e9fcc3654e5fab3c198' AND f.name LIKE '%Hex.java';
onExit - Class: Hex.java.java method: protected static int org.apache.commons.codec.binary.Hex.toDigit(char,int) throws org.apache.commons.codec.DecoderException start: 1657658872514 end: 1657658872521 duration: 7retValue:
onEnter - Class: Hex.java method: protected static int org.apache.commons.codec.binary.Hex.toDigit(char,int) throws org.apache.commons.codec.DecoderException
MethodEnter
query: SELECT f.* FROM perfrt.files AS f INNER JOIN perfrt.commits AS c ON f.commit_id = c.id WHERE c.commit_hash='8871e9c72eefda5b047d8e9fcc3654e5fab3c198' AND f.name LIKE '%Hex.java';
onExit - Class: Hex.java.java method: protected static int org.apache.commons.codec.binary.Hex.toDigit(char,int) throws org.apache.commons.codec.DecoderException start: 1657658872529 end: 1657658872537 duration: 8retValue:
onEnter - Class: Hex.java method: protected static int org.apache.commons.codec.binary.Hex.toDigit(char,int) throws org.apache.commons.codec.DecoderException
MethodEnter
query: SELECT f.* FROM perfrt.files AS f INNER JOIN perfrt.commits AS c ON f.commit_id = c.id WHERE c.commit_hash='8871e9c72eefda5b047d8e9fcc3654e5fab3c198' AND f.name LIKE '%Hex.java';
onExit - Class: Hex.java.java method: protected static int org.apache.commons.codec.binary.Hex.toDigit(char,int) throws org.apache.commons.codec.DecoderException start: 1657658872550 end: 1657658872559 duration: 9retValue:
onEnter - Class: Hex.java method: protected static int org.apache.commons.codec.binary.Hex.toDigit(char,int) throws org.apache.commons.codec.DecoderException
MethodEnter
query: SELECT f.* FROM perfrt.files AS f INNER JOIN perfrt.commits AS c ON f.commit_id = c.id WHERE c.commit_hash='8871e9c72eefda5b047d8e9fcc3654e5fab3c198' AND f.name LIKE '%Hex.java';
onExit - Class: Hex.java.java method: protected static int org.apache.commons.codec.binary.Hex.toDigit(char,int) throws org.apache.commons.codec.DecoderException start: 1657658872566 end: 1657658872573 duration: 7retValue:
onEnter - Class: Hex.java method: protected static int org.apache.commons.codec.binary.Hex.toDigit(char,int) throws org.apache.commons.codec.DecoderException
MethodEnter
query: SELECT f.* FROM perfrt.files AS f INNER JOIN perfrt.commits AS c ON f.commit_id = c.id WHERE c.commit_hash='8871e9c72eefda5b047d8e9fcc3654e5fab3c198' AND f.name LIKE '%Hex.java';
onExit - Class: Hex.java.java method: protected static int org.apache.commons.codec.binary.Hex.toDigit(char,int) throws org.apache.commons.codec.DecoderException start: 1657658872580 end: 1657658872587 duration: 7retValue:
onEnter - Class: Hex.java method: protected static int org.apache.commons.codec.binary.Hex.toDigit(char,int) throws org.apache.commons.codec.DecoderException
MethodEnter
query: SELECT f.* FROM perfrt.files AS f INNER JOIN perfrt.commits AS c ON f.commit_id = c.id WHERE c.commit_hash='8871e9c72eefda5b047d8e9fcc3654e5fab3c198' AND f.name LIKE '%Hex.java';
onExit - Class: Hex.java.java method: protected static int org.apache.commons.codec.binary.Hex.toDigit(char,int) throws org.apache.commons.codec.DecoderException start: 1657658872595 end: 1657658872603 duration: 8retValue:
onEnter - Class: Hex.java method: protected static int org.apache.commons.codec.binary.Hex.toDigit(char,int) throws org.apache.commons.codec.DecoderException
MethodEnter
query: SELECT f.* FROM perfrt.files AS f INNER JOIN perfrt.commits AS c ON f.commit_id = c.id WHERE c.commit_hash='8871e9c72eefda5b047d8e9fcc3654e5fab3c198' AND f.name LIKE '%Hex.java';
onExit - Class: Hex.java.java method: protected static int org.apache.commons.codec.binary.Hex.toDigit(char,int) throws org.apache.commons.codec.DecoderException start: 1657658872615 end: 1657658872627 duration: 12retValue:
onExit - Class: Hex.java.java method: public static int org.apache.commons.codec.binary.Hex.decodeHex(char[],byte[],int) throws org.apache.commons.codec.DecoderException start: 1657658872460 end: 1657658872635 duration: 175retValue:
onExit - Class: Hex.java.java method: public static byte[] org.apache.commons.codec.binary.Hex.decodeHex(char[]) throws org.apache.commons.codec.DecoderException start: 1657658872452 end: 1657658872642 duration: 190retValue:
onExit - Class: Hex.java.java method: public java.lang.Object org.apache.commons.codec.binary.Hex.decode(java.lang.Object) throws org.apache.commons.codec.DecoderException start: 1657658872445 end: 1657658872648 duration: 203retValue:
onExit - Class: Hex.java.java method: public java.lang.Object org.apache.commons.codec.binary.Hex.decode(java.lang.Object) throws org.apache.commons.codec.DecoderException start: 1657658872437 end: 1657658872654 duration: 217retValue:
onEnter - Class: Base32Test.java method: public void org.apache.commons.codec.binary.Base32Test.testConstructors()
MethodEnter
query: SELECT f.* FROM perfrt.files AS f INNER JOIN perfrt.commits AS c ON f.commit_id = c.id WHERE c.commit_hash='8871e9c72eefda5b047d8e9fcc3654e5fab3c198' AND f.name LIKE '%Base32Test.java';
onEnter - Class: Base32.java method: public boolean org.apache.commons.codec.binary.Base32.isInAlphabet(byte)
MethodEnter
query: SELECT f.* FROM perfrt.files AS f INNER JOIN perfrt.commits AS c ON f.commit_id = c.id WHERE c.commit_hash='8871e9c72eefda5b047d8e9fcc3654e5fab3c198' AND f.name LIKE '%Base32.java';
onExit - Class: Base32.java.java method: public boolean org.apache.commons.codec.binary.Base32.isInAlphabet(byte) start: 1657658872692 end: 1657658872700 duration: 8retValue:
onEnter - Class: BaseNCodec.java method: protected static boolean org.apache.commons.codec.binary.BaseNCodec.isWhiteSpace(byte)
MethodEnter
query: SELECT f.* FROM perfrt.files AS f INNER JOIN perfrt.commits AS c ON f.commit_id = c.id WHERE c.commit_hash='8871e9c72eefda5b047d8e9fcc3654e5fab3c198' AND f.name LIKE '%BaseNCodec.java';
onExit - Class: BaseNCodec.java.java method: protected static boolean org.apache.commons.codec.binary.BaseNCodec.isWhiteSpace(byte) start: 1657658872708 end: 1657658872717 duration: 9retValue:
onEnter - Class: Base32.java method: public boolean org.apache.commons.codec.binary.Base32.isInAlphabet(byte)
MethodEnter
query: SELECT f.* FROM perfrt.files AS f INNER JOIN perfrt.commits AS c ON f.commit_id = c.id WHERE c.commit_hash='8871e9c72eefda5b047d8e9fcc3654e5fab3c198' AND f.name LIKE '%Base32.java';
onExit - Class: Base32.java.java method: public boolean org.apache.commons.codec.binary.Base32.isInAlphabet(byte) start: 1657658872724 end: 1657658872733 duration: 9retValue:
onEnter - Class: BaseNCodec.java method: protected static boolean org.apache.commons.codec.binary.BaseNCodec.isWhiteSpace(byte)
MethodEnter
query: SELECT f.* FROM perfrt.files AS f INNER JOIN perfrt.commits AS c ON f.commit_id = c.id WHERE c.commit_hash='8871e9c72eefda5b047d8e9fcc3654e5fab3c198' AND f.name LIKE '%BaseNCodec.java';
onExit - Class: BaseNCodec.java.java method: protected static boolean org.apache.commons.codec.binary.BaseNCodec.isWhiteSpace(byte) start: 1657658872740 end: 1657658872748 duration: 8retValue:
onEnter - Class: Base32.java method: public boolean org.apache.commons.codec.binary.Base32.isInAlphabet(byte)
MethodEnter
query: SELECT f.* FROM perfrt.files AS f INNER JOIN perfrt.commits AS c ON f.commit_id = c.id WHERE c.commit_hash='8871e9c72eefda5b047d8e9fcc3654e5fab3c198' AND f.name LIKE '%Base32.java';
onExit - Class: Base32.java.java method: public boolean org.apache.commons.codec.binary.Base32.isInAlphabet(byte) start: 1657658872758 end: 1657658872766 duration: 8retValue:
onEnter - Class: BaseNCodec.java method: protected static boolean org.apache.commons.codec.binary.BaseNCodec.isWhiteSpace(byte)
MethodEnter
query: SELECT f.* FROM perfrt.files AS f INNER JOIN perfrt.commits AS c ON f.commit_id = c.id WHERE c.commit_hash='8871e9c72eefda5b047d8e9fcc3654e5fab3c198' AND f.name LIKE '%BaseNCodec.java';
onExit - Class: BaseNCodec.java.java method: protected static boolean org.apache.commons.codec.binary.BaseNCodec.isWhiteSpace(byte) start: 1657658872774 end: 1657658872782 duration: 8retValue:
onEnter - Class: BaseNCodec.java method: protected boolean org.apache.commons.codec.binary.BaseNCodec.containsAlphabetOrPad(byte[])
MethodEnter
query: SELECT f.* FROM perfrt.files AS f INNER JOIN perfrt.commits AS c ON f.commit_id = c.id WHERE c.commit_hash='8871e9c72eefda5b047d8e9fcc3654e5fab3c198' AND f.name LIKE '%BaseNCodec.java';
onEnter - Class: BaseNCodec.java method: protected boolean org.apache.commons.codec.binary.BaseNCodec.containsAlphabetOrPad(byte[])
MethodEnter
query: SELECT f.* FROM perfrt.files AS f INNER JOIN perfrt.commits AS c ON f.commit_id = c.id WHERE c.commit_hash='8871e9c72eefda5b047d8e9fcc3654e5fab3c198' AND f.name LIKE '%BaseNCodec.java';
onExit - Class: BaseNCodec.java.java method: protected boolean org.apache.commons.codec.binary.BaseNCodec.containsAlphabetOrPad(byte[]) start: 1657658872798 end: 1657658872805 duration: 7retValue:
onExit - Class: BaseNCodec.java.java method: protected boolean org.apache.commons.codec.binary.BaseNCodec.containsAlphabetOrPad(byte[]) start: 1657658872790 end: 1657658872813 duration: 23retValue:
onEnter - Class: Base32.java method: public boolean org.apache.commons.codec.binary.Base32.isInAlphabet(byte)
MethodEnter
query: SELECT f.* FROM perfrt.files AS f INNER JOIN perfrt.commits AS c ON f.commit_id = c.id WHERE c.commit_hash='8871e9c72eefda5b047d8e9fcc3654e5fab3c198' AND f.name LIKE '%Base32.java';
onExit - Class: Base32.java.java method: public boolean org.apache.commons.codec.binary.Base32.isInAlphabet(byte) start: 1657658872822 end: 1657658872832 duration: 10retValue:
onEnter - Class: BaseNCodec.java method: protected static boolean org.apache.commons.codec.binary.BaseNCodec.isWhiteSpace(byte)
MethodEnter
query: SELECT f.* FROM perfrt.files AS f INNER JOIN perfrt.commits AS c ON f.commit_id = c.id WHERE c.commit_hash='8871e9c72eefda5b047d8e9fcc3654e5fab3c198' AND f.name LIKE '%BaseNCodec.java';
onExit - Class: BaseNCodec.java.java method: protected static boolean org.apache.commons.codec.binary.BaseNCodec.isWhiteSpace(byte) start: 1657658872839 end: 1657658872846 duration: 7retValue:
onEnter - Class: BaseNCodec.java method: protected boolean org.apache.commons.codec.binary.BaseNCodec.containsAlphabetOrPad(byte[])
MethodEnter
query: SELECT f.* FROM perfrt.files AS f INNER JOIN perfrt.commits AS c ON f.commit_id = c.id WHERE c.commit_hash='8871e9c72eefda5b047d8e9fcc3654e5fab3c198' AND f.name LIKE '%BaseNCodec.java';
onEnter - Class: BaseNCodec.java method: protected boolean org.apache.commons.codec.binary.BaseNCodec.containsAlphabetOrPad(byte[])
MethodEnter
query: SELECT f.* FROM perfrt.files AS f INNER JOIN perfrt.commits AS c ON f.commit_id = c.id WHERE c.commit_hash='8871e9c72eefda5b047d8e9fcc3654e5fab3c198' AND f.name LIKE '%BaseNCodec.java';
onExit - Class: BaseNCodec.java.java method: protected boolean org.apache.commons.codec.binary.BaseNCodec.containsAlphabetOrPad(byte[]) start: 1657658872861 end: 1657658872869 duration: 8retValue:
onExit - Class: BaseNCodec.java.java method: protected boolean org.apache.commons.codec.binary.BaseNCodec.containsAlphabetOrPad(byte[]) start: 1657658872854 end: 1657658872877 duration: 23retValue:
onEnter - Class: Base32.java method: public boolean org.apache.commons.codec.binary.Base32.isInAlphabet(byte)
MethodEnter
query: SELECT f.* FROM perfrt.files AS f INNER JOIN perfrt.commits AS c ON f.commit_id = c.id WHERE c.commit_hash='8871e9c72eefda5b047d8e9fcc3654e5fab3c198' AND f.name LIKE '%Base32.java';
onExit - Class: Base32.java.java method: public boolean org.apache.commons.codec.binary.Base32.isInAlphabet(byte) start: 1657658872884 end: 1657658872892 duration: 8retValue:
onEnter - Class: BaseNCodec.java method: protected static boolean org.apache.commons.codec.binary.BaseNCodec.isWhiteSpace(byte)
MethodEnter
query: SELECT f.* FROM perfrt.files AS f INNER JOIN perfrt.commits AS c ON f.commit_id = c.id WHERE c.commit_hash='8871e9c72eefda5b047d8e9fcc3654e5fab3c198' AND f.name LIKE '%BaseNCodec.java';
onExit - Class: BaseNCodec.java.java method: protected static boolean org.apache.commons.codec.binary.BaseNCodec.isWhiteSpace(byte) start: 1657658872899 end: 1657658872910 duration: 11retValue:
onEnter - Class: Base32.java method: public boolean org.apache.commons.codec.binary.Base32.isInAlphabet(byte)
MethodEnter
query: SELECT f.* FROM perfrt.files AS f INNER JOIN perfrt.commits AS c ON f.commit_id = c.id WHERE c.commit_hash='8871e9c72eefda5b047d8e9fcc3654e5fab3c198' AND f.name LIKE '%Base32.java';
onExit - Class: Base32.java.java method: public boolean org.apache.commons.codec.binary.Base32.isInAlphabet(byte) start: 1657658872917 end: 1657658872925 duration: 8retValue:
onEnter - Class: BaseNCodec.java method: protected static boolean org.apache.commons.codec.binary.BaseNCodec.isWhiteSpace(byte)
MethodEnter
query: SELECT f.* FROM perfrt.files AS f INNER JOIN perfrt.commits AS c ON f.commit_id = c.id WHERE c.commit_hash='8871e9c72eefda5b047d8e9fcc3654e5fab3c198' AND f.name LIKE '%BaseNCodec.java';
onExit - Class: BaseNCodec.java.java method: protected static boolean org.apache.commons.codec.binary.BaseNCodec.isWhiteSpace(byte) start: 1657658872932 end: 1657658872939 duration: 7retValue:
onEnter - Class: BaseNCodec.java method: protected boolean org.apache.commons.codec.binary.BaseNCodec.containsAlphabetOrPad(byte[])
MethodEnter
query: SELECT f.* FROM perfrt.files AS f INNER JOIN perfrt.commits AS c ON f.commit_id = c.id WHERE c.commit_hash='8871e9c72eefda5b047d8e9fcc3654e5fab3c198' AND f.name LIKE '%BaseNCodec.java';
onEnter - Class: BaseNCodec.java method: protected boolean org.apache.commons.codec.binary.BaseNCodec.containsAlphabetOrPad(byte[])
MethodEnter
query: SELECT f.* FROM perfrt.files AS f INNER JOIN perfrt.commits AS c ON f.commit_id = c.id WHERE c.commit_hash='8871e9c72eefda5b047d8e9fcc3654e5fab3c198' AND f.name LIKE '%BaseNCodec.java';
onEnter - Class: Base32.java method: public boolean org.apache.commons.codec.binary.Base32.isInAlphabet(byte)
MethodEnter
query: SELECT f.* FROM perfrt.files AS f INNER JOIN perfrt.commits AS c ON f.commit_id = c.id WHERE c.commit_hash='8871e9c72eefda5b047d8e9fcc3654e5fab3c198' AND f.name LIKE '%Base32.java';
onExit - Class: Base32.java.java method: public boolean org.apache.commons.codec.binary.Base32.isInAlphabet(byte) start: 1657658872961 end: 1657658872968 duration: 7retValue:
onExit - Class: BaseNCodec.java.java method: protected boolean org.apache.commons.codec.binary.BaseNCodec.containsAlphabetOrPad(byte[]) start: 1657658872953 end: 1657658872976 duration: 23retValue:
onExit - Class: BaseNCodec.java.java method: protected boolean org.apache.commons.codec.binary.BaseNCodec.containsAlphabetOrPad(byte[]) start: 1657658872946 end: 1657658872986 duration: 40retValue:
onEnter - Class: Base32.java method: public boolean org.apache.commons.codec.binary.Base32.isInAlphabet(byte)
MethodEnter
query: SELECT f.* FROM perfrt.files AS f INNER JOIN perfrt.commits AS c ON f.commit_id = c.id WHERE c.commit_hash='8871e9c72eefda5b047d8e9fcc3654e5fab3c198' AND f.name LIKE '%Base32.java';
onExit - Class: Base32.java.java method: public boolean org.apache.commons.codec.binary.Base32.isInAlphabet(byte) start: 1657658872994 end: 1657658873001 duration: 7retValue:
onEnter - Class: BaseNCodec.java method: protected static boolean org.apache.commons.codec.binary.BaseNCodec.isWhiteSpace(byte)
MethodEnter
query: SELECT f.* FROM perfrt.files AS f INNER JOIN perfrt.commits AS c ON f.commit_id = c.id WHERE c.commit_hash='8871e9c72eefda5b047d8e9fcc3654e5fab3c198' AND f.name LIKE '%BaseNCodec.java';
onExit - Class: BaseNCodec.java.java method: protected static boolean org.apache.commons.codec.binary.BaseNCodec.isWhiteSpace(byte) start: 1657658873009 end: 1657658873016 duration: 7retValue:
onEnter - Class: BaseNCodec.java method: protected boolean org.apache.commons.codec.binary.BaseNCodec.containsAlphabetOrPad(byte[])
MethodEnter
query: SELECT f.* FROM perfrt.files AS f INNER JOIN perfrt.commits AS c ON f.commit_id = c.id WHERE c.commit_hash='8871e9c72eefda5b047d8e9fcc3654e5fab3c198' AND f.name LIKE '%BaseNCodec.java';
onEnter - Class: BaseNCodec.java method: protected boolean org.apache.commons.codec.binary.BaseNCodec.containsAlphabetOrPad(byte[])
MethodEnter
query: SELECT f.* FROM perfrt.files AS f INNER JOIN perfrt.commits AS c ON f.commit_id = c.id WHERE c.commit_hash='8871e9c72eefda5b047d8e9fcc3654e5fab3c198' AND f.name LIKE '%BaseNCodec.java';
onEnter - Class: Base32.java method: public boolean org.apache.commons.codec.binary.Base32.isInAlphabet(byte)
MethodEnter
query: SELECT f.* FROM perfrt.files AS f INNER JOIN perfrt.commits AS c ON f.commit_id = c.id WHERE c.commit_hash='8871e9c72eefda5b047d8e9fcc3654e5fab3c198' AND f.name LIKE '%Base32.java';
onExit - Class: Base32.java.java method: public boolean org.apache.commons.codec.binary.Base32.isInAlphabet(byte) start: 1657658873041 end: 1657658873048 duration: 7retValue:
onExit - Class: BaseNCodec.java.java method: protected boolean org.apache.commons.codec.binary.BaseNCodec.containsAlphabetOrPad(byte[]) start: 1657658873034 end: 1657658873056 duration: 22retValue:
onExit - Class: BaseNCodec.java.java method: protected boolean org.apache.commons.codec.binary.BaseNCodec.containsAlphabetOrPad(byte[]) start: 1657658873026 end: 1657658873064 duration: 38retValue:
onEnter - Class: StringUtils.java method: public static java.lang.String org.apache.commons.codec.binary.StringUtils.newStringUtf8(byte[])
MethodEnter
query: SELECT f.* FROM perfrt.files AS f INNER JOIN perfrt.commits AS c ON f.commit_id = c.id WHERE c.commit_hash='8871e9c72eefda5b047d8e9fcc3654e5fab3c198' AND f.name LIKE '%StringUtils.java';
onEnter - Class: StringUtils.java method: private static java.lang.String org.apache.commons.codec.binary.StringUtils.newString(byte[],java.nio.charset.Charset)
MethodEnter
query: SELECT f.* FROM perfrt.files AS f INNER JOIN perfrt.commits AS c ON f.commit_id = c.id WHERE c.commit_hash='8871e9c72eefda5b047d8e9fcc3654e5fab3c198' AND f.name LIKE '%StringUtils.java';
onExit - Class: StringUtils.java.java method: private static java.lang.String org.apache.commons.codec.binary.StringUtils.newString(byte[],java.nio.charset.Charset) start: 1657658873092 end: 1657658873101 duration: 9retValue:
onExit - Class: StringUtils.java.java method: public static java.lang.String org.apache.commons.codec.binary.StringUtils.newStringUtf8(byte[]) start: 1657658873085 end: 1657658873110 duration: 25retValue:
onEnter - Class: BaseNCodec.java method: protected boolean org.apache.commons.codec.binary.BaseNCodec.containsAlphabetOrPad(byte[])
MethodEnter
query: SELECT f.* FROM perfrt.files AS f INNER JOIN perfrt.commits AS c ON f.commit_id = c.id WHERE c.commit_hash='8871e9c72eefda5b047d8e9fcc3654e5fab3c198' AND f.name LIKE '%BaseNCodec.java';
onEnter - Class: BaseNCodec.java method: protected boolean org.apache.commons.codec.binary.BaseNCodec.containsAlphabetOrPad(byte[])
MethodEnter
query: SELECT f.* FROM perfrt.files AS f INNER JOIN perfrt.commits AS c ON f.commit_id = c.id WHERE c.commit_hash='8871e9c72eefda5b047d8e9fcc3654e5fab3c198' AND f.name LIKE '%BaseNCodec.java';
onExit - Class: BaseNCodec.java.java method: protected boolean org.apache.commons.codec.binary.BaseNCodec.containsAlphabetOrPad(byte[]) start: 1657658873125 end: 1657658873132 duration: 7retValue:
onExit - Class: BaseNCodec.java.java method: protected boolean org.apache.commons.codec.binary.BaseNCodec.containsAlphabetOrPad(byte[]) start: 1657658873118 end: 1657658873139 duration: 21retValue:
onEnter - Class: StringUtils.java method: public static java.lang.String org.apache.commons.codec.binary.StringUtils.newStringUtf8(byte[])
MethodEnter
query: SELECT f.* FROM perfrt.files AS f INNER JOIN perfrt.commits AS c ON f.commit_id = c.id WHERE c.commit_hash='8871e9c72eefda5b047d8e9fcc3654e5fab3c198' AND f.name LIKE '%StringUtils.java';
onEnter - Class: StringUtils.java method: private static java.lang.String org.apache.commons.codec.binary.StringUtils.newString(byte[],java.nio.charset.Charset)
MethodEnter
query: SELECT f.* FROM perfrt.files AS f INNER JOIN perfrt.commits AS c ON f.commit_id = c.id WHERE c.commit_hash='8871e9c72eefda5b047d8e9fcc3654e5fab3c198' AND f.name LIKE '%StringUtils.java';
onExit - Class: StringUtils.java.java method: private static java.lang.String org.apache.commons.codec.binary.StringUtils.newString(byte[],java.nio.charset.Charset) start: 1657658873156 end: 1657658873165 duration: 9retValue:
onExit - Class: StringUtils.java.java method: public static java.lang.String org.apache.commons.codec.binary.StringUtils.newStringUtf8(byte[]) start: 1657658873149 end: 1657658873171 duration: 22retValue:
onEnter - Class: BaseNCodec.java method: protected boolean org.apache.commons.codec.binary.BaseNCodec.containsAlphabetOrPad(byte[])
MethodEnter
query: SELECT f.* FROM perfrt.files AS f INNER JOIN perfrt.commits AS c ON f.commit_id = c.id WHERE c.commit_hash='8871e9c72eefda5b047d8e9fcc3654e5fab3c198' AND f.name LIKE '%BaseNCodec.java';
onEnter - Class: BaseNCodec.java method: protected boolean org.apache.commons.codec.binary.BaseNCodec.containsAlphabetOrPad(byte[])
MethodEnter
query: SELECT f.* FROM perfrt.files AS f INNER JOIN perfrt.commits AS c ON f.commit_id = c.id WHERE c.commit_hash='8871e9c72eefda5b047d8e9fcc3654e5fab3c198' AND f.name LIKE '%BaseNCodec.java';
onEnter - Class: Base32.java method: public boolean org.apache.commons.codec.binary.Base32.isInAlphabet(byte)
MethodEnter
query: SELECT f.* FROM perfrt.files AS f INNER JOIN perfrt.commits AS c ON f.commit_id = c.id WHERE c.commit_hash='8871e9c72eefda5b047d8e9fcc3654e5fab3c198' AND f.name LIKE '%Base32.java';
onExit - Class: Base32.java.java method: public boolean org.apache.commons.codec.binary.Base32.isInAlphabet(byte) start: 1657658873193 end: 1657658873202 duration: 9retValue:
onExit - Class: BaseNCodec.java.java method: protected boolean org.apache.commons.codec.binary.BaseNCodec.containsAlphabetOrPad(byte[]) start: 1657658873186 end: 1657658873209 duration: 23retValue:
onExit - Class: BaseNCodec.java.java method: protected boolean org.apache.commons.codec.binary.BaseNCodec.containsAlphabetOrPad(byte[]) start: 1657658873180 end: 1657658873216 duration: 36retValue:
onEnter - Class: StringUtils.java method: public static java.lang.String org.apache.commons.codec.binary.StringUtils.newStringUtf8(byte[])
MethodEnter
query: SELECT f.* FROM perfrt.files AS f INNER JOIN perfrt.commits AS c ON f.commit_id = c.id WHERE c.commit_hash='8871e9c72eefda5b047d8e9fcc3654e5fab3c198' AND f.name LIKE '%StringUtils.java';
onEnter - Class: StringUtils.java method: private static java.lang.String org.apache.commons.codec.binary.StringUtils.newString(byte[],java.nio.charset.Charset)
MethodEnter
query: SELECT f.* FROM perfrt.files AS f INNER JOIN perfrt.commits AS c ON f.commit_id = c.id WHERE c.commit_hash='8871e9c72eefda5b047d8e9fcc3654e5fab3c198' AND f.name LIKE '%StringUtils.java';
onExit - Class: StringUtils.java.java method: private static java.lang.String org.apache.commons.codec.binary.StringUtils.newString(byte[],java.nio.charset.Charset) start: 1657658873231 end: 1657658873238 duration: 7retValue:
onExit - Class: StringUtils.java.java method: public static java.lang.String org.apache.commons.codec.binary.StringUtils.newStringUtf8(byte[]) start: 1657658873224 end: 1657658873245 duration: 21retValue:
onEnter - Class: BaseNCodec.java method: protected boolean org.apache.commons.codec.binary.BaseNCodec.containsAlphabetOrPad(byte[])
MethodEnter
query: SELECT f.* FROM perfrt.files AS f INNER JOIN perfrt.commits AS c ON f.commit_id = c.id WHERE c.commit_hash='8871e9c72eefda5b047d8e9fcc3654e5fab3c198' AND f.name LIKE '%BaseNCodec.java';
onEnter - Class: BaseNCodec.java method: protected boolean org.apache.commons.codec.binary.BaseNCodec.containsAlphabetOrPad(byte[])
MethodEnter
query: SELECT f.* FROM perfrt.files AS f INNER JOIN perfrt.commits AS c ON f.commit_id = c.id WHERE c.commit_hash='8871e9c72eefda5b047d8e9fcc3654e5fab3c198' AND f.name LIKE '%BaseNCodec.java';
onEnter - Class: Base32.java method: public boolean org.apache.commons.codec.binary.Base32.isInAlphabet(byte)
MethodEnter
query: SELECT f.* FROM perfrt.files AS f INNER JOIN perfrt.commits AS c ON f.commit_id = c.id WHERE c.commit_hash='8871e9c72eefda5b047d8e9fcc3654e5fab3c198' AND f.name LIKE '%Base32.java';
onExit - Class: Base32.java.java method: public boolean org.apache.commons.codec.binary.Base32.isInAlphabet(byte) start: 1657658873267 end: 1657658873273 duration: 6retValue:
onExit - Class: BaseNCodec.java.java method: protected boolean org.apache.commons.codec.binary.BaseNCodec.containsAlphabetOrPad(byte[]) start: 1657658873260 end: 1657658873282 duration: 22retValue:
onExit - Class: BaseNCodec.java.java method: protected boolean org.apache.commons.codec.binary.BaseNCodec.containsAlphabetOrPad(byte[]) start: 1657658873253 end: 1657658873290 duration: 37retValue:
onEnter - Class: Base32.java method: public boolean org.apache.commons.codec.binary.Base32.isInAlphabet(byte)
MethodEnter
query: SELECT f.* FROM perfrt.files AS f INNER JOIN perfrt.commits AS c ON f.commit_id = c.id WHERE c.commit_hash='8871e9c72eefda5b047d8e9fcc3654e5fab3c198' AND f.name LIKE '%Base32.java';
onExit - Class: Base32.java.java method: public boolean org.apache.commons.codec.binary.Base32.isInAlphabet(byte) start: 1657658873297 end: 1657658873307 duration: 10retValue:
onEnter - Class: BaseNCodec.java method: protected boolean org.apache.commons.codec.binary.BaseNCodec.containsAlphabetOrPad(byte[])
MethodEnter
query: SELECT f.* FROM perfrt.files AS f INNER JOIN perfrt.commits AS c ON f.commit_id = c.id WHERE c.commit_hash='8871e9c72eefda5b047d8e9fcc3654e5fab3c198' AND f.name LIKE '%BaseNCodec.java';
onEnter - Class: BaseNCodec.java method: protected boolean org.apache.commons.codec.binary.BaseNCodec.containsAlphabetOrPad(byte[])
MethodEnter
query: SELECT f.* FROM perfrt.files AS f INNER JOIN perfrt.commits AS c ON f.commit_id = c.id WHERE c.commit_hash='8871e9c72eefda5b047d8e9fcc3654e5fab3c198' AND f.name LIKE '%BaseNCodec.java';
onEnter - Class: Base32.java method: public boolean org.apache.commons.codec.binary.Base32.isInAlphabet(byte)
MethodEnter
query: SELECT f.* FROM perfrt.files AS f INNER JOIN perfrt.commits AS c ON f.commit_id = c.id WHERE c.commit_hash='8871e9c72eefda5b047d8e9fcc3654e5fab3c198' AND f.name LIKE '%Base32.java';
onExit - Class: Base32.java.java method: public boolean org.apache.commons.codec.binary.Base32.isInAlphabet(byte) start: 1657658873329 end: 1657658873336 duration: 7retValue:
onExit - Class: BaseNCodec.java.java method: protected boolean org.apache.commons.codec.binary.BaseNCodec.containsAlphabetOrPad(byte[]) start: 1657658873321 end: 1657658873344 duration: 23retValue:
onExit - Class: BaseNCodec.java.java method: protected boolean org.apache.commons.codec.binary.BaseNCodec.containsAlphabetOrPad(byte[]) start: 1657658873314 end: 1657658873351 duration: 37retValue:
onEnter - Class: Base32.java method: public boolean org.apache.commons.codec.binary.Base32.isInAlphabet(byte)
MethodEnter
query: SELECT f.* FROM perfrt.files AS f INNER JOIN perfrt.commits AS c ON f.commit_id = c.id WHERE c.commit_hash='8871e9c72eefda5b047d8e9fcc3654e5fab3c198' AND f.name LIKE '%Base32.java';
onExit - Class: Base32.java.java method: public boolean org.apache.commons.codec.binary.Base32.isInAlphabet(byte) start: 1657658873358 end: 1657658873365 duration: 7retValue:
onEnter - Class: BaseNCodec.java method: protected static boolean org.apache.commons.codec.binary.BaseNCodec.isWhiteSpace(byte)
MethodEnter
query: SELECT f.* FROM perfrt.files AS f INNER JOIN perfrt.commits AS c ON f.commit_id = c.id WHERE c.commit_hash='8871e9c72eefda5b047d8e9fcc3654e5fab3c198' AND f.name LIKE '%BaseNCodec.java';
onExit - Class: BaseNCodec.java.java method: protected static boolean org.apache.commons.codec.binary.BaseNCodec.isWhiteSpace(byte) start: 1657658873372 end: 1657658873381 duration: 9retValue:
onEnter - Class: BaseNCodec.java method: protected boolean org.apache.commons.codec.binary.BaseNCodec.containsAlphabetOrPad(byte[])
MethodEnter
query: SELECT f.* FROM perfrt.files AS f INNER JOIN perfrt.commits AS c ON f.commit_id = c.id WHERE c.commit_hash='8871e9c72eefda5b047d8e9fcc3654e5fab3c198' AND f.name LIKE '%BaseNCodec.java';
onEnter - Class: BaseNCodec.java method: protected boolean org.apache.commons.codec.binary.BaseNCodec.containsAlphabetOrPad(byte[])
MethodEnter
query: SELECT f.* FROM perfrt.files AS f INNER JOIN perfrt.commits AS c ON f.commit_id = c.id WHERE c.commit_hash='8871e9c72eefda5b047d8e9fcc3654e5fab3c198' AND f.name LIKE '%BaseNCodec.java';
onEnter - Class: Base32.java method: public boolean org.apache.commons.codec.binary.Base32.isInAlphabet(byte)
MethodEnter
query: SELECT f.* FROM perfrt.files AS f INNER JOIN perfrt.commits AS c ON f.commit_id = c.id WHERE c.commit_hash='8871e9c72eefda5b047d8e9fcc3654e5fab3c198' AND f.name LIKE '%Base32.java';
onExit - Class: Base32.java.java method: public boolean org.apache.commons.codec.binary.Base32.isInAlphabet(byte) start: 1657658873404 end: 1657658873411 duration: 7retValue:
onEnter - Class: Base32.java method: public boolean org.apache.commons.codec.binary.Base32.isInAlphabet(byte)
MethodEnter
query: SELECT f.* FROM perfrt.files AS f INNER JOIN perfrt.commits AS c ON f.commit_id = c.id WHERE c.commit_hash='8871e9c72eefda5b047d8e9fcc3654e5fab3c198' AND f.name LIKE '%Base32.java';
onExit - Class: Base32.java.java method: public boolean org.apache.commons.codec.binary.Base32.isInAlphabet(byte) start: 1657658873421 end: 1657658873429 duration: 8retValue:
onEnter - Class: Base32.java method: public boolean org.apache.commons.codec.binary.Base32.isInAlphabet(byte)
MethodEnter
query: SELECT f.* FROM perfrt.files AS f INNER JOIN perfrt.commits AS c ON f.commit_id = c.id WHERE c.commit_hash='8871e9c72eefda5b047d8e9fcc3654e5fab3c198' AND f.name LIKE '%Base32.java';
onExit - Class: Base32.java.java method: public boolean org.apache.commons.codec.binary.Base32.isInAlphabet(byte) start: 1657658873436 end: 1657658873444 duration: 8retValue:
onEnter - Class: Base32.java method: public boolean org.apache.commons.codec.binary.Base32.isInAlphabet(byte)
MethodEnter
query: SELECT f.* FROM perfrt.files AS f INNER JOIN perfrt.commits AS c ON f.commit_id = c.id WHERE c.commit_hash='8871e9c72eefda5b047d8e9fcc3654e5fab3c198' AND f.name LIKE '%Base32.java';
onExit - Class: Base32.java.java method: public boolean org.apache.commons.codec.binary.Base32.isInAlphabet(byte) start: 1657658873451 end: 1657658873458 duration: 7retValue:
onEnter - Class: Base32.java method: public boolean org.apache.commons.codec.binary.Base32.isInAlphabet(byte)
MethodEnter
query: SELECT f.* FROM perfrt.files AS f INNER JOIN perfrt.commits AS c ON f.commit_id = c.id WHERE c.commit_hash='8871e9c72eefda5b047d8e9fcc3654e5fab3c198' AND f.name LIKE '%Base32.java';
onExit - Class: Base32.java.java method: public boolean org.apache.commons.codec.binary.Base32.isInAlphabet(byte) start: 1657658873467 end: 1657658873473 duration: 6retValue:
onExit - Class: BaseNCodec.java.java method: protected boolean org.apache.commons.codec.binary.BaseNCodec.containsAlphabetOrPad(byte[]) start: 1657658873397 end: 1657658873481 duration: 84retValue:
onExit - Class: BaseNCodec.java.java method: protected boolean org.apache.commons.codec.binary.BaseNCodec.containsAlphabetOrPad(byte[]) start: 1657658873389 end: 1657658873488 duration: 99retValue:
onEnter - Class: Base32.java method: public boolean org.apache.commons.codec.binary.Base32.isInAlphabet(byte)
MethodEnter
query: SELECT f.* FROM perfrt.files AS f INNER JOIN perfrt.commits AS c ON f.commit_id = c.id WHERE c.commit_hash='8871e9c72eefda5b047d8e9fcc3654e5fab3c198' AND f.name LIKE '%Base32.java';
onExit - Class: Base32.java.java method: public boolean org.apache.commons.codec.binary.Base32.isInAlphabet(byte) start: 1657658873494 end: 1657658873500 duration: 6retValue:
onEnter - Class: BaseNCodec.java method: protected static boolean org.apache.commons.codec.binary.BaseNCodec.isWhiteSpace(byte)
MethodEnter
query: SELECT f.* FROM perfrt.files AS f INNER JOIN perfrt.commits AS c ON f.commit_id = c.id WHERE c.commit_hash='8871e9c72eefda5b047d8e9fcc3654e5fab3c198' AND f.name LIKE '%BaseNCodec.java';
onExit - Class: BaseNCodec.java.java method: protected static boolean org.apache.commons.codec.binary.BaseNCodec.isWhiteSpace(byte) start: 1657658873507 end: 1657658873514 duration: 7retValue:
onExit - Class: Base32Test.java.java method: public void org.apache.commons.codec.binary.Base32Test.testConstructors() start: 1657658872668 end: 1657658873521 duration: 853retValue:

Thanks for using JUnit! Support its development at https://junit.org/sponsoring

[36m[0m
[36m[0m [36mJUnit Jupiter[0m [32m[0m
[36m  [0m [36mBase32Test[0m [32m[0m
[36m     [0m [34mtestConstructors()[0m [32m[0m
[36m[0m [36mJUnit Vintage[0m [32m[0m

Test run finished after 3149 ms
[         3 containers found      ]
[         0 containers skipped    ]
[         3 containers started    ]
[         0 containers aborted    ]
[         3 containers successful ]
[         0 containers failed     ]
[         1 tests found           ]
[         0 tests skipped         ]
[         1 tests started         ]
[         0 tests aborted         ]
[         1 tests successful      ]
[         0 tests failed          ]

