Premain
onEnter - Class: EncoderExceptionTest.java method: public void org.apache.commons.codec.EncoderExceptionTest.testConstructorThrowable()
MethodEnter
query: SELECT f.* FROM perfrt.files AS f INNER JOIN perfrt.commits AS c ON f.commit_id = c.id WHERE c.commit_hash='8871e9c72eefda5b047d8e9fcc3654e5fab3c198' AND f.name LIKE '%EncoderExceptionTest.java';
onEnter - Class: Throwable.java method: public synchronized java.lang.Throwable java.lang.Throwable.fillInStackTrace()
MethodEnter
query: SELECT f.* FROM perfrt.files AS f INNER JOIN perfrt.commits AS c ON f.commit_id = c.id WHERE c.commit_hash='8871e9c72eefda5b047d8e9fcc3654e5fab3c198' AND f.name LIKE '%Throwable.java';
onExit - Class: Throwable.java.java method: public synchronized java.lang.Throwable java.lang.Throwable.fillInStackTrace() start: 1657657736207 end: 1657657736224 duration: 17retValue:
onEnter - Class: Throwable.java method: public java.lang.String java.lang.Throwable.getMessage()
MethodEnter
query: SELECT f.* FROM perfrt.files AS f INNER JOIN perfrt.commits AS c ON f.commit_id = c.id WHERE c.commit_hash='8871e9c72eefda5b047d8e9fcc3654e5fab3c198' AND f.name LIKE '%Throwable.java';
onExit - Class: Throwable.java.java method: public java.lang.String java.lang.Throwable.getMessage() start: 1657657736252 end: 1657657736267 duration: 15retValue:
onEnter - Class: Throwable.java method: public synchronized java.lang.Throwable java.lang.Throwable.getCause()
MethodEnter
query: SELECT f.* FROM perfrt.files AS f INNER JOIN perfrt.commits AS c ON f.commit_id = c.id WHERE c.commit_hash='8871e9c72eefda5b047d8e9fcc3654e5fab3c198' AND f.name LIKE '%Throwable.java';
onExit - Class: Throwable.java.java method: public synchronized java.lang.Throwable java.lang.Throwable.getCause() start: 1657657736284 end: 1657657736297 duration: 13retValue:
onExit - Class: EncoderExceptionTest.java.java method: public void org.apache.commons.codec.EncoderExceptionTest.testConstructorThrowable() start: 1657657735892 end: 1657657736310 duration: 418retValue:

Thanks for using JUnit! Support its development at https://junit.org/sponsoring

[36m╷[0m
[36m├─[0m [36mJUnit Jupiter[0m [32m✔[0m
[36m│  └─[0m [36mEncoderExceptionTest[0m [32m✔[0m
[36m│     └─[0m [34mtestConstructorThrowable()[0m [32m✔[0m
[36m└─[0m [36mJUnit Vintage[0m [32m✔[0m

Test run finished after 482 ms
[         3 containers found      ]
[         0 containers skipped    ]
[         3 containers started    ]
[         0 containers aborted    ]
[         3 containers successful ]
[         0 containers failed     ]
[         1 tests found           ]
[         0 tests skipped         ]
[         1 tests started         ]
[         0 tests aborted         ]
[         1 tests successful      ]
[         0 tests failed          ]

