Premain
onEnter - Class: Hex.java method: public java.lang.Object org.apache.commons.codec.binary.Hex.decode(java.lang.Object) throws org.apache.commons.codec.DecoderException
MethodEnter
query: SELECT f.* FROM perfrt.files AS f INNER JOIN perfrt.commits AS c ON f.commit_id = c.id WHERE c.commit_hash='8871e9c72eefda5b047d8e9fcc3654e5fab3c198' AND f.name LIKE '%Hex.java';
onEnter - Class: Hex.java method: public java.lang.Object org.apache.commons.codec.binary.Hex.decode(java.lang.Object) throws org.apache.commons.codec.DecoderException
MethodEnter
query: SELECT f.* FROM perfrt.files AS f INNER JOIN perfrt.commits AS c ON f.commit_id = c.id WHERE c.commit_hash='8871e9c72eefda5b047d8e9fcc3654e5fab3c198' AND f.name LIKE '%Hex.java';
onEnter - Class: Hex.java method: public static byte[] org.apache.commons.codec.binary.Hex.decodeHex(char[]) throws org.apache.commons.codec.DecoderException
MethodEnter
query: SELECT f.* FROM perfrt.files AS f INNER JOIN perfrt.commits AS c ON f.commit_id = c.id WHERE c.commit_hash='8871e9c72eefda5b047d8e9fcc3654e5fab3c198' AND f.name LIKE '%Hex.java';
onEnter - Class: Hex.java method: public static int org.apache.commons.codec.binary.Hex.decodeHex(char[],byte[],int) throws org.apache.commons.codec.DecoderException
MethodEnter
query: SELECT f.* FROM perfrt.files AS f INNER JOIN perfrt.commits AS c ON f.commit_id = c.id WHERE c.commit_hash='8871e9c72eefda5b047d8e9fcc3654e5fab3c198' AND f.name LIKE '%Hex.java';
onEnter - Class: Hex.java method: protected static int org.apache.commons.codec.binary.Hex.toDigit(char,int) throws org.apache.commons.codec.DecoderException
MethodEnter
query: SELECT f.* FROM perfrt.files AS f INNER JOIN perfrt.commits AS c ON f.commit_id = c.id WHERE c.commit_hash='8871e9c72eefda5b047d8e9fcc3654e5fab3c198' AND f.name LIKE '%Hex.java';
onExit - Class: Hex.java.java method: protected static int org.apache.commons.codec.binary.Hex.toDigit(char,int) throws org.apache.commons.codec.DecoderException start: 1657658998634 end: 1657658998651 duration: 17retValue:
onEnter - Class: Hex.java method: protected static int org.apache.commons.codec.binary.Hex.toDigit(char,int) throws org.apache.commons.codec.DecoderException
MethodEnter
query: SELECT f.* FROM perfrt.files AS f INNER JOIN perfrt.commits AS c ON f.commit_id = c.id WHERE c.commit_hash='8871e9c72eefda5b047d8e9fcc3654e5fab3c198' AND f.name LIKE '%Hex.java';
onExit - Class: Hex.java.java method: protected static int org.apache.commons.codec.binary.Hex.toDigit(char,int) throws org.apache.commons.codec.DecoderException start: 1657658998678 end: 1657658998694 duration: 16retValue:
onEnter - Class: Hex.java method: protected static int org.apache.commons.codec.binary.Hex.toDigit(char,int) throws org.apache.commons.codec.DecoderException
MethodEnter
query: SELECT f.* FROM perfrt.files AS f INNER JOIN perfrt.commits AS c ON f.commit_id = c.id WHERE c.commit_hash='8871e9c72eefda5b047d8e9fcc3654e5fab3c198' AND f.name LIKE '%Hex.java';
onExit - Class: Hex.java.java method: protected static int org.apache.commons.codec.binary.Hex.toDigit(char,int) throws org.apache.commons.codec.DecoderException start: 1657658998709 end: 1657658998722 duration: 13retValue:
onEnter - Class: Hex.java method: protected static int org.apache.commons.codec.binary.Hex.toDigit(char,int) throws org.apache.commons.codec.DecoderException
MethodEnter
query: SELECT f.* FROM perfrt.files AS f INNER JOIN perfrt.commits AS c ON f.commit_id = c.id WHERE c.commit_hash='8871e9c72eefda5b047d8e9fcc3654e5fab3c198' AND f.name LIKE '%Hex.java';
onExit - Class: Hex.java.java method: protected static int org.apache.commons.codec.binary.Hex.toDigit(char,int) throws org.apache.commons.codec.DecoderException start: 1657658998734 end: 1657658998747 duration: 13retValue:
onEnter - Class: Hex.java method: protected static int org.apache.commons.codec.binary.Hex.toDigit(char,int) throws org.apache.commons.codec.DecoderException
MethodEnter
query: SELECT f.* FROM perfrt.files AS f INNER JOIN perfrt.commits AS c ON f.commit_id = c.id WHERE c.commit_hash='8871e9c72eefda5b047d8e9fcc3654e5fab3c198' AND f.name LIKE '%Hex.java';
onExit - Class: Hex.java.java method: protected static int org.apache.commons.codec.binary.Hex.toDigit(char,int) throws org.apache.commons.codec.DecoderException start: 1657658998760 end: 1657658998774 duration: 14retValue:
onEnter - Class: Hex.java method: protected static int org.apache.commons.codec.binary.Hex.toDigit(char,int) throws org.apache.commons.codec.DecoderException
MethodEnter
query: SELECT f.* FROM perfrt.files AS f INNER JOIN perfrt.commits AS c ON f.commit_id = c.id WHERE c.commit_hash='8871e9c72eefda5b047d8e9fcc3654e5fab3c198' AND f.name LIKE '%Hex.java';
onExit - Class: Hex.java.java method: protected static int org.apache.commons.codec.binary.Hex.toDigit(char,int) throws org.apache.commons.codec.DecoderException start: 1657658998789 end: 1657658998802 duration: 13retValue:
onEnter - Class: Hex.java method: protected static int org.apache.commons.codec.binary.Hex.toDigit(char,int) throws org.apache.commons.codec.DecoderException
MethodEnter
query: SELECT f.* FROM perfrt.files AS f INNER JOIN perfrt.commits AS c ON f.commit_id = c.id WHERE c.commit_hash='8871e9c72eefda5b047d8e9fcc3654e5fab3c198' AND f.name LIKE '%Hex.java';
onExit - Class: Hex.java.java method: protected static int org.apache.commons.codec.binary.Hex.toDigit(char,int) throws org.apache.commons.codec.DecoderException start: 1657658998815 end: 1657658998829 duration: 14retValue:
onEnter - Class: Hex.java method: protected static int org.apache.commons.codec.binary.Hex.toDigit(char,int) throws org.apache.commons.codec.DecoderException
MethodEnter
query: SELECT f.* FROM perfrt.files AS f INNER JOIN perfrt.commits AS c ON f.commit_id = c.id WHERE c.commit_hash='8871e9c72eefda5b047d8e9fcc3654e5fab3c198' AND f.name LIKE '%Hex.java';
onExit - Class: Hex.java.java method: protected static int org.apache.commons.codec.binary.Hex.toDigit(char,int) throws org.apache.commons.codec.DecoderException start: 1657658998841 end: 1657658998853 duration: 12retValue:
onEnter - Class: Hex.java method: protected static int org.apache.commons.codec.binary.Hex.toDigit(char,int) throws org.apache.commons.codec.DecoderException
MethodEnter
query: SELECT f.* FROM perfrt.files AS f INNER JOIN perfrt.commits AS c ON f.commit_id = c.id WHERE c.commit_hash='8871e9c72eefda5b047d8e9fcc3654e5fab3c198' AND f.name LIKE '%Hex.java';
onExit - Class: Hex.java.java method: protected static int org.apache.commons.codec.binary.Hex.toDigit(char,int) throws org.apache.commons.codec.DecoderException start: 1657658998866 end: 1657658998879 duration: 13retValue:
onEnter - Class: Hex.java method: protected static int org.apache.commons.codec.binary.Hex.toDigit(char,int) throws org.apache.commons.codec.DecoderException
MethodEnter
query: SELECT f.* FROM perfrt.files AS f INNER JOIN perfrt.commits AS c ON f.commit_id = c.id WHERE c.commit_hash='8871e9c72eefda5b047d8e9fcc3654e5fab3c198' AND f.name LIKE '%Hex.java';
onExit - Class: Hex.java.java method: protected static int org.apache.commons.codec.binary.Hex.toDigit(char,int) throws org.apache.commons.codec.DecoderException start: 1657658998891 end: 1657658998902 duration: 11retValue:
onEnter - Class: Hex.java method: protected static int org.apache.commons.codec.binary.Hex.toDigit(char,int) throws org.apache.commons.codec.DecoderException
MethodEnter
query: SELECT f.* FROM perfrt.files AS f INNER JOIN perfrt.commits AS c ON f.commit_id = c.id WHERE c.commit_hash='8871e9c72eefda5b047d8e9fcc3654e5fab3c198' AND f.name LIKE '%Hex.java';
onExit - Class: Hex.java.java method: protected static int org.apache.commons.codec.binary.Hex.toDigit(char,int) throws org.apache.commons.codec.DecoderException start: 1657658998914 end: 1657658998925 duration: 11retValue:
onEnter - Class: Hex.java method: protected static int org.apache.commons.codec.binary.Hex.toDigit(char,int) throws org.apache.commons.codec.DecoderException
MethodEnter
query: SELECT f.* FROM perfrt.files AS f INNER JOIN perfrt.commits AS c ON f.commit_id = c.id WHERE c.commit_hash='8871e9c72eefda5b047d8e9fcc3654e5fab3c198' AND f.name LIKE '%Hex.java';
onExit - Class: Hex.java.java method: protected static int org.apache.commons.codec.binary.Hex.toDigit(char,int) throws org.apache.commons.codec.DecoderException start: 1657658998937 end: 1657658998951 duration: 14retValue:
onEnter - Class: Hex.java method: protected static int org.apache.commons.codec.binary.Hex.toDigit(char,int) throws org.apache.commons.codec.DecoderException
MethodEnter
query: SELECT f.* FROM perfrt.files AS f INNER JOIN perfrt.commits AS c ON f.commit_id = c.id WHERE c.commit_hash='8871e9c72eefda5b047d8e9fcc3654e5fab3c198' AND f.name LIKE '%Hex.java';
onExit - Class: Hex.java.java method: protected static int org.apache.commons.codec.binary.Hex.toDigit(char,int) throws org.apache.commons.codec.DecoderException start: 1657658998962 end: 1657658998974 duration: 12retValue:
onEnter - Class: Hex.java method: protected static int org.apache.commons.codec.binary.Hex.toDigit(char,int) throws org.apache.commons.codec.DecoderException
MethodEnter
query: SELECT f.* FROM perfrt.files AS f INNER JOIN perfrt.commits AS c ON f.commit_id = c.id WHERE c.commit_hash='8871e9c72eefda5b047d8e9fcc3654e5fab3c198' AND f.name LIKE '%Hex.java';
onExit - Class: Hex.java.java method: protected static int org.apache.commons.codec.binary.Hex.toDigit(char,int) throws org.apache.commons.codec.DecoderException start: 1657658998986 end: 1657658998997 duration: 11retValue:
onEnter - Class: Hex.java method: protected static int org.apache.commons.codec.binary.Hex.toDigit(char,int) throws org.apache.commons.codec.DecoderException
MethodEnter
query: SELECT f.* FROM perfrt.files AS f INNER JOIN perfrt.commits AS c ON f.commit_id = c.id WHERE c.commit_hash='8871e9c72eefda5b047d8e9fcc3654e5fab3c198' AND f.name LIKE '%Hex.java';
onExit - Class: Hex.java.java method: protected static int org.apache.commons.codec.binary.Hex.toDigit(char,int) throws org.apache.commons.codec.DecoderException start: 1657658999011 end: 1657658999022 duration: 11retValue:
onEnter - Class: Hex.java method: protected static int org.apache.commons.codec.binary.Hex.toDigit(char,int) throws org.apache.commons.codec.DecoderException
MethodEnter
query: SELECT f.* FROM perfrt.files AS f INNER JOIN perfrt.commits AS c ON f.commit_id = c.id WHERE c.commit_hash='8871e9c72eefda5b047d8e9fcc3654e5fab3c198' AND f.name LIKE '%Hex.java';
onExit - Class: Hex.java.java method: protected static int org.apache.commons.codec.binary.Hex.toDigit(char,int) throws org.apache.commons.codec.DecoderException start: 1657658999033 end: 1657658999043 duration: 10retValue:
onEnter - Class: Hex.java method: protected static int org.apache.commons.codec.binary.Hex.toDigit(char,int) throws org.apache.commons.codec.DecoderException
MethodEnter
query: SELECT f.* FROM perfrt.files AS f INNER JOIN perfrt.commits AS c ON f.commit_id = c.id WHERE c.commit_hash='8871e9c72eefda5b047d8e9fcc3654e5fab3c198' AND f.name LIKE '%Hex.java';
onExit - Class: Hex.java.java method: protected static int org.apache.commons.codec.binary.Hex.toDigit(char,int) throws org.apache.commons.codec.DecoderException start: 1657658999053 end: 1657658999064 duration: 11retValue:
onEnter - Class: Hex.java method: protected static int org.apache.commons.codec.binary.Hex.toDigit(char,int) throws org.apache.commons.codec.DecoderException
MethodEnter
query: SELECT f.* FROM perfrt.files AS f INNER JOIN perfrt.commits AS c ON f.commit_id = c.id WHERE c.commit_hash='8871e9c72eefda5b047d8e9fcc3654e5fab3c198' AND f.name LIKE '%Hex.java';
onExit - Class: Hex.java.java method: protected static int org.apache.commons.codec.binary.Hex.toDigit(char,int) throws org.apache.commons.codec.DecoderException start: 1657658999077 end: 1657658999087 duration: 10retValue:
onEnter - Class: Hex.java method: protected static int org.apache.commons.codec.binary.Hex.toDigit(char,int) throws org.apache.commons.codec.DecoderException
MethodEnter
query: SELECT f.* FROM perfrt.files AS f INNER JOIN perfrt.commits AS c ON f.commit_id = c.id WHERE c.commit_hash='8871e9c72eefda5b047d8e9fcc3654e5fab3c198' AND f.name LIKE '%Hex.java';
onExit - Class: Hex.java.java method: protected static int org.apache.commons.codec.binary.Hex.toDigit(char,int) throws org.apache.commons.codec.DecoderException start: 1657658999097 end: 1657658999106 duration: 9retValue:
onEnter - Class: Hex.java method: protected static int org.apache.commons.codec.binary.Hex.toDigit(char,int) throws org.apache.commons.codec.DecoderException
MethodEnter
query: SELECT f.* FROM perfrt.files AS f INNER JOIN perfrt.commits AS c ON f.commit_id = c.id WHERE c.commit_hash='8871e9c72eefda5b047d8e9fcc3654e5fab3c198' AND f.name LIKE '%Hex.java';
onExit - Class: Hex.java.java method: protected static int org.apache.commons.codec.binary.Hex.toDigit(char,int) throws org.apache.commons.codec.DecoderException start: 1657658999115 end: 1657658999125 duration: 10retValue:
onEnter - Class: Hex.java method: protected static int org.apache.commons.codec.binary.Hex.toDigit(char,int) throws org.apache.commons.codec.DecoderException
MethodEnter
query: SELECT f.* FROM perfrt.files AS f INNER JOIN perfrt.commits AS c ON f.commit_id = c.id WHERE c.commit_hash='8871e9c72eefda5b047d8e9fcc3654e5fab3c198' AND f.name LIKE '%Hex.java';
onExit - Class: Hex.java.java method: protected static int org.apache.commons.codec.binary.Hex.toDigit(char,int) throws org.apache.commons.codec.DecoderException start: 1657658999135 end: 1657658999144 duration: 9retValue:
onEnter - Class: Hex.java method: protected static int org.apache.commons.codec.binary.Hex.toDigit(char,int) throws org.apache.commons.codec.DecoderException
MethodEnter
query: SELECT f.* FROM perfrt.files AS f INNER JOIN perfrt.commits AS c ON f.commit_id = c.id WHERE c.commit_hash='8871e9c72eefda5b047d8e9fcc3654e5fab3c198' AND f.name LIKE '%Hex.java';
onExit - Class: Hex.java.java method: protected static int org.apache.commons.codec.binary.Hex.toDigit(char,int) throws org.apache.commons.codec.DecoderException start: 1657658999154 end: 1657658999164 duration: 10retValue:
onEnter - Class: Hex.java method: protected static int org.apache.commons.codec.binary.Hex.toDigit(char,int) throws org.apache.commons.codec.DecoderException
MethodEnter
query: SELECT f.* FROM perfrt.files AS f INNER JOIN perfrt.commits AS c ON f.commit_id = c.id WHERE c.commit_hash='8871e9c72eefda5b047d8e9fcc3654e5fab3c198' AND f.name LIKE '%Hex.java';
onExit - Class: Hex.java.java method: protected static int org.apache.commons.codec.binary.Hex.toDigit(char,int) throws org.apache.commons.codec.DecoderException start: 1657658999173 end: 1657658999183 duration: 10retValue:
onEnter - Class: Hex.java method: protected static int org.apache.commons.codec.binary.Hex.toDigit(char,int) throws org.apache.commons.codec.DecoderException
MethodEnter
query: SELECT f.* FROM perfrt.files AS f INNER JOIN perfrt.commits AS c ON f.commit_id = c.id WHERE c.commit_hash='8871e9c72eefda5b047d8e9fcc3654e5fab3c198' AND f.name LIKE '%Hex.java';
onExit - Class: Hex.java.java method: protected static int org.apache.commons.codec.binary.Hex.toDigit(char,int) throws org.apache.commons.codec.DecoderException start: 1657658999208 end: 1657658999217 duration: 9retValue:
onEnter - Class: Hex.java method: protected static int org.apache.commons.codec.binary.Hex.toDigit(char,int) throws org.apache.commons.codec.DecoderException
MethodEnter
query: SELECT f.* FROM perfrt.files AS f INNER JOIN perfrt.commits AS c ON f.commit_id = c.id WHERE c.commit_hash='8871e9c72eefda5b047d8e9fcc3654e5fab3c198' AND f.name LIKE '%Hex.java';
onExit - Class: Hex.java.java method: protected static int org.apache.commons.codec.binary.Hex.toDigit(char,int) throws org.apache.commons.codec.DecoderException start: 1657658999227 end: 1657658999236 duration: 9retValue:
onEnter - Class: Hex.java method: protected static int org.apache.commons.codec.binary.Hex.toDigit(char,int) throws org.apache.commons.codec.DecoderException
MethodEnter
query: SELECT f.* FROM perfrt.files AS f INNER JOIN perfrt.commits AS c ON f.commit_id = c.id WHERE c.commit_hash='8871e9c72eefda5b047d8e9fcc3654e5fab3c198' AND f.name LIKE '%Hex.java';
onExit - Class: Hex.java.java method: protected static int org.apache.commons.codec.binary.Hex.toDigit(char,int) throws org.apache.commons.codec.DecoderException start: 1657658999245 end: 1657658999254 duration: 9retValue:
onEnter - Class: Hex.java method: protected static int org.apache.commons.codec.binary.Hex.toDigit(char,int) throws org.apache.commons.codec.DecoderException
MethodEnter
query: SELECT f.* FROM perfrt.files AS f INNER JOIN perfrt.commits AS c ON f.commit_id = c.id WHERE c.commit_hash='8871e9c72eefda5b047d8e9fcc3654e5fab3c198' AND f.name LIKE '%Hex.java';
onExit - Class: Hex.java.java method: protected static int org.apache.commons.codec.binary.Hex.toDigit(char,int) throws org.apache.commons.codec.DecoderException start: 1657658999264 end: 1657658999272 duration: 8retValue:
onEnter - Class: Hex.java method: protected static int org.apache.commons.codec.binary.Hex.toDigit(char,int) throws org.apache.commons.codec.DecoderException
MethodEnter
query: SELECT f.* FROM perfrt.files AS f INNER JOIN perfrt.commits AS c ON f.commit_id = c.id WHERE c.commit_hash='8871e9c72eefda5b047d8e9fcc3654e5fab3c198' AND f.name LIKE '%Hex.java';
onExit - Class: Hex.java.java method: protected static int org.apache.commons.codec.binary.Hex.toDigit(char,int) throws org.apache.commons.codec.DecoderException start: 1657658999282 end: 1657658999291 duration: 9retValue:
onEnter - Class: Hex.java method: protected static int org.apache.commons.codec.binary.Hex.toDigit(char,int) throws org.apache.commons.codec.DecoderException
MethodEnter
query: SELECT f.* FROM perfrt.files AS f INNER JOIN perfrt.commits AS c ON f.commit_id = c.id WHERE c.commit_hash='8871e9c72eefda5b047d8e9fcc3654e5fab3c198' AND f.name LIKE '%Hex.java';
onExit - Class: Hex.java.java method: protected static int org.apache.commons.codec.binary.Hex.toDigit(char,int) throws org.apache.commons.codec.DecoderException start: 1657658999301 end: 1657658999309 duration: 8retValue:
onEnter - Class: Hex.java method: protected static int org.apache.commons.codec.binary.Hex.toDigit(char,int) throws org.apache.commons.codec.DecoderException
MethodEnter
query: SELECT f.* FROM perfrt.files AS f INNER JOIN perfrt.commits AS c ON f.commit_id = c.id WHERE c.commit_hash='8871e9c72eefda5b047d8e9fcc3654e5fab3c198' AND f.name LIKE '%Hex.java';
onExit - Class: Hex.java.java method: protected static int org.apache.commons.codec.binary.Hex.toDigit(char,int) throws org.apache.commons.codec.DecoderException start: 1657658999320 end: 1657658999329 duration: 9retValue:
onEnter - Class: Hex.java method: protected static int org.apache.commons.codec.binary.Hex.toDigit(char,int) throws org.apache.commons.codec.DecoderException
MethodEnter
query: SELECT f.* FROM perfrt.files AS f INNER JOIN perfrt.commits AS c ON f.commit_id = c.id WHERE c.commit_hash='8871e9c72eefda5b047d8e9fcc3654e5fab3c198' AND f.name LIKE '%Hex.java';
onExit - Class: Hex.java.java method: protected static int org.apache.commons.codec.binary.Hex.toDigit(char,int) throws org.apache.commons.codec.DecoderException start: 1657658999338 end: 1657658999347 duration: 9retValue:
onEnter - Class: Hex.java method: protected static int org.apache.commons.codec.binary.Hex.toDigit(char,int) throws org.apache.commons.codec.DecoderException
MethodEnter
query: SELECT f.* FROM perfrt.files AS f INNER JOIN perfrt.commits AS c ON f.commit_id = c.id WHERE c.commit_hash='8871e9c72eefda5b047d8e9fcc3654e5fab3c198' AND f.name LIKE '%Hex.java';
onExit - Class: Hex.java.java method: protected static int org.apache.commons.codec.binary.Hex.toDigit(char,int) throws org.apache.commons.codec.DecoderException start: 1657658999355 end: 1657658999363 duration: 8retValue:
onEnter - Class: Hex.java method: protected static int org.apache.commons.codec.binary.Hex.toDigit(char,int) throws org.apache.commons.codec.DecoderException
MethodEnter
query: SELECT f.* FROM perfrt.files AS f INNER JOIN perfrt.commits AS c ON f.commit_id = c.id WHERE c.commit_hash='8871e9c72eefda5b047d8e9fcc3654e5fab3c198' AND f.name LIKE '%Hex.java';
onExit - Class: Hex.java.java method: protected static int org.apache.commons.codec.binary.Hex.toDigit(char,int) throws org.apache.commons.codec.DecoderException start: 1657658999371 end: 1657658999381 duration: 10retValue:
onEnter - Class: Hex.java method: protected static int org.apache.commons.codec.binary.Hex.toDigit(char,int) throws org.apache.commons.codec.DecoderException
MethodEnter
query: SELECT f.* FROM perfrt.files AS f INNER JOIN perfrt.commits AS c ON f.commit_id = c.id WHERE c.commit_hash='8871e9c72eefda5b047d8e9fcc3654e5fab3c198' AND f.name LIKE '%Hex.java';
onExit - Class: Hex.java.java method: protected static int org.apache.commons.codec.binary.Hex.toDigit(char,int) throws org.apache.commons.codec.DecoderException start: 1657658999390 end: 1657658999398 duration: 8retValue:
onEnter - Class: Hex.java method: protected static int org.apache.commons.codec.binary.Hex.toDigit(char,int) throws org.apache.commons.codec.DecoderException
MethodEnter
query: SELECT f.* FROM perfrt.files AS f INNER JOIN perfrt.commits AS c ON f.commit_id = c.id WHERE c.commit_hash='8871e9c72eefda5b047d8e9fcc3654e5fab3c198' AND f.name LIKE '%Hex.java';
onExit - Class: Hex.java.java method: protected static int org.apache.commons.codec.binary.Hex.toDigit(char,int) throws org.apache.commons.codec.DecoderException start: 1657658999406 end: 1657658999415 duration: 9retValue:
onEnter - Class: Hex.java method: protected static int org.apache.commons.codec.binary.Hex.toDigit(char,int) throws org.apache.commons.codec.DecoderException
MethodEnter
query: SELECT f.* FROM perfrt.files AS f INNER JOIN perfrt.commits AS c ON f.commit_id = c.id WHERE c.commit_hash='8871e9c72eefda5b047d8e9fcc3654e5fab3c198' AND f.name LIKE '%Hex.java';
onExit - Class: Hex.java.java method: protected static int org.apache.commons.codec.binary.Hex.toDigit(char,int) throws org.apache.commons.codec.DecoderException start: 1657658999424 end: 1657658999433 duration: 9retValue:
onEnter - Class: Hex.java method: protected static int org.apache.commons.codec.binary.Hex.toDigit(char,int) throws org.apache.commons.codec.DecoderException
MethodEnter
query: SELECT f.* FROM perfrt.files AS f INNER JOIN perfrt.commits AS c ON f.commit_id = c.id WHERE c.commit_hash='8871e9c72eefda5b047d8e9fcc3654e5fab3c198' AND f.name LIKE '%Hex.java';
onExit - Class: Hex.java.java method: protected static int org.apache.commons.codec.binary.Hex.toDigit(char,int) throws org.apache.commons.codec.DecoderException start: 1657658999441 end: 1657658999455 duration: 14retValue:
onEnter - Class: Hex.java method: protected static int org.apache.commons.codec.binary.Hex.toDigit(char,int) throws org.apache.commons.codec.DecoderException
MethodEnter
query: SELECT f.* FROM perfrt.files AS f INNER JOIN perfrt.commits AS c ON f.commit_id = c.id WHERE c.commit_hash='8871e9c72eefda5b047d8e9fcc3654e5fab3c198' AND f.name LIKE '%Hex.java';
onExit - Class: Hex.java.java method: protected static int org.apache.commons.codec.binary.Hex.toDigit(char,int) throws org.apache.commons.codec.DecoderException start: 1657658999463 end: 1657658999471 duration: 8retValue:
onEnter - Class: Hex.java method: protected static int org.apache.commons.codec.binary.Hex.toDigit(char,int) throws org.apache.commons.codec.DecoderException
MethodEnter
query: SELECT f.* FROM perfrt.files AS f INNER JOIN perfrt.commits AS c ON f.commit_id = c.id WHERE c.commit_hash='8871e9c72eefda5b047d8e9fcc3654e5fab3c198' AND f.name LIKE '%Hex.java';
onExit - Class: Hex.java.java method: protected static int org.apache.commons.codec.binary.Hex.toDigit(char,int) throws org.apache.commons.codec.DecoderException start: 1657658999478 end: 1657658999486 duration: 8retValue:
onEnter - Class: Hex.java method: protected static int org.apache.commons.codec.binary.Hex.toDigit(char,int) throws org.apache.commons.codec.DecoderException
MethodEnter
query: SELECT f.* FROM perfrt.files AS f INNER JOIN perfrt.commits AS c ON f.commit_id = c.id WHERE c.commit_hash='8871e9c72eefda5b047d8e9fcc3654e5fab3c198' AND f.name LIKE '%Hex.java';
onExit - Class: Hex.java.java method: protected static int org.apache.commons.codec.binary.Hex.toDigit(char,int) throws org.apache.commons.codec.DecoderException start: 1657658999494 end: 1657658999503 duration: 9retValue:
onExit - Class: Hex.java.java method: public static int org.apache.commons.codec.binary.Hex.decodeHex(char[],byte[],int) throws org.apache.commons.codec.DecoderException start: 1657658998615 end: 1657658999513 duration: 898retValue:
onExit - Class: Hex.java.java method: public static byte[] org.apache.commons.codec.binary.Hex.decodeHex(char[]) throws org.apache.commons.codec.DecoderException start: 1657658998597 end: 1657658999522 duration: 925retValue:
onExit - Class: Hex.java.java method: public java.lang.Object org.apache.commons.codec.binary.Hex.decode(java.lang.Object) throws org.apache.commons.codec.DecoderException start: 1657658998578 end: 1657658999531 duration: 953retValue:
onExit - Class: Hex.java.java method: public java.lang.Object org.apache.commons.codec.binary.Hex.decode(java.lang.Object) throws org.apache.commons.codec.DecoderException start: 1657658998269 end: 1657658999540 duration: 1271retValue:
onEnter - Class: Hex.java method: public java.lang.Object org.apache.commons.codec.binary.Hex.decode(java.lang.Object) throws org.apache.commons.codec.DecoderException
MethodEnter
query: SELECT f.* FROM perfrt.files AS f INNER JOIN perfrt.commits AS c ON f.commit_id = c.id WHERE c.commit_hash='8871e9c72eefda5b047d8e9fcc3654e5fab3c198' AND f.name LIKE '%Hex.java';
onEnter - Class: Hex.java method: public java.lang.Object org.apache.commons.codec.binary.Hex.decode(java.lang.Object) throws org.apache.commons.codec.DecoderException
MethodEnter
query: SELECT f.* FROM perfrt.files AS f INNER JOIN perfrt.commits AS c ON f.commit_id = c.id WHERE c.commit_hash='8871e9c72eefda5b047d8e9fcc3654e5fab3c198' AND f.name LIKE '%Hex.java';
onEnter - Class: Hex.java method: public static byte[] org.apache.commons.codec.binary.Hex.decodeHex(char[]) throws org.apache.commons.codec.DecoderException
MethodEnter
query: SELECT f.* FROM perfrt.files AS f INNER JOIN perfrt.commits AS c ON f.commit_id = c.id WHERE c.commit_hash='8871e9c72eefda5b047d8e9fcc3654e5fab3c198' AND f.name LIKE '%Hex.java';
onEnter - Class: Hex.java method: public static int org.apache.commons.codec.binary.Hex.decodeHex(char[],byte[],int) throws org.apache.commons.codec.DecoderException
MethodEnter
query: SELECT f.* FROM perfrt.files AS f INNER JOIN perfrt.commits AS c ON f.commit_id = c.id WHERE c.commit_hash='8871e9c72eefda5b047d8e9fcc3654e5fab3c198' AND f.name LIKE '%Hex.java';
onEnter - Class: Hex.java method: protected static int org.apache.commons.codec.binary.Hex.toDigit(char,int) throws org.apache.commons.codec.DecoderException
MethodEnter
query: SELECT f.* FROM perfrt.files AS f INNER JOIN perfrt.commits AS c ON f.commit_id = c.id WHERE c.commit_hash='8871e9c72eefda5b047d8e9fcc3654e5fab3c198' AND f.name LIKE '%Hex.java';
onExit - Class: Hex.java.java method: protected static int org.apache.commons.codec.binary.Hex.toDigit(char,int) throws org.apache.commons.codec.DecoderException start: 1657658999585 end: 1657658999594 duration: 9retValue:
onEnter - Class: Hex.java method: protected static int org.apache.commons.codec.binary.Hex.toDigit(char,int) throws org.apache.commons.codec.DecoderException
MethodEnter
query: SELECT f.* FROM perfrt.files AS f INNER JOIN perfrt.commits AS c ON f.commit_id = c.id WHERE c.commit_hash='8871e9c72eefda5b047d8e9fcc3654e5fab3c198' AND f.name LIKE '%Hex.java';
onExit - Class: Hex.java.java method: protected static int org.apache.commons.codec.binary.Hex.toDigit(char,int) throws org.apache.commons.codec.DecoderException start: 1657658999602 end: 1657658999610 duration: 8retValue:
onEnter - Class: Hex.java method: protected static int org.apache.commons.codec.binary.Hex.toDigit(char,int) throws org.apache.commons.codec.DecoderException
MethodEnter
query: SELECT f.* FROM perfrt.files AS f INNER JOIN perfrt.commits AS c ON f.commit_id = c.id WHERE c.commit_hash='8871e9c72eefda5b047d8e9fcc3654e5fab3c198' AND f.name LIKE '%Hex.java';
onExit - Class: Hex.java.java method: protected static int org.apache.commons.codec.binary.Hex.toDigit(char,int) throws org.apache.commons.codec.DecoderException start: 1657658999618 end: 1657658999626 duration: 8retValue:
onEnter - Class: Hex.java method: protected static int org.apache.commons.codec.binary.Hex.toDigit(char,int) throws org.apache.commons.codec.DecoderException
MethodEnter
query: SELECT f.* FROM perfrt.files AS f INNER JOIN perfrt.commits AS c ON f.commit_id = c.id WHERE c.commit_hash='8871e9c72eefda5b047d8e9fcc3654e5fab3c198' AND f.name LIKE '%Hex.java';
onExit - Class: Hex.java.java method: protected static int org.apache.commons.codec.binary.Hex.toDigit(char,int) throws org.apache.commons.codec.DecoderException start: 1657658999637 end: 1657658999669 duration: 32retValue:
onEnter - Class: Hex.java method: protected static int org.apache.commons.codec.binary.Hex.toDigit(char,int) throws org.apache.commons.codec.DecoderException
MethodEnter
query: SELECT f.* FROM perfrt.files AS f INNER JOIN perfrt.commits AS c ON f.commit_id = c.id WHERE c.commit_hash='8871e9c72eefda5b047d8e9fcc3654e5fab3c198' AND f.name LIKE '%Hex.java';
onExit - Class: Hex.java.java method: protected static int org.apache.commons.codec.binary.Hex.toDigit(char,int) throws org.apache.commons.codec.DecoderException start: 1657658999693 end: 1657658999706 duration: 13retValue:
onEnter - Class: Hex.java method: protected static int org.apache.commons.codec.binary.Hex.toDigit(char,int) throws org.apache.commons.codec.DecoderException
MethodEnter
query: SELECT f.* FROM perfrt.files AS f INNER JOIN perfrt.commits AS c ON f.commit_id = c.id WHERE c.commit_hash='8871e9c72eefda5b047d8e9fcc3654e5fab3c198' AND f.name LIKE '%Hex.java';
onExit - Class: Hex.java.java method: protected static int org.apache.commons.codec.binary.Hex.toDigit(char,int) throws org.apache.commons.codec.DecoderException start: 1657658999719 end: 1657658999729 duration: 10retValue:
onEnter - Class: Hex.java method: protected static int org.apache.commons.codec.binary.Hex.toDigit(char,int) throws org.apache.commons.codec.DecoderException
MethodEnter
query: SELECT f.* FROM perfrt.files AS f INNER JOIN perfrt.commits AS c ON f.commit_id = c.id WHERE c.commit_hash='8871e9c72eefda5b047d8e9fcc3654e5fab3c198' AND f.name LIKE '%Hex.java';
onExit - Class: Hex.java.java method: protected static int org.apache.commons.codec.binary.Hex.toDigit(char,int) throws org.apache.commons.codec.DecoderException start: 1657658999738 end: 1657658999746 duration: 8retValue:
onEnter - Class: Hex.java method: protected static int org.apache.commons.codec.binary.Hex.toDigit(char,int) throws org.apache.commons.codec.DecoderException
MethodEnter
query: SELECT f.* FROM perfrt.files AS f INNER JOIN perfrt.commits AS c ON f.commit_id = c.id WHERE c.commit_hash='8871e9c72eefda5b047d8e9fcc3654e5fab3c198' AND f.name LIKE '%Hex.java';
onExit - Class: Hex.java.java method: protected static int org.apache.commons.codec.binary.Hex.toDigit(char,int) throws org.apache.commons.codec.DecoderException start: 1657658999754 end: 1657658999762 duration: 8retValue:
onEnter - Class: Hex.java method: protected static int org.apache.commons.codec.binary.Hex.toDigit(char,int) throws org.apache.commons.codec.DecoderException
MethodEnter
query: SELECT f.* FROM perfrt.files AS f INNER JOIN perfrt.commits AS c ON f.commit_id = c.id WHERE c.commit_hash='8871e9c72eefda5b047d8e9fcc3654e5fab3c198' AND f.name LIKE '%Hex.java';
onExit - Class: Hex.java.java method: protected static int org.apache.commons.codec.binary.Hex.toDigit(char,int) throws org.apache.commons.codec.DecoderException start: 1657658999773 end: 1657658999784 duration: 11retValue:
onEnter - Class: Hex.java method: protected static int org.apache.commons.codec.binary.Hex.toDigit(char,int) throws org.apache.commons.codec.DecoderException
MethodEnter
query: SELECT f.* FROM perfrt.files AS f INNER JOIN perfrt.commits AS c ON f.commit_id = c.id WHERE c.commit_hash='8871e9c72eefda5b047d8e9fcc3654e5fab3c198' AND f.name LIKE '%Hex.java';
onExit - Class: Hex.java.java method: protected static int org.apache.commons.codec.binary.Hex.toDigit(char,int) throws org.apache.commons.codec.DecoderException start: 1657658999791 end: 1657658999799 duration: 8retValue:
onEnter - Class: Hex.java method: protected static int org.apache.commons.codec.binary.Hex.toDigit(char,int) throws org.apache.commons.codec.DecoderException
MethodEnter
query: SELECT f.* FROM perfrt.files AS f INNER JOIN perfrt.commits AS c ON f.commit_id = c.id WHERE c.commit_hash='8871e9c72eefda5b047d8e9fcc3654e5fab3c198' AND f.name LIKE '%Hex.java';
onExit - Class: Hex.java.java method: protected static int org.apache.commons.codec.binary.Hex.toDigit(char,int) throws org.apache.commons.codec.DecoderException start: 1657658999806 end: 1657658999814 duration: 8retValue:
onEnter - Class: Hex.java method: protected static int org.apache.commons.codec.binary.Hex.toDigit(char,int) throws org.apache.commons.codec.DecoderException
MethodEnter
query: SELECT f.* FROM perfrt.files AS f INNER JOIN perfrt.commits AS c ON f.commit_id = c.id WHERE c.commit_hash='8871e9c72eefda5b047d8e9fcc3654e5fab3c198' AND f.name LIKE '%Hex.java';
onExit - Class: Hex.java.java method: protected static int org.apache.commons.codec.binary.Hex.toDigit(char,int) throws org.apache.commons.codec.DecoderException start: 1657658999821 end: 1657658999829 duration: 8retValue:
onEnter - Class: Hex.java method: protected static int org.apache.commons.codec.binary.Hex.toDigit(char,int) throws org.apache.commons.codec.DecoderException
MethodEnter
query: SELECT f.* FROM perfrt.files AS f INNER JOIN perfrt.commits AS c ON f.commit_id = c.id WHERE c.commit_hash='8871e9c72eefda5b047d8e9fcc3654e5fab3c198' AND f.name LIKE '%Hex.java';
onExit - Class: Hex.java.java method: protected static int org.apache.commons.codec.binary.Hex.toDigit(char,int) throws org.apache.commons.codec.DecoderException start: 1657658999837 end: 1657658999847 duration: 10retValue:
onEnter - Class: Hex.java method: protected static int org.apache.commons.codec.binary.Hex.toDigit(char,int) throws org.apache.commons.codec.DecoderException
MethodEnter
query: SELECT f.* FROM perfrt.files AS f INNER JOIN perfrt.commits AS c ON f.commit_id = c.id WHERE c.commit_hash='8871e9c72eefda5b047d8e9fcc3654e5fab3c198' AND f.name LIKE '%Hex.java';
onExit - Class: Hex.java.java method: protected static int org.apache.commons.codec.binary.Hex.toDigit(char,int) throws org.apache.commons.codec.DecoderException start: 1657658999857 end: 1657658999864 duration: 7retValue:
onEnter - Class: Hex.java method: protected static int org.apache.commons.codec.binary.Hex.toDigit(char,int) throws org.apache.commons.codec.DecoderException
MethodEnter
query: SELECT f.* FROM perfrt.files AS f INNER JOIN perfrt.commits AS c ON f.commit_id = c.id WHERE c.commit_hash='8871e9c72eefda5b047d8e9fcc3654e5fab3c198' AND f.name LIKE '%Hex.java';
onExit - Class: Hex.java.java method: protected static int org.apache.commons.codec.binary.Hex.toDigit(char,int) throws org.apache.commons.codec.DecoderException start: 1657658999873 end: 1657658999882 duration: 9retValue:
onEnter - Class: Hex.java method: protected static int org.apache.commons.codec.binary.Hex.toDigit(char,int) throws org.apache.commons.codec.DecoderException
MethodEnter
query: SELECT f.* FROM perfrt.files AS f INNER JOIN perfrt.commits AS c ON f.commit_id = c.id WHERE c.commit_hash='8871e9c72eefda5b047d8e9fcc3654e5fab3c198' AND f.name LIKE '%Hex.java';
onExit - Class: Hex.java.java method: protected static int org.apache.commons.codec.binary.Hex.toDigit(char,int) throws org.apache.commons.codec.DecoderException start: 1657658999889 end: 1657658999898 duration: 9retValue:
onEnter - Class: Hex.java method: protected static int org.apache.commons.codec.binary.Hex.toDigit(char,int) throws org.apache.commons.codec.DecoderException
MethodEnter
query: SELECT f.* FROM perfrt.files AS f INNER JOIN perfrt.commits AS c ON f.commit_id = c.id WHERE c.commit_hash='8871e9c72eefda5b047d8e9fcc3654e5fab3c198' AND f.name LIKE '%Hex.java';
onExit - Class: Hex.java.java method: protected static int org.apache.commons.codec.binary.Hex.toDigit(char,int) throws org.apache.commons.codec.DecoderException start: 1657658999905 end: 1657658999916 duration: 11retValue:
onEnter - Class: Hex.java method: protected static int org.apache.commons.codec.binary.Hex.toDigit(char,int) throws org.apache.commons.codec.DecoderException
MethodEnter
query: SELECT f.* FROM perfrt.files AS f INNER JOIN perfrt.commits AS c ON f.commit_id = c.id WHERE c.commit_hash='8871e9c72eefda5b047d8e9fcc3654e5fab3c198' AND f.name LIKE '%Hex.java';
onExit - Class: Hex.java.java method: protected static int org.apache.commons.codec.binary.Hex.toDigit(char,int) throws org.apache.commons.codec.DecoderException start: 1657658999924 end: 1657658999932 duration: 8retValue:
onEnter - Class: Hex.java method: protected static int org.apache.commons.codec.binary.Hex.toDigit(char,int) throws org.apache.commons.codec.DecoderException
MethodEnter
query: SELECT f.* FROM perfrt.files AS f INNER JOIN perfrt.commits AS c ON f.commit_id = c.id WHERE c.commit_hash='8871e9c72eefda5b047d8e9fcc3654e5fab3c198' AND f.name LIKE '%Hex.java';
onExit - Class: Hex.java.java method: protected static int org.apache.commons.codec.binary.Hex.toDigit(char,int) throws org.apache.commons.codec.DecoderException start: 1657658999940 end: 1657658999949 duration: 9retValue:
onEnter - Class: Hex.java method: protected static int org.apache.commons.codec.binary.Hex.toDigit(char,int) throws org.apache.commons.codec.DecoderException
MethodEnter
query: SELECT f.* FROM perfrt.files AS f INNER JOIN perfrt.commits AS c ON f.commit_id = c.id WHERE c.commit_hash='8871e9c72eefda5b047d8e9fcc3654e5fab3c198' AND f.name LIKE '%Hex.java';
onExit - Class: Hex.java.java method: protected static int org.apache.commons.codec.binary.Hex.toDigit(char,int) throws org.apache.commons.codec.DecoderException start: 1657658999956 end: 1657658999965 duration: 9retValue:
onEnter - Class: Hex.java method: protected static int org.apache.commons.codec.binary.Hex.toDigit(char,int) throws org.apache.commons.codec.DecoderException
MethodEnter
query: SELECT f.* FROM perfrt.files AS f INNER JOIN perfrt.commits AS c ON f.commit_id = c.id WHERE c.commit_hash='8871e9c72eefda5b047d8e9fcc3654e5fab3c198' AND f.name LIKE '%Hex.java';
onExit - Class: Hex.java.java method: protected static int org.apache.commons.codec.binary.Hex.toDigit(char,int) throws org.apache.commons.codec.DecoderException start: 1657658999975 end: 1657658999983 duration: 8retValue:
onEnter - Class: Hex.java method: protected static int org.apache.commons.codec.binary.Hex.toDigit(char,int) throws org.apache.commons.codec.DecoderException
MethodEnter
query: SELECT f.* FROM perfrt.files AS f INNER JOIN perfrt.commits AS c ON f.commit_id = c.id WHERE c.commit_hash='8871e9c72eefda5b047d8e9fcc3654e5fab3c198' AND f.name LIKE '%Hex.java';
onExit - Class: Hex.java.java method: protected static int org.apache.commons.codec.binary.Hex.toDigit(char,int) throws org.apache.commons.codec.DecoderException start: 1657658999990 end: 1657658999998 duration: 8retValue:
onEnter - Class: Hex.java method: protected static int org.apache.commons.codec.binary.Hex.toDigit(char,int) throws org.apache.commons.codec.DecoderException
MethodEnter
query: SELECT f.* FROM perfrt.files AS f INNER JOIN perfrt.commits AS c ON f.commit_id = c.id WHERE c.commit_hash='8871e9c72eefda5b047d8e9fcc3654e5fab3c198' AND f.name LIKE '%Hex.java';
onExit - Class: Hex.java.java method: protected static int org.apache.commons.codec.binary.Hex.toDigit(char,int) throws org.apache.commons.codec.DecoderException start: 1657659000006 end: 1657659000014 duration: 8retValue:
onEnter - Class: Hex.java method: protected static int org.apache.commons.codec.binary.Hex.toDigit(char,int) throws org.apache.commons.codec.DecoderException
MethodEnter
query: SELECT f.* FROM perfrt.files AS f INNER JOIN perfrt.commits AS c ON f.commit_id = c.id WHERE c.commit_hash='8871e9c72eefda5b047d8e9fcc3654e5fab3c198' AND f.name LIKE '%Hex.java';
onExit - Class: Hex.java.java method: protected static int org.apache.commons.codec.binary.Hex.toDigit(char,int) throws org.apache.commons.codec.DecoderException start: 1657659000021 end: 1657659000028 duration: 7retValue:
onEnter - Class: Hex.java method: protected static int org.apache.commons.codec.binary.Hex.toDigit(char,int) throws org.apache.commons.codec.DecoderException
MethodEnter
query: SELECT f.* FROM perfrt.files AS f INNER JOIN perfrt.commits AS c ON f.commit_id = c.id WHERE c.commit_hash='8871e9c72eefda5b047d8e9fcc3654e5fab3c198' AND f.name LIKE '%Hex.java';
onExit - Class: Hex.java.java method: protected static int org.apache.commons.codec.binary.Hex.toDigit(char,int) throws org.apache.commons.codec.DecoderException start: 1657659000038 end: 1657659000046 duration: 8retValue:
onEnter - Class: Hex.java method: protected static int org.apache.commons.codec.binary.Hex.toDigit(char,int) throws org.apache.commons.codec.DecoderException
MethodEnter
query: SELECT f.* FROM perfrt.files AS f INNER JOIN perfrt.commits AS c ON f.commit_id = c.id WHERE c.commit_hash='8871e9c72eefda5b047d8e9fcc3654e5fab3c198' AND f.name LIKE '%Hex.java';
onExit - Class: Hex.java.java method: protected static int org.apache.commons.codec.binary.Hex.toDigit(char,int) throws org.apache.commons.codec.DecoderException start: 1657659000053 end: 1657659000061 duration: 8retValue:
onEnter - Class: Hex.java method: protected static int org.apache.commons.codec.binary.Hex.toDigit(char,int) throws org.apache.commons.codec.DecoderException
MethodEnter
query: SELECT f.* FROM perfrt.files AS f INNER JOIN perfrt.commits AS c ON f.commit_id = c.id WHERE c.commit_hash='8871e9c72eefda5b047d8e9fcc3654e5fab3c198' AND f.name LIKE '%Hex.java';
onExit - Class: Hex.java.java method: protected static int org.apache.commons.codec.binary.Hex.toDigit(char,int) throws org.apache.commons.codec.DecoderException start: 1657659000068 end: 1657659000077 duration: 9retValue:
onEnter - Class: Hex.java method: protected static int org.apache.commons.codec.binary.Hex.toDigit(char,int) throws org.apache.commons.codec.DecoderException
MethodEnter
query: SELECT f.* FROM perfrt.files AS f INNER JOIN perfrt.commits AS c ON f.commit_id = c.id WHERE c.commit_hash='8871e9c72eefda5b047d8e9fcc3654e5fab3c198' AND f.name LIKE '%Hex.java';
onExit - Class: Hex.java.java method: protected static int org.apache.commons.codec.binary.Hex.toDigit(char,int) throws org.apache.commons.codec.DecoderException start: 1657659000084 end: 1657659000093 duration: 9retValue:
onEnter - Class: Hex.java method: protected static int org.apache.commons.codec.binary.Hex.toDigit(char,int) throws org.apache.commons.codec.DecoderException
MethodEnter
query: SELECT f.* FROM perfrt.files AS f INNER JOIN perfrt.commits AS c ON f.commit_id = c.id WHERE c.commit_hash='8871e9c72eefda5b047d8e9fcc3654e5fab3c198' AND f.name LIKE '%Hex.java';
onExit - Class: Hex.java.java method: protected static int org.apache.commons.codec.binary.Hex.toDigit(char,int) throws org.apache.commons.codec.DecoderException start: 1657659000104 end: 1657659000111 duration: 7retValue:
onEnter - Class: Hex.java method: protected static int org.apache.commons.codec.binary.Hex.toDigit(char,int) throws org.apache.commons.codec.DecoderException
MethodEnter
query: SELECT f.* FROM perfrt.files AS f INNER JOIN perfrt.commits AS c ON f.commit_id = c.id WHERE c.commit_hash='8871e9c72eefda5b047d8e9fcc3654e5fab3c198' AND f.name LIKE '%Hex.java';
onExit - Class: Hex.java.java method: protected static int org.apache.commons.codec.binary.Hex.toDigit(char,int) throws org.apache.commons.codec.DecoderException start: 1657659000118 end: 1657659000126 duration: 8retValue:
onEnter - Class: Hex.java method: protected static int org.apache.commons.codec.binary.Hex.toDigit(char,int) throws org.apache.commons.codec.DecoderException
MethodEnter
query: SELECT f.* FROM perfrt.files AS f INNER JOIN perfrt.commits AS c ON f.commit_id = c.id WHERE c.commit_hash='8871e9c72eefda5b047d8e9fcc3654e5fab3c198' AND f.name LIKE '%Hex.java';
onExit - Class: Hex.java.java method: protected static int org.apache.commons.codec.binary.Hex.toDigit(char,int) throws org.apache.commons.codec.DecoderException start: 1657659000134 end: 1657659000141 duration: 7retValue:
onEnter - Class: Hex.java method: protected static int org.apache.commons.codec.binary.Hex.toDigit(char,int) throws org.apache.commons.codec.DecoderException
MethodEnter
query: SELECT f.* FROM perfrt.files AS f INNER JOIN perfrt.commits AS c ON f.commit_id = c.id WHERE c.commit_hash='8871e9c72eefda5b047d8e9fcc3654e5fab3c198' AND f.name LIKE '%Hex.java';
onExit - Class: Hex.java.java method: protected static int org.apache.commons.codec.binary.Hex.toDigit(char,int) throws org.apache.commons.codec.DecoderException start: 1657659000149 end: 1657659000156 duration: 7retValue:
onEnter - Class: Hex.java method: protected static int org.apache.commons.codec.binary.Hex.toDigit(char,int) throws org.apache.commons.codec.DecoderException
MethodEnter
query: SELECT f.* FROM perfrt.files AS f INNER JOIN perfrt.commits AS c ON f.commit_id = c.id WHERE c.commit_hash='8871e9c72eefda5b047d8e9fcc3654e5fab3c198' AND f.name LIKE '%Hex.java';
onExit - Class: Hex.java.java method: protected static int org.apache.commons.codec.binary.Hex.toDigit(char,int) throws org.apache.commons.codec.DecoderException start: 1657659000166 end: 1657659000174 duration: 8retValue:
onEnter - Class: Hex.java method: protected static int org.apache.commons.codec.binary.Hex.toDigit(char,int) throws org.apache.commons.codec.DecoderException
MethodEnter
query: SELECT f.* FROM perfrt.files AS f INNER JOIN perfrt.commits AS c ON f.commit_id = c.id WHERE c.commit_hash='8871e9c72eefda5b047d8e9fcc3654e5fab3c198' AND f.name LIKE '%Hex.java';
onExit - Class: Hex.java.java method: protected static int org.apache.commons.codec.binary.Hex.toDigit(char,int) throws org.apache.commons.codec.DecoderException start: 1657659000185 end: 1657659000195 duration: 10retValue:
onEnter - Class: Hex.java method: protected static int org.apache.commons.codec.binary.Hex.toDigit(char,int) throws org.apache.commons.codec.DecoderException
MethodEnter
query: SELECT f.* FROM perfrt.files AS f INNER JOIN perfrt.commits AS c ON f.commit_id = c.id WHERE c.commit_hash='8871e9c72eefda5b047d8e9fcc3654e5fab3c198' AND f.name LIKE '%Hex.java';
onExit - Class: Hex.java.java method: protected static int org.apache.commons.codec.binary.Hex.toDigit(char,int) throws org.apache.commons.codec.DecoderException start: 1657659000204 end: 1657659000240 duration: 36retValue:
onEnter - Class: Hex.java method: protected static int org.apache.commons.codec.binary.Hex.toDigit(char,int) throws org.apache.commons.codec.DecoderException
MethodEnter
query: SELECT f.* FROM perfrt.files AS f INNER JOIN perfrt.commits AS c ON f.commit_id = c.id WHERE c.commit_hash='8871e9c72eefda5b047d8e9fcc3654e5fab3c198' AND f.name LIKE '%Hex.java';
onExit - Class: Hex.java.java method: protected static int org.apache.commons.codec.binary.Hex.toDigit(char,int) throws org.apache.commons.codec.DecoderException start: 1657659000249 end: 1657659000257 duration: 8retValue:
onEnter - Class: Hex.java method: protected static int org.apache.commons.codec.binary.Hex.toDigit(char,int) throws org.apache.commons.codec.DecoderException
MethodEnter
query: SELECT f.* FROM perfrt.files AS f INNER JOIN perfrt.commits AS c ON f.commit_id = c.id WHERE c.commit_hash='8871e9c72eefda5b047d8e9fcc3654e5fab3c198' AND f.name LIKE '%Hex.java';
onExit - Class: Hex.java.java method: protected static int org.apache.commons.codec.binary.Hex.toDigit(char,int) throws org.apache.commons.codec.DecoderException start: 1657659000265 end: 1657659000273 duration: 8retValue:
onEnter - Class: Hex.java method: protected static int org.apache.commons.codec.binary.Hex.toDigit(char,int) throws org.apache.commons.codec.DecoderException
MethodEnter
query: SELECT f.* FROM perfrt.files AS f INNER JOIN perfrt.commits AS c ON f.commit_id = c.id WHERE c.commit_hash='8871e9c72eefda5b047d8e9fcc3654e5fab3c198' AND f.name LIKE '%Hex.java';
onExit - Class: Hex.java.java method: protected static int org.apache.commons.codec.binary.Hex.toDigit(char,int) throws org.apache.commons.codec.DecoderException start: 1657659000282 end: 1657659000289 duration: 7retValue:
onEnter - Class: Hex.java method: protected static int org.apache.commons.codec.binary.Hex.toDigit(char,int) throws org.apache.commons.codec.DecoderException
MethodEnter
query: SELECT f.* FROM perfrt.files AS f INNER JOIN perfrt.commits AS c ON f.commit_id = c.id WHERE c.commit_hash='8871e9c72eefda5b047d8e9fcc3654e5fab3c198' AND f.name LIKE '%Hex.java';
onExit - Class: Hex.java.java method: protected static int org.apache.commons.codec.binary.Hex.toDigit(char,int) throws org.apache.commons.codec.DecoderException start: 1657659000297 end: 1657659000308 duration: 11retValue:
onEnter - Class: Hex.java method: protected static int org.apache.commons.codec.binary.Hex.toDigit(char,int) throws org.apache.commons.codec.DecoderException
MethodEnter
query: SELECT f.* FROM perfrt.files AS f INNER JOIN perfrt.commits AS c ON f.commit_id = c.id WHERE c.commit_hash='8871e9c72eefda5b047d8e9fcc3654e5fab3c198' AND f.name LIKE '%Hex.java';
onExit - Class: Hex.java.java method: protected static int org.apache.commons.codec.binary.Hex.toDigit(char,int) throws org.apache.commons.codec.DecoderException start: 1657659000317 end: 1657659000325 duration: 8retValue:
onExit - Class: Hex.java.java method: public static int org.apache.commons.codec.binary.Hex.decodeHex(char[],byte[],int) throws org.apache.commons.codec.DecoderException start: 1657658999576 end: 1657659000333 duration: 757retValue:
onExit - Class: Hex.java.java method: public static byte[] org.apache.commons.codec.binary.Hex.decodeHex(char[]) throws org.apache.commons.codec.DecoderException start: 1657658999566 end: 1657659000340 duration: 774retValue:
onExit - Class: Hex.java.java method: public java.lang.Object org.apache.commons.codec.binary.Hex.decode(java.lang.Object) throws org.apache.commons.codec.DecoderException start: 1657658999558 end: 1657659000349 duration: 791retValue:
onExit - Class: Hex.java.java method: public java.lang.Object org.apache.commons.codec.binary.Hex.decode(java.lang.Object) throws org.apache.commons.codec.DecoderException start: 1657658999549 end: 1657659000357 duration: 808retValue:
onEnter - Class: Hex.java method: public java.lang.Object org.apache.commons.codec.binary.Hex.decode(java.lang.Object) throws org.apache.commons.codec.DecoderException
MethodEnter
query: SELECT f.* FROM perfrt.files AS f INNER JOIN perfrt.commits AS c ON f.commit_id = c.id WHERE c.commit_hash='8871e9c72eefda5b047d8e9fcc3654e5fab3c198' AND f.name LIKE '%Hex.java';
onEnter - Class: Hex.java method: public java.lang.Object org.apache.commons.codec.binary.Hex.decode(java.lang.Object) throws org.apache.commons.codec.DecoderException
MethodEnter
query: SELECT f.* FROM perfrt.files AS f INNER JOIN perfrt.commits AS c ON f.commit_id = c.id WHERE c.commit_hash='8871e9c72eefda5b047d8e9fcc3654e5fab3c198' AND f.name LIKE '%Hex.java';
onEnter - Class: Hex.java method: public static byte[] org.apache.commons.codec.binary.Hex.decodeHex(char[]) throws org.apache.commons.codec.DecoderException
MethodEnter
query: SELECT f.* FROM perfrt.files AS f INNER JOIN perfrt.commits AS c ON f.commit_id = c.id WHERE c.commit_hash='8871e9c72eefda5b047d8e9fcc3654e5fab3c198' AND f.name LIKE '%Hex.java';
onEnter - Class: Hex.java method: public static int org.apache.commons.codec.binary.Hex.decodeHex(char[],byte[],int) throws org.apache.commons.codec.DecoderException
MethodEnter
query: SELECT f.* FROM perfrt.files AS f INNER JOIN perfrt.commits AS c ON f.commit_id = c.id WHERE c.commit_hash='8871e9c72eefda5b047d8e9fcc3654e5fab3c198' AND f.name LIKE '%Hex.java';
onEnter - Class: Hex.java method: protected static int org.apache.commons.codec.binary.Hex.toDigit(char,int) throws org.apache.commons.codec.DecoderException
MethodEnter
query: SELECT f.* FROM perfrt.files AS f INNER JOIN perfrt.commits AS c ON f.commit_id = c.id WHERE c.commit_hash='8871e9c72eefda5b047d8e9fcc3654e5fab3c198' AND f.name LIKE '%Hex.java';
onExit - Class: Hex.java.java method: protected static int org.apache.commons.codec.binary.Hex.toDigit(char,int) throws org.apache.commons.codec.DecoderException start: 1657659000398 end: 1657659000406 duration: 8retValue:
onEnter - Class: Hex.java method: protected static int org.apache.commons.codec.binary.Hex.toDigit(char,int) throws org.apache.commons.codec.DecoderException
MethodEnter
query: SELECT f.* FROM perfrt.files AS f INNER JOIN perfrt.commits AS c ON f.commit_id = c.id WHERE c.commit_hash='8871e9c72eefda5b047d8e9fcc3654e5fab3c198' AND f.name LIKE '%Hex.java';
onExit - Class: Hex.java.java method: protected static int org.apache.commons.codec.binary.Hex.toDigit(char,int) throws org.apache.commons.codec.DecoderException start: 1657659000414 end: 1657659000422 duration: 8retValue:
onEnter - Class: Hex.java method: protected static int org.apache.commons.codec.binary.Hex.toDigit(char,int) throws org.apache.commons.codec.DecoderException
MethodEnter
query: SELECT f.* FROM perfrt.files AS f INNER JOIN perfrt.commits AS c ON f.commit_id = c.id WHERE c.commit_hash='8871e9c72eefda5b047d8e9fcc3654e5fab3c198' AND f.name LIKE '%Hex.java';
onExit - Class: Hex.java.java method: protected static int org.apache.commons.codec.binary.Hex.toDigit(char,int) throws org.apache.commons.codec.DecoderException start: 1657659000434 end: 1657659000442 duration: 8retValue:
onEnter - Class: Hex.java method: protected static int org.apache.commons.codec.binary.Hex.toDigit(char,int) throws org.apache.commons.codec.DecoderException
MethodEnter
query: SELECT f.* FROM perfrt.files AS f INNER JOIN perfrt.commits AS c ON f.commit_id = c.id WHERE c.commit_hash='8871e9c72eefda5b047d8e9fcc3654e5fab3c198' AND f.name LIKE '%Hex.java';
onExit - Class: Hex.java.java method: protected static int org.apache.commons.codec.binary.Hex.toDigit(char,int) throws org.apache.commons.codec.DecoderException start: 1657659000450 end: 1657659000459 duration: 9retValue:
onEnter - Class: Hex.java method: protected static int org.apache.commons.codec.binary.Hex.toDigit(char,int) throws org.apache.commons.codec.DecoderException
MethodEnter
query: SELECT f.* FROM perfrt.files AS f INNER JOIN perfrt.commits AS c ON f.commit_id = c.id WHERE c.commit_hash='8871e9c72eefda5b047d8e9fcc3654e5fab3c198' AND f.name LIKE '%Hex.java';
onExit - Class: Hex.java.java method: protected static int org.apache.commons.codec.binary.Hex.toDigit(char,int) throws org.apache.commons.codec.DecoderException start: 1657659000467 end: 1657659000473 duration: 6retValue:
onEnter - Class: Hex.java method: protected static int org.apache.commons.codec.binary.Hex.toDigit(char,int) throws org.apache.commons.codec.DecoderException
MethodEnter
query: SELECT f.* FROM perfrt.files AS f INNER JOIN perfrt.commits AS c ON f.commit_id = c.id WHERE c.commit_hash='8871e9c72eefda5b047d8e9fcc3654e5fab3c198' AND f.name LIKE '%Hex.java';
onExit - Class: Hex.java.java method: protected static int org.apache.commons.codec.binary.Hex.toDigit(char,int) throws org.apache.commons.codec.DecoderException start: 1657659000486 end: 1657659000496 duration: 10retValue:
onEnter - Class: Hex.java method: protected static int org.apache.commons.codec.binary.Hex.toDigit(char,int) throws org.apache.commons.codec.DecoderException
MethodEnter
query: SELECT f.* FROM perfrt.files AS f INNER JOIN perfrt.commits AS c ON f.commit_id = c.id WHERE c.commit_hash='8871e9c72eefda5b047d8e9fcc3654e5fab3c198' AND f.name LIKE '%Hex.java';
onExit - Class: Hex.java.java method: protected static int org.apache.commons.codec.binary.Hex.toDigit(char,int) throws org.apache.commons.codec.DecoderException start: 1657659000504 end: 1657659000513 duration: 9retValue:
onEnter - Class: Hex.java method: protected static int org.apache.commons.codec.binary.Hex.toDigit(char,int) throws org.apache.commons.codec.DecoderException
MethodEnter
query: SELECT f.* FROM perfrt.files AS f INNER JOIN perfrt.commits AS c ON f.commit_id = c.id WHERE c.commit_hash='8871e9c72eefda5b047d8e9fcc3654e5fab3c198' AND f.name LIKE '%Hex.java';
onExit - Class: Hex.java.java method: protected static int org.apache.commons.codec.binary.Hex.toDigit(char,int) throws org.apache.commons.codec.DecoderException start: 1657659000521 end: 1657659000530 duration: 9retValue:
onEnter - Class: Hex.java method: protected static int org.apache.commons.codec.binary.Hex.toDigit(char,int) throws org.apache.commons.codec.DecoderException
MethodEnter
query: SELECT f.* FROM perfrt.files AS f INNER JOIN perfrt.commits AS c ON f.commit_id = c.id WHERE c.commit_hash='8871e9c72eefda5b047d8e9fcc3654e5fab3c198' AND f.name LIKE '%Hex.java';
onExit - Class: Hex.java.java method: protected static int org.apache.commons.codec.binary.Hex.toDigit(char,int) throws org.apache.commons.codec.DecoderException start: 1657659000537 end: 1657659000546 duration: 9retValue:
onEnter - Class: Hex.java method: protected static int org.apache.commons.codec.binary.Hex.toDigit(char,int) throws org.apache.commons.codec.DecoderException
MethodEnter
query: SELECT f.* FROM perfrt.files AS f INNER JOIN perfrt.commits AS c ON f.commit_id = c.id WHERE c.commit_hash='8871e9c72eefda5b047d8e9fcc3654e5fab3c198' AND f.name LIKE '%Hex.java';
onExit - Class: Hex.java.java method: protected static int org.apache.commons.codec.binary.Hex.toDigit(char,int) throws org.apache.commons.codec.DecoderException start: 1657659000555 end: 1657659000564 duration: 9retValue:
onExit - Class: Hex.java.java method: public static int org.apache.commons.codec.binary.Hex.decodeHex(char[],byte[],int) throws org.apache.commons.codec.DecoderException start: 1657659000390 end: 1657659000572 duration: 182retValue:
onExit - Class: Hex.java.java method: public static byte[] org.apache.commons.codec.binary.Hex.decodeHex(char[]) throws org.apache.commons.codec.DecoderException start: 1657659000382 end: 1657659000580 duration: 198retValue:
onExit - Class: Hex.java.java method: public java.lang.Object org.apache.commons.codec.binary.Hex.decode(java.lang.Object) throws org.apache.commons.codec.DecoderException start: 1657659000375 end: 1657659000588 duration: 213retValue:
onExit - Class: Hex.java.java method: public java.lang.Object org.apache.commons.codec.binary.Hex.decode(java.lang.Object) throws org.apache.commons.codec.DecoderException start: 1657659000365 end: 1657659000597 duration: 232retValue:
onEnter - Class: Base32Test.java method: public void org.apache.commons.codec.binary.Base32Test.testCodec200()
MethodEnter
query: SELECT f.* FROM perfrt.files AS f INNER JOIN perfrt.commits AS c ON f.commit_id = c.id WHERE c.commit_hash='8871e9c72eefda5b047d8e9fcc3654e5fab3c198' AND f.name LIKE '%Base32Test.java';
onEnter - Class: Base32.java method: public boolean org.apache.commons.codec.binary.Base32.isInAlphabet(byte)
MethodEnter
query: SELECT f.* FROM perfrt.files AS f INNER JOIN perfrt.commits AS c ON f.commit_id = c.id WHERE c.commit_hash='8871e9c72eefda5b047d8e9fcc3654e5fab3c198' AND f.name LIKE '%Base32.java';
onExit - Class: Base32.java.java method: public boolean org.apache.commons.codec.binary.Base32.isInAlphabet(byte) start: 1657659000641 end: 1657659000650 duration: 9retValue:
onEnter - Class: BaseNCodec.java method: protected static boolean org.apache.commons.codec.binary.BaseNCodec.isWhiteSpace(byte)
MethodEnter
query: SELECT f.* FROM perfrt.files AS f INNER JOIN perfrt.commits AS c ON f.commit_id = c.id WHERE c.commit_hash='8871e9c72eefda5b047d8e9fcc3654e5fab3c198' AND f.name LIKE '%BaseNCodec.java';
onExit - Class: BaseNCodec.java.java method: protected static boolean org.apache.commons.codec.binary.BaseNCodec.isWhiteSpace(byte) start: 1657659000658 end: 1657659000666 duration: 8retValue:
onExit - Class: Base32Test.java.java method: public void org.apache.commons.codec.binary.Base32Test.testCodec200() start: 1657659000614 end: 1657659000676 duration: 62retValue:

Thanks for using JUnit! Support its development at https://junit.org/sponsoring

[36m[0m
[36m[0m [36mJUnit Jupiter[0m [32m[0m
[36m  [0m [36mBase32Test[0m [32m[0m
[36m     [0m [34mtestCodec200()[0m [32m[0m
[36m[0m [36mJUnit Vintage[0m [32m[0m

Test run finished after 2506 ms
[         3 containers found      ]
[         0 containers skipped    ]
[         3 containers started    ]
[         0 containers aborted    ]
[         3 containers successful ]
[         0 containers failed     ]
[         1 tests found           ]
[         0 tests skipped         ]
[         1 tests started         ]
[         0 tests aborted         ]
[         1 tests successful      ]
[         0 tests failed          ]

